[2023-11-14T16:28:30.205+0000] {processor.py:153} INFO - Started process (PID=15633) to work on /usr/local/python/3.10.8/lib/python3.10/site-packages/airflow/example_dags/example_branch_python_dop_operator_3.py
[2023-11-14T16:28:30.205+0000] {processor.py:743} INFO - Processing file /usr/local/python/3.10.8/lib/python3.10/site-packages/airflow/example_dags/example_branch_python_dop_operator_3.py for tasks to queue
[2023-11-14T16:28:30.206+0000] {logging_mixin.py:137} INFO - [2023-11-14T16:28:30.206+0000] {dagbag.py:538} INFO - Filling up the DagBag from /usr/local/python/3.10.8/lib/python3.10/site-packages/airflow/example_dags/example_branch_python_dop_operator_3.py
[2023-11-14T16:28:30.246+0000] {processor.py:753} INFO - DAG(s) dict_keys(['example_branch_dop_operator_v3']) retrieved from /usr/local/python/3.10.8/lib/python3.10/site-packages/airflow/example_dags/example_branch_python_dop_operator_3.py
[2023-11-14T16:28:30.544+0000] {logging_mixin.py:137} INFO - [2023-11-14T16:28:30.544+0000] {manager.py:504} INFO - Created Permission View: can delete on DAG:example_branch_dop_operator_v3
[2023-11-14T16:28:30.596+0000] {logging_mixin.py:137} INFO - [2023-11-14T16:28:30.596+0000] {manager.py:504} INFO - Created Permission View: can edit on DAG:example_branch_dop_operator_v3
[2023-11-14T16:28:30.649+0000] {logging_mixin.py:137} INFO - [2023-11-14T16:28:30.648+0000] {manager.py:504} INFO - Created Permission View: can read on DAG:example_branch_dop_operator_v3
[2023-11-14T16:28:30.649+0000] {logging_mixin.py:137} INFO - [2023-11-14T16:28:30.649+0000] {dag.py:2690} INFO - Sync 1 DAGs
[2023-11-14T16:28:30.657+0000] {logging_mixin.py:137} INFO - [2023-11-14T16:28:30.657+0000] {dag.py:2711} INFO - Creating ORM DAG for example_branch_dop_operator_v3
[2023-11-14T16:28:30.668+0000] {logging_mixin.py:137} INFO - [2023-11-14T16:28:30.667+0000] {dag.py:3437} INFO - Setting next_dagrun for example_branch_dop_operator_v3 to 2023-11-14T16:27:00+00:00, run_after=2023-11-14T16:28:00+00:00
[2023-11-14T16:28:30.781+0000] {processor.py:175} INFO - Processing /usr/local/python/3.10.8/lib/python3.10/site-packages/airflow/example_dags/example_branch_python_dop_operator_3.py took 0.580 seconds
[2023-11-14T16:29:21.408+0000] {processor.py:153} INFO - Started process (PID=16082) to work on /usr/local/python/3.10.8/lib/python3.10/site-packages/airflow/example_dags/example_branch_python_dop_operator_3.py
[2023-11-14T16:29:21.408+0000] {processor.py:743} INFO - Processing file /usr/local/python/3.10.8/lib/python3.10/site-packages/airflow/example_dags/example_branch_python_dop_operator_3.py for tasks to queue
[2023-11-14T16:29:21.409+0000] {logging_mixin.py:137} INFO - [2023-11-14T16:29:21.409+0000] {dagbag.py:538} INFO - Filling up the DagBag from /usr/local/python/3.10.8/lib/python3.10/site-packages/airflow/example_dags/example_branch_python_dop_operator_3.py
[2023-11-14T16:29:21.441+0000] {processor.py:753} INFO - DAG(s) dict_keys(['example_branch_dop_operator_v3']) retrieved from /usr/local/python/3.10.8/lib/python3.10/site-packages/airflow/example_dags/example_branch_python_dop_operator_3.py
[2023-11-14T16:29:21.463+0000] {logging_mixin.py:137} INFO - [2023-11-14T16:29:21.463+0000] {dag.py:2690} INFO - Sync 1 DAGs
[2023-11-14T16:29:21.494+0000] {logging_mixin.py:137} INFO - [2023-11-14T16:29:21.494+0000] {dag.py:3437} INFO - Setting next_dagrun for example_branch_dop_operator_v3 to 2023-11-14T16:28:00+00:00, run_after=2023-11-14T16:29:00+00:00
[2023-11-14T16:29:21.596+0000] {processor.py:175} INFO - Processing /usr/local/python/3.10.8/lib/python3.10/site-packages/airflow/example_dags/example_branch_python_dop_operator_3.py took 0.191 seconds
[2023-11-14T16:30:05.123+0000] {processor.py:153} INFO - Started process (PID=16416) to work on /usr/local/python/3.10.8/lib/python3.10/site-packages/airflow/example_dags/example_branch_python_dop_operator_3.py
[2023-11-14T16:30:05.123+0000] {processor.py:743} INFO - Processing file /usr/local/python/3.10.8/lib/python3.10/site-packages/airflow/example_dags/example_branch_python_dop_operator_3.py for tasks to queue
[2023-11-14T16:30:05.124+0000] {logging_mixin.py:137} INFO - [2023-11-14T16:30:05.124+0000] {dagbag.py:538} INFO - Filling up the DagBag from /usr/local/python/3.10.8/lib/python3.10/site-packages/airflow/example_dags/example_branch_python_dop_operator_3.py
[2023-11-14T16:30:05.164+0000] {processor.py:753} INFO - DAG(s) dict_keys(['example_branch_dop_operator_v3']) retrieved from /usr/local/python/3.10.8/lib/python3.10/site-packages/airflow/example_dags/example_branch_python_dop_operator_3.py
[2023-11-14T16:30:05.180+0000] {logging_mixin.py:137} INFO - [2023-11-14T16:30:05.180+0000] {dag.py:2690} INFO - Sync 1 DAGs
[2023-11-14T16:30:05.200+0000] {logging_mixin.py:137} INFO - [2023-11-14T16:30:05.200+0000] {dag.py:3437} INFO - Setting next_dagrun for example_branch_dop_operator_v3 to 2023-11-14T16:29:00+00:00, run_after=2023-11-14T16:30:00+00:00
[2023-11-14T16:30:05.257+0000] {processor.py:175} INFO - Processing /usr/local/python/3.10.8/lib/python3.10/site-packages/airflow/example_dags/example_branch_python_dop_operator_3.py took 0.137 seconds
[2023-11-14T16:30:54.625+0000] {processor.py:153} INFO - Started process (PID=16766) to work on /usr/local/python/3.10.8/lib/python3.10/site-packages/airflow/example_dags/example_branch_python_dop_operator_3.py
[2023-11-14T16:30:54.626+0000] {processor.py:743} INFO - Processing file /usr/local/python/3.10.8/lib/python3.10/site-packages/airflow/example_dags/example_branch_python_dop_operator_3.py for tasks to queue
[2023-11-14T16:30:54.626+0000] {logging_mixin.py:137} INFO - [2023-11-14T16:30:54.626+0000] {dagbag.py:538} INFO - Filling up the DagBag from /usr/local/python/3.10.8/lib/python3.10/site-packages/airflow/example_dags/example_branch_python_dop_operator_3.py
[2023-11-14T16:30:54.649+0000] {processor.py:753} INFO - DAG(s) dict_keys(['example_branch_dop_operator_v3']) retrieved from /usr/local/python/3.10.8/lib/python3.10/site-packages/airflow/example_dags/example_branch_python_dop_operator_3.py
[2023-11-14T16:30:54.667+0000] {logging_mixin.py:137} INFO - [2023-11-14T16:30:54.667+0000] {dag.py:2690} INFO - Sync 1 DAGs
[2023-11-14T16:30:54.698+0000] {logging_mixin.py:137} INFO - [2023-11-14T16:30:54.698+0000] {dag.py:3437} INFO - Setting next_dagrun for example_branch_dop_operator_v3 to 2023-11-14T16:29:00+00:00, run_after=2023-11-14T16:30:00+00:00
[2023-11-14T16:30:54.763+0000] {processor.py:175} INFO - Processing /usr/local/python/3.10.8/lib/python3.10/site-packages/airflow/example_dags/example_branch_python_dop_operator_3.py took 0.140 seconds
[2023-11-14T16:32:03.238+0000] {processor.py:153} INFO - Started process (PID=17366) to work on /usr/local/python/3.10.8/lib/python3.10/site-packages/airflow/example_dags/example_branch_python_dop_operator_3.py
[2023-11-14T16:32:03.239+0000] {processor.py:743} INFO - Processing file /usr/local/python/3.10.8/lib/python3.10/site-packages/airflow/example_dags/example_branch_python_dop_operator_3.py for tasks to queue
[2023-11-14T16:32:03.239+0000] {logging_mixin.py:137} INFO - [2023-11-14T16:32:03.239+0000] {dagbag.py:538} INFO - Filling up the DagBag from /usr/local/python/3.10.8/lib/python3.10/site-packages/airflow/example_dags/example_branch_python_dop_operator_3.py
[2023-11-14T16:32:03.261+0000] {processor.py:753} INFO - DAG(s) dict_keys(['example_branch_dop_operator_v3']) retrieved from /usr/local/python/3.10.8/lib/python3.10/site-packages/airflow/example_dags/example_branch_python_dop_operator_3.py
[2023-11-14T16:32:03.276+0000] {logging_mixin.py:137} INFO - [2023-11-14T16:32:03.275+0000] {dag.py:2690} INFO - Sync 1 DAGs
[2023-11-14T16:32:03.296+0000] {logging_mixin.py:137} INFO - [2023-11-14T16:32:03.296+0000] {dag.py:3437} INFO - Setting next_dagrun for example_branch_dop_operator_v3 to 2023-11-14T16:31:00+00:00, run_after=2023-11-14T16:32:00+00:00
[2023-11-14T16:32:03.353+0000] {processor.py:175} INFO - Processing /usr/local/python/3.10.8/lib/python3.10/site-packages/airflow/example_dags/example_branch_python_dop_operator_3.py took 0.117 seconds
