[2023-11-14T16:28:01.111+0000] {processor.py:153} INFO - Started process (PID=15398) to work on /usr/local/python/3.10.8/lib/python3.10/site-packages/airflow/example_dags/example_task_group_decorator.py
[2023-11-14T16:28:01.112+0000] {processor.py:743} INFO - Processing file /usr/local/python/3.10.8/lib/python3.10/site-packages/airflow/example_dags/example_task_group_decorator.py for tasks to queue
[2023-11-14T16:28:01.112+0000] {logging_mixin.py:137} INFO - [2023-11-14T16:28:01.112+0000] {dagbag.py:538} INFO - Filling up the DagBag from /usr/local/python/3.10.8/lib/python3.10/site-packages/airflow/example_dags/example_task_group_decorator.py
[2023-11-14T16:28:01.137+0000] {processor.py:753} INFO - DAG(s) dict_keys(['example_task_group_decorator']) retrieved from /usr/local/python/3.10.8/lib/python3.10/site-packages/airflow/example_dags/example_task_group_decorator.py
[2023-11-14T16:28:01.321+0000] {logging_mixin.py:137} INFO - [2023-11-14T16:28:01.321+0000] {manager.py:504} INFO - Created Permission View: can delete on DAG:example_task_group_decorator
[2023-11-14T16:28:01.375+0000] {logging_mixin.py:137} INFO - [2023-11-14T16:28:01.375+0000] {manager.py:504} INFO - Created Permission View: can edit on DAG:example_task_group_decorator
[2023-11-14T16:28:01.421+0000] {logging_mixin.py:137} INFO - [2023-11-14T16:28:01.421+0000] {manager.py:504} INFO - Created Permission View: can read on DAG:example_task_group_decorator
[2023-11-14T16:28:01.421+0000] {logging_mixin.py:137} INFO - [2023-11-14T16:28:01.421+0000] {dag.py:2690} INFO - Sync 1 DAGs
[2023-11-14T16:28:01.429+0000] {logging_mixin.py:137} INFO - [2023-11-14T16:28:01.429+0000] {dag.py:2711} INFO - Creating ORM DAG for example_task_group_decorator
[2023-11-14T16:28:01.436+0000] {logging_mixin.py:137} INFO - [2023-11-14T16:28:01.436+0000] {dag.py:3437} INFO - Setting next_dagrun for example_task_group_decorator to 2023-11-13T16:28:01.436585+00:00, run_after=2023-11-14T16:28:01.436585+00:00
[2023-11-14T16:28:01.555+0000] {processor.py:175} INFO - Processing /usr/local/python/3.10.8/lib/python3.10/site-packages/airflow/example_dags/example_task_group_decorator.py took 0.446 seconds
[2023-11-14T16:29:00.107+0000] {processor.py:153} INFO - Started process (PID=15916) to work on /usr/local/python/3.10.8/lib/python3.10/site-packages/airflow/example_dags/example_task_group_decorator.py
[2023-11-14T16:29:00.108+0000] {processor.py:743} INFO - Processing file /usr/local/python/3.10.8/lib/python3.10/site-packages/airflow/example_dags/example_task_group_decorator.py for tasks to queue
[2023-11-14T16:29:00.108+0000] {logging_mixin.py:137} INFO - [2023-11-14T16:29:00.108+0000] {dagbag.py:538} INFO - Filling up the DagBag from /usr/local/python/3.10.8/lib/python3.10/site-packages/airflow/example_dags/example_task_group_decorator.py
[2023-11-14T16:29:00.134+0000] {processor.py:753} INFO - DAG(s) dict_keys(['example_task_group_decorator']) retrieved from /usr/local/python/3.10.8/lib/python3.10/site-packages/airflow/example_dags/example_task_group_decorator.py
[2023-11-14T16:29:00.150+0000] {logging_mixin.py:137} INFO - [2023-11-14T16:29:00.150+0000] {dag.py:2690} INFO - Sync 1 DAGs
[2023-11-14T16:29:00.165+0000] {logging_mixin.py:137} INFO - [2023-11-14T16:29:00.164+0000] {dag.py:3437} INFO - Setting next_dagrun for example_task_group_decorator to 2023-11-13T16:29:00.164749+00:00, run_after=2023-11-14T16:29:00.164749+00:00
[2023-11-14T16:29:00.283+0000] {processor.py:175} INFO - Processing /usr/local/python/3.10.8/lib/python3.10/site-packages/airflow/example_dags/example_task_group_decorator.py took 0.178 seconds
[2023-11-14T16:29:39.958+0000] {processor.py:153} INFO - Started process (PID=16229) to work on /usr/local/python/3.10.8/lib/python3.10/site-packages/airflow/example_dags/example_task_group_decorator.py
[2023-11-14T16:29:39.959+0000] {processor.py:743} INFO - Processing file /usr/local/python/3.10.8/lib/python3.10/site-packages/airflow/example_dags/example_task_group_decorator.py for tasks to queue
[2023-11-14T16:29:39.959+0000] {logging_mixin.py:137} INFO - [2023-11-14T16:29:39.959+0000] {dagbag.py:538} INFO - Filling up the DagBag from /usr/local/python/3.10.8/lib/python3.10/site-packages/airflow/example_dags/example_task_group_decorator.py
[2023-11-14T16:29:39.985+0000] {processor.py:753} INFO - DAG(s) dict_keys(['example_task_group_decorator']) retrieved from /usr/local/python/3.10.8/lib/python3.10/site-packages/airflow/example_dags/example_task_group_decorator.py
[2023-11-14T16:29:40.001+0000] {logging_mixin.py:137} INFO - [2023-11-14T16:29:40.000+0000] {dag.py:2690} INFO - Sync 1 DAGs
[2023-11-14T16:29:40.018+0000] {logging_mixin.py:137} INFO - [2023-11-14T16:29:40.018+0000] {dag.py:3437} INFO - Setting next_dagrun for example_task_group_decorator to 2023-11-13T16:29:40.017690+00:00, run_after=2023-11-14T16:29:40.017690+00:00
[2023-11-14T16:29:40.075+0000] {processor.py:175} INFO - Processing /usr/local/python/3.10.8/lib/python3.10/site-packages/airflow/example_dags/example_task_group_decorator.py took 0.119 seconds
[2023-11-14T16:30:23.121+0000] {processor.py:153} INFO - Started process (PID=16559) to work on /usr/local/python/3.10.8/lib/python3.10/site-packages/airflow/example_dags/example_task_group_decorator.py
[2023-11-14T16:30:23.122+0000] {processor.py:743} INFO - Processing file /usr/local/python/3.10.8/lib/python3.10/site-packages/airflow/example_dags/example_task_group_decorator.py for tasks to queue
[2023-11-14T16:30:23.122+0000] {logging_mixin.py:137} INFO - [2023-11-14T16:30:23.122+0000] {dagbag.py:538} INFO - Filling up the DagBag from /usr/local/python/3.10.8/lib/python3.10/site-packages/airflow/example_dags/example_task_group_decorator.py
[2023-11-14T16:30:23.148+0000] {processor.py:753} INFO - DAG(s) dict_keys(['example_task_group_decorator']) retrieved from /usr/local/python/3.10.8/lib/python3.10/site-packages/airflow/example_dags/example_task_group_decorator.py
[2023-11-14T16:30:23.163+0000] {logging_mixin.py:137} INFO - [2023-11-14T16:30:23.163+0000] {dag.py:2690} INFO - Sync 1 DAGs
[2023-11-14T16:30:23.178+0000] {logging_mixin.py:137} INFO - [2023-11-14T16:30:23.178+0000] {dag.py:3437} INFO - Setting next_dagrun for example_task_group_decorator to 2023-11-13T16:30:23.178557+00:00, run_after=2023-11-14T16:30:23.178557+00:00
[2023-11-14T16:30:23.243+0000] {processor.py:175} INFO - Processing /usr/local/python/3.10.8/lib/python3.10/site-packages/airflow/example_dags/example_task_group_decorator.py took 0.124 seconds
[2023-11-14T16:31:08.624+0000] {processor.py:153} INFO - Started process (PID=16880) to work on /usr/local/python/3.10.8/lib/python3.10/site-packages/airflow/example_dags/example_task_group_decorator.py
[2023-11-14T16:31:08.625+0000] {processor.py:743} INFO - Processing file /usr/local/python/3.10.8/lib/python3.10/site-packages/airflow/example_dags/example_task_group_decorator.py for tasks to queue
[2023-11-14T16:31:08.625+0000] {logging_mixin.py:137} INFO - [2023-11-14T16:31:08.625+0000] {dagbag.py:538} INFO - Filling up the DagBag from /usr/local/python/3.10.8/lib/python3.10/site-packages/airflow/example_dags/example_task_group_decorator.py
[2023-11-14T16:31:08.651+0000] {processor.py:753} INFO - DAG(s) dict_keys(['example_task_group_decorator']) retrieved from /usr/local/python/3.10.8/lib/python3.10/site-packages/airflow/example_dags/example_task_group_decorator.py
[2023-11-14T16:31:08.668+0000] {logging_mixin.py:137} INFO - [2023-11-14T16:31:08.668+0000] {dag.py:2690} INFO - Sync 1 DAGs
[2023-11-14T16:31:08.686+0000] {logging_mixin.py:137} INFO - [2023-11-14T16:31:08.686+0000] {dag.py:3437} INFO - Setting next_dagrun for example_task_group_decorator to 2023-11-13T16:31:08.686432+00:00, run_after=2023-11-14T16:31:08.686432+00:00
[2023-11-14T16:31:08.752+0000] {processor.py:175} INFO - Processing /usr/local/python/3.10.8/lib/python3.10/site-packages/airflow/example_dags/example_task_group_decorator.py took 0.130 seconds
[2023-11-14T16:31:51.693+0000] {processor.py:153} INFO - Started process (PID=17240) to work on /usr/local/python/3.10.8/lib/python3.10/site-packages/airflow/example_dags/example_task_group_decorator.py
[2023-11-14T16:31:51.693+0000] {processor.py:743} INFO - Processing file /usr/local/python/3.10.8/lib/python3.10/site-packages/airflow/example_dags/example_task_group_decorator.py for tasks to queue
[2023-11-14T16:31:51.694+0000] {logging_mixin.py:137} INFO - [2023-11-14T16:31:51.694+0000] {dagbag.py:538} INFO - Filling up the DagBag from /usr/local/python/3.10.8/lib/python3.10/site-packages/airflow/example_dags/example_task_group_decorator.py
[2023-11-14T16:31:51.720+0000] {processor.py:753} INFO - DAG(s) dict_keys(['example_task_group_decorator']) retrieved from /usr/local/python/3.10.8/lib/python3.10/site-packages/airflow/example_dags/example_task_group_decorator.py
[2023-11-14T16:31:51.736+0000] {logging_mixin.py:137} INFO - [2023-11-14T16:31:51.736+0000] {dag.py:2690} INFO - Sync 1 DAGs
[2023-11-14T16:31:51.752+0000] {logging_mixin.py:137} INFO - [2023-11-14T16:31:51.752+0000] {dag.py:3437} INFO - Setting next_dagrun for example_task_group_decorator to 2023-11-13T16:31:51.752113+00:00, run_after=2023-11-14T16:31:51.752113+00:00
[2023-11-14T16:31:51.812+0000] {processor.py:175} INFO - Processing /usr/local/python/3.10.8/lib/python3.10/site-packages/airflow/example_dags/example_task_group_decorator.py took 0.122 seconds
