[2023-11-14T16:28:25.033+0000] {processor.py:153} INFO - Started process (PID=15594) to work on /usr/local/python/3.10.8/lib/python3.10/site-packages/airflow/example_dags/example_trigger_controller_dag.py
[2023-11-14T16:28:25.034+0000] {processor.py:743} INFO - Processing file /usr/local/python/3.10.8/lib/python3.10/site-packages/airflow/example_dags/example_trigger_controller_dag.py for tasks to queue
[2023-11-14T16:28:25.035+0000] {logging_mixin.py:137} INFO - [2023-11-14T16:28:25.034+0000] {dagbag.py:538} INFO - Filling up the DagBag from /usr/local/python/3.10.8/lib/python3.10/site-packages/airflow/example_dags/example_trigger_controller_dag.py
[2023-11-14T16:28:25.045+0000] {processor.py:753} INFO - DAG(s) dict_keys(['example_trigger_controller_dag']) retrieved from /usr/local/python/3.10.8/lib/python3.10/site-packages/airflow/example_dags/example_trigger_controller_dag.py
[2023-11-14T16:28:25.271+0000] {logging_mixin.py:137} INFO - [2023-11-14T16:28:25.271+0000] {manager.py:504} INFO - Created Permission View: can delete on DAG:example_trigger_controller_dag
[2023-11-14T16:28:25.318+0000] {logging_mixin.py:137} INFO - [2023-11-14T16:28:25.318+0000] {manager.py:504} INFO - Created Permission View: can edit on DAG:example_trigger_controller_dag
[2023-11-14T16:28:25.362+0000] {logging_mixin.py:137} INFO - [2023-11-14T16:28:25.362+0000] {manager.py:504} INFO - Created Permission View: can read on DAG:example_trigger_controller_dag
[2023-11-14T16:28:25.362+0000] {logging_mixin.py:137} INFO - [2023-11-14T16:28:25.362+0000] {dag.py:2690} INFO - Sync 1 DAGs
[2023-11-14T16:28:25.372+0000] {logging_mixin.py:137} INFO - [2023-11-14T16:28:25.372+0000] {dag.py:2711} INFO - Creating ORM DAG for example_trigger_controller_dag
[2023-11-14T16:28:25.379+0000] {logging_mixin.py:137} INFO - [2023-11-14T16:28:25.378+0000] {dag.py:3437} INFO - Setting next_dagrun for example_trigger_controller_dag to 2021-01-01T00:00:00+00:00, run_after=2021-01-01T00:00:00+00:00
[2023-11-14T16:28:25.491+0000] {processor.py:175} INFO - Processing /usr/local/python/3.10.8/lib/python3.10/site-packages/airflow/example_dags/example_trigger_controller_dag.py took 0.460 seconds
[2023-11-14T16:29:17.725+0000] {processor.py:153} INFO - Started process (PID=16069) to work on /usr/local/python/3.10.8/lib/python3.10/site-packages/airflow/example_dags/example_trigger_controller_dag.py
[2023-11-14T16:29:17.726+0000] {processor.py:743} INFO - Processing file /usr/local/python/3.10.8/lib/python3.10/site-packages/airflow/example_dags/example_trigger_controller_dag.py for tasks to queue
[2023-11-14T16:29:17.727+0000] {logging_mixin.py:137} INFO - [2023-11-14T16:29:17.727+0000] {dagbag.py:538} INFO - Filling up the DagBag from /usr/local/python/3.10.8/lib/python3.10/site-packages/airflow/example_dags/example_trigger_controller_dag.py
[2023-11-14T16:29:17.742+0000] {processor.py:753} INFO - DAG(s) dict_keys(['example_trigger_controller_dag']) retrieved from /usr/local/python/3.10.8/lib/python3.10/site-packages/airflow/example_dags/example_trigger_controller_dag.py
[2023-11-14T16:29:17.764+0000] {logging_mixin.py:137} INFO - [2023-11-14T16:29:17.763+0000] {dag.py:2690} INFO - Sync 1 DAGs
[2023-11-14T16:29:17.782+0000] {logging_mixin.py:137} INFO - [2023-11-14T16:29:17.782+0000] {dag.py:3437} INFO - Setting next_dagrun for example_trigger_controller_dag to 2021-01-01T00:00:00+00:00, run_after=2021-01-01T00:00:00+00:00
[2023-11-14T16:29:17.880+0000] {processor.py:175} INFO - Processing /usr/local/python/3.10.8/lib/python3.10/site-packages/airflow/example_dags/example_trigger_controller_dag.py took 0.157 seconds
[2023-11-14T16:30:02.364+0000] {processor.py:153} INFO - Started process (PID=16395) to work on /usr/local/python/3.10.8/lib/python3.10/site-packages/airflow/example_dags/example_trigger_controller_dag.py
[2023-11-14T16:30:02.364+0000] {processor.py:743} INFO - Processing file /usr/local/python/3.10.8/lib/python3.10/site-packages/airflow/example_dags/example_trigger_controller_dag.py for tasks to queue
[2023-11-14T16:30:02.365+0000] {logging_mixin.py:137} INFO - [2023-11-14T16:30:02.365+0000] {dagbag.py:538} INFO - Filling up the DagBag from /usr/local/python/3.10.8/lib/python3.10/site-packages/airflow/example_dags/example_trigger_controller_dag.py
[2023-11-14T16:30:02.376+0000] {processor.py:753} INFO - DAG(s) dict_keys(['example_trigger_controller_dag']) retrieved from /usr/local/python/3.10.8/lib/python3.10/site-packages/airflow/example_dags/example_trigger_controller_dag.py
[2023-11-14T16:30:02.391+0000] {logging_mixin.py:137} INFO - [2023-11-14T16:30:02.391+0000] {dag.py:2690} INFO - Sync 1 DAGs
[2023-11-14T16:30:02.406+0000] {logging_mixin.py:137} INFO - [2023-11-14T16:30:02.406+0000] {dag.py:3437} INFO - Setting next_dagrun for example_trigger_controller_dag to 2021-01-01T00:00:00+00:00, run_after=2021-01-01T00:00:00+00:00
[2023-11-14T16:30:02.469+0000] {processor.py:175} INFO - Processing /usr/local/python/3.10.8/lib/python3.10/site-packages/airflow/example_dags/example_trigger_controller_dag.py took 0.108 seconds
[2023-11-14T16:30:51.586+0000] {processor.py:153} INFO - Started process (PID=16750) to work on /usr/local/python/3.10.8/lib/python3.10/site-packages/airflow/example_dags/example_trigger_controller_dag.py
[2023-11-14T16:30:51.586+0000] {processor.py:743} INFO - Processing file /usr/local/python/3.10.8/lib/python3.10/site-packages/airflow/example_dags/example_trigger_controller_dag.py for tasks to queue
[2023-11-14T16:30:51.587+0000] {logging_mixin.py:137} INFO - [2023-11-14T16:30:51.587+0000] {dagbag.py:538} INFO - Filling up the DagBag from /usr/local/python/3.10.8/lib/python3.10/site-packages/airflow/example_dags/example_trigger_controller_dag.py
[2023-11-14T16:30:51.598+0000] {processor.py:753} INFO - DAG(s) dict_keys(['example_trigger_controller_dag']) retrieved from /usr/local/python/3.10.8/lib/python3.10/site-packages/airflow/example_dags/example_trigger_controller_dag.py
[2023-11-14T16:30:51.688+0000] {logging_mixin.py:137} INFO - [2023-11-14T16:30:51.688+0000] {dag.py:2690} INFO - Sync 1 DAGs
[2023-11-14T16:30:51.762+0000] {logging_mixin.py:137} INFO - [2023-11-14T16:30:51.762+0000] {dag.py:3437} INFO - Setting next_dagrun for example_trigger_controller_dag to 2021-01-01T00:00:00+00:00, run_after=2021-01-01T00:00:00+00:00
[2023-11-14T16:30:51.825+0000] {processor.py:175} INFO - Processing /usr/local/python/3.10.8/lib/python3.10/site-packages/airflow/example_dags/example_trigger_controller_dag.py took 0.241 seconds
[2023-11-14T16:31:59.098+0000] {processor.py:153} INFO - Started process (PID=17295) to work on /usr/local/python/3.10.8/lib/python3.10/site-packages/airflow/example_dags/example_trigger_controller_dag.py
[2023-11-14T16:31:59.099+0000] {processor.py:743} INFO - Processing file /usr/local/python/3.10.8/lib/python3.10/site-packages/airflow/example_dags/example_trigger_controller_dag.py for tasks to queue
[2023-11-14T16:31:59.099+0000] {logging_mixin.py:137} INFO - [2023-11-14T16:31:59.099+0000] {dagbag.py:538} INFO - Filling up the DagBag from /usr/local/python/3.10.8/lib/python3.10/site-packages/airflow/example_dags/example_trigger_controller_dag.py
[2023-11-14T16:31:59.109+0000] {processor.py:753} INFO - DAG(s) dict_keys(['example_trigger_controller_dag']) retrieved from /usr/local/python/3.10.8/lib/python3.10/site-packages/airflow/example_dags/example_trigger_controller_dag.py
[2023-11-14T16:31:59.124+0000] {logging_mixin.py:137} INFO - [2023-11-14T16:31:59.124+0000] {dag.py:2690} INFO - Sync 1 DAGs
[2023-11-14T16:31:59.141+0000] {logging_mixin.py:137} INFO - [2023-11-14T16:31:59.141+0000] {dag.py:3437} INFO - Setting next_dagrun for example_trigger_controller_dag to 2021-01-01T00:00:00+00:00, run_after=2021-01-01T00:00:00+00:00
[2023-11-14T16:31:59.197+0000] {processor.py:175} INFO - Processing /usr/local/python/3.10.8/lib/python3.10/site-packages/airflow/example_dags/example_trigger_controller_dag.py took 0.102 seconds
