[2023-11-14T16:28:06.693+0000] {processor.py:153} INFO - Started process (PID=15446) to work on /usr/local/python/3.10.8/lib/python3.10/site-packages/airflow/example_dags/example_time_delta_sensor_async.py
[2023-11-14T16:28:06.694+0000] {processor.py:743} INFO - Processing file /usr/local/python/3.10.8/lib/python3.10/site-packages/airflow/example_dags/example_time_delta_sensor_async.py for tasks to queue
[2023-11-14T16:28:06.694+0000] {logging_mixin.py:137} INFO - [2023-11-14T16:28:06.694+0000] {dagbag.py:538} INFO - Filling up the DagBag from /usr/local/python/3.10.8/lib/python3.10/site-packages/airflow/example_dags/example_time_delta_sensor_async.py
[2023-11-14T16:28:06.705+0000] {processor.py:753} INFO - DAG(s) dict_keys(['example_time_delta_sensor_async']) retrieved from /usr/local/python/3.10.8/lib/python3.10/site-packages/airflow/example_dags/example_time_delta_sensor_async.py
[2023-11-14T16:28:06.901+0000] {logging_mixin.py:137} INFO - [2023-11-14T16:28:06.901+0000] {manager.py:504} INFO - Created Permission View: can delete on DAG:example_time_delta_sensor_async
[2023-11-14T16:28:06.950+0000] {logging_mixin.py:137} INFO - [2023-11-14T16:28:06.950+0000] {manager.py:504} INFO - Created Permission View: can edit on DAG:example_time_delta_sensor_async
[2023-11-14T16:28:07.007+0000] {logging_mixin.py:137} INFO - [2023-11-14T16:28:07.007+0000] {manager.py:504} INFO - Created Permission View: can read on DAG:example_time_delta_sensor_async
[2023-11-14T16:28:07.007+0000] {logging_mixin.py:137} INFO - [2023-11-14T16:28:07.007+0000] {dag.py:2690} INFO - Sync 1 DAGs
[2023-11-14T16:28:07.017+0000] {logging_mixin.py:137} INFO - [2023-11-14T16:28:07.017+0000] {dag.py:2711} INFO - Creating ORM DAG for example_time_delta_sensor_async
[2023-11-14T16:28:07.024+0000] {logging_mixin.py:137} INFO - [2023-11-14T16:28:07.024+0000] {dag.py:3437} INFO - Setting next_dagrun for example_time_delta_sensor_async to None, run_after=None
[2023-11-14T16:28:07.148+0000] {processor.py:175} INFO - Processing /usr/local/python/3.10.8/lib/python3.10/site-packages/airflow/example_dags/example_time_delta_sensor_async.py took 0.457 seconds
[2023-11-14T16:29:04.262+0000] {processor.py:153} INFO - Started process (PID=15939) to work on /usr/local/python/3.10.8/lib/python3.10/site-packages/airflow/example_dags/example_time_delta_sensor_async.py
[2023-11-14T16:29:04.263+0000] {processor.py:743} INFO - Processing file /usr/local/python/3.10.8/lib/python3.10/site-packages/airflow/example_dags/example_time_delta_sensor_async.py for tasks to queue
[2023-11-14T16:29:04.264+0000] {logging_mixin.py:137} INFO - [2023-11-14T16:29:04.264+0000] {dagbag.py:538} INFO - Filling up the DagBag from /usr/local/python/3.10.8/lib/python3.10/site-packages/airflow/example_dags/example_time_delta_sensor_async.py
[2023-11-14T16:29:04.274+0000] {processor.py:753} INFO - DAG(s) dict_keys(['example_time_delta_sensor_async']) retrieved from /usr/local/python/3.10.8/lib/python3.10/site-packages/airflow/example_dags/example_time_delta_sensor_async.py
[2023-11-14T16:29:04.289+0000] {logging_mixin.py:137} INFO - [2023-11-14T16:29:04.289+0000] {dag.py:2690} INFO - Sync 1 DAGs
[2023-11-14T16:29:04.304+0000] {logging_mixin.py:137} INFO - [2023-11-14T16:29:04.304+0000] {dag.py:3437} INFO - Setting next_dagrun for example_time_delta_sensor_async to None, run_after=None
[2023-11-14T16:29:04.414+0000] {processor.py:175} INFO - Processing /usr/local/python/3.10.8/lib/python3.10/site-packages/airflow/example_dags/example_time_delta_sensor_async.py took 0.154 seconds
[2023-11-14T16:29:47.500+0000] {processor.py:153} INFO - Started process (PID=16292) to work on /usr/local/python/3.10.8/lib/python3.10/site-packages/airflow/example_dags/example_time_delta_sensor_async.py
[2023-11-14T16:29:47.501+0000] {processor.py:743} INFO - Processing file /usr/local/python/3.10.8/lib/python3.10/site-packages/airflow/example_dags/example_time_delta_sensor_async.py for tasks to queue
[2023-11-14T16:29:47.501+0000] {logging_mixin.py:137} INFO - [2023-11-14T16:29:47.501+0000] {dagbag.py:538} INFO - Filling up the DagBag from /usr/local/python/3.10.8/lib/python3.10/site-packages/airflow/example_dags/example_time_delta_sensor_async.py
[2023-11-14T16:29:47.513+0000] {processor.py:753} INFO - DAG(s) dict_keys(['example_time_delta_sensor_async']) retrieved from /usr/local/python/3.10.8/lib/python3.10/site-packages/airflow/example_dags/example_time_delta_sensor_async.py
[2023-11-14T16:29:47.528+0000] {logging_mixin.py:137} INFO - [2023-11-14T16:29:47.528+0000] {dag.py:2690} INFO - Sync 1 DAGs
[2023-11-14T16:29:47.544+0000] {logging_mixin.py:137} INFO - [2023-11-14T16:29:47.544+0000] {dag.py:3437} INFO - Setting next_dagrun for example_time_delta_sensor_async to None, run_after=None
[2023-11-14T16:29:47.611+0000] {processor.py:175} INFO - Processing /usr/local/python/3.10.8/lib/python3.10/site-packages/airflow/example_dags/example_time_delta_sensor_async.py took 0.113 seconds
[2023-11-14T16:30:32.808+0000] {processor.py:153} INFO - Started process (PID=16622) to work on /usr/local/python/3.10.8/lib/python3.10/site-packages/airflow/example_dags/example_time_delta_sensor_async.py
[2023-11-14T16:30:32.809+0000] {processor.py:743} INFO - Processing file /usr/local/python/3.10.8/lib/python3.10/site-packages/airflow/example_dags/example_time_delta_sensor_async.py for tasks to queue
[2023-11-14T16:30:32.809+0000] {logging_mixin.py:137} INFO - [2023-11-14T16:30:32.809+0000] {dagbag.py:538} INFO - Filling up the DagBag from /usr/local/python/3.10.8/lib/python3.10/site-packages/airflow/example_dags/example_time_delta_sensor_async.py
[2023-11-14T16:30:32.822+0000] {processor.py:753} INFO - DAG(s) dict_keys(['example_time_delta_sensor_async']) retrieved from /usr/local/python/3.10.8/lib/python3.10/site-packages/airflow/example_dags/example_time_delta_sensor_async.py
[2023-11-14T16:30:32.836+0000] {logging_mixin.py:137} INFO - [2023-11-14T16:30:32.836+0000] {dag.py:2690} INFO - Sync 1 DAGs
[2023-11-14T16:30:32.851+0000] {logging_mixin.py:137} INFO - [2023-11-14T16:30:32.851+0000] {dag.py:3437} INFO - Setting next_dagrun for example_time_delta_sensor_async to None, run_after=None
[2023-11-14T16:30:32.917+0000] {processor.py:175} INFO - Processing /usr/local/python/3.10.8/lib/python3.10/site-packages/airflow/example_dags/example_time_delta_sensor_async.py took 0.111 seconds
[2023-11-14T16:31:12.959+0000] {processor.py:153} INFO - Started process (PID=16899) to work on /usr/local/python/3.10.8/lib/python3.10/site-packages/airflow/example_dags/example_time_delta_sensor_async.py
[2023-11-14T16:31:12.960+0000] {processor.py:743} INFO - Processing file /usr/local/python/3.10.8/lib/python3.10/site-packages/airflow/example_dags/example_time_delta_sensor_async.py for tasks to queue
[2023-11-14T16:31:12.960+0000] {logging_mixin.py:137} INFO - [2023-11-14T16:31:12.960+0000] {dagbag.py:538} INFO - Filling up the DagBag from /usr/local/python/3.10.8/lib/python3.10/site-packages/airflow/example_dags/example_time_delta_sensor_async.py
[2023-11-14T16:31:12.971+0000] {processor.py:753} INFO - DAG(s) dict_keys(['example_time_delta_sensor_async']) retrieved from /usr/local/python/3.10.8/lib/python3.10/site-packages/airflow/example_dags/example_time_delta_sensor_async.py
[2023-11-14T16:31:12.985+0000] {logging_mixin.py:137} INFO - [2023-11-14T16:31:12.985+0000] {dag.py:2690} INFO - Sync 1 DAGs
[2023-11-14T16:31:13.000+0000] {logging_mixin.py:137} INFO - [2023-11-14T16:31:13.000+0000] {dag.py:3437} INFO - Setting next_dagrun for example_time_delta_sensor_async to None, run_after=None
[2023-11-14T16:31:13.052+0000] {processor.py:175} INFO - Processing /usr/local/python/3.10.8/lib/python3.10/site-packages/airflow/example_dags/example_time_delta_sensor_async.py took 0.095 seconds
[2023-11-14T16:31:56.339+0000] {processor.py:153} INFO - Started process (PID=17275) to work on /usr/local/python/3.10.8/lib/python3.10/site-packages/airflow/example_dags/example_time_delta_sensor_async.py
[2023-11-14T16:31:56.340+0000] {processor.py:743} INFO - Processing file /usr/local/python/3.10.8/lib/python3.10/site-packages/airflow/example_dags/example_time_delta_sensor_async.py for tasks to queue
[2023-11-14T16:31:56.340+0000] {logging_mixin.py:137} INFO - [2023-11-14T16:31:56.340+0000] {dagbag.py:538} INFO - Filling up the DagBag from /usr/local/python/3.10.8/lib/python3.10/site-packages/airflow/example_dags/example_time_delta_sensor_async.py
[2023-11-14T16:31:56.352+0000] {processor.py:753} INFO - DAG(s) dict_keys(['example_time_delta_sensor_async']) retrieved from /usr/local/python/3.10.8/lib/python3.10/site-packages/airflow/example_dags/example_time_delta_sensor_async.py
[2023-11-14T16:31:56.367+0000] {logging_mixin.py:137} INFO - [2023-11-14T16:31:56.367+0000] {dag.py:2690} INFO - Sync 1 DAGs
[2023-11-14T16:31:56.384+0000] {logging_mixin.py:137} INFO - [2023-11-14T16:31:56.384+0000] {dag.py:3437} INFO - Setting next_dagrun for example_time_delta_sensor_async to None, run_after=None
[2023-11-14T16:31:56.445+0000] {processor.py:175} INFO - Processing /usr/local/python/3.10.8/lib/python3.10/site-packages/airflow/example_dags/example_time_delta_sensor_async.py took 0.109 seconds
