[2023-11-14T16:28:38.195+0000] {processor.py:153} INFO - Started process (PID=15717) to work on /usr/local/python/3.10.8/lib/python3.10/site-packages/airflow/example_dags/example_dynamic_task_mapping.py
[2023-11-14T16:28:38.196+0000] {processor.py:743} INFO - Processing file /usr/local/python/3.10.8/lib/python3.10/site-packages/airflow/example_dags/example_dynamic_task_mapping.py for tasks to queue
[2023-11-14T16:28:38.196+0000] {logging_mixin.py:137} INFO - [2023-11-14T16:28:38.196+0000] {dagbag.py:538} INFO - Filling up the DagBag from /usr/local/python/3.10.8/lib/python3.10/site-packages/airflow/example_dags/example_dynamic_task_mapping.py
[2023-11-14T16:28:38.216+0000] {processor.py:753} INFO - DAG(s) dict_keys(['example_dynamic_task_mapping']) retrieved from /usr/local/python/3.10.8/lib/python3.10/site-packages/airflow/example_dags/example_dynamic_task_mapping.py
[2023-11-14T16:28:38.388+0000] {logging_mixin.py:137} INFO - [2023-11-14T16:28:38.388+0000] {manager.py:504} INFO - Created Permission View: can delete on DAG:example_dynamic_task_mapping
[2023-11-14T16:28:38.444+0000] {logging_mixin.py:137} INFO - [2023-11-14T16:28:38.444+0000] {manager.py:504} INFO - Created Permission View: can edit on DAG:example_dynamic_task_mapping
[2023-11-14T16:28:38.498+0000] {logging_mixin.py:137} INFO - [2023-11-14T16:28:38.498+0000] {manager.py:504} INFO - Created Permission View: can read on DAG:example_dynamic_task_mapping
[2023-11-14T16:28:38.499+0000] {logging_mixin.py:137} INFO - [2023-11-14T16:28:38.498+0000] {dag.py:2690} INFO - Sync 1 DAGs
[2023-11-14T16:28:38.511+0000] {logging_mixin.py:137} INFO - [2023-11-14T16:28:38.511+0000] {dag.py:2711} INFO - Creating ORM DAG for example_dynamic_task_mapping
[2023-11-14T16:28:38.522+0000] {logging_mixin.py:137} INFO - [2023-11-14T16:28:38.522+0000] {dag.py:3437} INFO - Setting next_dagrun for example_dynamic_task_mapping to 2022-03-04T00:00:00+00:00, run_after=2022-03-05T00:00:00+00:00
[2023-11-14T16:28:38.588+0000] {processor.py:175} INFO - Processing /usr/local/python/3.10.8/lib/python3.10/site-packages/airflow/example_dags/example_dynamic_task_mapping.py took 0.394 seconds
[2023-11-14T16:29:24.739+0000] {processor.py:153} INFO - Started process (PID=16107) to work on /usr/local/python/3.10.8/lib/python3.10/site-packages/airflow/example_dags/example_dynamic_task_mapping.py
[2023-11-14T16:29:24.740+0000] {processor.py:743} INFO - Processing file /usr/local/python/3.10.8/lib/python3.10/site-packages/airflow/example_dags/example_dynamic_task_mapping.py for tasks to queue
[2023-11-14T16:29:24.740+0000] {logging_mixin.py:137} INFO - [2023-11-14T16:29:24.740+0000] {dagbag.py:538} INFO - Filling up the DagBag from /usr/local/python/3.10.8/lib/python3.10/site-packages/airflow/example_dags/example_dynamic_task_mapping.py
[2023-11-14T16:29:24.762+0000] {processor.py:753} INFO - DAG(s) dict_keys(['example_dynamic_task_mapping']) retrieved from /usr/local/python/3.10.8/lib/python3.10/site-packages/airflow/example_dags/example_dynamic_task_mapping.py
[2023-11-14T16:29:24.776+0000] {logging_mixin.py:137} INFO - [2023-11-14T16:29:24.776+0000] {dag.py:2690} INFO - Sync 1 DAGs
[2023-11-14T16:29:24.796+0000] {logging_mixin.py:137} INFO - [2023-11-14T16:29:24.795+0000] {dag.py:3437} INFO - Setting next_dagrun for example_dynamic_task_mapping to 2022-03-04T00:00:00+00:00, run_after=2022-03-05T00:00:00+00:00
[2023-11-14T16:29:24.859+0000] {processor.py:175} INFO - Processing /usr/local/python/3.10.8/lib/python3.10/site-packages/airflow/example_dags/example_dynamic_task_mapping.py took 0.122 seconds
[2023-11-14T16:30:09.122+0000] {processor.py:153} INFO - Started process (PID=16454) to work on /usr/local/python/3.10.8/lib/python3.10/site-packages/airflow/example_dags/example_dynamic_task_mapping.py
[2023-11-14T16:30:09.123+0000] {processor.py:743} INFO - Processing file /usr/local/python/3.10.8/lib/python3.10/site-packages/airflow/example_dags/example_dynamic_task_mapping.py for tasks to queue
[2023-11-14T16:30:09.123+0000] {logging_mixin.py:137} INFO - [2023-11-14T16:30:09.123+0000] {dagbag.py:538} INFO - Filling up the DagBag from /usr/local/python/3.10.8/lib/python3.10/site-packages/airflow/example_dags/example_dynamic_task_mapping.py
[2023-11-14T16:30:09.145+0000] {processor.py:753} INFO - DAG(s) dict_keys(['example_dynamic_task_mapping']) retrieved from /usr/local/python/3.10.8/lib/python3.10/site-packages/airflow/example_dags/example_dynamic_task_mapping.py
[2023-11-14T16:30:09.160+0000] {logging_mixin.py:137} INFO - [2023-11-14T16:30:09.160+0000] {dag.py:2690} INFO - Sync 1 DAGs
[2023-11-14T16:30:09.178+0000] {logging_mixin.py:137} INFO - [2023-11-14T16:30:09.177+0000] {dag.py:3437} INFO - Setting next_dagrun for example_dynamic_task_mapping to 2022-03-04T00:00:00+00:00, run_after=2022-03-05T00:00:00+00:00
[2023-11-14T16:30:09.239+0000] {processor.py:175} INFO - Processing /usr/local/python/3.10.8/lib/python3.10/site-packages/airflow/example_dags/example_dynamic_task_mapping.py took 0.119 seconds
[2023-11-14T16:30:59.962+0000] {processor.py:153} INFO - Started process (PID=16814) to work on /usr/local/python/3.10.8/lib/python3.10/site-packages/airflow/example_dags/example_dynamic_task_mapping.py
[2023-11-14T16:30:59.963+0000] {processor.py:743} INFO - Processing file /usr/local/python/3.10.8/lib/python3.10/site-packages/airflow/example_dags/example_dynamic_task_mapping.py for tasks to queue
[2023-11-14T16:30:59.963+0000] {logging_mixin.py:137} INFO - [2023-11-14T16:30:59.963+0000] {dagbag.py:538} INFO - Filling up the DagBag from /usr/local/python/3.10.8/lib/python3.10/site-packages/airflow/example_dags/example_dynamic_task_mapping.py
[2023-11-14T16:30:59.983+0000] {processor.py:753} INFO - DAG(s) dict_keys(['example_dynamic_task_mapping']) retrieved from /usr/local/python/3.10.8/lib/python3.10/site-packages/airflow/example_dags/example_dynamic_task_mapping.py
[2023-11-14T16:30:59.996+0000] {logging_mixin.py:137} INFO - [2023-11-14T16:30:59.996+0000] {dag.py:2690} INFO - Sync 1 DAGs
[2023-11-14T16:31:00.012+0000] {logging_mixin.py:137} INFO - [2023-11-14T16:31:00.011+0000] {dag.py:3437} INFO - Setting next_dagrun for example_dynamic_task_mapping to 2022-03-04T00:00:00+00:00, run_after=2022-03-05T00:00:00+00:00
[2023-11-14T16:31:00.073+0000] {processor.py:175} INFO - Processing /usr/local/python/3.10.8/lib/python3.10/site-packages/airflow/example_dags/example_dynamic_task_mapping.py took 0.113 seconds
[2023-11-14T16:32:06.921+0000] {processor.py:153} INFO - Started process (PID=17404) to work on /usr/local/python/3.10.8/lib/python3.10/site-packages/airflow/example_dags/example_dynamic_task_mapping.py
[2023-11-14T16:32:06.921+0000] {processor.py:743} INFO - Processing file /usr/local/python/3.10.8/lib/python3.10/site-packages/airflow/example_dags/example_dynamic_task_mapping.py for tasks to queue
[2023-11-14T16:32:06.922+0000] {logging_mixin.py:137} INFO - [2023-11-14T16:32:06.922+0000] {dagbag.py:538} INFO - Filling up the DagBag from /usr/local/python/3.10.8/lib/python3.10/site-packages/airflow/example_dags/example_dynamic_task_mapping.py
[2023-11-14T16:32:06.942+0000] {processor.py:753} INFO - DAG(s) dict_keys(['example_dynamic_task_mapping']) retrieved from /usr/local/python/3.10.8/lib/python3.10/site-packages/airflow/example_dags/example_dynamic_task_mapping.py
[2023-11-14T16:32:06.958+0000] {logging_mixin.py:137} INFO - [2023-11-14T16:32:06.958+0000] {dag.py:2690} INFO - Sync 1 DAGs
[2023-11-14T16:32:06.977+0000] {logging_mixin.py:137} INFO - [2023-11-14T16:32:06.977+0000] {dag.py:3437} INFO - Setting next_dagrun for example_dynamic_task_mapping to 2022-03-04T00:00:00+00:00, run_after=2022-03-05T00:00:00+00:00
[2023-11-14T16:32:07.031+0000] {processor.py:175} INFO - Processing /usr/local/python/3.10.8/lib/python3.10/site-packages/airflow/example_dags/example_dynamic_task_mapping.py took 0.113 seconds
