[2023-11-14T16:28:39.414+0000] {processor.py:153} INFO - Started process (PID=15730) to work on /usr/local/python/3.10.8/lib/python3.10/site-packages/airflow/example_dags/example_bash_operator.py
[2023-11-14T16:28:39.415+0000] {processor.py:743} INFO - Processing file /usr/local/python/3.10.8/lib/python3.10/site-packages/airflow/example_dags/example_bash_operator.py for tasks to queue
[2023-11-14T16:28:39.416+0000] {logging_mixin.py:137} INFO - [2023-11-14T16:28:39.416+0000] {dagbag.py:538} INFO - Filling up the DagBag from /usr/local/python/3.10.8/lib/python3.10/site-packages/airflow/example_dags/example_bash_operator.py
[2023-11-14T16:28:39.447+0000] {processor.py:753} INFO - DAG(s) dict_keys(['example_bash_operator']) retrieved from /usr/local/python/3.10.8/lib/python3.10/site-packages/airflow/example_dags/example_bash_operator.py
[2023-11-14T16:28:39.741+0000] {logging_mixin.py:137} INFO - [2023-11-14T16:28:39.741+0000] {manager.py:504} INFO - Created Permission View: can delete on DAG:example_bash_operator
[2023-11-14T16:28:39.789+0000] {logging_mixin.py:137} INFO - [2023-11-14T16:28:39.789+0000] {manager.py:504} INFO - Created Permission View: can edit on DAG:example_bash_operator
[2023-11-14T16:28:39.839+0000] {logging_mixin.py:137} INFO - [2023-11-14T16:28:39.839+0000] {manager.py:504} INFO - Created Permission View: can read on DAG:example_bash_operator
[2023-11-14T16:28:39.839+0000] {logging_mixin.py:137} INFO - [2023-11-14T16:28:39.839+0000] {dag.py:2690} INFO - Sync 1 DAGs
[2023-11-14T16:28:39.847+0000] {logging_mixin.py:137} INFO - [2023-11-14T16:28:39.847+0000] {dag.py:2711} INFO - Creating ORM DAG for example_bash_operator
[2023-11-14T16:28:39.856+0000] {logging_mixin.py:137} INFO - [2023-11-14T16:28:39.856+0000] {dag.py:3437} INFO - Setting next_dagrun for example_bash_operator to 2023-11-13T00:00:00+00:00, run_after=2023-11-14T00:00:00+00:00
[2023-11-14T16:28:39.927+0000] {processor.py:175} INFO - Processing /usr/local/python/3.10.8/lib/python3.10/site-packages/airflow/example_dags/example_bash_operator.py took 0.515 seconds
[2023-11-14T16:29:25.975+0000] {processor.py:153} INFO - Started process (PID=16132) to work on /usr/local/python/3.10.8/lib/python3.10/site-packages/airflow/example_dags/example_bash_operator.py
[2023-11-14T16:29:25.976+0000] {processor.py:743} INFO - Processing file /usr/local/python/3.10.8/lib/python3.10/site-packages/airflow/example_dags/example_bash_operator.py for tasks to queue
[2023-11-14T16:29:25.977+0000] {logging_mixin.py:137} INFO - [2023-11-14T16:29:25.976+0000] {dagbag.py:538} INFO - Filling up the DagBag from /usr/local/python/3.10.8/lib/python3.10/site-packages/airflow/example_dags/example_bash_operator.py
[2023-11-14T16:29:25.997+0000] {processor.py:753} INFO - DAG(s) dict_keys(['example_bash_operator']) retrieved from /usr/local/python/3.10.8/lib/python3.10/site-packages/airflow/example_dags/example_bash_operator.py
[2023-11-14T16:29:26.024+0000] {logging_mixin.py:137} INFO - [2023-11-14T16:29:26.024+0000] {dag.py:2690} INFO - Sync 1 DAGs
[2023-11-14T16:29:26.041+0000] {logging_mixin.py:137} INFO - [2023-11-14T16:29:26.041+0000] {dag.py:3437} INFO - Setting next_dagrun for example_bash_operator to 2023-11-13T00:00:00+00:00, run_after=2023-11-14T00:00:00+00:00
[2023-11-14T16:29:26.114+0000] {processor.py:175} INFO - Processing /usr/local/python/3.10.8/lib/python3.10/site-packages/airflow/example_dags/example_bash_operator.py took 0.140 seconds
[2023-11-14T16:30:10.358+0000] {processor.py:153} INFO - Started process (PID=16467) to work on /usr/local/python/3.10.8/lib/python3.10/site-packages/airflow/example_dags/example_bash_operator.py
[2023-11-14T16:30:10.358+0000] {processor.py:743} INFO - Processing file /usr/local/python/3.10.8/lib/python3.10/site-packages/airflow/example_dags/example_bash_operator.py for tasks to queue
[2023-11-14T16:30:10.359+0000] {logging_mixin.py:137} INFO - [2023-11-14T16:30:10.359+0000] {dagbag.py:538} INFO - Filling up the DagBag from /usr/local/python/3.10.8/lib/python3.10/site-packages/airflow/example_dags/example_bash_operator.py
[2023-11-14T16:30:10.379+0000] {processor.py:753} INFO - DAG(s) dict_keys(['example_bash_operator']) retrieved from /usr/local/python/3.10.8/lib/python3.10/site-packages/airflow/example_dags/example_bash_operator.py
[2023-11-14T16:30:10.414+0000] {logging_mixin.py:137} INFO - [2023-11-14T16:30:10.414+0000] {dag.py:2690} INFO - Sync 1 DAGs
[2023-11-14T16:30:10.440+0000] {logging_mixin.py:137} INFO - [2023-11-14T16:30:10.439+0000] {dag.py:3437} INFO - Setting next_dagrun for example_bash_operator to 2023-11-13T00:00:00+00:00, run_after=2023-11-14T00:00:00+00:00
[2023-11-14T16:30:10.500+0000] {processor.py:175} INFO - Processing /usr/local/python/3.10.8/lib/python3.10/site-packages/airflow/example_dags/example_bash_operator.py took 0.144 seconds
[2023-11-14T16:31:01.260+0000] {processor.py:153} INFO - Started process (PID=16816) to work on /usr/local/python/3.10.8/lib/python3.10/site-packages/airflow/example_dags/example_bash_operator.py
[2023-11-14T16:31:01.261+0000] {processor.py:743} INFO - Processing file /usr/local/python/3.10.8/lib/python3.10/site-packages/airflow/example_dags/example_bash_operator.py for tasks to queue
[2023-11-14T16:31:01.262+0000] {logging_mixin.py:137} INFO - [2023-11-14T16:31:01.262+0000] {dagbag.py:538} INFO - Filling up the DagBag from /usr/local/python/3.10.8/lib/python3.10/site-packages/airflow/example_dags/example_bash_operator.py
[2023-11-14T16:31:01.290+0000] {processor.py:753} INFO - DAG(s) dict_keys(['example_bash_operator']) retrieved from /usr/local/python/3.10.8/lib/python3.10/site-packages/airflow/example_dags/example_bash_operator.py
[2023-11-14T16:31:01.330+0000] {logging_mixin.py:137} INFO - [2023-11-14T16:31:01.330+0000] {dag.py:2690} INFO - Sync 1 DAGs
[2023-11-14T16:31:01.359+0000] {logging_mixin.py:137} INFO - [2023-11-14T16:31:01.359+0000] {dag.py:3437} INFO - Setting next_dagrun for example_bash_operator to 2023-11-13T00:00:00+00:00, run_after=2023-11-14T00:00:00+00:00
[2023-11-14T16:31:01.418+0000] {processor.py:175} INFO - Processing /usr/local/python/3.10.8/lib/python3.10/site-packages/airflow/example_dags/example_bash_operator.py took 0.161 seconds
[2023-11-14T16:32:08.152+0000] {processor.py:153} INFO - Started process (PID=17405) to work on /usr/local/python/3.10.8/lib/python3.10/site-packages/airflow/example_dags/example_bash_operator.py
[2023-11-14T16:32:08.153+0000] {processor.py:743} INFO - Processing file /usr/local/python/3.10.8/lib/python3.10/site-packages/airflow/example_dags/example_bash_operator.py for tasks to queue
[2023-11-14T16:32:08.153+0000] {logging_mixin.py:137} INFO - [2023-11-14T16:32:08.153+0000] {dagbag.py:538} INFO - Filling up the DagBag from /usr/local/python/3.10.8/lib/python3.10/site-packages/airflow/example_dags/example_bash_operator.py
[2023-11-14T16:32:08.176+0000] {processor.py:753} INFO - DAG(s) dict_keys(['example_bash_operator']) retrieved from /usr/local/python/3.10.8/lib/python3.10/site-packages/airflow/example_dags/example_bash_operator.py
[2023-11-14T16:32:08.205+0000] {logging_mixin.py:137} INFO - [2023-11-14T16:32:08.205+0000] {dag.py:2690} INFO - Sync 1 DAGs
[2023-11-14T16:32:08.224+0000] {logging_mixin.py:137} INFO - [2023-11-14T16:32:08.223+0000] {dag.py:3437} INFO - Setting next_dagrun for example_bash_operator to 2023-11-13T00:00:00+00:00, run_after=2023-11-14T00:00:00+00:00
[2023-11-14T16:32:08.276+0000] {processor.py:175} INFO - Processing /usr/local/python/3.10.8/lib/python3.10/site-packages/airflow/example_dags/example_bash_operator.py took 0.126 seconds
