[2023-11-14T16:28:42.672+0000] {processor.py:153} INFO - Started process (PID=15756) to work on /usr/local/python/3.10.8/lib/python3.10/site-packages/airflow/example_dags/example_latest_only.py
[2023-11-14T16:28:42.673+0000] {processor.py:743} INFO - Processing file /usr/local/python/3.10.8/lib/python3.10/site-packages/airflow/example_dags/example_latest_only.py for tasks to queue
[2023-11-14T16:28:42.673+0000] {logging_mixin.py:137} INFO - [2023-11-14T16:28:42.673+0000] {dagbag.py:538} INFO - Filling up the DagBag from /usr/local/python/3.10.8/lib/python3.10/site-packages/airflow/example_dags/example_latest_only.py
[2023-11-14T16:28:42.688+0000] {processor.py:753} INFO - DAG(s) dict_keys(['latest_only']) retrieved from /usr/local/python/3.10.8/lib/python3.10/site-packages/airflow/example_dags/example_latest_only.py
[2023-11-14T16:28:42.898+0000] {logging_mixin.py:137} INFO - [2023-11-14T16:28:42.898+0000] {manager.py:504} INFO - Created Permission View: can delete on DAG:latest_only
[2023-11-14T16:28:42.961+0000] {logging_mixin.py:137} INFO - [2023-11-14T16:28:42.960+0000] {manager.py:504} INFO - Created Permission View: can edit on DAG:latest_only
[2023-11-14T16:28:43.005+0000] {logging_mixin.py:137} INFO - [2023-11-14T16:28:43.005+0000] {manager.py:504} INFO - Created Permission View: can read on DAG:latest_only
[2023-11-14T16:28:43.005+0000] {logging_mixin.py:137} INFO - [2023-11-14T16:28:43.005+0000] {dag.py:2690} INFO - Sync 1 DAGs
[2023-11-14T16:28:43.018+0000] {logging_mixin.py:137} INFO - [2023-11-14T16:28:43.018+0000] {dag.py:2711} INFO - Creating ORM DAG for latest_only
[2023-11-14T16:28:43.028+0000] {logging_mixin.py:137} INFO - [2023-11-14T16:28:43.028+0000] {dag.py:3437} INFO - Setting next_dagrun for latest_only to 2023-11-14T12:28:43.028137+00:00, run_after=2023-11-14T16:28:43.028137+00:00
[2023-11-14T16:28:43.097+0000] {processor.py:175} INFO - Processing /usr/local/python/3.10.8/lib/python3.10/site-packages/airflow/example_dags/example_latest_only.py took 0.428 seconds
[2023-11-14T16:29:28.283+0000] {processor.py:153} INFO - Started process (PID=16149) to work on /usr/local/python/3.10.8/lib/python3.10/site-packages/airflow/example_dags/example_latest_only.py
[2023-11-14T16:29:28.284+0000] {processor.py:743} INFO - Processing file /usr/local/python/3.10.8/lib/python3.10/site-packages/airflow/example_dags/example_latest_only.py for tasks to queue
[2023-11-14T16:29:28.284+0000] {logging_mixin.py:137} INFO - [2023-11-14T16:29:28.284+0000] {dagbag.py:538} INFO - Filling up the DagBag from /usr/local/python/3.10.8/lib/python3.10/site-packages/airflow/example_dags/example_latest_only.py
[2023-11-14T16:29:28.295+0000] {processor.py:753} INFO - DAG(s) dict_keys(['latest_only']) retrieved from /usr/local/python/3.10.8/lib/python3.10/site-packages/airflow/example_dags/example_latest_only.py
[2023-11-14T16:29:28.311+0000] {logging_mixin.py:137} INFO - [2023-11-14T16:29:28.311+0000] {dag.py:2690} INFO - Sync 1 DAGs
[2023-11-14T16:29:28.326+0000] {logging_mixin.py:137} INFO - [2023-11-14T16:29:28.326+0000] {dag.py:3437} INFO - Setting next_dagrun for latest_only to 2023-11-14T12:29:28.326374+00:00, run_after=2023-11-14T16:29:28.326374+00:00
[2023-11-14T16:29:28.404+0000] {processor.py:175} INFO - Processing /usr/local/python/3.10.8/lib/python3.10/site-packages/airflow/example_dags/example_latest_only.py took 0.123 seconds
[2023-11-14T16:30:12.881+0000] {processor.py:153} INFO - Started process (PID=16478) to work on /usr/local/python/3.10.8/lib/python3.10/site-packages/airflow/example_dags/example_latest_only.py
[2023-11-14T16:30:12.882+0000] {processor.py:743} INFO - Processing file /usr/local/python/3.10.8/lib/python3.10/site-packages/airflow/example_dags/example_latest_only.py for tasks to queue
[2023-11-14T16:30:12.882+0000] {logging_mixin.py:137} INFO - [2023-11-14T16:30:12.882+0000] {dagbag.py:538} INFO - Filling up the DagBag from /usr/local/python/3.10.8/lib/python3.10/site-packages/airflow/example_dags/example_latest_only.py
[2023-11-14T16:30:12.895+0000] {processor.py:753} INFO - DAG(s) dict_keys(['latest_only']) retrieved from /usr/local/python/3.10.8/lib/python3.10/site-packages/airflow/example_dags/example_latest_only.py
[2023-11-14T16:30:12.910+0000] {logging_mixin.py:137} INFO - [2023-11-14T16:30:12.910+0000] {dag.py:2690} INFO - Sync 1 DAGs
[2023-11-14T16:30:12.926+0000] {logging_mixin.py:137} INFO - [2023-11-14T16:30:12.926+0000] {dag.py:3437} INFO - Setting next_dagrun for latest_only to 2023-11-14T12:30:12.926109+00:00, run_after=2023-11-14T16:30:12.926109+00:00
[2023-11-14T16:30:12.998+0000] {processor.py:175} INFO - Processing /usr/local/python/3.10.8/lib/python3.10/site-packages/airflow/example_dags/example_latest_only.py took 0.120 seconds
[2023-11-14T16:31:03.726+0000] {processor.py:153} INFO - Started process (PID=16835) to work on /usr/local/python/3.10.8/lib/python3.10/site-packages/airflow/example_dags/example_latest_only.py
[2023-11-14T16:31:03.726+0000] {processor.py:743} INFO - Processing file /usr/local/python/3.10.8/lib/python3.10/site-packages/airflow/example_dags/example_latest_only.py for tasks to queue
[2023-11-14T16:31:03.727+0000] {logging_mixin.py:137} INFO - [2023-11-14T16:31:03.727+0000] {dagbag.py:538} INFO - Filling up the DagBag from /usr/local/python/3.10.8/lib/python3.10/site-packages/airflow/example_dags/example_latest_only.py
[2023-11-14T16:31:03.739+0000] {processor.py:753} INFO - DAG(s) dict_keys(['latest_only']) retrieved from /usr/local/python/3.10.8/lib/python3.10/site-packages/airflow/example_dags/example_latest_only.py
[2023-11-14T16:31:03.754+0000] {logging_mixin.py:137} INFO - [2023-11-14T16:31:03.754+0000] {dag.py:2690} INFO - Sync 1 DAGs
[2023-11-14T16:31:03.769+0000] {logging_mixin.py:137} INFO - [2023-11-14T16:31:03.769+0000] {dag.py:3437} INFO - Setting next_dagrun for latest_only to 2023-11-14T12:31:03.769304+00:00, run_after=2023-11-14T16:31:03.769304+00:00
[2023-11-14T16:31:03.832+0000] {processor.py:175} INFO - Processing /usr/local/python/3.10.8/lib/python3.10/site-packages/airflow/example_dags/example_latest_only.py took 0.108 seconds
[2023-11-14T16:32:09.699+0000] {processor.py:153} INFO - Started process (PID=17419) to work on /usr/local/python/3.10.8/lib/python3.10/site-packages/airflow/example_dags/example_latest_only.py
[2023-11-14T16:32:09.700+0000] {processor.py:743} INFO - Processing file /usr/local/python/3.10.8/lib/python3.10/site-packages/airflow/example_dags/example_latest_only.py for tasks to queue
[2023-11-14T16:32:09.701+0000] {logging_mixin.py:137} INFO - [2023-11-14T16:32:09.701+0000] {dagbag.py:538} INFO - Filling up the DagBag from /usr/local/python/3.10.8/lib/python3.10/site-packages/airflow/example_dags/example_latest_only.py
[2023-11-14T16:32:09.718+0000] {processor.py:753} INFO - DAG(s) dict_keys(['latest_only']) retrieved from /usr/local/python/3.10.8/lib/python3.10/site-packages/airflow/example_dags/example_latest_only.py
[2023-11-14T16:32:09.737+0000] {logging_mixin.py:137} INFO - [2023-11-14T16:32:09.737+0000] {dag.py:2690} INFO - Sync 1 DAGs
[2023-11-14T16:32:09.754+0000] {logging_mixin.py:137} INFO - [2023-11-14T16:32:09.753+0000] {dag.py:3437} INFO - Setting next_dagrun for latest_only to 2023-11-14T12:32:09.752936+00:00, run_after=2023-11-14T16:32:09.752936+00:00
[2023-11-14T16:32:09.811+0000] {processor.py:175} INFO - Processing /usr/local/python/3.10.8/lib/python3.10/site-packages/airflow/example_dags/example_latest_only.py took 0.121 seconds
