[2023-11-14T16:28:45.109+0000] {processor.py:153} INFO - Started process (PID=15807) to work on /usr/local/python/3.10.8/lib/python3.10/site-packages/airflow/example_dags/example_complex.py
[2023-11-14T16:28:45.109+0000] {processor.py:743} INFO - Processing file /usr/local/python/3.10.8/lib/python3.10/site-packages/airflow/example_dags/example_complex.py for tasks to queue
[2023-11-14T16:28:45.110+0000] {logging_mixin.py:137} INFO - [2023-11-14T16:28:45.110+0000] {dagbag.py:538} INFO - Filling up the DagBag from /usr/local/python/3.10.8/lib/python3.10/site-packages/airflow/example_dags/example_complex.py
[2023-11-14T16:28:45.118+0000] {logging_mixin.py:137} INFO - [2023-11-14T16:28:45.118+0000] {taskmixin.py:205} WARNING - Dependency <Task(BashOperator): create_entry_group>, delete_entry_group already registered for DAG: example_complex
[2023-11-14T16:28:45.119+0000] {logging_mixin.py:137} INFO - [2023-11-14T16:28:45.119+0000] {taskmixin.py:205} WARNING - Dependency <Task(BashOperator): delete_entry_group>, create_entry_group already registered for DAG: example_complex
[2023-11-14T16:28:45.119+0000] {logging_mixin.py:137} INFO - [2023-11-14T16:28:45.119+0000] {taskmixin.py:205} WARNING - Dependency <Task(BashOperator): create_entry_gcs>, delete_entry already registered for DAG: example_complex
[2023-11-14T16:28:45.119+0000] {logging_mixin.py:137} INFO - [2023-11-14T16:28:45.119+0000] {taskmixin.py:205} WARNING - Dependency <Task(BashOperator): delete_entry>, create_entry_gcs already registered for DAG: example_complex
[2023-11-14T16:28:45.119+0000] {logging_mixin.py:137} INFO - [2023-11-14T16:28:45.119+0000] {taskmixin.py:205} WARNING - Dependency <Task(BashOperator): create_tag>, delete_tag already registered for DAG: example_complex
[2023-11-14T16:28:45.120+0000] {logging_mixin.py:137} INFO - [2023-11-14T16:28:45.119+0000] {taskmixin.py:205} WARNING - Dependency <Task(BashOperator): delete_tag>, create_tag already registered for DAG: example_complex
[2023-11-14T16:28:45.126+0000] {processor.py:753} INFO - DAG(s) dict_keys(['example_complex']) retrieved from /usr/local/python/3.10.8/lib/python3.10/site-packages/airflow/example_dags/example_complex.py
[2023-11-14T16:28:45.311+0000] {logging_mixin.py:137} INFO - [2023-11-14T16:28:45.311+0000] {manager.py:504} INFO - Created Permission View: can delete on DAG:example_complex
[2023-11-14T16:28:45.359+0000] {logging_mixin.py:137} INFO - [2023-11-14T16:28:45.359+0000] {manager.py:504} INFO - Created Permission View: can edit on DAG:example_complex
[2023-11-14T16:28:45.408+0000] {logging_mixin.py:137} INFO - [2023-11-14T16:28:45.408+0000] {manager.py:504} INFO - Created Permission View: can read on DAG:example_complex
[2023-11-14T16:28:45.408+0000] {logging_mixin.py:137} INFO - [2023-11-14T16:28:45.408+0000] {dag.py:2690} INFO - Sync 1 DAGs
[2023-11-14T16:28:45.416+0000] {logging_mixin.py:137} INFO - [2023-11-14T16:28:45.416+0000] {dag.py:2711} INFO - Creating ORM DAG for example_complex
[2023-11-14T16:28:45.423+0000] {logging_mixin.py:137} INFO - [2023-11-14T16:28:45.423+0000] {dag.py:3437} INFO - Setting next_dagrun for example_complex to None, run_after=None
[2023-11-14T16:28:45.488+0000] {processor.py:175} INFO - Processing /usr/local/python/3.10.8/lib/python3.10/site-packages/airflow/example_dags/example_complex.py took 0.382 seconds
[2023-11-14T16:29:41.193+0000] {processor.py:153} INFO - Started process (PID=16236) to work on /usr/local/python/3.10.8/lib/python3.10/site-packages/airflow/example_dags/example_complex.py
[2023-11-14T16:29:41.194+0000] {processor.py:743} INFO - Processing file /usr/local/python/3.10.8/lib/python3.10/site-packages/airflow/example_dags/example_complex.py for tasks to queue
[2023-11-14T16:29:41.195+0000] {logging_mixin.py:137} INFO - [2023-11-14T16:29:41.195+0000] {dagbag.py:538} INFO - Filling up the DagBag from /usr/local/python/3.10.8/lib/python3.10/site-packages/airflow/example_dags/example_complex.py
[2023-11-14T16:29:41.204+0000] {logging_mixin.py:137} INFO - [2023-11-14T16:29:41.204+0000] {taskmixin.py:205} WARNING - Dependency <Task(BashOperator): create_entry_group>, delete_entry_group already registered for DAG: example_complex
[2023-11-14T16:29:41.204+0000] {logging_mixin.py:137} INFO - [2023-11-14T16:29:41.204+0000] {taskmixin.py:205} WARNING - Dependency <Task(BashOperator): delete_entry_group>, create_entry_group already registered for DAG: example_complex
[2023-11-14T16:29:41.204+0000] {logging_mixin.py:137} INFO - [2023-11-14T16:29:41.204+0000] {taskmixin.py:205} WARNING - Dependency <Task(BashOperator): create_entry_gcs>, delete_entry already registered for DAG: example_complex
[2023-11-14T16:29:41.205+0000] {logging_mixin.py:137} INFO - [2023-11-14T16:29:41.204+0000] {taskmixin.py:205} WARNING - Dependency <Task(BashOperator): delete_entry>, create_entry_gcs already registered for DAG: example_complex
[2023-11-14T16:29:41.205+0000] {logging_mixin.py:137} INFO - [2023-11-14T16:29:41.205+0000] {taskmixin.py:205} WARNING - Dependency <Task(BashOperator): create_tag>, delete_tag already registered for DAG: example_complex
[2023-11-14T16:29:41.205+0000] {logging_mixin.py:137} INFO - [2023-11-14T16:29:41.205+0000] {taskmixin.py:205} WARNING - Dependency <Task(BashOperator): delete_tag>, create_tag already registered for DAG: example_complex
[2023-11-14T16:29:41.212+0000] {processor.py:753} INFO - DAG(s) dict_keys(['example_complex']) retrieved from /usr/local/python/3.10.8/lib/python3.10/site-packages/airflow/example_dags/example_complex.py
[2023-11-14T16:29:41.231+0000] {logging_mixin.py:137} INFO - [2023-11-14T16:29:41.231+0000] {dag.py:2690} INFO - Sync 1 DAGs
[2023-11-14T16:29:41.246+0000] {logging_mixin.py:137} INFO - [2023-11-14T16:29:41.246+0000] {dag.py:3437} INFO - Setting next_dagrun for example_complex to None, run_after=None
[2023-11-14T16:29:41.299+0000] {processor.py:175} INFO - Processing /usr/local/python/3.10.8/lib/python3.10/site-packages/airflow/example_dags/example_complex.py took 0.108 seconds
[2023-11-14T16:30:25.593+0000] {processor.py:153} INFO - Started process (PID=16567) to work on /usr/local/python/3.10.8/lib/python3.10/site-packages/airflow/example_dags/example_complex.py
[2023-11-14T16:30:25.593+0000] {processor.py:743} INFO - Processing file /usr/local/python/3.10.8/lib/python3.10/site-packages/airflow/example_dags/example_complex.py for tasks to queue
[2023-11-14T16:30:25.594+0000] {logging_mixin.py:137} INFO - [2023-11-14T16:30:25.594+0000] {dagbag.py:538} INFO - Filling up the DagBag from /usr/local/python/3.10.8/lib/python3.10/site-packages/airflow/example_dags/example_complex.py
[2023-11-14T16:30:25.604+0000] {logging_mixin.py:137} INFO - [2023-11-14T16:30:25.604+0000] {taskmixin.py:205} WARNING - Dependency <Task(BashOperator): create_entry_group>, delete_entry_group already registered for DAG: example_complex
[2023-11-14T16:30:25.605+0000] {logging_mixin.py:137} INFO - [2023-11-14T16:30:25.605+0000] {taskmixin.py:205} WARNING - Dependency <Task(BashOperator): delete_entry_group>, create_entry_group already registered for DAG: example_complex
[2023-11-14T16:30:25.605+0000] {logging_mixin.py:137} INFO - [2023-11-14T16:30:25.605+0000] {taskmixin.py:205} WARNING - Dependency <Task(BashOperator): create_entry_gcs>, delete_entry already registered for DAG: example_complex
[2023-11-14T16:30:25.605+0000] {logging_mixin.py:137} INFO - [2023-11-14T16:30:25.605+0000] {taskmixin.py:205} WARNING - Dependency <Task(BashOperator): delete_entry>, create_entry_gcs already registered for DAG: example_complex
[2023-11-14T16:30:25.605+0000] {logging_mixin.py:137} INFO - [2023-11-14T16:30:25.605+0000] {taskmixin.py:205} WARNING - Dependency <Task(BashOperator): create_tag>, delete_tag already registered for DAG: example_complex
[2023-11-14T16:30:25.605+0000] {logging_mixin.py:137} INFO - [2023-11-14T16:30:25.605+0000] {taskmixin.py:205} WARNING - Dependency <Task(BashOperator): delete_tag>, create_tag already registered for DAG: example_complex
[2023-11-14T16:30:25.612+0000] {processor.py:753} INFO - DAG(s) dict_keys(['example_complex']) retrieved from /usr/local/python/3.10.8/lib/python3.10/site-packages/airflow/example_dags/example_complex.py
[2023-11-14T16:30:25.630+0000] {logging_mixin.py:137} INFO - [2023-11-14T16:30:25.630+0000] {dag.py:2690} INFO - Sync 1 DAGs
[2023-11-14T16:30:25.645+0000] {logging_mixin.py:137} INFO - [2023-11-14T16:30:25.645+0000] {dag.py:3437} INFO - Setting next_dagrun for example_complex to None, run_after=None
[2023-11-14T16:30:25.719+0000] {processor.py:175} INFO - Processing /usr/local/python/3.10.8/lib/python3.10/site-packages/airflow/example_dags/example_complex.py took 0.129 seconds
[2023-11-14T16:31:15.725+0000] {processor.py:153} INFO - Started process (PID=16920) to work on /usr/local/python/3.10.8/lib/python3.10/site-packages/airflow/example_dags/example_complex.py
[2023-11-14T16:31:15.726+0000] {processor.py:743} INFO - Processing file /usr/local/python/3.10.8/lib/python3.10/site-packages/airflow/example_dags/example_complex.py for tasks to queue
[2023-11-14T16:31:15.727+0000] {logging_mixin.py:137} INFO - [2023-11-14T16:31:15.727+0000] {dagbag.py:538} INFO - Filling up the DagBag from /usr/local/python/3.10.8/lib/python3.10/site-packages/airflow/example_dags/example_complex.py
[2023-11-14T16:31:15.736+0000] {logging_mixin.py:137} INFO - [2023-11-14T16:31:15.736+0000] {taskmixin.py:205} WARNING - Dependency <Task(BashOperator): create_entry_group>, delete_entry_group already registered for DAG: example_complex
[2023-11-14T16:31:15.736+0000] {logging_mixin.py:137} INFO - [2023-11-14T16:31:15.736+0000] {taskmixin.py:205} WARNING - Dependency <Task(BashOperator): delete_entry_group>, create_entry_group already registered for DAG: example_complex
[2023-11-14T16:31:15.737+0000] {logging_mixin.py:137} INFO - [2023-11-14T16:31:15.737+0000] {taskmixin.py:205} WARNING - Dependency <Task(BashOperator): create_entry_gcs>, delete_entry already registered for DAG: example_complex
[2023-11-14T16:31:15.737+0000] {logging_mixin.py:137} INFO - [2023-11-14T16:31:15.737+0000] {taskmixin.py:205} WARNING - Dependency <Task(BashOperator): delete_entry>, create_entry_gcs already registered for DAG: example_complex
[2023-11-14T16:31:15.737+0000] {logging_mixin.py:137} INFO - [2023-11-14T16:31:15.737+0000] {taskmixin.py:205} WARNING - Dependency <Task(BashOperator): create_tag>, delete_tag already registered for DAG: example_complex
[2023-11-14T16:31:15.737+0000] {logging_mixin.py:137} INFO - [2023-11-14T16:31:15.737+0000] {taskmixin.py:205} WARNING - Dependency <Task(BashOperator): delete_tag>, create_tag already registered for DAG: example_complex
[2023-11-14T16:31:15.745+0000] {processor.py:753} INFO - DAG(s) dict_keys(['example_complex']) retrieved from /usr/local/python/3.10.8/lib/python3.10/site-packages/airflow/example_dags/example_complex.py
[2023-11-14T16:31:15.763+0000] {logging_mixin.py:137} INFO - [2023-11-14T16:31:15.763+0000] {dag.py:2690} INFO - Sync 1 DAGs
[2023-11-14T16:31:15.779+0000] {logging_mixin.py:137} INFO - [2023-11-14T16:31:15.779+0000] {dag.py:3437} INFO - Setting next_dagrun for example_complex to None, run_after=None
[2023-11-14T16:31:15.831+0000] {processor.py:175} INFO - Processing /usr/local/python/3.10.8/lib/python3.10/site-packages/airflow/example_dags/example_complex.py took 0.108 seconds
