[2023-11-14T16:28:41.115+0000] {processor.py:153} INFO - Started process (PID=15746) to work on /usr/local/python/3.10.8/lib/python3.10/site-packages/airflow/example_dags/example_branch_day_of_week_operator.py
[2023-11-14T16:28:41.116+0000] {processor.py:743} INFO - Processing file /usr/local/python/3.10.8/lib/python3.10/site-packages/airflow/example_dags/example_branch_day_of_week_operator.py for tasks to queue
[2023-11-14T16:28:41.117+0000] {logging_mixin.py:137} INFO - [2023-11-14T16:28:41.116+0000] {dagbag.py:538} INFO - Filling up the DagBag from /usr/local/python/3.10.8/lib/python3.10/site-packages/airflow/example_dags/example_branch_day_of_week_operator.py
[2023-11-14T16:28:41.142+0000] {processor.py:753} INFO - DAG(s) dict_keys(['example_weekday_branch_operator']) retrieved from /usr/local/python/3.10.8/lib/python3.10/site-packages/airflow/example_dags/example_branch_day_of_week_operator.py
[2023-11-14T16:28:41.357+0000] {logging_mixin.py:137} INFO - [2023-11-14T16:28:41.357+0000] {manager.py:504} INFO - Created Permission View: can delete on DAG:example_weekday_branch_operator
[2023-11-14T16:28:41.406+0000] {logging_mixin.py:137} INFO - [2023-11-14T16:28:41.406+0000] {manager.py:504} INFO - Created Permission View: can edit on DAG:example_weekday_branch_operator
[2023-11-14T16:28:41.470+0000] {logging_mixin.py:137} INFO - [2023-11-14T16:28:41.469+0000] {manager.py:504} INFO - Created Permission View: can read on DAG:example_weekday_branch_operator
[2023-11-14T16:28:41.470+0000] {logging_mixin.py:137} INFO - [2023-11-14T16:28:41.470+0000] {dag.py:2690} INFO - Sync 1 DAGs
[2023-11-14T16:28:41.483+0000] {logging_mixin.py:137} INFO - [2023-11-14T16:28:41.482+0000] {dag.py:2711} INFO - Creating ORM DAG for example_weekday_branch_operator
[2023-11-14T16:28:41.495+0000] {logging_mixin.py:137} INFO - [2023-11-14T16:28:41.494+0000] {dag.py:3437} INFO - Setting next_dagrun for example_weekday_branch_operator to 2023-11-13T00:00:00+00:00, run_after=2023-11-14T00:00:00+00:00
[2023-11-14T16:28:41.566+0000] {processor.py:175} INFO - Processing /usr/local/python/3.10.8/lib/python3.10/site-packages/airflow/example_dags/example_branch_day_of_week_operator.py took 0.454 seconds
[2023-11-14T16:29:27.210+0000] {processor.py:153} INFO - Started process (PID=16133) to work on /usr/local/python/3.10.8/lib/python3.10/site-packages/airflow/example_dags/example_branch_day_of_week_operator.py
[2023-11-14T16:29:27.211+0000] {processor.py:743} INFO - Processing file /usr/local/python/3.10.8/lib/python3.10/site-packages/airflow/example_dags/example_branch_day_of_week_operator.py for tasks to queue
[2023-11-14T16:29:27.211+0000] {logging_mixin.py:137} INFO - [2023-11-14T16:29:27.211+0000] {dagbag.py:538} INFO - Filling up the DagBag from /usr/local/python/3.10.8/lib/python3.10/site-packages/airflow/example_dags/example_branch_day_of_week_operator.py
[2023-11-14T16:29:27.224+0000] {processor.py:753} INFO - DAG(s) dict_keys(['example_weekday_branch_operator']) retrieved from /usr/local/python/3.10.8/lib/python3.10/site-packages/airflow/example_dags/example_branch_day_of_week_operator.py
[2023-11-14T16:29:27.239+0000] {logging_mixin.py:137} INFO - [2023-11-14T16:29:27.239+0000] {dag.py:2690} INFO - Sync 1 DAGs
[2023-11-14T16:29:27.254+0000] {logging_mixin.py:137} INFO - [2023-11-14T16:29:27.254+0000] {dag.py:3437} INFO - Setting next_dagrun for example_weekday_branch_operator to 2023-11-13T00:00:00+00:00, run_after=2023-11-14T00:00:00+00:00
[2023-11-14T16:29:27.311+0000] {processor.py:175} INFO - Processing /usr/local/python/3.10.8/lib/python3.10/site-packages/airflow/example_dags/example_branch_day_of_week_operator.py took 0.103 seconds
[2023-11-14T16:30:11.642+0000] {processor.py:153} INFO - Started process (PID=16468) to work on /usr/local/python/3.10.8/lib/python3.10/site-packages/airflow/example_dags/example_branch_day_of_week_operator.py
[2023-11-14T16:30:11.643+0000] {processor.py:743} INFO - Processing file /usr/local/python/3.10.8/lib/python3.10/site-packages/airflow/example_dags/example_branch_day_of_week_operator.py for tasks to queue
[2023-11-14T16:30:11.643+0000] {logging_mixin.py:137} INFO - [2023-11-14T16:30:11.643+0000] {dagbag.py:538} INFO - Filling up the DagBag from /usr/local/python/3.10.8/lib/python3.10/site-packages/airflow/example_dags/example_branch_day_of_week_operator.py
[2023-11-14T16:30:11.658+0000] {processor.py:753} INFO - DAG(s) dict_keys(['example_weekday_branch_operator']) retrieved from /usr/local/python/3.10.8/lib/python3.10/site-packages/airflow/example_dags/example_branch_day_of_week_operator.py
[2023-11-14T16:30:11.673+0000] {logging_mixin.py:137} INFO - [2023-11-14T16:30:11.672+0000] {dag.py:2690} INFO - Sync 1 DAGs
[2023-11-14T16:30:11.689+0000] {logging_mixin.py:137} INFO - [2023-11-14T16:30:11.689+0000] {dag.py:3437} INFO - Setting next_dagrun for example_weekday_branch_operator to 2023-11-13T00:00:00+00:00, run_after=2023-11-14T00:00:00+00:00
[2023-11-14T16:30:11.753+0000] {processor.py:175} INFO - Processing /usr/local/python/3.10.8/lib/python3.10/site-packages/airflow/example_dags/example_branch_day_of_week_operator.py took 0.113 seconds
[2023-11-14T16:31:02.491+0000] {processor.py:153} INFO - Started process (PID=16822) to work on /usr/local/python/3.10.8/lib/python3.10/site-packages/airflow/example_dags/example_branch_day_of_week_operator.py
[2023-11-14T16:31:02.492+0000] {processor.py:743} INFO - Processing file /usr/local/python/3.10.8/lib/python3.10/site-packages/airflow/example_dags/example_branch_day_of_week_operator.py for tasks to queue
[2023-11-14T16:31:02.492+0000] {logging_mixin.py:137} INFO - [2023-11-14T16:31:02.492+0000] {dagbag.py:538} INFO - Filling up the DagBag from /usr/local/python/3.10.8/lib/python3.10/site-packages/airflow/example_dags/example_branch_day_of_week_operator.py
[2023-11-14T16:31:02.506+0000] {processor.py:753} INFO - DAG(s) dict_keys(['example_weekday_branch_operator']) retrieved from /usr/local/python/3.10.8/lib/python3.10/site-packages/airflow/example_dags/example_branch_day_of_week_operator.py
[2023-11-14T16:31:02.522+0000] {logging_mixin.py:137} INFO - [2023-11-14T16:31:02.522+0000] {dag.py:2690} INFO - Sync 1 DAGs
[2023-11-14T16:31:02.537+0000] {logging_mixin.py:137} INFO - [2023-11-14T16:31:02.537+0000] {dag.py:3437} INFO - Setting next_dagrun for example_weekday_branch_operator to 2023-11-13T00:00:00+00:00, run_after=2023-11-14T00:00:00+00:00
[2023-11-14T16:31:02.593+0000] {processor.py:175} INFO - Processing /usr/local/python/3.10.8/lib/python3.10/site-packages/airflow/example_dags/example_branch_day_of_week_operator.py took 0.104 seconds
[2023-11-14T16:32:09.386+0000] {processor.py:153} INFO - Started process (PID=17412) to work on /usr/local/python/3.10.8/lib/python3.10/site-packages/airflow/example_dags/example_branch_day_of_week_operator.py
[2023-11-14T16:32:09.387+0000] {processor.py:743} INFO - Processing file /usr/local/python/3.10.8/lib/python3.10/site-packages/airflow/example_dags/example_branch_day_of_week_operator.py for tasks to queue
[2023-11-14T16:32:09.387+0000] {logging_mixin.py:137} INFO - [2023-11-14T16:32:09.387+0000] {dagbag.py:538} INFO - Filling up the DagBag from /usr/local/python/3.10.8/lib/python3.10/site-packages/airflow/example_dags/example_branch_day_of_week_operator.py
[2023-11-14T16:32:09.403+0000] {processor.py:753} INFO - DAG(s) dict_keys(['example_weekday_branch_operator']) retrieved from /usr/local/python/3.10.8/lib/python3.10/site-packages/airflow/example_dags/example_branch_day_of_week_operator.py
[2023-11-14T16:32:09.418+0000] {logging_mixin.py:137} INFO - [2023-11-14T16:32:09.418+0000] {dag.py:2690} INFO - Sync 1 DAGs
[2023-11-14T16:32:09.434+0000] {logging_mixin.py:137} INFO - [2023-11-14T16:32:09.434+0000] {dag.py:3437} INFO - Setting next_dagrun for example_weekday_branch_operator to 2023-11-13T00:00:00+00:00, run_after=2023-11-14T00:00:00+00:00
[2023-11-14T16:32:09.488+0000] {processor.py:175} INFO - Processing /usr/local/python/3.10.8/lib/python3.10/site-packages/airflow/example_dags/example_branch_day_of_week_operator.py took 0.104 seconds
