[2023-11-14T16:28:09.718+0000] {processor.py:153} INFO - Started process (PID=15460) to work on /usr/local/python/3.10.8/lib/python3.10/site-packages/airflow/example_dags/example_task_group.py
[2023-11-14T16:28:09.718+0000] {processor.py:743} INFO - Processing file /usr/local/python/3.10.8/lib/python3.10/site-packages/airflow/example_dags/example_task_group.py for tasks to queue
[2023-11-14T16:28:09.719+0000] {logging_mixin.py:137} INFO - [2023-11-14T16:28:09.718+0000] {dagbag.py:538} INFO - Filling up the DagBag from /usr/local/python/3.10.8/lib/python3.10/site-packages/airflow/example_dags/example_task_group.py
[2023-11-14T16:28:09.732+0000] {processor.py:753} INFO - DAG(s) dict_keys(['example_task_group']) retrieved from /usr/local/python/3.10.8/lib/python3.10/site-packages/airflow/example_dags/example_task_group.py
[2023-11-14T16:28:09.913+0000] {logging_mixin.py:137} INFO - [2023-11-14T16:28:09.912+0000] {manager.py:504} INFO - Created Permission View: can delete on DAG:example_task_group
[2023-11-14T16:28:09.977+0000] {logging_mixin.py:137} INFO - [2023-11-14T16:28:09.977+0000] {manager.py:504} INFO - Created Permission View: can edit on DAG:example_task_group
[2023-11-14T16:28:10.073+0000] {logging_mixin.py:137} INFO - [2023-11-14T16:28:10.073+0000] {manager.py:504} INFO - Created Permission View: can read on DAG:example_task_group
[2023-11-14T16:28:10.074+0000] {logging_mixin.py:137} INFO - [2023-11-14T16:28:10.074+0000] {dag.py:2690} INFO - Sync 1 DAGs
[2023-11-14T16:28:10.082+0000] {logging_mixin.py:137} INFO - [2023-11-14T16:28:10.082+0000] {dag.py:2711} INFO - Creating ORM DAG for example_task_group
[2023-11-14T16:28:10.089+0000] {logging_mixin.py:137} INFO - [2023-11-14T16:28:10.088+0000] {dag.py:3437} INFO - Setting next_dagrun for example_task_group to 2023-11-13T16:28:10.088764+00:00, run_after=2023-11-14T16:28:10.088764+00:00
[2023-11-14T16:28:10.201+0000] {processor.py:175} INFO - Processing /usr/local/python/3.10.8/lib/python3.10/site-packages/airflow/example_dags/example_task_group.py took 0.486 seconds
[2023-11-14T16:29:06.174+0000] {processor.py:153} INFO - Started process (PID=15968) to work on /usr/local/python/3.10.8/lib/python3.10/site-packages/airflow/example_dags/example_task_group.py
[2023-11-14T16:29:06.175+0000] {processor.py:743} INFO - Processing file /usr/local/python/3.10.8/lib/python3.10/site-packages/airflow/example_dags/example_task_group.py for tasks to queue
[2023-11-14T16:29:06.175+0000] {logging_mixin.py:137} INFO - [2023-11-14T16:29:06.175+0000] {dagbag.py:538} INFO - Filling up the DagBag from /usr/local/python/3.10.8/lib/python3.10/site-packages/airflow/example_dags/example_task_group.py
[2023-11-14T16:29:06.195+0000] {processor.py:753} INFO - DAG(s) dict_keys(['example_task_group']) retrieved from /usr/local/python/3.10.8/lib/python3.10/site-packages/airflow/example_dags/example_task_group.py
[2023-11-14T16:29:06.219+0000] {logging_mixin.py:137} INFO - [2023-11-14T16:29:06.218+0000] {dag.py:2690} INFO - Sync 1 DAGs
[2023-11-14T16:29:06.241+0000] {logging_mixin.py:137} INFO - [2023-11-14T16:29:06.241+0000] {dag.py:3437} INFO - Setting next_dagrun for example_task_group to 2023-11-13T16:29:06.241389+00:00, run_after=2023-11-14T16:29:06.241389+00:00
[2023-11-14T16:29:06.359+0000] {processor.py:175} INFO - Processing /usr/local/python/3.10.8/lib/python3.10/site-packages/airflow/example_dags/example_task_group.py took 0.188 seconds
[2023-11-14T16:29:49.243+0000] {processor.py:153} INFO - Started process (PID=16314) to work on /usr/local/python/3.10.8/lib/python3.10/site-packages/airflow/example_dags/example_task_group.py
[2023-11-14T16:29:49.244+0000] {processor.py:743} INFO - Processing file /usr/local/python/3.10.8/lib/python3.10/site-packages/airflow/example_dags/example_task_group.py for tasks to queue
[2023-11-14T16:29:49.244+0000] {logging_mixin.py:137} INFO - [2023-11-14T16:29:49.244+0000] {dagbag.py:538} INFO - Filling up the DagBag from /usr/local/python/3.10.8/lib/python3.10/site-packages/airflow/example_dags/example_task_group.py
[2023-11-14T16:29:49.258+0000] {processor.py:753} INFO - DAG(s) dict_keys(['example_task_group']) retrieved from /usr/local/python/3.10.8/lib/python3.10/site-packages/airflow/example_dags/example_task_group.py
[2023-11-14T16:29:49.273+0000] {logging_mixin.py:137} INFO - [2023-11-14T16:29:49.273+0000] {dag.py:2690} INFO - Sync 1 DAGs
[2023-11-14T16:29:49.289+0000] {logging_mixin.py:137} INFO - [2023-11-14T16:29:49.289+0000] {dag.py:3437} INFO - Setting next_dagrun for example_task_group to 2023-11-13T16:29:49.289116+00:00, run_after=2023-11-14T16:29:49.289116+00:00
[2023-11-14T16:29:49.367+0000] {processor.py:175} INFO - Processing /usr/local/python/3.10.8/lib/python3.10/site-packages/airflow/example_dags/example_task_group.py took 0.126 seconds
[2023-11-14T16:30:35.407+0000] {processor.py:153} INFO - Started process (PID=16633) to work on /usr/local/python/3.10.8/lib/python3.10/site-packages/airflow/example_dags/example_task_group.py
[2023-11-14T16:30:35.408+0000] {processor.py:743} INFO - Processing file /usr/local/python/3.10.8/lib/python3.10/site-packages/airflow/example_dags/example_task_group.py for tasks to queue
[2023-11-14T16:30:35.408+0000] {logging_mixin.py:137} INFO - [2023-11-14T16:30:35.408+0000] {dagbag.py:538} INFO - Filling up the DagBag from /usr/local/python/3.10.8/lib/python3.10/site-packages/airflow/example_dags/example_task_group.py
[2023-11-14T16:30:35.427+0000] {processor.py:753} INFO - DAG(s) dict_keys(['example_task_group']) retrieved from /usr/local/python/3.10.8/lib/python3.10/site-packages/airflow/example_dags/example_task_group.py
[2023-11-14T16:30:35.660+0000] {logging_mixin.py:137} INFO - [2023-11-14T16:30:35.660+0000] {dag.py:2690} INFO - Sync 1 DAGs
[2023-11-14T16:30:35.814+0000] {logging_mixin.py:137} INFO - [2023-11-14T16:30:35.814+0000] {dag.py:3437} INFO - Setting next_dagrun for example_task_group to 2023-11-13T16:30:35.814053+00:00, run_after=2023-11-14T16:30:35.814053+00:00
[2023-11-14T16:30:36.119+0000] {processor.py:175} INFO - Processing /usr/local/python/3.10.8/lib/python3.10/site-packages/airflow/example_dags/example_task_group.py took 0.716 seconds
[2023-11-14T16:31:20.651+0000] {processor.py:153} INFO - Started process (PID=16971) to work on /usr/local/python/3.10.8/lib/python3.10/site-packages/airflow/example_dags/example_task_group.py
[2023-11-14T16:31:20.652+0000] {processor.py:743} INFO - Processing file /usr/local/python/3.10.8/lib/python3.10/site-packages/airflow/example_dags/example_task_group.py for tasks to queue
[2023-11-14T16:31:20.652+0000] {logging_mixin.py:137} INFO - [2023-11-14T16:31:20.652+0000] {dagbag.py:538} INFO - Filling up the DagBag from /usr/local/python/3.10.8/lib/python3.10/site-packages/airflow/example_dags/example_task_group.py
[2023-11-14T16:31:20.666+0000] {processor.py:753} INFO - DAG(s) dict_keys(['example_task_group']) retrieved from /usr/local/python/3.10.8/lib/python3.10/site-packages/airflow/example_dags/example_task_group.py
[2023-11-14T16:31:20.681+0000] {logging_mixin.py:137} INFO - [2023-11-14T16:31:20.681+0000] {dag.py:2690} INFO - Sync 1 DAGs
[2023-11-14T16:31:20.696+0000] {logging_mixin.py:137} INFO - [2023-11-14T16:31:20.696+0000] {dag.py:3437} INFO - Setting next_dagrun for example_task_group to 2023-11-13T16:31:20.696564+00:00, run_after=2023-11-14T16:31:20.696564+00:00
[2023-11-14T16:31:20.754+0000] {processor.py:175} INFO - Processing /usr/local/python/3.10.8/lib/python3.10/site-packages/airflow/example_dags/example_task_group.py took 0.105 seconds
[2023-11-14T16:32:12.518+0000] {processor.py:153} INFO - Started process (PID=17448) to work on /usr/local/python/3.10.8/lib/python3.10/site-packages/airflow/example_dags/example_task_group.py
[2023-11-14T16:32:12.519+0000] {processor.py:743} INFO - Processing file /usr/local/python/3.10.8/lib/python3.10/site-packages/airflow/example_dags/example_task_group.py for tasks to queue
[2023-11-14T16:32:12.520+0000] {logging_mixin.py:137} INFO - [2023-11-14T16:32:12.519+0000] {dagbag.py:538} INFO - Filling up the DagBag from /usr/local/python/3.10.8/lib/python3.10/site-packages/airflow/example_dags/example_task_group.py
[2023-11-14T16:32:12.533+0000] {processor.py:753} INFO - DAG(s) dict_keys(['example_task_group']) retrieved from /usr/local/python/3.10.8/lib/python3.10/site-packages/airflow/example_dags/example_task_group.py
[2023-11-14T16:32:12.548+0000] {logging_mixin.py:137} INFO - [2023-11-14T16:32:12.548+0000] {dag.py:2690} INFO - Sync 1 DAGs
[2023-11-14T16:32:12.566+0000] {logging_mixin.py:137} INFO - [2023-11-14T16:32:12.566+0000] {dag.py:3437} INFO - Setting next_dagrun for example_task_group to 2023-11-13T16:32:12.566651+00:00, run_after=2023-11-14T16:32:12.566651+00:00
[2023-11-14T16:32:12.630+0000] {processor.py:175} INFO - Processing /usr/local/python/3.10.8/lib/python3.10/site-packages/airflow/example_dags/example_task_group.py took 0.114 seconds
