[2023-11-14T16:28:48.536+0000] {processor.py:153} INFO - Started process (PID=15842) to work on /usr/local/python/3.10.8/lib/python3.10/site-packages/airflow/example_dags/example_branch_operator.py
[2023-11-14T16:28:48.536+0000] {processor.py:743} INFO - Processing file /usr/local/python/3.10.8/lib/python3.10/site-packages/airflow/example_dags/example_branch_operator.py for tasks to queue
[2023-11-14T16:28:48.537+0000] {logging_mixin.py:137} INFO - [2023-11-14T16:28:48.537+0000] {dagbag.py:538} INFO - Filling up the DagBag from /usr/local/python/3.10.8/lib/python3.10/site-packages/airflow/example_dags/example_branch_operator.py
[2023-11-14T16:28:48.553+0000] {processor.py:753} INFO - DAG(s) dict_keys(['example_branch_operator']) retrieved from /usr/local/python/3.10.8/lib/python3.10/site-packages/airflow/example_dags/example_branch_operator.py
[2023-11-14T16:28:49.169+0000] {logging_mixin.py:137} INFO - [2023-11-14T16:28:49.169+0000] {manager.py:504} INFO - Created Permission View: can delete on DAG:example_branch_operator
[2023-11-14T16:28:49.231+0000] {logging_mixin.py:137} INFO - [2023-11-14T16:28:49.231+0000] {manager.py:504} INFO - Created Permission View: can edit on DAG:example_branch_operator
[2023-11-14T16:28:49.275+0000] {logging_mixin.py:137} INFO - [2023-11-14T16:28:49.275+0000] {manager.py:504} INFO - Created Permission View: can read on DAG:example_branch_operator
[2023-11-14T16:28:49.276+0000] {logging_mixin.py:137} INFO - [2023-11-14T16:28:49.276+0000] {dag.py:2690} INFO - Sync 1 DAGs
[2023-11-14T16:28:49.515+0000] {logging_mixin.py:137} INFO - [2023-11-14T16:28:49.515+0000] {dag.py:2711} INFO - Creating ORM DAG for example_branch_operator
[2023-11-14T16:28:49.855+0000] {logging_mixin.py:137} INFO - [2023-11-14T16:28:49.854+0000] {dag.py:3437} INFO - Setting next_dagrun for example_branch_operator to 2023-11-13T00:00:00+00:00, run_after=2023-11-14T00:00:00+00:00
[2023-11-14T16:28:49.975+0000] {processor.py:175} INFO - Processing /usr/local/python/3.10.8/lib/python3.10/site-packages/airflow/example_dags/example_branch_operator.py took 1.442 seconds
[2023-11-14T16:29:43.665+0000] {processor.py:153} INFO - Started process (PID=16247) to work on /usr/local/python/3.10.8/lib/python3.10/site-packages/airflow/example_dags/example_branch_operator.py
[2023-11-14T16:29:43.665+0000] {processor.py:743} INFO - Processing file /usr/local/python/3.10.8/lib/python3.10/site-packages/airflow/example_dags/example_branch_operator.py for tasks to queue
[2023-11-14T16:29:43.666+0000] {logging_mixin.py:137} INFO - [2023-11-14T16:29:43.666+0000] {dagbag.py:538} INFO - Filling up the DagBag from /usr/local/python/3.10.8/lib/python3.10/site-packages/airflow/example_dags/example_branch_operator.py
[2023-11-14T16:29:43.681+0000] {processor.py:753} INFO - DAG(s) dict_keys(['example_branch_operator']) retrieved from /usr/local/python/3.10.8/lib/python3.10/site-packages/airflow/example_dags/example_branch_operator.py
[2023-11-14T16:29:43.695+0000] {logging_mixin.py:137} INFO - [2023-11-14T16:29:43.695+0000] {dag.py:2690} INFO - Sync 1 DAGs
[2023-11-14T16:29:43.712+0000] {logging_mixin.py:137} INFO - [2023-11-14T16:29:43.712+0000] {dag.py:3437} INFO - Setting next_dagrun for example_branch_operator to 2023-11-13T00:00:00+00:00, run_after=2023-11-14T00:00:00+00:00
[2023-11-14T16:29:43.770+0000] {processor.py:175} INFO - Processing /usr/local/python/3.10.8/lib/python3.10/site-packages/airflow/example_dags/example_branch_operator.py took 0.108 seconds
[2023-11-14T16:30:28.809+0000] {processor.py:153} INFO - Started process (PID=16600) to work on /usr/local/python/3.10.8/lib/python3.10/site-packages/airflow/example_dags/example_branch_operator.py
[2023-11-14T16:30:28.810+0000] {processor.py:743} INFO - Processing file /usr/local/python/3.10.8/lib/python3.10/site-packages/airflow/example_dags/example_branch_operator.py for tasks to queue
[2023-11-14T16:30:28.811+0000] {logging_mixin.py:137} INFO - [2023-11-14T16:30:28.811+0000] {dagbag.py:538} INFO - Filling up the DagBag from /usr/local/python/3.10.8/lib/python3.10/site-packages/airflow/example_dags/example_branch_operator.py
[2023-11-14T16:30:28.833+0000] {processor.py:753} INFO - DAG(s) dict_keys(['example_branch_operator']) retrieved from /usr/local/python/3.10.8/lib/python3.10/site-packages/airflow/example_dags/example_branch_operator.py
[2023-11-14T16:30:28.851+0000] {logging_mixin.py:137} INFO - [2023-11-14T16:30:28.851+0000] {dag.py:2690} INFO - Sync 1 DAGs
[2023-11-14T16:30:28.868+0000] {logging_mixin.py:137} INFO - [2023-11-14T16:30:28.868+0000] {dag.py:3437} INFO - Setting next_dagrun for example_branch_operator to 2023-11-13T00:00:00+00:00, run_after=2023-11-14T00:00:00+00:00
[2023-11-14T16:30:28.940+0000] {processor.py:175} INFO - Processing /usr/local/python/3.10.8/lib/python3.10/site-packages/airflow/example_dags/example_branch_operator.py took 0.133 seconds
[2023-11-14T16:31:17.977+0000] {processor.py:153} INFO - Started process (PID=16928) to work on /usr/local/python/3.10.8/lib/python3.10/site-packages/airflow/example_dags/example_branch_operator.py
[2023-11-14T16:31:17.978+0000] {processor.py:743} INFO - Processing file /usr/local/python/3.10.8/lib/python3.10/site-packages/airflow/example_dags/example_branch_operator.py for tasks to queue
[2023-11-14T16:31:17.978+0000] {logging_mixin.py:137} INFO - [2023-11-14T16:31:17.978+0000] {dagbag.py:538} INFO - Filling up the DagBag from /usr/local/python/3.10.8/lib/python3.10/site-packages/airflow/example_dags/example_branch_operator.py
[2023-11-14T16:31:17.993+0000] {processor.py:753} INFO - DAG(s) dict_keys(['example_branch_operator']) retrieved from /usr/local/python/3.10.8/lib/python3.10/site-packages/airflow/example_dags/example_branch_operator.py
[2023-11-14T16:31:18.007+0000] {logging_mixin.py:137} INFO - [2023-11-14T16:31:18.007+0000] {dag.py:2690} INFO - Sync 1 DAGs
[2023-11-14T16:31:18.023+0000] {logging_mixin.py:137} INFO - [2023-11-14T16:31:18.023+0000] {dag.py:3437} INFO - Setting next_dagrun for example_branch_operator to 2023-11-13T00:00:00+00:00, run_after=2023-11-14T00:00:00+00:00
[2023-11-14T16:31:18.080+0000] {processor.py:175} INFO - Processing /usr/local/python/3.10.8/lib/python3.10/site-packages/airflow/example_dags/example_branch_operator.py took 0.104 seconds
