[2023-11-14T16:28:46.584+0000] {processor.py:153} INFO - Started process (PID=15821) to work on /usr/local/python/3.10.8/lib/python3.10/site-packages/airflow/example_dags/example_branch_datetime_operator.py
[2023-11-14T16:28:46.585+0000] {processor.py:743} INFO - Processing file /usr/local/python/3.10.8/lib/python3.10/site-packages/airflow/example_dags/example_branch_datetime_operator.py for tasks to queue
[2023-11-14T16:28:46.585+0000] {logging_mixin.py:137} INFO - [2023-11-14T16:28:46.585+0000] {dagbag.py:538} INFO - Filling up the DagBag from /usr/local/python/3.10.8/lib/python3.10/site-packages/airflow/example_dags/example_branch_datetime_operator.py
[2023-11-14T16:28:46.600+0000] {processor.py:753} INFO - DAG(s) dict_keys(['example_branch_datetime_operator', 'example_branch_datetime_operator_2', 'example_branch_datetime_operator_3']) retrieved from /usr/local/python/3.10.8/lib/python3.10/site-packages/airflow/example_dags/example_branch_datetime_operator.py
[2023-11-14T16:28:46.770+0000] {logging_mixin.py:137} INFO - [2023-11-14T16:28:46.770+0000] {manager.py:504} INFO - Created Permission View: can delete on DAG:example_branch_datetime_operator
[2023-11-14T16:28:46.818+0000] {logging_mixin.py:137} INFO - [2023-11-14T16:28:46.818+0000] {manager.py:504} INFO - Created Permission View: can edit on DAG:example_branch_datetime_operator
[2023-11-14T16:28:46.865+0000] {logging_mixin.py:137} INFO - [2023-11-14T16:28:46.865+0000] {manager.py:504} INFO - Created Permission View: can read on DAG:example_branch_datetime_operator
[2023-11-14T16:28:46.972+0000] {logging_mixin.py:137} INFO - [2023-11-14T16:28:46.972+0000] {manager.py:504} INFO - Created Permission View: can delete on DAG:example_branch_datetime_operator_2
[2023-11-14T16:28:47.016+0000] {logging_mixin.py:137} INFO - [2023-11-14T16:28:47.016+0000] {manager.py:504} INFO - Created Permission View: can edit on DAG:example_branch_datetime_operator_2
[2023-11-14T16:28:47.064+0000] {logging_mixin.py:137} INFO - [2023-11-14T16:28:47.064+0000] {manager.py:504} INFO - Created Permission View: can read on DAG:example_branch_datetime_operator_2
[2023-11-14T16:28:47.211+0000] {logging_mixin.py:137} INFO - [2023-11-14T16:28:47.211+0000] {manager.py:504} INFO - Created Permission View: can delete on DAG:example_branch_datetime_operator_3
[2023-11-14T16:28:47.257+0000] {logging_mixin.py:137} INFO - [2023-11-14T16:28:47.257+0000] {manager.py:504} INFO - Created Permission View: can edit on DAG:example_branch_datetime_operator_3
[2023-11-14T16:28:47.305+0000] {logging_mixin.py:137} INFO - [2023-11-14T16:28:47.305+0000] {manager.py:504} INFO - Created Permission View: can read on DAG:example_branch_datetime_operator_3
[2023-11-14T16:28:47.305+0000] {logging_mixin.py:137} INFO - [2023-11-14T16:28:47.305+0000] {dag.py:2690} INFO - Sync 3 DAGs
[2023-11-14T16:28:47.313+0000] {logging_mixin.py:137} INFO - [2023-11-14T16:28:47.313+0000] {dag.py:2711} INFO - Creating ORM DAG for example_branch_datetime_operator
[2023-11-14T16:28:47.314+0000] {logging_mixin.py:137} INFO - [2023-11-14T16:28:47.314+0000] {dag.py:2711} INFO - Creating ORM DAG for example_branch_datetime_operator_2
[2023-11-14T16:28:47.314+0000] {logging_mixin.py:137} INFO - [2023-11-14T16:28:47.314+0000] {dag.py:2711} INFO - Creating ORM DAG for example_branch_datetime_operator_3
[2023-11-14T16:28:47.322+0000] {logging_mixin.py:137} INFO - [2023-11-14T16:28:47.322+0000] {dag.py:3437} INFO - Setting next_dagrun for example_branch_datetime_operator to 2023-11-13T00:00:00+00:00, run_after=2023-11-14T00:00:00+00:00
[2023-11-14T16:28:47.324+0000] {logging_mixin.py:137} INFO - [2023-11-14T16:28:47.324+0000] {dag.py:3437} INFO - Setting next_dagrun for example_branch_datetime_operator_2 to 2023-11-13T00:00:00+00:00, run_after=2023-11-14T00:00:00+00:00
[2023-11-14T16:28:47.325+0000] {logging_mixin.py:137} INFO - [2023-11-14T16:28:47.325+0000] {dag.py:3437} INFO - Setting next_dagrun for example_branch_datetime_operator_3 to 2023-11-13T00:00:00+00:00, run_after=2023-11-14T00:00:00+00:00
[2023-11-14T16:28:47.396+0000] {processor.py:175} INFO - Processing /usr/local/python/3.10.8/lib/python3.10/site-packages/airflow/example_dags/example_branch_datetime_operator.py took 0.813 seconds
[2023-11-14T16:29:42.432+0000] {processor.py:153} INFO - Started process (PID=16237) to work on /usr/local/python/3.10.8/lib/python3.10/site-packages/airflow/example_dags/example_branch_datetime_operator.py
[2023-11-14T16:29:42.433+0000] {processor.py:743} INFO - Processing file /usr/local/python/3.10.8/lib/python3.10/site-packages/airflow/example_dags/example_branch_datetime_operator.py for tasks to queue
[2023-11-14T16:29:42.433+0000] {logging_mixin.py:137} INFO - [2023-11-14T16:29:42.433+0000] {dagbag.py:538} INFO - Filling up the DagBag from /usr/local/python/3.10.8/lib/python3.10/site-packages/airflow/example_dags/example_branch_datetime_operator.py
[2023-11-14T16:29:42.455+0000] {processor.py:753} INFO - DAG(s) dict_keys(['example_branch_datetime_operator_3', 'example_branch_datetime_operator_2', 'example_branch_datetime_operator']) retrieved from /usr/local/python/3.10.8/lib/python3.10/site-packages/airflow/example_dags/example_branch_datetime_operator.py
[2023-11-14T16:29:42.480+0000] {logging_mixin.py:137} INFO - [2023-11-14T16:29:42.480+0000] {dag.py:2690} INFO - Sync 3 DAGs
[2023-11-14T16:29:42.503+0000] {logging_mixin.py:137} INFO - [2023-11-14T16:29:42.503+0000] {dag.py:3437} INFO - Setting next_dagrun for example_branch_datetime_operator to 2023-11-13T00:00:00+00:00, run_after=2023-11-14T00:00:00+00:00
[2023-11-14T16:29:42.508+0000] {logging_mixin.py:137} INFO - [2023-11-14T16:29:42.508+0000] {dag.py:3437} INFO - Setting next_dagrun for example_branch_datetime_operator_2 to 2023-11-13T00:00:00+00:00, run_after=2023-11-14T00:00:00+00:00
[2023-11-14T16:29:42.512+0000] {logging_mixin.py:137} INFO - [2023-11-14T16:29:42.512+0000] {dag.py:3437} INFO - Setting next_dagrun for example_branch_datetime_operator_3 to 2023-11-13T00:00:00+00:00, run_after=2023-11-14T00:00:00+00:00
[2023-11-14T16:29:42.589+0000] {processor.py:175} INFO - Processing /usr/local/python/3.10.8/lib/python3.10/site-packages/airflow/example_dags/example_branch_datetime_operator.py took 0.161 seconds
[2023-11-14T16:30:26.239+0000] {processor.py:153} INFO - Started process (PID=16574) to work on /usr/local/python/3.10.8/lib/python3.10/site-packages/airflow/example_dags/example_branch_datetime_operator.py
[2023-11-14T16:30:26.241+0000] {processor.py:743} INFO - Processing file /usr/local/python/3.10.8/lib/python3.10/site-packages/airflow/example_dags/example_branch_datetime_operator.py for tasks to queue
[2023-11-14T16:30:26.241+0000] {logging_mixin.py:137} INFO - [2023-11-14T16:30:26.241+0000] {dagbag.py:538} INFO - Filling up the DagBag from /usr/local/python/3.10.8/lib/python3.10/site-packages/airflow/example_dags/example_branch_datetime_operator.py
[2023-11-14T16:30:26.278+0000] {processor.py:753} INFO - DAG(s) dict_keys(['example_branch_datetime_operator', 'example_branch_datetime_operator_3', 'example_branch_datetime_operator_2']) retrieved from /usr/local/python/3.10.8/lib/python3.10/site-packages/airflow/example_dags/example_branch_datetime_operator.py
[2023-11-14T16:30:27.278+0000] {logging_mixin.py:137} INFO - [2023-11-14T16:30:27.278+0000] {dag.py:2690} INFO - Sync 3 DAGs
[2023-11-14T16:30:27.295+0000] {logging_mixin.py:137} INFO - [2023-11-14T16:30:27.295+0000] {dag.py:3437} INFO - Setting next_dagrun for example_branch_datetime_operator to 2023-11-13T00:00:00+00:00, run_after=2023-11-14T00:00:00+00:00
[2023-11-14T16:30:27.299+0000] {logging_mixin.py:137} INFO - [2023-11-14T16:30:27.299+0000] {dag.py:3437} INFO - Setting next_dagrun for example_branch_datetime_operator_2 to 2023-11-13T00:00:00+00:00, run_after=2023-11-14T00:00:00+00:00
[2023-11-14T16:30:27.302+0000] {logging_mixin.py:137} INFO - [2023-11-14T16:30:27.302+0000] {dag.py:3437} INFO - Setting next_dagrun for example_branch_datetime_operator_3 to 2023-11-13T00:00:00+00:00, run_after=2023-11-14T00:00:00+00:00
[2023-11-14T16:30:27.363+0000] {processor.py:175} INFO - Processing /usr/local/python/3.10.8/lib/python3.10/site-packages/airflow/example_dags/example_branch_datetime_operator.py took 1.127 seconds
[2023-11-14T16:31:17.003+0000] {processor.py:153} INFO - Started process (PID=16927) to work on /usr/local/python/3.10.8/lib/python3.10/site-packages/airflow/example_dags/example_branch_datetime_operator.py
[2023-11-14T16:31:17.003+0000] {processor.py:743} INFO - Processing file /usr/local/python/3.10.8/lib/python3.10/site-packages/airflow/example_dags/example_branch_datetime_operator.py for tasks to queue
[2023-11-14T16:31:17.004+0000] {logging_mixin.py:137} INFO - [2023-11-14T16:31:17.004+0000] {dagbag.py:538} INFO - Filling up the DagBag from /usr/local/python/3.10.8/lib/python3.10/site-packages/airflow/example_dags/example_branch_datetime_operator.py
[2023-11-14T16:31:17.019+0000] {processor.py:753} INFO - DAG(s) dict_keys(['example_branch_datetime_operator_3', 'example_branch_datetime_operator', 'example_branch_datetime_operator_2']) retrieved from /usr/local/python/3.10.8/lib/python3.10/site-packages/airflow/example_dags/example_branch_datetime_operator.py
[2023-11-14T16:31:17.037+0000] {logging_mixin.py:137} INFO - [2023-11-14T16:31:17.037+0000] {dag.py:2690} INFO - Sync 3 DAGs
[2023-11-14T16:31:17.053+0000] {logging_mixin.py:137} INFO - [2023-11-14T16:31:17.053+0000] {dag.py:3437} INFO - Setting next_dagrun for example_branch_datetime_operator to 2023-11-13T00:00:00+00:00, run_after=2023-11-14T00:00:00+00:00
[2023-11-14T16:31:17.056+0000] {logging_mixin.py:137} INFO - [2023-11-14T16:31:17.056+0000] {dag.py:3437} INFO - Setting next_dagrun for example_branch_datetime_operator_2 to 2023-11-13T00:00:00+00:00, run_after=2023-11-14T00:00:00+00:00
[2023-11-14T16:31:17.058+0000] {logging_mixin.py:137} INFO - [2023-11-14T16:31:17.058+0000] {dag.py:3437} INFO - Setting next_dagrun for example_branch_datetime_operator_3 to 2023-11-13T00:00:00+00:00, run_after=2023-11-14T00:00:00+00:00
[2023-11-14T16:31:17.110+0000] {processor.py:175} INFO - Processing /usr/local/python/3.10.8/lib/python3.10/site-packages/airflow/example_dags/example_branch_datetime_operator.py took 0.109 seconds
