[2023-11-14T16:28:26.565+0000] {processor.py:153} INFO - Started process (PID=15598) to work on /usr/local/python/3.10.8/lib/python3.10/site-packages/airflow/example_dags/example_branch_operator_decorator.py
[2023-11-14T16:28:26.565+0000] {processor.py:743} INFO - Processing file /usr/local/python/3.10.8/lib/python3.10/site-packages/airflow/example_dags/example_branch_operator_decorator.py for tasks to queue
[2023-11-14T16:28:26.566+0000] {logging_mixin.py:137} INFO - [2023-11-14T16:28:26.566+0000] {dagbag.py:538} INFO - Filling up the DagBag from /usr/local/python/3.10.8/lib/python3.10/site-packages/airflow/example_dags/example_branch_operator_decorator.py
[2023-11-14T16:28:26.588+0000] {processor.py:753} INFO - DAG(s) dict_keys(['example_branch_python_operator_decorator']) retrieved from /usr/local/python/3.10.8/lib/python3.10/site-packages/airflow/example_dags/example_branch_operator_decorator.py
[2023-11-14T16:28:26.761+0000] {logging_mixin.py:137} INFO - [2023-11-14T16:28:26.761+0000] {manager.py:504} INFO - Created Permission View: can delete on DAG:example_branch_python_operator_decorator
[2023-11-14T16:28:26.850+0000] {logging_mixin.py:137} INFO - [2023-11-14T16:28:26.850+0000] {manager.py:504} INFO - Created Permission View: can edit on DAG:example_branch_python_operator_decorator
[2023-11-14T16:28:26.899+0000] {logging_mixin.py:137} INFO - [2023-11-14T16:28:26.899+0000] {manager.py:504} INFO - Created Permission View: can read on DAG:example_branch_python_operator_decorator
[2023-11-14T16:28:26.899+0000] {logging_mixin.py:137} INFO - [2023-11-14T16:28:26.899+0000] {dag.py:2690} INFO - Sync 1 DAGs
[2023-11-14T16:28:26.907+0000] {logging_mixin.py:137} INFO - [2023-11-14T16:28:26.907+0000] {dag.py:2711} INFO - Creating ORM DAG for example_branch_python_operator_decorator
[2023-11-14T16:28:26.916+0000] {logging_mixin.py:137} INFO - [2023-11-14T16:28:26.916+0000] {dag.py:3437} INFO - Setting next_dagrun for example_branch_python_operator_decorator to 2023-11-13T00:00:00+00:00, run_after=2023-11-14T00:00:00+00:00
[2023-11-14T16:28:27.041+0000] {processor.py:175} INFO - Processing /usr/local/python/3.10.8/lib/python3.10/site-packages/airflow/example_dags/example_branch_operator_decorator.py took 0.479 seconds
[2023-11-14T16:29:19.009+0000] {processor.py:153} INFO - Started process (PID=16074) to work on /usr/local/python/3.10.8/lib/python3.10/site-packages/airflow/example_dags/example_branch_operator_decorator.py
[2023-11-14T16:29:19.009+0000] {processor.py:743} INFO - Processing file /usr/local/python/3.10.8/lib/python3.10/site-packages/airflow/example_dags/example_branch_operator_decorator.py for tasks to queue
[2023-11-14T16:29:19.010+0000] {logging_mixin.py:137} INFO - [2023-11-14T16:29:19.010+0000] {dagbag.py:538} INFO - Filling up the DagBag from /usr/local/python/3.10.8/lib/python3.10/site-packages/airflow/example_dags/example_branch_operator_decorator.py
[2023-11-14T16:29:19.036+0000] {processor.py:753} INFO - DAG(s) dict_keys(['example_branch_python_operator_decorator']) retrieved from /usr/local/python/3.10.8/lib/python3.10/site-packages/airflow/example_dags/example_branch_operator_decorator.py
[2023-11-14T16:29:19.052+0000] {logging_mixin.py:137} INFO - [2023-11-14T16:29:19.052+0000] {dag.py:2690} INFO - Sync 1 DAGs
[2023-11-14T16:29:19.069+0000] {logging_mixin.py:137} INFO - [2023-11-14T16:29:19.069+0000] {dag.py:3437} INFO - Setting next_dagrun for example_branch_python_operator_decorator to 2023-11-13T00:00:00+00:00, run_after=2023-11-14T00:00:00+00:00
[2023-11-14T16:29:19.180+0000] {processor.py:175} INFO - Processing /usr/local/python/3.10.8/lib/python3.10/site-packages/airflow/example_dags/example_branch_operator_decorator.py took 0.174 seconds
[2023-11-14T16:30:03.597+0000] {processor.py:153} INFO - Started process (PID=16399) to work on /usr/local/python/3.10.8/lib/python3.10/site-packages/airflow/example_dags/example_branch_operator_decorator.py
[2023-11-14T16:30:03.597+0000] {processor.py:743} INFO - Processing file /usr/local/python/3.10.8/lib/python3.10/site-packages/airflow/example_dags/example_branch_operator_decorator.py for tasks to queue
[2023-11-14T16:30:03.598+0000] {logging_mixin.py:137} INFO - [2023-11-14T16:30:03.598+0000] {dagbag.py:538} INFO - Filling up the DagBag from /usr/local/python/3.10.8/lib/python3.10/site-packages/airflow/example_dags/example_branch_operator_decorator.py
[2023-11-14T16:30:03.631+0000] {processor.py:753} INFO - DAG(s) dict_keys(['example_branch_python_operator_decorator']) retrieved from /usr/local/python/3.10.8/lib/python3.10/site-packages/airflow/example_dags/example_branch_operator_decorator.py
[2023-11-14T16:30:03.653+0000] {logging_mixin.py:137} INFO - [2023-11-14T16:30:03.653+0000] {dag.py:2690} INFO - Sync 1 DAGs
[2023-11-14T16:30:03.678+0000] {logging_mixin.py:137} INFO - [2023-11-14T16:30:03.678+0000] {dag.py:3437} INFO - Setting next_dagrun for example_branch_python_operator_decorator to 2023-11-13T00:00:00+00:00, run_after=2023-11-14T00:00:00+00:00
[2023-11-14T16:30:03.742+0000] {processor.py:175} INFO - Processing /usr/local/python/3.10.8/lib/python3.10/site-packages/airflow/example_dags/example_branch_operator_decorator.py took 0.148 seconds
[2023-11-14T16:30:53.035+0000] {processor.py:153} INFO - Started process (PID=16764) to work on /usr/local/python/3.10.8/lib/python3.10/site-packages/airflow/example_dags/example_branch_operator_decorator.py
[2023-11-14T16:30:53.037+0000] {processor.py:743} INFO - Processing file /usr/local/python/3.10.8/lib/python3.10/site-packages/airflow/example_dags/example_branch_operator_decorator.py for tasks to queue
[2023-11-14T16:30:53.037+0000] {logging_mixin.py:137} INFO - [2023-11-14T16:30:53.037+0000] {dagbag.py:538} INFO - Filling up the DagBag from /usr/local/python/3.10.8/lib/python3.10/site-packages/airflow/example_dags/example_branch_operator_decorator.py
[2023-11-14T16:30:53.072+0000] {processor.py:753} INFO - DAG(s) dict_keys(['example_branch_python_operator_decorator']) retrieved from /usr/local/python/3.10.8/lib/python3.10/site-packages/airflow/example_dags/example_branch_operator_decorator.py
[2023-11-14T16:30:53.095+0000] {logging_mixin.py:137} INFO - [2023-11-14T16:30:53.095+0000] {dag.py:2690} INFO - Sync 1 DAGs
[2023-11-14T16:30:53.116+0000] {logging_mixin.py:137} INFO - [2023-11-14T16:30:53.115+0000] {dag.py:3437} INFO - Setting next_dagrun for example_branch_python_operator_decorator to 2023-11-13T00:00:00+00:00, run_after=2023-11-14T00:00:00+00:00
[2023-11-14T16:30:53.177+0000] {processor.py:175} INFO - Processing /usr/local/python/3.10.8/lib/python3.10/site-packages/airflow/example_dags/example_branch_operator_decorator.py took 0.146 seconds
[2023-11-14T16:32:00.407+0000] {processor.py:153} INFO - Started process (PID=17322) to work on /usr/local/python/3.10.8/lib/python3.10/site-packages/airflow/example_dags/example_branch_operator_decorator.py
[2023-11-14T16:32:00.408+0000] {processor.py:743} INFO - Processing file /usr/local/python/3.10.8/lib/python3.10/site-packages/airflow/example_dags/example_branch_operator_decorator.py for tasks to queue
[2023-11-14T16:32:00.409+0000] {logging_mixin.py:137} INFO - [2023-11-14T16:32:00.408+0000] {dagbag.py:538} INFO - Filling up the DagBag from /usr/local/python/3.10.8/lib/python3.10/site-packages/airflow/example_dags/example_branch_operator_decorator.py
[2023-11-14T16:32:00.450+0000] {processor.py:753} INFO - DAG(s) dict_keys(['example_branch_python_operator_decorator']) retrieved from /usr/local/python/3.10.8/lib/python3.10/site-packages/airflow/example_dags/example_branch_operator_decorator.py
[2023-11-14T16:32:00.466+0000] {logging_mixin.py:137} INFO - [2023-11-14T16:32:00.466+0000] {dag.py:2690} INFO - Sync 1 DAGs
[2023-11-14T16:32:00.484+0000] {logging_mixin.py:137} INFO - [2023-11-14T16:32:00.484+0000] {dag.py:3437} INFO - Setting next_dagrun for example_branch_python_operator_decorator to 2023-11-13T00:00:00+00:00, run_after=2023-11-14T00:00:00+00:00
[2023-11-14T16:32:00.539+0000] {processor.py:175} INFO - Processing /usr/local/python/3.10.8/lib/python3.10/site-packages/airflow/example_dags/example_branch_operator_decorator.py took 0.135 seconds
