[2023-11-14T16:28:20.253+0000] {processor.py:153} INFO - Started process (PID=15534) to work on /usr/local/python/3.10.8/lib/python3.10/site-packages/airflow/example_dags/example_python_operator.py
[2023-11-14T16:28:20.253+0000] {processor.py:743} INFO - Processing file /usr/local/python/3.10.8/lib/python3.10/site-packages/airflow/example_dags/example_python_operator.py for tasks to queue
[2023-11-14T16:28:20.254+0000] {logging_mixin.py:137} INFO - [2023-11-14T16:28:20.254+0000] {dagbag.py:538} INFO - Filling up the DagBag from /usr/local/python/3.10.8/lib/python3.10/site-packages/airflow/example_dags/example_python_operator.py
[2023-11-14T16:28:20.270+0000] {logging_mixin.py:137} INFO - [2023-11-14T16:28:20.270+0000] {taskmixin.py:205} WARNING - Dependency <Task(_PythonDecoratedOperator): print_the_context>, log_sql_query already registered for DAG: example_python_operator
[2023-11-14T16:28:20.270+0000] {logging_mixin.py:137} INFO - [2023-11-14T16:28:20.270+0000] {taskmixin.py:205} WARNING - Dependency <Task(_PythonDecoratedOperator): log_sql_query>, print_the_context already registered for DAG: example_python_operator
[2023-11-14T16:28:20.271+0000] {logging_mixin.py:137} INFO - [2023-11-14T16:28:20.271+0000] {taskmixin.py:205} WARNING - Dependency <Task(_PythonDecoratedOperator): print_the_context>, log_sql_query already registered for DAG: example_python_operator
[2023-11-14T16:28:20.271+0000] {logging_mixin.py:137} INFO - [2023-11-14T16:28:20.271+0000] {taskmixin.py:205} WARNING - Dependency <Task(_PythonDecoratedOperator): log_sql_query>, print_the_context already registered for DAG: example_python_operator
[2023-11-14T16:28:20.272+0000] {logging_mixin.py:137} INFO - [2023-11-14T16:28:20.272+0000] {taskmixin.py:205} WARNING - Dependency <Task(_PythonDecoratedOperator): print_the_context>, log_sql_query already registered for DAG: example_python_operator
[2023-11-14T16:28:20.272+0000] {logging_mixin.py:137} INFO - [2023-11-14T16:28:20.272+0000] {taskmixin.py:205} WARNING - Dependency <Task(_PythonDecoratedOperator): log_sql_query>, print_the_context already registered for DAG: example_python_operator
[2023-11-14T16:28:20.273+0000] {logging_mixin.py:137} INFO - [2023-11-14T16:28:20.273+0000] {taskmixin.py:205} WARNING - Dependency <Task(_PythonDecoratedOperator): print_the_context>, log_sql_query already registered for DAG: example_python_operator
[2023-11-14T16:28:20.273+0000] {logging_mixin.py:137} INFO - [2023-11-14T16:28:20.273+0000] {taskmixin.py:205} WARNING - Dependency <Task(_PythonDecoratedOperator): log_sql_query>, print_the_context already registered for DAG: example_python_operator
[2023-11-14T16:28:20.280+0000] {processor.py:753} INFO - DAG(s) dict_keys(['example_python_operator']) retrieved from /usr/local/python/3.10.8/lib/python3.10/site-packages/airflow/example_dags/example_python_operator.py
[2023-11-14T16:28:20.460+0000] {logging_mixin.py:137} INFO - [2023-11-14T16:28:20.460+0000] {manager.py:504} INFO - Created Permission View: can delete on DAG:example_python_operator
[2023-11-14T16:28:20.524+0000] {logging_mixin.py:137} INFO - [2023-11-14T16:28:20.523+0000] {manager.py:504} INFO - Created Permission View: can edit on DAG:example_python_operator
[2023-11-14T16:28:20.581+0000] {logging_mixin.py:137} INFO - [2023-11-14T16:28:20.581+0000] {manager.py:504} INFO - Created Permission View: can read on DAG:example_python_operator
[2023-11-14T16:28:20.582+0000] {logging_mixin.py:137} INFO - [2023-11-14T16:28:20.582+0000] {dag.py:2690} INFO - Sync 1 DAGs
[2023-11-14T16:28:20.590+0000] {logging_mixin.py:137} INFO - [2023-11-14T16:28:20.590+0000] {dag.py:2711} INFO - Creating ORM DAG for example_python_operator
[2023-11-14T16:28:20.597+0000] {logging_mixin.py:137} INFO - [2023-11-14T16:28:20.597+0000] {dag.py:3437} INFO - Setting next_dagrun for example_python_operator to None, run_after=None
[2023-11-14T16:28:20.728+0000] {processor.py:175} INFO - Processing /usr/local/python/3.10.8/lib/python3.10/site-packages/airflow/example_dags/example_python_operator.py took 0.478 seconds
[2023-11-14T16:29:14.498+0000] {processor.py:153} INFO - Started process (PID=16027) to work on /usr/local/python/3.10.8/lib/python3.10/site-packages/airflow/example_dags/example_python_operator.py
[2023-11-14T16:29:14.499+0000] {processor.py:743} INFO - Processing file /usr/local/python/3.10.8/lib/python3.10/site-packages/airflow/example_dags/example_python_operator.py for tasks to queue
[2023-11-14T16:29:14.499+0000] {logging_mixin.py:137} INFO - [2023-11-14T16:29:14.499+0000] {dagbag.py:538} INFO - Filling up the DagBag from /usr/local/python/3.10.8/lib/python3.10/site-packages/airflow/example_dags/example_python_operator.py
[2023-11-14T16:29:14.515+0000] {logging_mixin.py:137} INFO - [2023-11-14T16:29:14.515+0000] {taskmixin.py:205} WARNING - Dependency <Task(_PythonDecoratedOperator): print_the_context>, log_sql_query already registered for DAG: example_python_operator
[2023-11-14T16:29:14.515+0000] {logging_mixin.py:137} INFO - [2023-11-14T16:29:14.515+0000] {taskmixin.py:205} WARNING - Dependency <Task(_PythonDecoratedOperator): log_sql_query>, print_the_context already registered for DAG: example_python_operator
[2023-11-14T16:29:14.516+0000] {logging_mixin.py:137} INFO - [2023-11-14T16:29:14.516+0000] {taskmixin.py:205} WARNING - Dependency <Task(_PythonDecoratedOperator): print_the_context>, log_sql_query already registered for DAG: example_python_operator
[2023-11-14T16:29:14.516+0000] {logging_mixin.py:137} INFO - [2023-11-14T16:29:14.516+0000] {taskmixin.py:205} WARNING - Dependency <Task(_PythonDecoratedOperator): log_sql_query>, print_the_context already registered for DAG: example_python_operator
[2023-11-14T16:29:14.517+0000] {logging_mixin.py:137} INFO - [2023-11-14T16:29:14.516+0000] {taskmixin.py:205} WARNING - Dependency <Task(_PythonDecoratedOperator): print_the_context>, log_sql_query already registered for DAG: example_python_operator
[2023-11-14T16:29:14.517+0000] {logging_mixin.py:137} INFO - [2023-11-14T16:29:14.517+0000] {taskmixin.py:205} WARNING - Dependency <Task(_PythonDecoratedOperator): log_sql_query>, print_the_context already registered for DAG: example_python_operator
[2023-11-14T16:29:14.517+0000] {logging_mixin.py:137} INFO - [2023-11-14T16:29:14.517+0000] {taskmixin.py:205} WARNING - Dependency <Task(_PythonDecoratedOperator): print_the_context>, log_sql_query already registered for DAG: example_python_operator
[2023-11-14T16:29:14.517+0000] {logging_mixin.py:137} INFO - [2023-11-14T16:29:14.517+0000] {taskmixin.py:205} WARNING - Dependency <Task(_PythonDecoratedOperator): log_sql_query>, print_the_context already registered for DAG: example_python_operator
[2023-11-14T16:29:14.525+0000] {processor.py:753} INFO - DAG(s) dict_keys(['example_python_operator']) retrieved from /usr/local/python/3.10.8/lib/python3.10/site-packages/airflow/example_dags/example_python_operator.py
[2023-11-14T16:29:14.542+0000] {logging_mixin.py:137} INFO - [2023-11-14T16:29:14.542+0000] {dag.py:2690} INFO - Sync 1 DAGs
[2023-11-14T16:29:14.556+0000] {logging_mixin.py:137} INFO - [2023-11-14T16:29:14.556+0000] {dag.py:3437} INFO - Setting next_dagrun for example_python_operator to None, run_after=None
[2023-11-14T16:29:14.690+0000] {processor.py:175} INFO - Processing /usr/local/python/3.10.8/lib/python3.10/site-packages/airflow/example_dags/example_python_operator.py took 0.194 seconds
[2023-11-14T16:29:58.976+0000] {processor.py:153} INFO - Started process (PID=16374) to work on /usr/local/python/3.10.8/lib/python3.10/site-packages/airflow/example_dags/example_python_operator.py
[2023-11-14T16:29:58.976+0000] {processor.py:743} INFO - Processing file /usr/local/python/3.10.8/lib/python3.10/site-packages/airflow/example_dags/example_python_operator.py for tasks to queue
[2023-11-14T16:29:58.977+0000] {logging_mixin.py:137} INFO - [2023-11-14T16:29:58.977+0000] {dagbag.py:538} INFO - Filling up the DagBag from /usr/local/python/3.10.8/lib/python3.10/site-packages/airflow/example_dags/example_python_operator.py
[2023-11-14T16:29:58.993+0000] {logging_mixin.py:137} INFO - [2023-11-14T16:29:58.993+0000] {taskmixin.py:205} WARNING - Dependency <Task(_PythonDecoratedOperator): print_the_context>, log_sql_query already registered for DAG: example_python_operator
[2023-11-14T16:29:58.994+0000] {logging_mixin.py:137} INFO - [2023-11-14T16:29:58.994+0000] {taskmixin.py:205} WARNING - Dependency <Task(_PythonDecoratedOperator): log_sql_query>, print_the_context already registered for DAG: example_python_operator
[2023-11-14T16:29:58.994+0000] {logging_mixin.py:137} INFO - [2023-11-14T16:29:58.994+0000] {taskmixin.py:205} WARNING - Dependency <Task(_PythonDecoratedOperator): print_the_context>, log_sql_query already registered for DAG: example_python_operator
[2023-11-14T16:29:58.994+0000] {logging_mixin.py:137} INFO - [2023-11-14T16:29:58.994+0000] {taskmixin.py:205} WARNING - Dependency <Task(_PythonDecoratedOperator): log_sql_query>, print_the_context already registered for DAG: example_python_operator
[2023-11-14T16:29:58.995+0000] {logging_mixin.py:137} INFO - [2023-11-14T16:29:58.995+0000] {taskmixin.py:205} WARNING - Dependency <Task(_PythonDecoratedOperator): print_the_context>, log_sql_query already registered for DAG: example_python_operator
[2023-11-14T16:29:58.995+0000] {logging_mixin.py:137} INFO - [2023-11-14T16:29:58.995+0000] {taskmixin.py:205} WARNING - Dependency <Task(_PythonDecoratedOperator): log_sql_query>, print_the_context already registered for DAG: example_python_operator
[2023-11-14T16:29:58.996+0000] {logging_mixin.py:137} INFO - [2023-11-14T16:29:58.996+0000] {taskmixin.py:205} WARNING - Dependency <Task(_PythonDecoratedOperator): print_the_context>, log_sql_query already registered for DAG: example_python_operator
[2023-11-14T16:29:58.996+0000] {logging_mixin.py:137} INFO - [2023-11-14T16:29:58.996+0000] {taskmixin.py:205} WARNING - Dependency <Task(_PythonDecoratedOperator): log_sql_query>, print_the_context already registered for DAG: example_python_operator
[2023-11-14T16:29:59.002+0000] {processor.py:753} INFO - DAG(s) dict_keys(['example_python_operator']) retrieved from /usr/local/python/3.10.8/lib/python3.10/site-packages/airflow/example_dags/example_python_operator.py
[2023-11-14T16:29:59.019+0000] {logging_mixin.py:137} INFO - [2023-11-14T16:29:59.018+0000] {dag.py:2690} INFO - Sync 1 DAGs
[2023-11-14T16:29:59.033+0000] {logging_mixin.py:137} INFO - [2023-11-14T16:29:59.033+0000] {dag.py:3437} INFO - Setting next_dagrun for example_python_operator to None, run_after=None
[2023-11-14T16:29:59.109+0000] {processor.py:175} INFO - Processing /usr/local/python/3.10.8/lib/python3.10/site-packages/airflow/example_dags/example_python_operator.py took 0.136 seconds
[2023-11-14T16:30:45.628+0000] {processor.py:153} INFO - Started process (PID=16699) to work on /usr/local/python/3.10.8/lib/python3.10/site-packages/airflow/example_dags/example_python_operator.py
[2023-11-14T16:30:45.629+0000] {processor.py:743} INFO - Processing file /usr/local/python/3.10.8/lib/python3.10/site-packages/airflow/example_dags/example_python_operator.py for tasks to queue
[2023-11-14T16:30:45.629+0000] {logging_mixin.py:137} INFO - [2023-11-14T16:30:45.629+0000] {dagbag.py:538} INFO - Filling up the DagBag from /usr/local/python/3.10.8/lib/python3.10/site-packages/airflow/example_dags/example_python_operator.py
[2023-11-14T16:30:45.646+0000] {logging_mixin.py:137} INFO - [2023-11-14T16:30:45.646+0000] {taskmixin.py:205} WARNING - Dependency <Task(_PythonDecoratedOperator): print_the_context>, log_sql_query already registered for DAG: example_python_operator
[2023-11-14T16:30:45.647+0000] {logging_mixin.py:137} INFO - [2023-11-14T16:30:45.647+0000] {taskmixin.py:205} WARNING - Dependency <Task(_PythonDecoratedOperator): log_sql_query>, print_the_context already registered for DAG: example_python_operator
[2023-11-14T16:30:45.647+0000] {logging_mixin.py:137} INFO - [2023-11-14T16:30:45.647+0000] {taskmixin.py:205} WARNING - Dependency <Task(_PythonDecoratedOperator): print_the_context>, log_sql_query already registered for DAG: example_python_operator
[2023-11-14T16:30:45.647+0000] {logging_mixin.py:137} INFO - [2023-11-14T16:30:45.647+0000] {taskmixin.py:205} WARNING - Dependency <Task(_PythonDecoratedOperator): log_sql_query>, print_the_context already registered for DAG: example_python_operator
[2023-11-14T16:30:45.648+0000] {logging_mixin.py:137} INFO - [2023-11-14T16:30:45.648+0000] {taskmixin.py:205} WARNING - Dependency <Task(_PythonDecoratedOperator): print_the_context>, log_sql_query already registered for DAG: example_python_operator
[2023-11-14T16:30:45.648+0000] {logging_mixin.py:137} INFO - [2023-11-14T16:30:45.648+0000] {taskmixin.py:205} WARNING - Dependency <Task(_PythonDecoratedOperator): log_sql_query>, print_the_context already registered for DAG: example_python_operator
[2023-11-14T16:30:45.648+0000] {logging_mixin.py:137} INFO - [2023-11-14T16:30:45.648+0000] {taskmixin.py:205} WARNING - Dependency <Task(_PythonDecoratedOperator): print_the_context>, log_sql_query already registered for DAG: example_python_operator
[2023-11-14T16:30:45.649+0000] {logging_mixin.py:137} INFO - [2023-11-14T16:30:45.649+0000] {taskmixin.py:205} WARNING - Dependency <Task(_PythonDecoratedOperator): log_sql_query>, print_the_context already registered for DAG: example_python_operator
[2023-11-14T16:30:45.655+0000] {processor.py:753} INFO - DAG(s) dict_keys(['example_python_operator']) retrieved from /usr/local/python/3.10.8/lib/python3.10/site-packages/airflow/example_dags/example_python_operator.py
[2023-11-14T16:30:45.674+0000] {logging_mixin.py:137} INFO - [2023-11-14T16:30:45.674+0000] {dag.py:2690} INFO - Sync 1 DAGs
[2023-11-14T16:30:45.689+0000] {logging_mixin.py:137} INFO - [2023-11-14T16:30:45.689+0000] {dag.py:3437} INFO - Setting next_dagrun for example_python_operator to None, run_after=None
[2023-11-14T16:30:45.745+0000] {processor.py:175} INFO - Processing /usr/local/python/3.10.8/lib/python3.10/site-packages/airflow/example_dags/example_python_operator.py took 0.119 seconds
[2023-11-14T16:31:29.450+0000] {processor.py:153} INFO - Started process (PID=17061) to work on /usr/local/python/3.10.8/lib/python3.10/site-packages/airflow/example_dags/example_python_operator.py
[2023-11-14T16:31:29.451+0000] {processor.py:743} INFO - Processing file /usr/local/python/3.10.8/lib/python3.10/site-packages/airflow/example_dags/example_python_operator.py for tasks to queue
[2023-11-14T16:31:29.451+0000] {logging_mixin.py:137} INFO - [2023-11-14T16:31:29.451+0000] {dagbag.py:538} INFO - Filling up the DagBag from /usr/local/python/3.10.8/lib/python3.10/site-packages/airflow/example_dags/example_python_operator.py
[2023-11-14T16:31:29.468+0000] {logging_mixin.py:137} INFO - [2023-11-14T16:31:29.467+0000] {taskmixin.py:205} WARNING - Dependency <Task(_PythonDecoratedOperator): print_the_context>, log_sql_query already registered for DAG: example_python_operator
[2023-11-14T16:31:29.468+0000] {logging_mixin.py:137} INFO - [2023-11-14T16:31:29.468+0000] {taskmixin.py:205} WARNING - Dependency <Task(_PythonDecoratedOperator): log_sql_query>, print_the_context already registered for DAG: example_python_operator
[2023-11-14T16:31:29.468+0000] {logging_mixin.py:137} INFO - [2023-11-14T16:31:29.468+0000] {taskmixin.py:205} WARNING - Dependency <Task(_PythonDecoratedOperator): print_the_context>, log_sql_query already registered for DAG: example_python_operator
[2023-11-14T16:31:29.468+0000] {logging_mixin.py:137} INFO - [2023-11-14T16:31:29.468+0000] {taskmixin.py:205} WARNING - Dependency <Task(_PythonDecoratedOperator): log_sql_query>, print_the_context already registered for DAG: example_python_operator
[2023-11-14T16:31:29.469+0000] {logging_mixin.py:137} INFO - [2023-11-14T16:31:29.469+0000] {taskmixin.py:205} WARNING - Dependency <Task(_PythonDecoratedOperator): print_the_context>, log_sql_query already registered for DAG: example_python_operator
[2023-11-14T16:31:29.469+0000] {logging_mixin.py:137} INFO - [2023-11-14T16:31:29.469+0000] {taskmixin.py:205} WARNING - Dependency <Task(_PythonDecoratedOperator): log_sql_query>, print_the_context already registered for DAG: example_python_operator
[2023-11-14T16:31:29.470+0000] {logging_mixin.py:137} INFO - [2023-11-14T16:31:29.470+0000] {taskmixin.py:205} WARNING - Dependency <Task(_PythonDecoratedOperator): print_the_context>, log_sql_query already registered for DAG: example_python_operator
[2023-11-14T16:31:29.470+0000] {logging_mixin.py:137} INFO - [2023-11-14T16:31:29.470+0000] {taskmixin.py:205} WARNING - Dependency <Task(_PythonDecoratedOperator): log_sql_query>, print_the_context already registered for DAG: example_python_operator
[2023-11-14T16:31:29.477+0000] {processor.py:753} INFO - DAG(s) dict_keys(['example_python_operator']) retrieved from /usr/local/python/3.10.8/lib/python3.10/site-packages/airflow/example_dags/example_python_operator.py
[2023-11-14T16:31:29.493+0000] {logging_mixin.py:137} INFO - [2023-11-14T16:31:29.493+0000] {dag.py:2690} INFO - Sync 1 DAGs
[2023-11-14T16:31:29.508+0000] {logging_mixin.py:137} INFO - [2023-11-14T16:31:29.508+0000] {dag.py:3437} INFO - Setting next_dagrun for example_python_operator to None, run_after=None
[2023-11-14T16:31:29.565+0000] {processor.py:175} INFO - Processing /usr/local/python/3.10.8/lib/python3.10/site-packages/airflow/example_dags/example_python_operator.py took 0.117 seconds
