[2023-11-14T16:28:19.386+0000] {processor.py:153} INFO - Started process (PID=15526) to work on /usr/local/python/3.10.8/lib/python3.10/site-packages/airflow/example_dags/example_xcomargs.py
[2023-11-14T16:28:19.387+0000] {processor.py:743} INFO - Processing file /usr/local/python/3.10.8/lib/python3.10/site-packages/airflow/example_dags/example_xcomargs.py for tasks to queue
[2023-11-14T16:28:19.387+0000] {logging_mixin.py:137} INFO - [2023-11-14T16:28:19.387+0000] {dagbag.py:538} INFO - Filling up the DagBag from /usr/local/python/3.10.8/lib/python3.10/site-packages/airflow/example_dags/example_xcomargs.py
[2023-11-14T16:28:19.408+0000] {processor.py:753} INFO - DAG(s) dict_keys(['example_xcom_args_with_operators', 'example_xcom_args']) retrieved from /usr/local/python/3.10.8/lib/python3.10/site-packages/airflow/example_dags/example_xcomargs.py
[2023-11-14T16:28:19.588+0000] {logging_mixin.py:137} INFO - [2023-11-14T16:28:19.587+0000] {manager.py:504} INFO - Created Permission View: can delete on DAG:example_xcom_args_with_operators
[2023-11-14T16:28:19.647+0000] {logging_mixin.py:137} INFO - [2023-11-14T16:28:19.647+0000] {manager.py:504} INFO - Created Permission View: can edit on DAG:example_xcom_args_with_operators
[2023-11-14T16:28:19.702+0000] {logging_mixin.py:137} INFO - [2023-11-14T16:28:19.702+0000] {manager.py:504} INFO - Created Permission View: can read on DAG:example_xcom_args_with_operators
[2023-11-14T16:28:19.818+0000] {logging_mixin.py:137} INFO - [2023-11-14T16:28:19.818+0000] {manager.py:504} INFO - Created Permission View: can delete on DAG:example_xcom_args
[2023-11-14T16:28:19.878+0000] {logging_mixin.py:137} INFO - [2023-11-14T16:28:19.878+0000] {manager.py:504} INFO - Created Permission View: can edit on DAG:example_xcom_args
[2023-11-14T16:28:19.947+0000] {logging_mixin.py:137} INFO - [2023-11-14T16:28:19.947+0000] {manager.py:504} INFO - Created Permission View: can read on DAG:example_xcom_args
[2023-11-14T16:28:19.947+0000] {logging_mixin.py:137} INFO - [2023-11-14T16:28:19.947+0000] {dag.py:2690} INFO - Sync 2 DAGs
[2023-11-14T16:28:19.955+0000] {logging_mixin.py:137} INFO - [2023-11-14T16:28:19.955+0000] {dag.py:2711} INFO - Creating ORM DAG for example_xcom_args_with_operators
[2023-11-14T16:28:19.956+0000] {logging_mixin.py:137} INFO - [2023-11-14T16:28:19.956+0000] {dag.py:2711} INFO - Creating ORM DAG for example_xcom_args
[2023-11-14T16:28:19.962+0000] {logging_mixin.py:137} INFO - [2023-11-14T16:28:19.962+0000] {dag.py:3437} INFO - Setting next_dagrun for example_xcom_args to None, run_after=None
[2023-11-14T16:28:19.963+0000] {logging_mixin.py:137} INFO - [2023-11-14T16:28:19.963+0000] {dag.py:3437} INFO - Setting next_dagrun for example_xcom_args_with_operators to None, run_after=None
[2023-11-14T16:28:20.094+0000] {processor.py:175} INFO - Processing /usr/local/python/3.10.8/lib/python3.10/site-packages/airflow/example_dags/example_xcomargs.py took 0.710 seconds
[2023-11-14T16:29:13.712+0000] {processor.py:153} INFO - Started process (PID=16021) to work on /usr/local/python/3.10.8/lib/python3.10/site-packages/airflow/example_dags/example_xcomargs.py
[2023-11-14T16:29:13.713+0000] {processor.py:743} INFO - Processing file /usr/local/python/3.10.8/lib/python3.10/site-packages/airflow/example_dags/example_xcomargs.py for tasks to queue
[2023-11-14T16:29:13.713+0000] {logging_mixin.py:137} INFO - [2023-11-14T16:29:13.713+0000] {dagbag.py:538} INFO - Filling up the DagBag from /usr/local/python/3.10.8/lib/python3.10/site-packages/airflow/example_dags/example_xcomargs.py
[2023-11-14T16:29:13.739+0000] {processor.py:753} INFO - DAG(s) dict_keys(['example_xcom_args', 'example_xcom_args_with_operators']) retrieved from /usr/local/python/3.10.8/lib/python3.10/site-packages/airflow/example_dags/example_xcomargs.py
[2023-11-14T16:29:13.756+0000] {logging_mixin.py:137} INFO - [2023-11-14T16:29:13.756+0000] {dag.py:2690} INFO - Sync 2 DAGs
[2023-11-14T16:29:13.771+0000] {logging_mixin.py:137} INFO - [2023-11-14T16:29:13.771+0000] {dag.py:3437} INFO - Setting next_dagrun for example_xcom_args to None, run_after=None
[2023-11-14T16:29:13.773+0000] {logging_mixin.py:137} INFO - [2023-11-14T16:29:13.773+0000] {dag.py:3437} INFO - Setting next_dagrun for example_xcom_args_with_operators to None, run_after=None
[2023-11-14T16:29:13.890+0000] {processor.py:175} INFO - Processing /usr/local/python/3.10.8/lib/python3.10/site-packages/airflow/example_dags/example_xcomargs.py took 0.180 seconds
[2023-11-14T16:29:57.742+0000] {processor.py:153} INFO - Started process (PID=16373) to work on /usr/local/python/3.10.8/lib/python3.10/site-packages/airflow/example_dags/example_xcomargs.py
[2023-11-14T16:29:57.743+0000] {processor.py:743} INFO - Processing file /usr/local/python/3.10.8/lib/python3.10/site-packages/airflow/example_dags/example_xcomargs.py for tasks to queue
[2023-11-14T16:29:57.744+0000] {logging_mixin.py:137} INFO - [2023-11-14T16:29:57.744+0000] {dagbag.py:538} INFO - Filling up the DagBag from /usr/local/python/3.10.8/lib/python3.10/site-packages/airflow/example_dags/example_xcomargs.py
[2023-11-14T16:29:57.768+0000] {processor.py:753} INFO - DAG(s) dict_keys(['example_xcom_args_with_operators', 'example_xcom_args']) retrieved from /usr/local/python/3.10.8/lib/python3.10/site-packages/airflow/example_dags/example_xcomargs.py
[2023-11-14T16:29:57.784+0000] {logging_mixin.py:137} INFO - [2023-11-14T16:29:57.784+0000] {dag.py:2690} INFO - Sync 2 DAGs
[2023-11-14T16:29:57.799+0000] {logging_mixin.py:137} INFO - [2023-11-14T16:29:57.799+0000] {dag.py:3437} INFO - Setting next_dagrun for example_xcom_args to None, run_after=None
[2023-11-14T16:29:57.802+0000] {logging_mixin.py:137} INFO - [2023-11-14T16:29:57.802+0000] {dag.py:3437} INFO - Setting next_dagrun for example_xcom_args_with_operators to None, run_after=None
[2023-11-14T16:29:57.865+0000] {processor.py:175} INFO - Processing /usr/local/python/3.10.8/lib/python3.10/site-packages/airflow/example_dags/example_xcomargs.py took 0.126 seconds
[2023-11-14T16:30:43.384+0000] {processor.py:153} INFO - Started process (PID=16692) to work on /usr/local/python/3.10.8/lib/python3.10/site-packages/airflow/example_dags/example_xcomargs.py
[2023-11-14T16:30:43.384+0000] {processor.py:743} INFO - Processing file /usr/local/python/3.10.8/lib/python3.10/site-packages/airflow/example_dags/example_xcomargs.py for tasks to queue
[2023-11-14T16:30:43.385+0000] {logging_mixin.py:137} INFO - [2023-11-14T16:30:43.385+0000] {dagbag.py:538} INFO - Filling up the DagBag from /usr/local/python/3.10.8/lib/python3.10/site-packages/airflow/example_dags/example_xcomargs.py
[2023-11-14T16:30:43.431+0000] {processor.py:753} INFO - DAG(s) dict_keys(['example_xcom_args', 'example_xcom_args_with_operators']) retrieved from /usr/local/python/3.10.8/lib/python3.10/site-packages/airflow/example_dags/example_xcomargs.py
[2023-11-14T16:30:43.901+0000] {logging_mixin.py:137} INFO - [2023-11-14T16:30:43.901+0000] {dag.py:2690} INFO - Sync 2 DAGs
[2023-11-14T16:30:44.054+0000] {logging_mixin.py:137} INFO - [2023-11-14T16:30:44.054+0000] {dag.py:3437} INFO - Setting next_dagrun for example_xcom_args to None, run_after=None
[2023-11-14T16:30:44.060+0000] {logging_mixin.py:137} INFO - [2023-11-14T16:30:44.060+0000] {dag.py:3437} INFO - Setting next_dagrun for example_xcom_args_with_operators to None, run_after=None
[2023-11-14T16:30:44.482+0000] {processor.py:175} INFO - Processing /usr/local/python/3.10.8/lib/python3.10/site-packages/airflow/example_dags/example_xcomargs.py took 1.101 seconds
[2023-11-14T16:31:28.214+0000] {processor.py:153} INFO - Started process (PID=17026) to work on /usr/local/python/3.10.8/lib/python3.10/site-packages/airflow/example_dags/example_xcomargs.py
[2023-11-14T16:31:28.215+0000] {processor.py:743} INFO - Processing file /usr/local/python/3.10.8/lib/python3.10/site-packages/airflow/example_dags/example_xcomargs.py for tasks to queue
[2023-11-14T16:31:28.216+0000] {logging_mixin.py:137} INFO - [2023-11-14T16:31:28.215+0000] {dagbag.py:538} INFO - Filling up the DagBag from /usr/local/python/3.10.8/lib/python3.10/site-packages/airflow/example_dags/example_xcomargs.py
[2023-11-14T16:31:28.238+0000] {processor.py:753} INFO - DAG(s) dict_keys(['example_xcom_args', 'example_xcom_args_with_operators']) retrieved from /usr/local/python/3.10.8/lib/python3.10/site-packages/airflow/example_dags/example_xcomargs.py
[2023-11-14T16:31:28.254+0000] {logging_mixin.py:137} INFO - [2023-11-14T16:31:28.254+0000] {dag.py:2690} INFO - Sync 2 DAGs
[2023-11-14T16:31:28.270+0000] {logging_mixin.py:137} INFO - [2023-11-14T16:31:28.270+0000] {dag.py:3437} INFO - Setting next_dagrun for example_xcom_args to None, run_after=None
[2023-11-14T16:31:28.272+0000] {logging_mixin.py:137} INFO - [2023-11-14T16:31:28.272+0000] {dag.py:3437} INFO - Setting next_dagrun for example_xcom_args_with_operators to None, run_after=None
[2023-11-14T16:31:28.321+0000] {processor.py:175} INFO - Processing /usr/local/python/3.10.8/lib/python3.10/site-packages/airflow/example_dags/example_xcomargs.py took 0.109 seconds
