[2023-11-14T16:28:35.222+0000] {processor.py:153} INFO - Started process (PID=15693) to work on /usr/local/python/3.10.8/lib/python3.10/site-packages/airflow/example_dags/example_dag_decorator.py
[2023-11-14T16:28:35.222+0000] {processor.py:743} INFO - Processing file /usr/local/python/3.10.8/lib/python3.10/site-packages/airflow/example_dags/example_dag_decorator.py for tasks to queue
[2023-11-14T16:28:35.222+0000] {logging_mixin.py:137} INFO - [2023-11-14T16:28:35.222+0000] {dagbag.py:538} INFO - Filling up the DagBag from /usr/local/python/3.10.8/lib/python3.10/site-packages/airflow/example_dags/example_dag_decorator.py
[2023-11-14T16:28:35.240+0000] {logging_mixin.py:137} INFO - [2023-11-14T16:28:35.240+0000] {taskmixin.py:205} WARNING - Dependency <Task(_PythonDecoratedOperator): prepare_email>, send_email already registered for DAG: example_dag_decorator
[2023-11-14T16:28:35.240+0000] {logging_mixin.py:137} INFO - [2023-11-14T16:28:35.240+0000] {taskmixin.py:205} WARNING - Dependency <Task(EmailOperator): send_email>, prepare_email already registered for DAG: example_dag_decorator
[2023-11-14T16:28:35.252+0000] {processor.py:753} INFO - DAG(s) dict_keys(['example_dag_decorator']) retrieved from /usr/local/python/3.10.8/lib/python3.10/site-packages/airflow/example_dags/example_dag_decorator.py
[2023-11-14T16:28:35.480+0000] {logging_mixin.py:137} INFO - [2023-11-14T16:28:35.480+0000] {manager.py:504} INFO - Created Permission View: can delete on DAG:example_dag_decorator
[2023-11-14T16:28:35.536+0000] {logging_mixin.py:137} INFO - [2023-11-14T16:28:35.536+0000] {manager.py:504} INFO - Created Permission View: can edit on DAG:example_dag_decorator
[2023-11-14T16:28:35.584+0000] {logging_mixin.py:137} INFO - [2023-11-14T16:28:35.584+0000] {manager.py:504} INFO - Created Permission View: can read on DAG:example_dag_decorator
[2023-11-14T16:28:35.584+0000] {logging_mixin.py:137} INFO - [2023-11-14T16:28:35.584+0000] {dag.py:2690} INFO - Sync 1 DAGs
[2023-11-14T16:28:35.594+0000] {logging_mixin.py:137} INFO - [2023-11-14T16:28:35.594+0000] {dag.py:2711} INFO - Creating ORM DAG for example_dag_decorator
[2023-11-14T16:28:35.600+0000] {logging_mixin.py:137} INFO - [2023-11-14T16:28:35.600+0000] {dag.py:3437} INFO - Setting next_dagrun for example_dag_decorator to None, run_after=None
[2023-11-14T16:28:35.676+0000] {processor.py:175} INFO - Processing /usr/local/python/3.10.8/lib/python3.10/site-packages/airflow/example_dags/example_dag_decorator.py took 0.456 seconds
[2023-11-14T16:29:23.008+0000] {processor.py:153} INFO - Started process (PID=16099) to work on /usr/local/python/3.10.8/lib/python3.10/site-packages/airflow/example_dags/example_dag_decorator.py
[2023-11-14T16:29:23.010+0000] {processor.py:743} INFO - Processing file /usr/local/python/3.10.8/lib/python3.10/site-packages/airflow/example_dags/example_dag_decorator.py for tasks to queue
[2023-11-14T16:29:23.011+0000] {logging_mixin.py:137} INFO - [2023-11-14T16:29:23.011+0000] {dagbag.py:538} INFO - Filling up the DagBag from /usr/local/python/3.10.8/lib/python3.10/site-packages/airflow/example_dags/example_dag_decorator.py
[2023-11-14T16:29:23.034+0000] {logging_mixin.py:137} INFO - [2023-11-14T16:29:23.033+0000] {taskmixin.py:205} WARNING - Dependency <Task(_PythonDecoratedOperator): prepare_email>, send_email already registered for DAG: example_dag_decorator
[2023-11-14T16:29:23.034+0000] {logging_mixin.py:137} INFO - [2023-11-14T16:29:23.034+0000] {taskmixin.py:205} WARNING - Dependency <Task(EmailOperator): send_email>, prepare_email already registered for DAG: example_dag_decorator
[2023-11-14T16:29:23.047+0000] {processor.py:753} INFO - DAG(s) dict_keys(['example_dag_decorator']) retrieved from /usr/local/python/3.10.8/lib/python3.10/site-packages/airflow/example_dags/example_dag_decorator.py
[2023-11-14T16:29:23.089+0000] {logging_mixin.py:137} INFO - [2023-11-14T16:29:23.089+0000] {dag.py:2690} INFO - Sync 1 DAGs
[2023-11-14T16:29:23.103+0000] {logging_mixin.py:137} INFO - [2023-11-14T16:29:23.103+0000] {dag.py:3437} INFO - Setting next_dagrun for example_dag_decorator to None, run_after=None
[2023-11-14T16:29:23.156+0000] {processor.py:175} INFO - Processing /usr/local/python/3.10.8/lib/python3.10/site-packages/airflow/example_dags/example_dag_decorator.py took 0.152 seconds
[2023-11-14T16:30:06.644+0000] {processor.py:153} INFO - Started process (PID=16443) to work on /usr/local/python/3.10.8/lib/python3.10/site-packages/airflow/example_dags/example_dag_decorator.py
[2023-11-14T16:30:06.644+0000] {processor.py:743} INFO - Processing file /usr/local/python/3.10.8/lib/python3.10/site-packages/airflow/example_dags/example_dag_decorator.py for tasks to queue
[2023-11-14T16:30:06.645+0000] {logging_mixin.py:137} INFO - [2023-11-14T16:30:06.645+0000] {dagbag.py:538} INFO - Filling up the DagBag from /usr/local/python/3.10.8/lib/python3.10/site-packages/airflow/example_dags/example_dag_decorator.py
[2023-11-14T16:30:06.664+0000] {logging_mixin.py:137} INFO - [2023-11-14T16:30:06.664+0000] {taskmixin.py:205} WARNING - Dependency <Task(_PythonDecoratedOperator): prepare_email>, send_email already registered for DAG: example_dag_decorator
[2023-11-14T16:30:06.664+0000] {logging_mixin.py:137} INFO - [2023-11-14T16:30:06.664+0000] {taskmixin.py:205} WARNING - Dependency <Task(EmailOperator): send_email>, prepare_email already registered for DAG: example_dag_decorator
[2023-11-14T16:30:06.675+0000] {processor.py:753} INFO - DAG(s) dict_keys(['example_dag_decorator']) retrieved from /usr/local/python/3.10.8/lib/python3.10/site-packages/airflow/example_dags/example_dag_decorator.py
[2023-11-14T16:30:06.715+0000] {logging_mixin.py:137} INFO - [2023-11-14T16:30:06.715+0000] {dag.py:2690} INFO - Sync 1 DAGs
[2023-11-14T16:30:06.729+0000] {logging_mixin.py:137} INFO - [2023-11-14T16:30:06.729+0000] {dag.py:3437} INFO - Setting next_dagrun for example_dag_decorator to None, run_after=None
[2023-11-14T16:30:06.792+0000] {processor.py:175} INFO - Processing /usr/local/python/3.10.8/lib/python3.10/site-packages/airflow/example_dags/example_dag_decorator.py took 0.151 seconds
[2023-11-14T16:30:56.775+0000] {processor.py:153} INFO - Started process (PID=16774) to work on /usr/local/python/3.10.8/lib/python3.10/site-packages/airflow/example_dags/example_dag_decorator.py
[2023-11-14T16:30:56.775+0000] {processor.py:743} INFO - Processing file /usr/local/python/3.10.8/lib/python3.10/site-packages/airflow/example_dags/example_dag_decorator.py for tasks to queue
[2023-11-14T16:30:56.776+0000] {logging_mixin.py:137} INFO - [2023-11-14T16:30:56.776+0000] {dagbag.py:538} INFO - Filling up the DagBag from /usr/local/python/3.10.8/lib/python3.10/site-packages/airflow/example_dags/example_dag_decorator.py
[2023-11-14T16:30:56.793+0000] {logging_mixin.py:137} INFO - [2023-11-14T16:30:56.793+0000] {taskmixin.py:205} WARNING - Dependency <Task(_PythonDecoratedOperator): prepare_email>, send_email already registered for DAG: example_dag_decorator
[2023-11-14T16:30:56.793+0000] {logging_mixin.py:137} INFO - [2023-11-14T16:30:56.793+0000] {taskmixin.py:205} WARNING - Dependency <Task(EmailOperator): send_email>, prepare_email already registered for DAG: example_dag_decorator
[2023-11-14T16:30:56.803+0000] {processor.py:753} INFO - DAG(s) dict_keys(['example_dag_decorator']) retrieved from /usr/local/python/3.10.8/lib/python3.10/site-packages/airflow/example_dags/example_dag_decorator.py
[2023-11-14T16:30:56.930+0000] {logging_mixin.py:137} INFO - [2023-11-14T16:30:56.930+0000] {dag.py:2690} INFO - Sync 1 DAGs
[2023-11-14T16:30:57.342+0000] {logging_mixin.py:137} INFO - [2023-11-14T16:30:57.342+0000] {dag.py:3437} INFO - Setting next_dagrun for example_dag_decorator to None, run_after=None
[2023-11-14T16:30:57.576+0000] {processor.py:175} INFO - Processing /usr/local/python/3.10.8/lib/python3.10/site-packages/airflow/example_dags/example_dag_decorator.py took 0.806 seconds
[2023-11-14T16:32:04.395+0000] {processor.py:153} INFO - Started process (PID=17377) to work on /usr/local/python/3.10.8/lib/python3.10/site-packages/airflow/example_dags/example_dag_decorator.py
[2023-11-14T16:32:04.395+0000] {processor.py:743} INFO - Processing file /usr/local/python/3.10.8/lib/python3.10/site-packages/airflow/example_dags/example_dag_decorator.py for tasks to queue
[2023-11-14T16:32:04.397+0000] {logging_mixin.py:137} INFO - [2023-11-14T16:32:04.397+0000] {dagbag.py:538} INFO - Filling up the DagBag from /usr/local/python/3.10.8/lib/python3.10/site-packages/airflow/example_dags/example_dag_decorator.py
[2023-11-14T16:32:04.420+0000] {logging_mixin.py:137} INFO - [2023-11-14T16:32:04.420+0000] {taskmixin.py:205} WARNING - Dependency <Task(_PythonDecoratedOperator): prepare_email>, send_email already registered for DAG: example_dag_decorator
[2023-11-14T16:32:04.421+0000] {logging_mixin.py:137} INFO - [2023-11-14T16:32:04.421+0000] {taskmixin.py:205} WARNING - Dependency <Task(EmailOperator): send_email>, prepare_email already registered for DAG: example_dag_decorator
[2023-11-14T16:32:04.436+0000] {processor.py:753} INFO - DAG(s) dict_keys(['example_dag_decorator']) retrieved from /usr/local/python/3.10.8/lib/python3.10/site-packages/airflow/example_dags/example_dag_decorator.py
[2023-11-14T16:32:04.500+0000] {logging_mixin.py:137} INFO - [2023-11-14T16:32:04.500+0000] {dag.py:2690} INFO - Sync 1 DAGs
[2023-11-14T16:32:04.521+0000] {logging_mixin.py:137} INFO - [2023-11-14T16:32:04.521+0000] {dag.py:3437} INFO - Setting next_dagrun for example_dag_decorator to None, run_after=None
[2023-11-14T16:32:04.577+0000] {processor.py:175} INFO - Processing /usr/local/python/3.10.8/lib/python3.10/site-packages/airflow/example_dags/example_dag_decorator.py took 0.185 seconds
