[2023-11-14T16:28:17.851+0000] {processor.py:153} INFO - Started process (PID=15517) to work on /usr/local/python/3.10.8/lib/python3.10/site-packages/airflow/example_dags/example_subdag_operator.py
[2023-11-14T16:28:17.851+0000] {processor.py:743} INFO - Processing file /usr/local/python/3.10.8/lib/python3.10/site-packages/airflow/example_dags/example_subdag_operator.py for tasks to queue
[2023-11-14T16:28:17.852+0000] {logging_mixin.py:137} INFO - [2023-11-14T16:28:17.852+0000] {dagbag.py:538} INFO - Filling up the DagBag from /usr/local/python/3.10.8/lib/python3.10/site-packages/airflow/example_dags/example_subdag_operator.py
[2023-11-14T16:28:17.872+0000] {processor.py:753} INFO - DAG(s) dict_keys(['example_subdag_operator.section-1', 'example_subdag_operator.section-2', 'example_subdag_operator']) retrieved from /usr/local/python/3.10.8/lib/python3.10/site-packages/airflow/example_dags/example_subdag_operator.py
[2023-11-14T16:28:18.067+0000] {logging_mixin.py:137} INFO - [2023-11-14T16:28:18.067+0000] {manager.py:504} INFO - Created Permission View: can delete on DAG:example_subdag_operator
[2023-11-14T16:28:18.118+0000] {logging_mixin.py:137} INFO - [2023-11-14T16:28:18.118+0000] {manager.py:504} INFO - Created Permission View: can edit on DAG:example_subdag_operator
[2023-11-14T16:28:18.175+0000] {logging_mixin.py:137} INFO - [2023-11-14T16:28:18.175+0000] {manager.py:504} INFO - Created Permission View: can read on DAG:example_subdag_operator
[2023-11-14T16:28:18.175+0000] {logging_mixin.py:137} INFO - [2023-11-14T16:28:18.175+0000] {dag.py:2690} INFO - Sync 3 DAGs
[2023-11-14T16:28:18.183+0000] {logging_mixin.py:137} INFO - [2023-11-14T16:28:18.183+0000] {dag.py:2711} INFO - Creating ORM DAG for example_subdag_operator
[2023-11-14T16:28:18.183+0000] {logging_mixin.py:137} INFO - [2023-11-14T16:28:18.183+0000] {dag.py:2711} INFO - Creating ORM DAG for example_subdag_operator.section-1
[2023-11-14T16:28:18.184+0000] {logging_mixin.py:137} INFO - [2023-11-14T16:28:18.183+0000] {dag.py:2711} INFO - Creating ORM DAG for example_subdag_operator.section-2
[2023-11-14T16:28:18.190+0000] {logging_mixin.py:137} INFO - [2023-11-14T16:28:18.190+0000] {dag.py:3437} INFO - Setting next_dagrun for example_subdag_operator to 2022-01-01T00:00:00+00:00, run_after=2022-01-01T00:00:00+00:00
[2023-11-14T16:28:18.190+0000] {logging_mixin.py:137} INFO - [2023-11-14T16:28:18.190+0000] {dag.py:3437} INFO - Setting next_dagrun for example_subdag_operator.section-1 to None, run_after=None
[2023-11-14T16:28:18.191+0000] {logging_mixin.py:137} INFO - [2023-11-14T16:28:18.191+0000] {dag.py:3437} INFO - Setting next_dagrun for example_subdag_operator.section-2 to None, run_after=None
[2023-11-14T16:28:18.196+0000] {logging_mixin.py:137} INFO - [2023-11-14T16:28:18.196+0000] {dag.py:2690} INFO - Sync 2 DAGs
[2023-11-14T16:28:18.199+0000] {logging_mixin.py:137} INFO - [2023-11-14T16:28:18.199+0000] {dag.py:3437} INFO - Setting next_dagrun for example_subdag_operator.section-1 to None, run_after=None
[2023-11-14T16:28:18.200+0000] {logging_mixin.py:137} INFO - [2023-11-14T16:28:18.200+0000] {dag.py:3437} INFO - Setting next_dagrun for example_subdag_operator.section-2 to None, run_after=None
[2023-11-14T16:28:18.337+0000] {processor.py:175} INFO - Processing /usr/local/python/3.10.8/lib/python3.10/site-packages/airflow/example_dags/example_subdag_operator.py took 0.488 seconds
[2023-11-14T16:29:12.308+0000] {processor.py:153} INFO - Started process (PID=16006) to work on /usr/local/python/3.10.8/lib/python3.10/site-packages/airflow/example_dags/example_subdag_operator.py
[2023-11-14T16:29:12.309+0000] {processor.py:743} INFO - Processing file /usr/local/python/3.10.8/lib/python3.10/site-packages/airflow/example_dags/example_subdag_operator.py for tasks to queue
[2023-11-14T16:29:12.309+0000] {logging_mixin.py:137} INFO - [2023-11-14T16:29:12.309+0000] {dagbag.py:538} INFO - Filling up the DagBag from /usr/local/python/3.10.8/lib/python3.10/site-packages/airflow/example_dags/example_subdag_operator.py
[2023-11-14T16:29:12.339+0000] {processor.py:753} INFO - DAG(s) dict_keys(['example_subdag_operator.section-1', 'example_subdag_operator.section-2', 'example_subdag_operator']) retrieved from /usr/local/python/3.10.8/lib/python3.10/site-packages/airflow/example_dags/example_subdag_operator.py
[2023-11-14T16:29:12.361+0000] {logging_mixin.py:137} INFO - [2023-11-14T16:29:12.361+0000] {dag.py:2690} INFO - Sync 3 DAGs
[2023-11-14T16:29:12.391+0000] {logging_mixin.py:137} INFO - [2023-11-14T16:29:12.391+0000] {dag.py:3437} INFO - Setting next_dagrun for example_subdag_operator to 2022-01-01T00:00:00+00:00, run_after=2022-01-01T00:00:00+00:00
[2023-11-14T16:29:12.401+0000] {logging_mixin.py:137} INFO - [2023-11-14T16:29:12.401+0000] {dag.py:3437} INFO - Setting next_dagrun for example_subdag_operator.section-1 to None, run_after=None
[2023-11-14T16:29:12.402+0000] {logging_mixin.py:137} INFO - [2023-11-14T16:29:12.402+0000] {dag.py:3437} INFO - Setting next_dagrun for example_subdag_operator.section-2 to None, run_after=None
[2023-11-14T16:29:12.408+0000] {logging_mixin.py:137} INFO - [2023-11-14T16:29:12.408+0000] {dag.py:2690} INFO - Sync 2 DAGs
[2023-11-14T16:29:12.413+0000] {logging_mixin.py:137} INFO - [2023-11-14T16:29:12.413+0000] {dag.py:3437} INFO - Setting next_dagrun for example_subdag_operator.section-1 to None, run_after=None
[2023-11-14T16:29:12.413+0000] {logging_mixin.py:137} INFO - [2023-11-14T16:29:12.413+0000] {dag.py:3437} INFO - Setting next_dagrun for example_subdag_operator.section-2 to None, run_after=None
[2023-11-14T16:29:12.516+0000] {processor.py:175} INFO - Processing /usr/local/python/3.10.8/lib/python3.10/site-packages/airflow/example_dags/example_subdag_operator.py took 0.211 seconds
[2023-11-14T16:29:56.507+0000] {processor.py:153} INFO - Started process (PID=16363) to work on /usr/local/python/3.10.8/lib/python3.10/site-packages/airflow/example_dags/example_subdag_operator.py
[2023-11-14T16:29:56.507+0000] {processor.py:743} INFO - Processing file /usr/local/python/3.10.8/lib/python3.10/site-packages/airflow/example_dags/example_subdag_operator.py for tasks to queue
[2023-11-14T16:29:56.508+0000] {logging_mixin.py:137} INFO - [2023-11-14T16:29:56.508+0000] {dagbag.py:538} INFO - Filling up the DagBag from /usr/local/python/3.10.8/lib/python3.10/site-packages/airflow/example_dags/example_subdag_operator.py
[2023-11-14T16:29:56.529+0000] {processor.py:753} INFO - DAG(s) dict_keys(['example_subdag_operator.section-1', 'example_subdag_operator.section-2', 'example_subdag_operator']) retrieved from /usr/local/python/3.10.8/lib/python3.10/site-packages/airflow/example_dags/example_subdag_operator.py
[2023-11-14T16:29:56.542+0000] {logging_mixin.py:137} INFO - [2023-11-14T16:29:56.542+0000] {dag.py:2690} INFO - Sync 3 DAGs
[2023-11-14T16:29:56.556+0000] {logging_mixin.py:137} INFO - [2023-11-14T16:29:56.556+0000] {dag.py:3437} INFO - Setting next_dagrun for example_subdag_operator to 2022-01-01T00:00:00+00:00, run_after=2022-01-01T00:00:00+00:00
[2023-11-14T16:29:56.559+0000] {logging_mixin.py:137} INFO - [2023-11-14T16:29:56.558+0000] {dag.py:3437} INFO - Setting next_dagrun for example_subdag_operator.section-1 to None, run_after=None
[2023-11-14T16:29:56.559+0000] {logging_mixin.py:137} INFO - [2023-11-14T16:29:56.559+0000] {dag.py:3437} INFO - Setting next_dagrun for example_subdag_operator.section-2 to None, run_after=None
[2023-11-14T16:29:56.564+0000] {logging_mixin.py:137} INFO - [2023-11-14T16:29:56.563+0000] {dag.py:2690} INFO - Sync 2 DAGs
[2023-11-14T16:29:56.566+0000] {logging_mixin.py:137} INFO - [2023-11-14T16:29:56.566+0000] {dag.py:3437} INFO - Setting next_dagrun for example_subdag_operator.section-1 to None, run_after=None
[2023-11-14T16:29:56.567+0000] {logging_mixin.py:137} INFO - [2023-11-14T16:29:56.567+0000] {dag.py:3437} INFO - Setting next_dagrun for example_subdag_operator.section-2 to None, run_after=None
[2023-11-14T16:29:56.631+0000] {processor.py:175} INFO - Processing /usr/local/python/3.10.8/lib/python3.10/site-packages/airflow/example_dags/example_subdag_operator.py took 0.127 seconds
[2023-11-14T16:30:43.108+0000] {processor.py:153} INFO - Started process (PID=16691) to work on /usr/local/python/3.10.8/lib/python3.10/site-packages/airflow/example_dags/example_subdag_operator.py
[2023-11-14T16:30:43.109+0000] {processor.py:743} INFO - Processing file /usr/local/python/3.10.8/lib/python3.10/site-packages/airflow/example_dags/example_subdag_operator.py for tasks to queue
[2023-11-14T16:30:43.110+0000] {logging_mixin.py:137} INFO - [2023-11-14T16:30:43.109+0000] {dagbag.py:538} INFO - Filling up the DagBag from /usr/local/python/3.10.8/lib/python3.10/site-packages/airflow/example_dags/example_subdag_operator.py
[2023-11-14T16:30:43.131+0000] {processor.py:753} INFO - DAG(s) dict_keys(['example_subdag_operator.section-1', 'example_subdag_operator.section-2', 'example_subdag_operator']) retrieved from /usr/local/python/3.10.8/lib/python3.10/site-packages/airflow/example_dags/example_subdag_operator.py
[2023-11-14T16:30:43.145+0000] {logging_mixin.py:137} INFO - [2023-11-14T16:30:43.145+0000] {dag.py:2690} INFO - Sync 3 DAGs
[2023-11-14T16:30:43.159+0000] {logging_mixin.py:137} INFO - [2023-11-14T16:30:43.159+0000] {dag.py:3437} INFO - Setting next_dagrun for example_subdag_operator to 2022-01-01T00:00:00+00:00, run_after=2022-01-01T00:00:00+00:00
[2023-11-14T16:30:43.161+0000] {logging_mixin.py:137} INFO - [2023-11-14T16:30:43.161+0000] {dag.py:3437} INFO - Setting next_dagrun for example_subdag_operator.section-1 to None, run_after=None
[2023-11-14T16:30:43.162+0000] {logging_mixin.py:137} INFO - [2023-11-14T16:30:43.162+0000] {dag.py:3437} INFO - Setting next_dagrun for example_subdag_operator.section-2 to None, run_after=None
[2023-11-14T16:30:43.166+0000] {logging_mixin.py:137} INFO - [2023-11-14T16:30:43.166+0000] {dag.py:2690} INFO - Sync 2 DAGs
[2023-11-14T16:30:43.170+0000] {logging_mixin.py:137} INFO - [2023-11-14T16:30:43.170+0000] {dag.py:3437} INFO - Setting next_dagrun for example_subdag_operator.section-1 to None, run_after=None
[2023-11-14T16:30:43.170+0000] {logging_mixin.py:137} INFO - [2023-11-14T16:30:43.170+0000] {dag.py:3437} INFO - Setting next_dagrun for example_subdag_operator.section-2 to None, run_after=None
[2023-11-14T16:30:43.221+0000] {processor.py:175} INFO - Processing /usr/local/python/3.10.8/lib/python3.10/site-packages/airflow/example_dags/example_subdag_operator.py took 0.114 seconds
[2023-11-14T16:31:27.414+0000] {processor.py:153} INFO - Started process (PID=17025) to work on /usr/local/python/3.10.8/lib/python3.10/site-packages/airflow/example_dags/example_subdag_operator.py
[2023-11-14T16:31:27.415+0000] {processor.py:743} INFO - Processing file /usr/local/python/3.10.8/lib/python3.10/site-packages/airflow/example_dags/example_subdag_operator.py for tasks to queue
[2023-11-14T16:31:27.416+0000] {logging_mixin.py:137} INFO - [2023-11-14T16:31:27.415+0000] {dagbag.py:538} INFO - Filling up the DagBag from /usr/local/python/3.10.8/lib/python3.10/site-packages/airflow/example_dags/example_subdag_operator.py
[2023-11-14T16:31:27.444+0000] {processor.py:753} INFO - DAG(s) dict_keys(['example_subdag_operator.section-1', 'example_subdag_operator.section-2', 'example_subdag_operator']) retrieved from /usr/local/python/3.10.8/lib/python3.10/site-packages/airflow/example_dags/example_subdag_operator.py
[2023-11-14T16:31:27.460+0000] {logging_mixin.py:137} INFO - [2023-11-14T16:31:27.460+0000] {dag.py:2690} INFO - Sync 3 DAGs
[2023-11-14T16:31:27.480+0000] {logging_mixin.py:137} INFO - [2023-11-14T16:31:27.480+0000] {dag.py:3437} INFO - Setting next_dagrun for example_subdag_operator to 2022-01-01T00:00:00+00:00, run_after=2022-01-01T00:00:00+00:00
[2023-11-14T16:31:27.483+0000] {logging_mixin.py:137} INFO - [2023-11-14T16:31:27.482+0000] {dag.py:3437} INFO - Setting next_dagrun for example_subdag_operator.section-1 to None, run_after=None
[2023-11-14T16:31:27.483+0000] {logging_mixin.py:137} INFO - [2023-11-14T16:31:27.483+0000] {dag.py:3437} INFO - Setting next_dagrun for example_subdag_operator.section-2 to None, run_after=None
[2023-11-14T16:31:27.491+0000] {logging_mixin.py:137} INFO - [2023-11-14T16:31:27.490+0000] {dag.py:2690} INFO - Sync 2 DAGs
[2023-11-14T16:31:27.494+0000] {logging_mixin.py:137} INFO - [2023-11-14T16:31:27.494+0000] {dag.py:3437} INFO - Setting next_dagrun for example_subdag_operator.section-1 to None, run_after=None
[2023-11-14T16:31:27.495+0000] {logging_mixin.py:137} INFO - [2023-11-14T16:31:27.494+0000] {dag.py:3437} INFO - Setting next_dagrun for example_subdag_operator.section-2 to None, run_after=None
[2023-11-14T16:31:27.544+0000] {processor.py:175} INFO - Processing /usr/local/python/3.10.8/lib/python3.10/site-packages/airflow/example_dags/example_subdag_operator.py took 0.132 seconds
