[2023-11-14T16:28:08.228+0000] {processor.py:153} INFO - Started process (PID=15453) to work on /usr/local/python/3.10.8/lib/python3.10/site-packages/airflow/example_dags/example_skip_dag.py
[2023-11-14T16:28:08.229+0000] {processor.py:743} INFO - Processing file /usr/local/python/3.10.8/lib/python3.10/site-packages/airflow/example_dags/example_skip_dag.py for tasks to queue
[2023-11-14T16:28:08.230+0000] {logging_mixin.py:137} INFO - [2023-11-14T16:28:08.230+0000] {dagbag.py:538} INFO - Filling up the DagBag from /usr/local/python/3.10.8/lib/python3.10/site-packages/airflow/example_dags/example_skip_dag.py
[2023-11-14T16:28:08.242+0000] {processor.py:753} INFO - DAG(s) dict_keys(['example_skip_dag']) retrieved from /usr/local/python/3.10.8/lib/python3.10/site-packages/airflow/example_dags/example_skip_dag.py
[2023-11-14T16:28:08.419+0000] {logging_mixin.py:137} INFO - [2023-11-14T16:28:08.419+0000] {manager.py:504} INFO - Created Permission View: can delete on DAG:example_skip_dag
[2023-11-14T16:28:08.471+0000] {logging_mixin.py:137} INFO - [2023-11-14T16:28:08.471+0000] {manager.py:504} INFO - Created Permission View: can edit on DAG:example_skip_dag
[2023-11-14T16:28:08.519+0000] {logging_mixin.py:137} INFO - [2023-11-14T16:28:08.519+0000] {manager.py:504} INFO - Created Permission View: can read on DAG:example_skip_dag
[2023-11-14T16:28:08.519+0000] {logging_mixin.py:137} INFO - [2023-11-14T16:28:08.519+0000] {dag.py:2690} INFO - Sync 1 DAGs
[2023-11-14T16:28:08.528+0000] {logging_mixin.py:137} INFO - [2023-11-14T16:28:08.528+0000] {dag.py:2711} INFO - Creating ORM DAG for example_skip_dag
[2023-11-14T16:28:08.535+0000] {logging_mixin.py:137} INFO - [2023-11-14T16:28:08.535+0000] {dag.py:3437} INFO - Setting next_dagrun for example_skip_dag to 2023-11-13T16:28:08.535293+00:00, run_after=2023-11-14T16:28:08.535293+00:00
[2023-11-14T16:28:08.647+0000] {processor.py:175} INFO - Processing /usr/local/python/3.10.8/lib/python3.10/site-packages/airflow/example_dags/example_skip_dag.py took 0.421 seconds
[2023-11-14T16:29:05.503+0000] {processor.py:153} INFO - Started process (PID=15967) to work on /usr/local/python/3.10.8/lib/python3.10/site-packages/airflow/example_dags/example_skip_dag.py
[2023-11-14T16:29:05.504+0000] {processor.py:743} INFO - Processing file /usr/local/python/3.10.8/lib/python3.10/site-packages/airflow/example_dags/example_skip_dag.py for tasks to queue
[2023-11-14T16:29:05.505+0000] {logging_mixin.py:137} INFO - [2023-11-14T16:29:05.505+0000] {dagbag.py:538} INFO - Filling up the DagBag from /usr/local/python/3.10.8/lib/python3.10/site-packages/airflow/example_dags/example_skip_dag.py
[2023-11-14T16:29:05.516+0000] {processor.py:753} INFO - DAG(s) dict_keys(['example_skip_dag']) retrieved from /usr/local/python/3.10.8/lib/python3.10/site-packages/airflow/example_dags/example_skip_dag.py
[2023-11-14T16:29:05.532+0000] {logging_mixin.py:137} INFO - [2023-11-14T16:29:05.531+0000] {dag.py:2690} INFO - Sync 1 DAGs
[2023-11-14T16:29:05.546+0000] {logging_mixin.py:137} INFO - [2023-11-14T16:29:05.546+0000] {dag.py:3437} INFO - Setting next_dagrun for example_skip_dag to 2023-11-13T16:29:05.546558+00:00, run_after=2023-11-14T16:29:05.546558+00:00
[2023-11-14T16:29:05.658+0000] {processor.py:175} INFO - Processing /usr/local/python/3.10.8/lib/python3.10/site-packages/airflow/example_dags/example_skip_dag.py took 0.158 seconds
[2023-11-14T16:29:48.735+0000] {processor.py:153} INFO - Started process (PID=16301) to work on /usr/local/python/3.10.8/lib/python3.10/site-packages/airflow/example_dags/example_skip_dag.py
[2023-11-14T16:29:48.735+0000] {processor.py:743} INFO - Processing file /usr/local/python/3.10.8/lib/python3.10/site-packages/airflow/example_dags/example_skip_dag.py for tasks to queue
[2023-11-14T16:29:48.736+0000] {logging_mixin.py:137} INFO - [2023-11-14T16:29:48.736+0000] {dagbag.py:538} INFO - Filling up the DagBag from /usr/local/python/3.10.8/lib/python3.10/site-packages/airflow/example_dags/example_skip_dag.py
[2023-11-14T16:29:48.747+0000] {processor.py:753} INFO - DAG(s) dict_keys(['example_skip_dag']) retrieved from /usr/local/python/3.10.8/lib/python3.10/site-packages/airflow/example_dags/example_skip_dag.py
[2023-11-14T16:29:48.762+0000] {logging_mixin.py:137} INFO - [2023-11-14T16:29:48.762+0000] {dag.py:2690} INFO - Sync 1 DAGs
[2023-11-14T16:29:48.779+0000] {logging_mixin.py:137} INFO - [2023-11-14T16:29:48.779+0000] {dag.py:3437} INFO - Setting next_dagrun for example_skip_dag to 2023-11-13T16:29:48.778990+00:00, run_after=2023-11-14T16:29:48.778990+00:00
[2023-11-14T16:29:48.844+0000] {processor.py:175} INFO - Processing /usr/local/python/3.10.8/lib/python3.10/site-packages/airflow/example_dags/example_skip_dag.py took 0.111 seconds
[2023-11-14T16:30:34.105+0000] {processor.py:153} INFO - Started process (PID=16629) to work on /usr/local/python/3.10.8/lib/python3.10/site-packages/airflow/example_dags/example_skip_dag.py
[2023-11-14T16:30:34.106+0000] {processor.py:743} INFO - Processing file /usr/local/python/3.10.8/lib/python3.10/site-packages/airflow/example_dags/example_skip_dag.py for tasks to queue
[2023-11-14T16:30:34.106+0000] {logging_mixin.py:137} INFO - [2023-11-14T16:30:34.106+0000] {dagbag.py:538} INFO - Filling up the DagBag from /usr/local/python/3.10.8/lib/python3.10/site-packages/airflow/example_dags/example_skip_dag.py
[2023-11-14T16:30:34.119+0000] {processor.py:753} INFO - DAG(s) dict_keys(['example_skip_dag']) retrieved from /usr/local/python/3.10.8/lib/python3.10/site-packages/airflow/example_dags/example_skip_dag.py
[2023-11-14T16:30:34.133+0000] {logging_mixin.py:137} INFO - [2023-11-14T16:30:34.133+0000] {dag.py:2690} INFO - Sync 1 DAGs
[2023-11-14T16:30:34.149+0000] {logging_mixin.py:137} INFO - [2023-11-14T16:30:34.149+0000] {dag.py:3437} INFO - Setting next_dagrun for example_skip_dag to 2023-11-13T16:30:34.148947+00:00, run_after=2023-11-14T16:30:34.148947+00:00
[2023-11-14T16:30:34.215+0000] {processor.py:175} INFO - Processing /usr/local/python/3.10.8/lib/python3.10/site-packages/airflow/example_dags/example_skip_dag.py took 0.112 seconds
[2023-11-14T16:31:14.102+0000] {processor.py:153} INFO - Started process (PID=16912) to work on /usr/local/python/3.10.8/lib/python3.10/site-packages/airflow/example_dags/example_skip_dag.py
[2023-11-14T16:31:14.102+0000] {processor.py:743} INFO - Processing file /usr/local/python/3.10.8/lib/python3.10/site-packages/airflow/example_dags/example_skip_dag.py for tasks to queue
[2023-11-14T16:31:14.103+0000] {logging_mixin.py:137} INFO - [2023-11-14T16:31:14.103+0000] {dagbag.py:538} INFO - Filling up the DagBag from /usr/local/python/3.10.8/lib/python3.10/site-packages/airflow/example_dags/example_skip_dag.py
[2023-11-14T16:31:14.118+0000] {processor.py:753} INFO - DAG(s) dict_keys(['example_skip_dag']) retrieved from /usr/local/python/3.10.8/lib/python3.10/site-packages/airflow/example_dags/example_skip_dag.py
[2023-11-14T16:31:14.139+0000] {logging_mixin.py:137} INFO - [2023-11-14T16:31:14.139+0000] {dag.py:2690} INFO - Sync 1 DAGs
[2023-11-14T16:31:14.155+0000] {logging_mixin.py:137} INFO - [2023-11-14T16:31:14.154+0000] {dag.py:3437} INFO - Setting next_dagrun for example_skip_dag to 2023-11-13T16:31:14.154798+00:00, run_after=2023-11-14T16:31:14.154798+00:00
[2023-11-14T16:31:14.210+0000] {processor.py:175} INFO - Processing /usr/local/python/3.10.8/lib/python3.10/site-packages/airflow/example_dags/example_skip_dag.py took 0.111 seconds
[2023-11-14T16:31:57.579+0000] {processor.py:153} INFO - Started process (PID=17278) to work on /usr/local/python/3.10.8/lib/python3.10/site-packages/airflow/example_dags/example_skip_dag.py
[2023-11-14T16:31:57.580+0000] {processor.py:743} INFO - Processing file /usr/local/python/3.10.8/lib/python3.10/site-packages/airflow/example_dags/example_skip_dag.py for tasks to queue
[2023-11-14T16:31:57.580+0000] {logging_mixin.py:137} INFO - [2023-11-14T16:31:57.580+0000] {dagbag.py:538} INFO - Filling up the DagBag from /usr/local/python/3.10.8/lib/python3.10/site-packages/airflow/example_dags/example_skip_dag.py
[2023-11-14T16:31:57.592+0000] {processor.py:753} INFO - DAG(s) dict_keys(['example_skip_dag']) retrieved from /usr/local/python/3.10.8/lib/python3.10/site-packages/airflow/example_dags/example_skip_dag.py
[2023-11-14T16:31:57.607+0000] {logging_mixin.py:137} INFO - [2023-11-14T16:31:57.606+0000] {dag.py:2690} INFO - Sync 1 DAGs
[2023-11-14T16:31:57.621+0000] {logging_mixin.py:137} INFO - [2023-11-14T16:31:57.621+0000] {dag.py:3437} INFO - Setting next_dagrun for example_skip_dag to 2023-11-13T16:31:57.621647+00:00, run_after=2023-11-14T16:31:57.621647+00:00
[2023-11-14T16:31:57.676+0000] {processor.py:175} INFO - Processing /usr/local/python/3.10.8/lib/python3.10/site-packages/airflow/example_dags/example_skip_dag.py took 0.099 seconds
