[2023-11-14T16:28:21.794+0000] {processor.py:153} INFO - Started process (PID=15553) to work on /usr/local/python/3.10.8/lib/python3.10/site-packages/airflow/example_dags/example_sensors.py
[2023-11-14T16:28:21.795+0000] {processor.py:743} INFO - Processing file /usr/local/python/3.10.8/lib/python3.10/site-packages/airflow/example_dags/example_sensors.py for tasks to queue
[2023-11-14T16:28:21.796+0000] {logging_mixin.py:137} INFO - [2023-11-14T16:28:21.796+0000] {dagbag.py:538} INFO - Filling up the DagBag from /usr/local/python/3.10.8/lib/python3.10/site-packages/airflow/example_dags/example_sensors.py
[2023-11-14T16:28:21.815+0000] {processor.py:753} INFO - DAG(s) dict_keys(['example_sensors']) retrieved from /usr/local/python/3.10.8/lib/python3.10/site-packages/airflow/example_dags/example_sensors.py
[2023-11-14T16:28:22.030+0000] {logging_mixin.py:137} INFO - [2023-11-14T16:28:22.030+0000] {manager.py:504} INFO - Created Permission View: can delete on DAG:example_sensors
[2023-11-14T16:28:22.088+0000] {logging_mixin.py:137} INFO - [2023-11-14T16:28:22.088+0000] {manager.py:504} INFO - Created Permission View: can edit on DAG:example_sensors
[2023-11-14T16:28:22.145+0000] {logging_mixin.py:137} INFO - [2023-11-14T16:28:22.145+0000] {manager.py:504} INFO - Created Permission View: can read on DAG:example_sensors
[2023-11-14T16:28:22.145+0000] {logging_mixin.py:137} INFO - [2023-11-14T16:28:22.145+0000] {dag.py:2690} INFO - Sync 1 DAGs
[2023-11-14T16:28:22.153+0000] {logging_mixin.py:137} INFO - [2023-11-14T16:28:22.153+0000] {dag.py:2711} INFO - Creating ORM DAG for example_sensors
[2023-11-14T16:28:22.161+0000] {logging_mixin.py:137} INFO - [2023-11-14T16:28:22.161+0000] {dag.py:3437} INFO - Setting next_dagrun for example_sensors to None, run_after=None
[2023-11-14T16:28:22.294+0000] {processor.py:175} INFO - Processing /usr/local/python/3.10.8/lib/python3.10/site-packages/airflow/example_dags/example_sensors.py took 0.503 seconds
[2023-11-14T16:29:15.740+0000] {processor.py:153} INFO - Started process (PID=16053) to work on /usr/local/python/3.10.8/lib/python3.10/site-packages/airflow/example_dags/example_sensors.py
[2023-11-14T16:29:15.741+0000] {processor.py:743} INFO - Processing file /usr/local/python/3.10.8/lib/python3.10/site-packages/airflow/example_dags/example_sensors.py for tasks to queue
[2023-11-14T16:29:15.741+0000] {logging_mixin.py:137} INFO - [2023-11-14T16:29:15.741+0000] {dagbag.py:538} INFO - Filling up the DagBag from /usr/local/python/3.10.8/lib/python3.10/site-packages/airflow/example_dags/example_sensors.py
[2023-11-14T16:29:15.758+0000] {processor.py:753} INFO - DAG(s) dict_keys(['example_sensors']) retrieved from /usr/local/python/3.10.8/lib/python3.10/site-packages/airflow/example_dags/example_sensors.py
[2023-11-14T16:29:15.775+0000] {logging_mixin.py:137} INFO - [2023-11-14T16:29:15.775+0000] {dag.py:2690} INFO - Sync 1 DAGs
[2023-11-14T16:29:15.789+0000] {logging_mixin.py:137} INFO - [2023-11-14T16:29:15.789+0000] {dag.py:3437} INFO - Setting next_dagrun for example_sensors to None, run_after=None
[2023-11-14T16:29:15.886+0000] {processor.py:175} INFO - Processing /usr/local/python/3.10.8/lib/python3.10/site-packages/airflow/example_dags/example_sensors.py took 0.149 seconds
[2023-11-14T16:29:59.819+0000] {processor.py:153} INFO - Started process (PID=16387) to work on /usr/local/python/3.10.8/lib/python3.10/site-packages/airflow/example_dags/example_sensors.py
[2023-11-14T16:29:59.819+0000] {processor.py:743} INFO - Processing file /usr/local/python/3.10.8/lib/python3.10/site-packages/airflow/example_dags/example_sensors.py for tasks to queue
[2023-11-14T16:29:59.820+0000] {logging_mixin.py:137} INFO - [2023-11-14T16:29:59.820+0000] {dagbag.py:538} INFO - Filling up the DagBag from /usr/local/python/3.10.8/lib/python3.10/site-packages/airflow/example_dags/example_sensors.py
[2023-11-14T16:29:59.838+0000] {processor.py:753} INFO - DAG(s) dict_keys(['example_sensors']) retrieved from /usr/local/python/3.10.8/lib/python3.10/site-packages/airflow/example_dags/example_sensors.py
[2023-11-14T16:29:59.863+0000] {logging_mixin.py:137} INFO - [2023-11-14T16:29:59.862+0000] {dag.py:2690} INFO - Sync 1 DAGs
[2023-11-14T16:29:59.886+0000] {logging_mixin.py:137} INFO - [2023-11-14T16:29:59.886+0000] {dag.py:3437} INFO - Setting next_dagrun for example_sensors to None, run_after=None
[2023-11-14T16:29:59.947+0000] {processor.py:175} INFO - Processing /usr/local/python/3.10.8/lib/python3.10/site-packages/airflow/example_dags/example_sensors.py took 0.131 seconds
[2023-11-14T16:30:46.501+0000] {processor.py:153} INFO - Started process (PID=16706) to work on /usr/local/python/3.10.8/lib/python3.10/site-packages/airflow/example_dags/example_sensors.py
[2023-11-14T16:30:46.501+0000] {processor.py:743} INFO - Processing file /usr/local/python/3.10.8/lib/python3.10/site-packages/airflow/example_dags/example_sensors.py for tasks to queue
[2023-11-14T16:30:46.502+0000] {logging_mixin.py:137} INFO - [2023-11-14T16:30:46.502+0000] {dagbag.py:538} INFO - Filling up the DagBag from /usr/local/python/3.10.8/lib/python3.10/site-packages/airflow/example_dags/example_sensors.py
[2023-11-14T16:30:46.520+0000] {processor.py:753} INFO - DAG(s) dict_keys(['example_sensors']) retrieved from /usr/local/python/3.10.8/lib/python3.10/site-packages/airflow/example_dags/example_sensors.py
[2023-11-14T16:30:46.536+0000] {logging_mixin.py:137} INFO - [2023-11-14T16:30:46.536+0000] {dag.py:2690} INFO - Sync 1 DAGs
[2023-11-14T16:30:46.551+0000] {logging_mixin.py:137} INFO - [2023-11-14T16:30:46.551+0000] {dag.py:3437} INFO - Setting next_dagrun for example_sensors to None, run_after=None
[2023-11-14T16:30:46.610+0000] {processor.py:175} INFO - Processing /usr/local/python/3.10.8/lib/python3.10/site-packages/airflow/example_dags/example_sensors.py took 0.111 seconds
[2023-11-14T16:31:30.690+0000] {processor.py:153} INFO - Started process (PID=17062) to work on /usr/local/python/3.10.8/lib/python3.10/site-packages/airflow/example_dags/example_sensors.py
[2023-11-14T16:31:30.691+0000] {processor.py:743} INFO - Processing file /usr/local/python/3.10.8/lib/python3.10/site-packages/airflow/example_dags/example_sensors.py for tasks to queue
[2023-11-14T16:31:30.691+0000] {logging_mixin.py:137} INFO - [2023-11-14T16:31:30.691+0000] {dagbag.py:538} INFO - Filling up the DagBag from /usr/local/python/3.10.8/lib/python3.10/site-packages/airflow/example_dags/example_sensors.py
[2023-11-14T16:31:30.708+0000] {processor.py:753} INFO - DAG(s) dict_keys(['example_sensors']) retrieved from /usr/local/python/3.10.8/lib/python3.10/site-packages/airflow/example_dags/example_sensors.py
[2023-11-14T16:31:30.724+0000] {logging_mixin.py:137} INFO - [2023-11-14T16:31:30.724+0000] {dag.py:2690} INFO - Sync 1 DAGs
[2023-11-14T16:31:30.739+0000] {logging_mixin.py:137} INFO - [2023-11-14T16:31:30.739+0000] {dag.py:3437} INFO - Setting next_dagrun for example_sensors to None, run_after=None
[2023-11-14T16:31:43.653+0000] {processor.py:175} INFO - Processing /usr/local/python/3.10.8/lib/python3.10/site-packages/airflow/example_dags/example_sensors.py took 12.965 seconds
