[2023-11-14T16:28:36.760+0000] {processor.py:153} INFO - Started process (PID=15707) to work on /usr/local/python/3.10.8/lib/python3.10/site-packages/airflow/example_dags/example_branch_labels.py
[2023-11-14T16:28:36.760+0000] {processor.py:743} INFO - Processing file /usr/local/python/3.10.8/lib/python3.10/site-packages/airflow/example_dags/example_branch_labels.py for tasks to queue
[2023-11-14T16:28:36.761+0000] {logging_mixin.py:137} INFO - [2023-11-14T16:28:36.761+0000] {dagbag.py:538} INFO - Filling up the DagBag from /usr/local/python/3.10.8/lib/python3.10/site-packages/airflow/example_dags/example_branch_labels.py
[2023-11-14T16:28:36.774+0000] {processor.py:753} INFO - DAG(s) dict_keys(['example_branch_labels']) retrieved from /usr/local/python/3.10.8/lib/python3.10/site-packages/airflow/example_dags/example_branch_labels.py
[2023-11-14T16:28:36.968+0000] {logging_mixin.py:137} INFO - [2023-11-14T16:28:36.968+0000] {manager.py:504} INFO - Created Permission View: can delete on DAG:example_branch_labels
[2023-11-14T16:28:37.019+0000] {logging_mixin.py:137} INFO - [2023-11-14T16:28:37.019+0000] {manager.py:504} INFO - Created Permission View: can edit on DAG:example_branch_labels
[2023-11-14T16:28:37.065+0000] {logging_mixin.py:137} INFO - [2023-11-14T16:28:37.064+0000] {manager.py:504} INFO - Created Permission View: can read on DAG:example_branch_labels
[2023-11-14T16:28:37.065+0000] {logging_mixin.py:137} INFO - [2023-11-14T16:28:37.065+0000] {dag.py:2690} INFO - Sync 1 DAGs
[2023-11-14T16:28:37.074+0000] {logging_mixin.py:137} INFO - [2023-11-14T16:28:37.074+0000] {dag.py:2711} INFO - Creating ORM DAG for example_branch_labels
[2023-11-14T16:28:37.082+0000] {logging_mixin.py:137} INFO - [2023-11-14T16:28:37.082+0000] {dag.py:3437} INFO - Setting next_dagrun for example_branch_labels to 2023-11-13T00:00:00+00:00, run_after=2023-11-14T00:00:00+00:00
[2023-11-14T16:28:37.147+0000] {processor.py:175} INFO - Processing /usr/local/python/3.10.8/lib/python3.10/site-packages/airflow/example_dags/example_branch_labels.py took 0.389 seconds
[2023-11-14T16:29:24.283+0000] {processor.py:153} INFO - Started process (PID=16106) to work on /usr/local/python/3.10.8/lib/python3.10/site-packages/airflow/example_dags/example_branch_labels.py
[2023-11-14T16:29:24.283+0000] {processor.py:743} INFO - Processing file /usr/local/python/3.10.8/lib/python3.10/site-packages/airflow/example_dags/example_branch_labels.py for tasks to queue
[2023-11-14T16:29:24.284+0000] {logging_mixin.py:137} INFO - [2023-11-14T16:29:24.284+0000] {dagbag.py:538} INFO - Filling up the DagBag from /usr/local/python/3.10.8/lib/python3.10/site-packages/airflow/example_dags/example_branch_labels.py
[2023-11-14T16:29:24.296+0000] {processor.py:753} INFO - DAG(s) dict_keys(['example_branch_labels']) retrieved from /usr/local/python/3.10.8/lib/python3.10/site-packages/airflow/example_dags/example_branch_labels.py
[2023-11-14T16:29:24.312+0000] {logging_mixin.py:137} INFO - [2023-11-14T16:29:24.312+0000] {dag.py:2690} INFO - Sync 1 DAGs
[2023-11-14T16:29:24.328+0000] {logging_mixin.py:137} INFO - [2023-11-14T16:29:24.328+0000] {dag.py:3437} INFO - Setting next_dagrun for example_branch_labels to 2023-11-13T00:00:00+00:00, run_after=2023-11-14T00:00:00+00:00
[2023-11-14T16:29:24.392+0000] {processor.py:175} INFO - Processing /usr/local/python/3.10.8/lib/python3.10/site-packages/airflow/example_dags/example_branch_labels.py took 0.111 seconds
[2023-11-14T16:30:07.888+0000] {processor.py:153} INFO - Started process (PID=16450) to work on /usr/local/python/3.10.8/lib/python3.10/site-packages/airflow/example_dags/example_branch_labels.py
[2023-11-14T16:30:07.889+0000] {processor.py:743} INFO - Processing file /usr/local/python/3.10.8/lib/python3.10/site-packages/airflow/example_dags/example_branch_labels.py for tasks to queue
[2023-11-14T16:30:07.889+0000] {logging_mixin.py:137} INFO - [2023-11-14T16:30:07.889+0000] {dagbag.py:538} INFO - Filling up the DagBag from /usr/local/python/3.10.8/lib/python3.10/site-packages/airflow/example_dags/example_branch_labels.py
[2023-11-14T16:30:07.910+0000] {processor.py:753} INFO - DAG(s) dict_keys(['example_branch_labels']) retrieved from /usr/local/python/3.10.8/lib/python3.10/site-packages/airflow/example_dags/example_branch_labels.py
[2023-11-14T16:30:07.929+0000] {logging_mixin.py:137} INFO - [2023-11-14T16:30:07.928+0000] {dag.py:2690} INFO - Sync 1 DAGs
[2023-11-14T16:30:07.951+0000] {logging_mixin.py:137} INFO - [2023-11-14T16:30:07.951+0000] {dag.py:3437} INFO - Setting next_dagrun for example_branch_labels to 2023-11-13T00:00:00+00:00, run_after=2023-11-14T00:00:00+00:00
[2023-11-14T16:30:08.012+0000] {processor.py:175} INFO - Processing /usr/local/python/3.10.8/lib/python3.10/site-packages/airflow/example_dags/example_branch_labels.py took 0.127 seconds
[2023-11-14T16:30:58.853+0000] {processor.py:153} INFO - Started process (PID=16807) to work on /usr/local/python/3.10.8/lib/python3.10/site-packages/airflow/example_dags/example_branch_labels.py
[2023-11-14T16:30:58.862+0000] {processor.py:743} INFO - Processing file /usr/local/python/3.10.8/lib/python3.10/site-packages/airflow/example_dags/example_branch_labels.py for tasks to queue
[2023-11-14T16:30:58.863+0000] {logging_mixin.py:137} INFO - [2023-11-14T16:30:58.862+0000] {dagbag.py:538} INFO - Filling up the DagBag from /usr/local/python/3.10.8/lib/python3.10/site-packages/airflow/example_dags/example_branch_labels.py
[2023-11-14T16:30:58.878+0000] {processor.py:753} INFO - DAG(s) dict_keys(['example_branch_labels']) retrieved from /usr/local/python/3.10.8/lib/python3.10/site-packages/airflow/example_dags/example_branch_labels.py
[2023-11-14T16:30:58.948+0000] {logging_mixin.py:137} INFO - [2023-11-14T16:30:58.948+0000] {dag.py:2690} INFO - Sync 1 DAGs
[2023-11-14T16:30:59.045+0000] {logging_mixin.py:137} INFO - [2023-11-14T16:30:59.045+0000] {dag.py:3437} INFO - Setting next_dagrun for example_branch_labels to 2023-11-13T00:00:00+00:00, run_after=2023-11-14T00:00:00+00:00
[2023-11-14T16:30:59.157+0000] {processor.py:175} INFO - Processing /usr/local/python/3.10.8/lib/python3.10/site-packages/airflow/example_dags/example_branch_labels.py took 0.308 seconds
[2023-11-14T16:32:05.685+0000] {processor.py:153} INFO - Started process (PID=17390) to work on /usr/local/python/3.10.8/lib/python3.10/site-packages/airflow/example_dags/example_branch_labels.py
[2023-11-14T16:32:05.686+0000] {processor.py:743} INFO - Processing file /usr/local/python/3.10.8/lib/python3.10/site-packages/airflow/example_dags/example_branch_labels.py for tasks to queue
[2023-11-14T16:32:05.686+0000] {logging_mixin.py:137} INFO - [2023-11-14T16:32:05.686+0000] {dagbag.py:538} INFO - Filling up the DagBag from /usr/local/python/3.10.8/lib/python3.10/site-packages/airflow/example_dags/example_branch_labels.py
[2023-11-14T16:32:05.700+0000] {processor.py:753} INFO - DAG(s) dict_keys(['example_branch_labels']) retrieved from /usr/local/python/3.10.8/lib/python3.10/site-packages/airflow/example_dags/example_branch_labels.py
[2023-11-14T16:32:05.716+0000] {logging_mixin.py:137} INFO - [2023-11-14T16:32:05.715+0000] {dag.py:2690} INFO - Sync 1 DAGs
[2023-11-14T16:32:05.733+0000] {logging_mixin.py:137} INFO - [2023-11-14T16:32:05.733+0000] {dag.py:3437} INFO - Setting next_dagrun for example_branch_labels to 2023-11-13T00:00:00+00:00, run_after=2023-11-14T00:00:00+00:00
[2023-11-14T16:32:05.793+0000] {processor.py:175} INFO - Processing /usr/local/python/3.10.8/lib/python3.10/site-packages/airflow/example_dags/example_branch_labels.py took 0.110 seconds
