[2023-11-14T16:27:59.177+0000] {processor.py:153} INFO - Started process (PID=15390) to work on /usr/local/python/3.10.8/lib/python3.10/site-packages/airflow/example_dags/example_latest_only_with_trigger.py
[2023-11-14T16:27:59.177+0000] {processor.py:743} INFO - Processing file /usr/local/python/3.10.8/lib/python3.10/site-packages/airflow/example_dags/example_latest_only_with_trigger.py for tasks to queue
[2023-11-14T16:27:59.178+0000] {logging_mixin.py:137} INFO - [2023-11-14T16:27:59.177+0000] {dagbag.py:538} INFO - Filling up the DagBag from /usr/local/python/3.10.8/lib/python3.10/site-packages/airflow/example_dags/example_latest_only_with_trigger.py
[2023-11-14T16:27:59.191+0000] {processor.py:753} INFO - DAG(s) dict_keys(['latest_only_with_trigger']) retrieved from /usr/local/python/3.10.8/lib/python3.10/site-packages/airflow/example_dags/example_latest_only_with_trigger.py
[2023-11-14T16:27:59.373+0000] {logging_mixin.py:137} INFO - [2023-11-14T16:27:59.372+0000] {manager.py:504} INFO - Created Permission View: can delete on DAG:latest_only_with_trigger
[2023-11-14T16:27:59.425+0000] {logging_mixin.py:137} INFO - [2023-11-14T16:27:59.425+0000] {manager.py:504} INFO - Created Permission View: can edit on DAG:latest_only_with_trigger
[2023-11-14T16:27:59.474+0000] {logging_mixin.py:137} INFO - [2023-11-14T16:27:59.474+0000] {manager.py:504} INFO - Created Permission View: can read on DAG:latest_only_with_trigger
[2023-11-14T16:27:59.474+0000] {logging_mixin.py:137} INFO - [2023-11-14T16:27:59.474+0000] {dag.py:2690} INFO - Sync 1 DAGs
[2023-11-14T16:27:59.483+0000] {logging_mixin.py:137} INFO - [2023-11-14T16:27:59.483+0000] {dag.py:2711} INFO - Creating ORM DAG for latest_only_with_trigger
[2023-11-14T16:27:59.490+0000] {logging_mixin.py:137} INFO - [2023-11-14T16:27:59.490+0000] {dag.py:3437} INFO - Setting next_dagrun for latest_only_with_trigger to 2023-11-14T12:27:59.490427+00:00, run_after=2023-11-14T16:27:59.490427+00:00
[2023-11-14T16:27:59.614+0000] {processor.py:175} INFO - Processing /usr/local/python/3.10.8/lib/python3.10/site-packages/airflow/example_dags/example_latest_only_with_trigger.py took 0.439 seconds
[2023-11-14T16:28:57.740+0000] {processor.py:153} INFO - Started process (PID=15908) to work on /usr/local/python/3.10.8/lib/python3.10/site-packages/airflow/example_dags/example_latest_only_with_trigger.py
[2023-11-14T16:28:57.740+0000] {processor.py:743} INFO - Processing file /usr/local/python/3.10.8/lib/python3.10/site-packages/airflow/example_dags/example_latest_only_with_trigger.py for tasks to queue
[2023-11-14T16:28:57.741+0000] {logging_mixin.py:137} INFO - [2023-11-14T16:28:57.741+0000] {dagbag.py:538} INFO - Filling up the DagBag from /usr/local/python/3.10.8/lib/python3.10/site-packages/airflow/example_dags/example_latest_only_with_trigger.py
[2023-11-14T16:28:57.752+0000] {processor.py:753} INFO - DAG(s) dict_keys(['latest_only_with_trigger']) retrieved from /usr/local/python/3.10.8/lib/python3.10/site-packages/airflow/example_dags/example_latest_only_with_trigger.py
[2023-11-14T16:28:57.767+0000] {logging_mixin.py:137} INFO - [2023-11-14T16:28:57.767+0000] {dag.py:2690} INFO - Sync 1 DAGs
[2023-11-14T16:28:57.783+0000] {logging_mixin.py:137} INFO - [2023-11-14T16:28:57.783+0000] {dag.py:3437} INFO - Setting next_dagrun for latest_only_with_trigger to 2023-11-14T12:28:57.782846+00:00, run_after=2023-11-14T16:28:57.782846+00:00
[2023-11-14T16:28:57.900+0000] {processor.py:175} INFO - Processing /usr/local/python/3.10.8/lib/python3.10/site-packages/airflow/example_dags/example_latest_only_with_trigger.py took 0.163 seconds
[2023-11-14T16:29:37.789+0000] {processor.py:153} INFO - Started process (PID=16212) to work on /usr/local/python/3.10.8/lib/python3.10/site-packages/airflow/example_dags/example_latest_only_with_trigger.py
[2023-11-14T16:29:37.789+0000] {processor.py:743} INFO - Processing file /usr/local/python/3.10.8/lib/python3.10/site-packages/airflow/example_dags/example_latest_only_with_trigger.py for tasks to queue
[2023-11-14T16:29:37.790+0000] {logging_mixin.py:137} INFO - [2023-11-14T16:29:37.790+0000] {dagbag.py:538} INFO - Filling up the DagBag from /usr/local/python/3.10.8/lib/python3.10/site-packages/airflow/example_dags/example_latest_only_with_trigger.py
[2023-11-14T16:29:37.801+0000] {processor.py:753} INFO - DAG(s) dict_keys(['latest_only_with_trigger']) retrieved from /usr/local/python/3.10.8/lib/python3.10/site-packages/airflow/example_dags/example_latest_only_with_trigger.py
[2023-11-14T16:29:37.816+0000] {logging_mixin.py:137} INFO - [2023-11-14T16:29:37.816+0000] {dag.py:2690} INFO - Sync 1 DAGs
[2023-11-14T16:29:37.830+0000] {logging_mixin.py:137} INFO - [2023-11-14T16:29:37.830+0000] {dag.py:3437} INFO - Setting next_dagrun for latest_only_with_trigger to 2023-11-14T12:29:37.830521+00:00, run_after=2023-11-14T16:29:37.830521+00:00
[2023-11-14T16:29:37.883+0000] {processor.py:175} INFO - Processing /usr/local/python/3.10.8/lib/python3.10/site-packages/airflow/example_dags/example_latest_only_with_trigger.py took 0.097 seconds
[2023-11-14T16:30:20.939+0000] {processor.py:153} INFO - Started process (PID=16551) to work on /usr/local/python/3.10.8/lib/python3.10/site-packages/airflow/example_dags/example_latest_only_with_trigger.py
[2023-11-14T16:30:20.939+0000] {processor.py:743} INFO - Processing file /usr/local/python/3.10.8/lib/python3.10/site-packages/airflow/example_dags/example_latest_only_with_trigger.py for tasks to queue
[2023-11-14T16:30:20.940+0000] {logging_mixin.py:137} INFO - [2023-11-14T16:30:20.940+0000] {dagbag.py:538} INFO - Filling up the DagBag from /usr/local/python/3.10.8/lib/python3.10/site-packages/airflow/example_dags/example_latest_only_with_trigger.py
[2023-11-14T16:30:20.954+0000] {processor.py:753} INFO - DAG(s) dict_keys(['latest_only_with_trigger']) retrieved from /usr/local/python/3.10.8/lib/python3.10/site-packages/airflow/example_dags/example_latest_only_with_trigger.py
[2023-11-14T16:30:20.973+0000] {logging_mixin.py:137} INFO - [2023-11-14T16:30:20.973+0000] {dag.py:2690} INFO - Sync 1 DAGs
[2023-11-14T16:30:20.996+0000] {logging_mixin.py:137} INFO - [2023-11-14T16:30:20.996+0000] {dag.py:3437} INFO - Setting next_dagrun for latest_only_with_trigger to 2023-11-14T12:30:20.996363+00:00, run_after=2023-11-14T16:30:20.996363+00:00
[2023-11-14T16:30:21.063+0000] {processor.py:175} INFO - Processing /usr/local/python/3.10.8/lib/python3.10/site-packages/airflow/example_dags/example_latest_only_with_trigger.py took 0.127 seconds
[2023-11-14T16:31:07.584+0000] {processor.py:153} INFO - Started process (PID=16849) to work on /usr/local/python/3.10.8/lib/python3.10/site-packages/airflow/example_dags/example_latest_only_with_trigger.py
[2023-11-14T16:31:07.585+0000] {processor.py:743} INFO - Processing file /usr/local/python/3.10.8/lib/python3.10/site-packages/airflow/example_dags/example_latest_only_with_trigger.py for tasks to queue
[2023-11-14T16:31:07.586+0000] {logging_mixin.py:137} INFO - [2023-11-14T16:31:07.586+0000] {dagbag.py:538} INFO - Filling up the DagBag from /usr/local/python/3.10.8/lib/python3.10/site-packages/airflow/example_dags/example_latest_only_with_trigger.py
[2023-11-14T16:31:07.619+0000] {processor.py:753} INFO - DAG(s) dict_keys(['latest_only_with_trigger']) retrieved from /usr/local/python/3.10.8/lib/python3.10/site-packages/airflow/example_dags/example_latest_only_with_trigger.py
[2023-11-14T16:31:07.640+0000] {logging_mixin.py:137} INFO - [2023-11-14T16:31:07.639+0000] {dag.py:2690} INFO - Sync 1 DAGs
[2023-11-14T16:31:07.687+0000] {logging_mixin.py:137} INFO - [2023-11-14T16:31:07.687+0000] {dag.py:3437} INFO - Setting next_dagrun for latest_only_with_trigger to 2023-11-14T12:31:07.686880+00:00, run_after=2023-11-14T16:31:07.686880+00:00
[2023-11-14T16:31:07.769+0000] {processor.py:175} INFO - Processing /usr/local/python/3.10.8/lib/python3.10/site-packages/airflow/example_dags/example_latest_only_with_trigger.py took 0.188 seconds
[2023-11-14T16:31:49.991+0000] {processor.py:153} INFO - Started process (PID=17229) to work on /usr/local/python/3.10.8/lib/python3.10/site-packages/airflow/example_dags/example_latest_only_with_trigger.py
[2023-11-14T16:31:49.992+0000] {processor.py:743} INFO - Processing file /usr/local/python/3.10.8/lib/python3.10/site-packages/airflow/example_dags/example_latest_only_with_trigger.py for tasks to queue
[2023-11-14T16:31:49.992+0000] {logging_mixin.py:137} INFO - [2023-11-14T16:31:49.992+0000] {dagbag.py:538} INFO - Filling up the DagBag from /usr/local/python/3.10.8/lib/python3.10/site-packages/airflow/example_dags/example_latest_only_with_trigger.py
[2023-11-14T16:31:50.006+0000] {processor.py:753} INFO - DAG(s) dict_keys(['latest_only_with_trigger']) retrieved from /usr/local/python/3.10.8/lib/python3.10/site-packages/airflow/example_dags/example_latest_only_with_trigger.py
[2023-11-14T16:31:50.022+0000] {logging_mixin.py:137} INFO - [2023-11-14T16:31:50.021+0000] {dag.py:2690} INFO - Sync 1 DAGs
[2023-11-14T16:31:50.036+0000] {logging_mixin.py:137} INFO - [2023-11-14T16:31:50.036+0000] {dag.py:3437} INFO - Setting next_dagrun for latest_only_with_trigger to 2023-11-14T12:31:50.036230+00:00, run_after=2023-11-14T16:31:50.036230+00:00
[2023-11-14T16:31:50.099+0000] {processor.py:175} INFO - Processing /usr/local/python/3.10.8/lib/python3.10/site-packages/airflow/example_dags/example_latest_only_with_trigger.py took 0.110 seconds
