[2023-11-14T16:28:15.443+0000] {processor.py:153} INFO - Started process (PID=15506) to work on /usr/local/python/3.10.8/lib/python3.10/site-packages/airflow/example_dags/example_trigger_target_dag.py
[2023-11-14T16:28:15.443+0000] {processor.py:743} INFO - Processing file /usr/local/python/3.10.8/lib/python3.10/site-packages/airflow/example_dags/example_trigger_target_dag.py for tasks to queue
[2023-11-14T16:28:15.444+0000] {logging_mixin.py:137} INFO - [2023-11-14T16:28:15.444+0000] {dagbag.py:538} INFO - Filling up the DagBag from /usr/local/python/3.10.8/lib/python3.10/site-packages/airflow/example_dags/example_trigger_target_dag.py
[2023-11-14T16:28:15.463+0000] {processor.py:753} INFO - DAG(s) dict_keys(['example_trigger_target_dag']) retrieved from /usr/local/python/3.10.8/lib/python3.10/site-packages/airflow/example_dags/example_trigger_target_dag.py
[2023-11-14T16:28:15.633+0000] {logging_mixin.py:137} INFO - [2023-11-14T16:28:15.632+0000] {manager.py:504} INFO - Created Permission View: can delete on DAG:example_trigger_target_dag
[2023-11-14T16:28:15.684+0000] {logging_mixin.py:137} INFO - [2023-11-14T16:28:15.683+0000] {manager.py:504} INFO - Created Permission View: can edit on DAG:example_trigger_target_dag
[2023-11-14T16:28:15.726+0000] {logging_mixin.py:137} INFO - [2023-11-14T16:28:15.726+0000] {manager.py:504} INFO - Created Permission View: can read on DAG:example_trigger_target_dag
[2023-11-14T16:28:15.726+0000] {logging_mixin.py:137} INFO - [2023-11-14T16:28:15.726+0000] {dag.py:2690} INFO - Sync 1 DAGs
[2023-11-14T16:28:15.735+0000] {logging_mixin.py:137} INFO - [2023-11-14T16:28:15.735+0000] {dag.py:2711} INFO - Creating ORM DAG for example_trigger_target_dag
[2023-11-14T16:28:15.743+0000] {logging_mixin.py:137} INFO - [2023-11-14T16:28:15.743+0000] {dag.py:3437} INFO - Setting next_dagrun for example_trigger_target_dag to None, run_after=None
[2023-11-14T16:28:15.856+0000] {processor.py:175} INFO - Processing /usr/local/python/3.10.8/lib/python3.10/site-packages/airflow/example_dags/example_trigger_target_dag.py took 0.415 seconds
[2023-11-14T16:29:10.774+0000] {processor.py:153} INFO - Started process (PID=15998) to work on /usr/local/python/3.10.8/lib/python3.10/site-packages/airflow/example_dags/example_trigger_target_dag.py
[2023-11-14T16:29:10.774+0000] {processor.py:743} INFO - Processing file /usr/local/python/3.10.8/lib/python3.10/site-packages/airflow/example_dags/example_trigger_target_dag.py for tasks to queue
[2023-11-14T16:29:10.775+0000] {logging_mixin.py:137} INFO - [2023-11-14T16:29:10.775+0000] {dagbag.py:538} INFO - Filling up the DagBag from /usr/local/python/3.10.8/lib/python3.10/site-packages/airflow/example_dags/example_trigger_target_dag.py
[2023-11-14T16:29:10.796+0000] {processor.py:753} INFO - DAG(s) dict_keys(['example_trigger_target_dag']) retrieved from /usr/local/python/3.10.8/lib/python3.10/site-packages/airflow/example_dags/example_trigger_target_dag.py
[2023-11-14T16:29:10.810+0000] {logging_mixin.py:137} INFO - [2023-11-14T16:29:10.810+0000] {dag.py:2690} INFO - Sync 1 DAGs
[2023-11-14T16:29:10.827+0000] {logging_mixin.py:137} INFO - [2023-11-14T16:29:10.827+0000] {dag.py:3437} INFO - Setting next_dagrun for example_trigger_target_dag to None, run_after=None
[2023-11-14T16:29:10.922+0000] {processor.py:175} INFO - Processing /usr/local/python/3.10.8/lib/python3.10/site-packages/airflow/example_dags/example_trigger_target_dag.py took 0.150 seconds
[2023-11-14T16:29:54.531+0000] {processor.py:153} INFO - Started process (PID=16336) to work on /usr/local/python/3.10.8/lib/python3.10/site-packages/airflow/example_dags/example_trigger_target_dag.py
[2023-11-14T16:29:54.532+0000] {processor.py:743} INFO - Processing file /usr/local/python/3.10.8/lib/python3.10/site-packages/airflow/example_dags/example_trigger_target_dag.py for tasks to queue
[2023-11-14T16:29:54.532+0000] {logging_mixin.py:137} INFO - [2023-11-14T16:29:54.532+0000] {dagbag.py:538} INFO - Filling up the DagBag from /usr/local/python/3.10.8/lib/python3.10/site-packages/airflow/example_dags/example_trigger_target_dag.py
[2023-11-14T16:29:54.556+0000] {processor.py:753} INFO - DAG(s) dict_keys(['example_trigger_target_dag']) retrieved from /usr/local/python/3.10.8/lib/python3.10/site-packages/airflow/example_dags/example_trigger_target_dag.py
[2023-11-14T16:29:54.621+0000] {logging_mixin.py:137} INFO - [2023-11-14T16:29:54.621+0000] {dag.py:2690} INFO - Sync 1 DAGs
[2023-11-14T16:29:54.637+0000] {logging_mixin.py:137} INFO - [2023-11-14T16:29:54.637+0000] {dag.py:3437} INFO - Setting next_dagrun for example_trigger_target_dag to None, run_after=None
[2023-11-14T16:29:54.691+0000] {processor.py:175} INFO - Processing /usr/local/python/3.10.8/lib/python3.10/site-packages/airflow/example_dags/example_trigger_target_dag.py took 0.162 seconds
[2023-11-14T16:30:40.620+0000] {processor.py:153} INFO - Started process (PID=16677) to work on /usr/local/python/3.10.8/lib/python3.10/site-packages/airflow/example_dags/example_trigger_target_dag.py
[2023-11-14T16:30:40.621+0000] {processor.py:743} INFO - Processing file /usr/local/python/3.10.8/lib/python3.10/site-packages/airflow/example_dags/example_trigger_target_dag.py for tasks to queue
[2023-11-14T16:30:40.621+0000] {logging_mixin.py:137} INFO - [2023-11-14T16:30:40.621+0000] {dagbag.py:538} INFO - Filling up the DagBag from /usr/local/python/3.10.8/lib/python3.10/site-packages/airflow/example_dags/example_trigger_target_dag.py
[2023-11-14T16:30:40.641+0000] {processor.py:753} INFO - DAG(s) dict_keys(['example_trigger_target_dag']) retrieved from /usr/local/python/3.10.8/lib/python3.10/site-packages/airflow/example_dags/example_trigger_target_dag.py
[2023-11-14T16:30:40.655+0000] {logging_mixin.py:137} INFO - [2023-11-14T16:30:40.655+0000] {dag.py:2690} INFO - Sync 1 DAGs
[2023-11-14T16:30:40.670+0000] {logging_mixin.py:137} INFO - [2023-11-14T16:30:40.670+0000] {dag.py:3437} INFO - Setting next_dagrun for example_trigger_target_dag to None, run_after=None
[2023-11-14T16:30:40.727+0000] {processor.py:175} INFO - Processing /usr/local/python/3.10.8/lib/python3.10/site-packages/airflow/example_dags/example_trigger_target_dag.py took 0.109 seconds
[2023-11-14T16:31:24.891+0000] {processor.py:153} INFO - Started process (PID=17017) to work on /usr/local/python/3.10.8/lib/python3.10/site-packages/airflow/example_dags/example_trigger_target_dag.py
[2023-11-14T16:31:24.892+0000] {processor.py:743} INFO - Processing file /usr/local/python/3.10.8/lib/python3.10/site-packages/airflow/example_dags/example_trigger_target_dag.py for tasks to queue
[2023-11-14T16:31:24.892+0000] {logging_mixin.py:137} INFO - [2023-11-14T16:31:24.892+0000] {dagbag.py:538} INFO - Filling up the DagBag from /usr/local/python/3.10.8/lib/python3.10/site-packages/airflow/example_dags/example_trigger_target_dag.py
[2023-11-14T16:31:24.914+0000] {processor.py:753} INFO - DAG(s) dict_keys(['example_trigger_target_dag']) retrieved from /usr/local/python/3.10.8/lib/python3.10/site-packages/airflow/example_dags/example_trigger_target_dag.py
[2023-11-14T16:31:24.928+0000] {logging_mixin.py:137} INFO - [2023-11-14T16:31:24.928+0000] {dag.py:2690} INFO - Sync 1 DAGs
[2023-11-14T16:31:24.944+0000] {logging_mixin.py:137} INFO - [2023-11-14T16:31:24.944+0000] {dag.py:3437} INFO - Setting next_dagrun for example_trigger_target_dag to None, run_after=None
[2023-11-14T16:31:25.008+0000] {processor.py:175} INFO - Processing /usr/local/python/3.10.8/lib/python3.10/site-packages/airflow/example_dags/example_trigger_target_dag.py took 0.118 seconds
[2023-11-14T16:32:16.274+0000] {processor.py:153} INFO - Started process (PID=17471) to work on /usr/local/python/3.10.8/lib/python3.10/site-packages/airflow/example_dags/example_trigger_target_dag.py
[2023-11-14T16:32:16.275+0000] {processor.py:743} INFO - Processing file /usr/local/python/3.10.8/lib/python3.10/site-packages/airflow/example_dags/example_trigger_target_dag.py for tasks to queue
[2023-11-14T16:32:16.275+0000] {logging_mixin.py:137} INFO - [2023-11-14T16:32:16.275+0000] {dagbag.py:538} INFO - Filling up the DagBag from /usr/local/python/3.10.8/lib/python3.10/site-packages/airflow/example_dags/example_trigger_target_dag.py
[2023-11-14T16:32:16.319+0000] {processor.py:753} INFO - DAG(s) dict_keys(['example_trigger_target_dag']) retrieved from /usr/local/python/3.10.8/lib/python3.10/site-packages/airflow/example_dags/example_trigger_target_dag.py
[2023-11-14T16:32:16.335+0000] {logging_mixin.py:137} INFO - [2023-11-14T16:32:16.335+0000] {dag.py:2690} INFO - Sync 1 DAGs
[2023-11-14T16:32:16.351+0000] {logging_mixin.py:137} INFO - [2023-11-14T16:32:16.351+0000] {dag.py:3437} INFO - Setting next_dagrun for example_trigger_target_dag to None, run_after=None
[2023-11-14T16:32:16.403+0000] {processor.py:175} INFO - Processing /usr/local/python/3.10.8/lib/python3.10/site-packages/airflow/example_dags/example_trigger_target_dag.py took 0.131 seconds
