[2023-11-14T16:28:05.112+0000] {processor.py:153} INFO - Started process (PID=15438) to work on /usr/local/python/3.10.8/lib/python3.10/site-packages/airflow/example_dags/example_sla_dag.py
[2023-11-14T16:28:05.113+0000] {processor.py:743} INFO - Processing file /usr/local/python/3.10.8/lib/python3.10/site-packages/airflow/example_dags/example_sla_dag.py for tasks to queue
[2023-11-14T16:28:05.113+0000] {logging_mixin.py:137} INFO - [2023-11-14T16:28:05.113+0000] {dagbag.py:538} INFO - Filling up the DagBag from /usr/local/python/3.10.8/lib/python3.10/site-packages/airflow/example_dags/example_sla_dag.py
[2023-11-14T16:28:05.134+0000] {processor.py:753} INFO - DAG(s) dict_keys(['example_sla_dag']) retrieved from /usr/local/python/3.10.8/lib/python3.10/site-packages/airflow/example_dags/example_sla_dag.py
[2023-11-14T16:28:05.305+0000] {logging_mixin.py:137} INFO - [2023-11-14T16:28:05.305+0000] {manager.py:504} INFO - Created Permission View: can delete on DAG:example_sla_dag
[2023-11-14T16:28:05.353+0000] {logging_mixin.py:137} INFO - [2023-11-14T16:28:05.353+0000] {manager.py:504} INFO - Created Permission View: can edit on DAG:example_sla_dag
[2023-11-14T16:28:05.401+0000] {logging_mixin.py:137} INFO - [2023-11-14T16:28:05.400+0000] {manager.py:504} INFO - Created Permission View: can read on DAG:example_sla_dag
[2023-11-14T16:28:05.401+0000] {logging_mixin.py:137} INFO - [2023-11-14T16:28:05.401+0000] {dag.py:2690} INFO - Sync 1 DAGs
[2023-11-14T16:28:05.409+0000] {logging_mixin.py:137} INFO - [2023-11-14T16:28:05.409+0000] {dag.py:2711} INFO - Creating ORM DAG for example_sla_dag
[2023-11-14T16:28:05.419+0000] {logging_mixin.py:137} INFO - [2023-11-14T16:28:05.419+0000] {dag.py:3437} INFO - Setting next_dagrun for example_sla_dag to 2023-11-14T16:26:00+00:00, run_after=2023-11-14T16:28:00+00:00
[2023-11-14T16:28:05.540+0000] {processor.py:175} INFO - Processing /usr/local/python/3.10.8/lib/python3.10/site-packages/airflow/example_dags/example_sla_dag.py took 0.430 seconds
[2023-11-14T16:29:03.028+0000] {processor.py:153} INFO - Started process (PID=15938) to work on /usr/local/python/3.10.8/lib/python3.10/site-packages/airflow/example_dags/example_sla_dag.py
[2023-11-14T16:29:03.028+0000] {processor.py:743} INFO - Processing file /usr/local/python/3.10.8/lib/python3.10/site-packages/airflow/example_dags/example_sla_dag.py for tasks to queue
[2023-11-14T16:29:03.029+0000] {logging_mixin.py:137} INFO - [2023-11-14T16:29:03.029+0000] {dagbag.py:538} INFO - Filling up the DagBag from /usr/local/python/3.10.8/lib/python3.10/site-packages/airflow/example_dags/example_sla_dag.py
[2023-11-14T16:29:03.050+0000] {processor.py:753} INFO - DAG(s) dict_keys(['example_sla_dag']) retrieved from /usr/local/python/3.10.8/lib/python3.10/site-packages/airflow/example_dags/example_sla_dag.py
[2023-11-14T16:29:03.064+0000] {logging_mixin.py:137} INFO - [2023-11-14T16:29:03.064+0000] {dag.py:2690} INFO - Sync 1 DAGs
[2023-11-14T16:29:03.082+0000] {logging_mixin.py:137} INFO - [2023-11-14T16:29:03.082+0000] {dag.py:3437} INFO - Setting next_dagrun for example_sla_dag to 2023-11-14T16:26:00+00:00, run_after=2023-11-14T16:28:00+00:00
[2023-11-14T16:29:03.176+0000] {processor.py:175} INFO - Processing /usr/local/python/3.10.8/lib/python3.10/site-packages/airflow/example_dags/example_sla_dag.py took 0.150 seconds
[2023-11-14T16:29:46.267+0000] {processor.py:153} INFO - Started process (PID=16281) to work on /usr/local/python/3.10.8/lib/python3.10/site-packages/airflow/example_dags/example_sla_dag.py
[2023-11-14T16:29:46.267+0000] {processor.py:743} INFO - Processing file /usr/local/python/3.10.8/lib/python3.10/site-packages/airflow/example_dags/example_sla_dag.py for tasks to queue
[2023-11-14T16:29:46.268+0000] {logging_mixin.py:137} INFO - [2023-11-14T16:29:46.268+0000] {dagbag.py:538} INFO - Filling up the DagBag from /usr/local/python/3.10.8/lib/python3.10/site-packages/airflow/example_dags/example_sla_dag.py
[2023-11-14T16:29:46.292+0000] {processor.py:753} INFO - DAG(s) dict_keys(['example_sla_dag']) retrieved from /usr/local/python/3.10.8/lib/python3.10/site-packages/airflow/example_dags/example_sla_dag.py
[2023-11-14T16:29:46.306+0000] {logging_mixin.py:137} INFO - [2023-11-14T16:29:46.306+0000] {dag.py:2690} INFO - Sync 1 DAGs
[2023-11-14T16:29:46.324+0000] {logging_mixin.py:137} INFO - [2023-11-14T16:29:46.324+0000] {dag.py:3437} INFO - Setting next_dagrun for example_sla_dag to 2023-11-14T16:26:00+00:00, run_after=2023-11-14T16:28:00+00:00
[2023-11-14T16:29:46.382+0000] {processor.py:175} INFO - Processing /usr/local/python/3.10.8/lib/python3.10/site-packages/airflow/example_dags/example_sla_dag.py took 0.117 seconds
[2023-11-14T16:30:32.513+0000] {processor.py:153} INFO - Started process (PID=16621) to work on /usr/local/python/3.10.8/lib/python3.10/site-packages/airflow/example_dags/example_sla_dag.py
[2023-11-14T16:30:32.514+0000] {processor.py:743} INFO - Processing file /usr/local/python/3.10.8/lib/python3.10/site-packages/airflow/example_dags/example_sla_dag.py for tasks to queue
[2023-11-14T16:30:32.515+0000] {logging_mixin.py:137} INFO - [2023-11-14T16:30:32.515+0000] {dagbag.py:538} INFO - Filling up the DagBag from /usr/local/python/3.10.8/lib/python3.10/site-packages/airflow/example_dags/example_sla_dag.py
[2023-11-14T16:30:32.536+0000] {processor.py:753} INFO - DAG(s) dict_keys(['example_sla_dag']) retrieved from /usr/local/python/3.10.8/lib/python3.10/site-packages/airflow/example_dags/example_sla_dag.py
[2023-11-14T16:30:32.551+0000] {logging_mixin.py:137} INFO - [2023-11-14T16:30:32.551+0000] {dag.py:2690} INFO - Sync 1 DAGs
[2023-11-14T16:30:32.570+0000] {logging_mixin.py:137} INFO - [2023-11-14T16:30:32.569+0000] {dag.py:3437} INFO - Setting next_dagrun for example_sla_dag to 2023-11-14T16:28:00+00:00, run_after=2023-11-14T16:30:00+00:00
[2023-11-14T16:30:32.640+0000] {processor.py:175} INFO - Processing /usr/local/python/3.10.8/lib/python3.10/site-packages/airflow/example_dags/example_sla_dag.py took 0.129 seconds
[2023-11-14T16:31:11.726+0000] {processor.py:153} INFO - Started process (PID=16889) to work on /usr/local/python/3.10.8/lib/python3.10/site-packages/airflow/example_dags/example_sla_dag.py
[2023-11-14T16:31:11.727+0000] {processor.py:743} INFO - Processing file /usr/local/python/3.10.8/lib/python3.10/site-packages/airflow/example_dags/example_sla_dag.py for tasks to queue
[2023-11-14T16:31:11.727+0000] {logging_mixin.py:137} INFO - [2023-11-14T16:31:11.727+0000] {dagbag.py:538} INFO - Filling up the DagBag from /usr/local/python/3.10.8/lib/python3.10/site-packages/airflow/example_dags/example_sla_dag.py
[2023-11-14T16:31:11.748+0000] {processor.py:753} INFO - DAG(s) dict_keys(['example_sla_dag']) retrieved from /usr/local/python/3.10.8/lib/python3.10/site-packages/airflow/example_dags/example_sla_dag.py
[2023-11-14T16:31:11.762+0000] {logging_mixin.py:137} INFO - [2023-11-14T16:31:11.762+0000] {dag.py:2690} INFO - Sync 1 DAGs
[2023-11-14T16:31:11.781+0000] {logging_mixin.py:137} INFO - [2023-11-14T16:31:11.781+0000] {dag.py:3437} INFO - Setting next_dagrun for example_sla_dag to 2023-11-14T16:28:00+00:00, run_after=2023-11-14T16:30:00+00:00
[2023-11-14T16:31:11.839+0000] {processor.py:175} INFO - Processing /usr/local/python/3.10.8/lib/python3.10/site-packages/airflow/example_dags/example_sla_dag.py took 0.115 seconds
[2023-11-14T16:31:55.099+0000] {processor.py:153} INFO - Started process (PID=17257) to work on /usr/local/python/3.10.8/lib/python3.10/site-packages/airflow/example_dags/example_sla_dag.py
[2023-11-14T16:31:55.100+0000] {processor.py:743} INFO - Processing file /usr/local/python/3.10.8/lib/python3.10/site-packages/airflow/example_dags/example_sla_dag.py for tasks to queue
[2023-11-14T16:31:55.100+0000] {logging_mixin.py:137} INFO - [2023-11-14T16:31:55.100+0000] {dagbag.py:538} INFO - Filling up the DagBag from /usr/local/python/3.10.8/lib/python3.10/site-packages/airflow/example_dags/example_sla_dag.py
[2023-11-14T16:31:55.124+0000] {processor.py:753} INFO - DAG(s) dict_keys(['example_sla_dag']) retrieved from /usr/local/python/3.10.8/lib/python3.10/site-packages/airflow/example_dags/example_sla_dag.py
[2023-11-14T16:31:55.145+0000] {logging_mixin.py:137} INFO - [2023-11-14T16:31:55.145+0000] {dag.py:2690} INFO - Sync 1 DAGs
[2023-11-14T16:31:55.167+0000] {logging_mixin.py:137} INFO - [2023-11-14T16:31:55.166+0000] {dag.py:3437} INFO - Setting next_dagrun for example_sla_dag to 2023-11-14T16:28:00+00:00, run_after=2023-11-14T16:30:00+00:00
[2023-11-14T16:31:55.247+0000] {processor.py:175} INFO - Processing /usr/local/python/3.10.8/lib/python3.10/site-packages/airflow/example_dags/example_sla_dag.py took 0.151 seconds
