[2023-11-14T16:28:16.276+0000] {processor.py:153} INFO - Started process (PID=15510) to work on /usr/local/python/3.10.8/lib/python3.10/site-packages/airflow/example_dags/example_short_circuit_operator.py
[2023-11-14T16:28:16.277+0000] {processor.py:743} INFO - Processing file /usr/local/python/3.10.8/lib/python3.10/site-packages/airflow/example_dags/example_short_circuit_operator.py for tasks to queue
[2023-11-14T16:28:16.277+0000] {logging_mixin.py:137} INFO - [2023-11-14T16:28:16.277+0000] {dagbag.py:538} INFO - Filling up the DagBag from /usr/local/python/3.10.8/lib/python3.10/site-packages/airflow/example_dags/example_short_circuit_operator.py
[2023-11-14T16:28:16.298+0000] {processor.py:753} INFO - DAG(s) dict_keys(['example_short_circuit_operator']) retrieved from /usr/local/python/3.10.8/lib/python3.10/site-packages/airflow/example_dags/example_short_circuit_operator.py
[2023-11-14T16:28:16.511+0000] {logging_mixin.py:137} INFO - [2023-11-14T16:28:16.511+0000] {manager.py:504} INFO - Created Permission View: can delete on DAG:example_short_circuit_operator
[2023-11-14T16:28:16.559+0000] {logging_mixin.py:137} INFO - [2023-11-14T16:28:16.559+0000] {manager.py:504} INFO - Created Permission View: can edit on DAG:example_short_circuit_operator
[2023-11-14T16:28:16.602+0000] {logging_mixin.py:137} INFO - [2023-11-14T16:28:16.602+0000] {manager.py:504} INFO - Created Permission View: can read on DAG:example_short_circuit_operator
[2023-11-14T16:28:16.602+0000] {logging_mixin.py:137} INFO - [2023-11-14T16:28:16.602+0000] {dag.py:2690} INFO - Sync 1 DAGs
[2023-11-14T16:28:16.610+0000] {logging_mixin.py:137} INFO - [2023-11-14T16:28:16.610+0000] {dag.py:2711} INFO - Creating ORM DAG for example_short_circuit_operator
[2023-11-14T16:28:16.618+0000] {logging_mixin.py:137} INFO - [2023-11-14T16:28:16.617+0000] {dag.py:3437} INFO - Setting next_dagrun for example_short_circuit_operator to 2023-11-13T16:28:16.617766+00:00, run_after=2023-11-14T16:28:16.617766+00:00
[2023-11-14T16:28:16.751+0000] {processor.py:175} INFO - Processing /usr/local/python/3.10.8/lib/python3.10/site-packages/airflow/example_dags/example_short_circuit_operator.py took 0.478 seconds
[2023-11-14T16:29:12.014+0000] {processor.py:153} INFO - Started process (PID=16005) to work on /usr/local/python/3.10.8/lib/python3.10/site-packages/airflow/example_dags/example_short_circuit_operator.py
[2023-11-14T16:29:12.015+0000] {processor.py:743} INFO - Processing file /usr/local/python/3.10.8/lib/python3.10/site-packages/airflow/example_dags/example_short_circuit_operator.py for tasks to queue
[2023-11-14T16:29:12.015+0000] {logging_mixin.py:137} INFO - [2023-11-14T16:29:12.015+0000] {dagbag.py:538} INFO - Filling up the DagBag from /usr/local/python/3.10.8/lib/python3.10/site-packages/airflow/example_dags/example_short_circuit_operator.py
[2023-11-14T16:29:12.031+0000] {processor.py:753} INFO - DAG(s) dict_keys(['example_short_circuit_operator']) retrieved from /usr/local/python/3.10.8/lib/python3.10/site-packages/airflow/example_dags/example_short_circuit_operator.py
[2023-11-14T16:29:12.047+0000] {logging_mixin.py:137} INFO - [2023-11-14T16:29:12.047+0000] {dag.py:2690} INFO - Sync 1 DAGs
[2023-11-14T16:29:12.062+0000] {logging_mixin.py:137} INFO - [2023-11-14T16:29:12.062+0000] {dag.py:3437} INFO - Setting next_dagrun for example_short_circuit_operator to 2023-11-13T16:29:12.061829+00:00, run_after=2023-11-14T16:29:12.061829+00:00
[2023-11-14T16:29:12.181+0000] {processor.py:175} INFO - Processing /usr/local/python/3.10.8/lib/python3.10/site-packages/airflow/example_dags/example_short_circuit_operator.py took 0.169 seconds
[2023-11-14T16:29:55.274+0000] {processor.py:153} INFO - Started process (PID=16341) to work on /usr/local/python/3.10.8/lib/python3.10/site-packages/airflow/example_dags/example_short_circuit_operator.py
[2023-11-14T16:29:55.275+0000] {processor.py:743} INFO - Processing file /usr/local/python/3.10.8/lib/python3.10/site-packages/airflow/example_dags/example_short_circuit_operator.py for tasks to queue
[2023-11-14T16:29:55.276+0000] {logging_mixin.py:137} INFO - [2023-11-14T16:29:55.275+0000] {dagbag.py:538} INFO - Filling up the DagBag from /usr/local/python/3.10.8/lib/python3.10/site-packages/airflow/example_dags/example_short_circuit_operator.py
[2023-11-14T16:29:55.293+0000] {processor.py:753} INFO - DAG(s) dict_keys(['example_short_circuit_operator']) retrieved from /usr/local/python/3.10.8/lib/python3.10/site-packages/airflow/example_dags/example_short_circuit_operator.py
[2023-11-14T16:29:55.309+0000] {logging_mixin.py:137} INFO - [2023-11-14T16:29:55.309+0000] {dag.py:2690} INFO - Sync 1 DAGs
[2023-11-14T16:29:55.324+0000] {logging_mixin.py:137} INFO - [2023-11-14T16:29:55.324+0000] {dag.py:3437} INFO - Setting next_dagrun for example_short_circuit_operator to 2023-11-13T16:29:55.324631+00:00, run_after=2023-11-14T16:29:55.324631+00:00
[2023-11-14T16:29:55.385+0000] {processor.py:175} INFO - Processing /usr/local/python/3.10.8/lib/python3.10/site-packages/airflow/example_dags/example_short_circuit_operator.py took 0.114 seconds
[2023-11-14T16:30:41.870+0000] {processor.py:153} INFO - Started process (PID=16684) to work on /usr/local/python/3.10.8/lib/python3.10/site-packages/airflow/example_dags/example_short_circuit_operator.py
[2023-11-14T16:30:41.872+0000] {processor.py:743} INFO - Processing file /usr/local/python/3.10.8/lib/python3.10/site-packages/airflow/example_dags/example_short_circuit_operator.py for tasks to queue
[2023-11-14T16:30:41.872+0000] {logging_mixin.py:137} INFO - [2023-11-14T16:30:41.872+0000] {dagbag.py:538} INFO - Filling up the DagBag from /usr/local/python/3.10.8/lib/python3.10/site-packages/airflow/example_dags/example_short_circuit_operator.py
[2023-11-14T16:30:41.894+0000] {processor.py:753} INFO - DAG(s) dict_keys(['example_short_circuit_operator']) retrieved from /usr/local/python/3.10.8/lib/python3.10/site-packages/airflow/example_dags/example_short_circuit_operator.py
[2023-11-14T16:30:41.917+0000] {logging_mixin.py:137} INFO - [2023-11-14T16:30:41.917+0000] {dag.py:2690} INFO - Sync 1 DAGs
[2023-11-14T16:30:41.939+0000] {logging_mixin.py:137} INFO - [2023-11-14T16:30:41.939+0000] {dag.py:3437} INFO - Setting next_dagrun for example_short_circuit_operator to 2023-11-13T16:30:41.939112+00:00, run_after=2023-11-14T16:30:41.939112+00:00
[2023-11-14T16:30:42.004+0000] {processor.py:175} INFO - Processing /usr/local/python/3.10.8/lib/python3.10/site-packages/airflow/example_dags/example_short_circuit_operator.py took 0.140 seconds
[2023-11-14T16:31:26.127+0000] {processor.py:153} INFO - Started process (PID=17018) to work on /usr/local/python/3.10.8/lib/python3.10/site-packages/airflow/example_dags/example_short_circuit_operator.py
[2023-11-14T16:31:26.128+0000] {processor.py:743} INFO - Processing file /usr/local/python/3.10.8/lib/python3.10/site-packages/airflow/example_dags/example_short_circuit_operator.py for tasks to queue
[2023-11-14T16:31:26.128+0000] {logging_mixin.py:137} INFO - [2023-11-14T16:31:26.128+0000] {dagbag.py:538} INFO - Filling up the DagBag from /usr/local/python/3.10.8/lib/python3.10/site-packages/airflow/example_dags/example_short_circuit_operator.py
[2023-11-14T16:31:26.142+0000] {processor.py:753} INFO - DAG(s) dict_keys(['example_short_circuit_operator']) retrieved from /usr/local/python/3.10.8/lib/python3.10/site-packages/airflow/example_dags/example_short_circuit_operator.py
[2023-11-14T16:31:26.157+0000] {logging_mixin.py:137} INFO - [2023-11-14T16:31:26.157+0000] {dag.py:2690} INFO - Sync 1 DAGs
[2023-11-14T16:31:26.173+0000] {logging_mixin.py:137} INFO - [2023-11-14T16:31:26.173+0000] {dag.py:3437} INFO - Setting next_dagrun for example_short_circuit_operator to 2023-11-13T16:31:26.173040+00:00, run_after=2023-11-14T16:31:26.173040+00:00
[2023-11-14T16:31:26.234+0000] {processor.py:175} INFO - Processing /usr/local/python/3.10.8/lib/python3.10/site-packages/airflow/example_dags/example_short_circuit_operator.py took 0.109 seconds
