[2023-11-14T16:28:34.191+0000] {processor.py:153} INFO - Started process (PID=15686) to work on /usr/local/python/3.10.8/lib/python3.10/site-packages/airflow/example_dags/example_kubernetes_executor.py
[2023-11-14T16:28:34.192+0000] {processor.py:743} INFO - Processing file /usr/local/python/3.10.8/lib/python3.10/site-packages/airflow/example_dags/example_kubernetes_executor.py for tasks to queue
[2023-11-14T16:28:34.192+0000] {logging_mixin.py:137} INFO - [2023-11-14T16:28:34.192+0000] {dagbag.py:538} INFO - Filling up the DagBag from /usr/local/python/3.10.8/lib/python3.10/site-packages/airflow/example_dags/example_kubernetes_executor.py
[2023-11-14T16:28:34.214+0000] {logging_mixin.py:137} INFO - [2023-11-14T16:28:34.214+0000] {example_kubernetes_executor.py:41} WARNING - The example_kubernetes_executor example DAG requires the kubernetes provider. Please install it with: pip install apache-airflow[cncf.kubernetes]
[2023-11-14T16:28:34.214+0000] {processor.py:755} WARNING - No viable dags retrieved from /usr/local/python/3.10.8/lib/python3.10/site-packages/airflow/example_dags/example_kubernetes_executor.py
[2023-11-14T16:28:34.223+0000] {processor.py:175} INFO - Processing /usr/local/python/3.10.8/lib/python3.10/site-packages/airflow/example_dags/example_kubernetes_executor.py took 0.035 seconds
[2023-11-14T16:29:22.642+0000] {processor.py:153} INFO - Started process (PID=16089) to work on /usr/local/python/3.10.8/lib/python3.10/site-packages/airflow/example_dags/example_kubernetes_executor.py
[2023-11-14T16:29:22.643+0000] {processor.py:743} INFO - Processing file /usr/local/python/3.10.8/lib/python3.10/site-packages/airflow/example_dags/example_kubernetes_executor.py for tasks to queue
[2023-11-14T16:29:22.643+0000] {logging_mixin.py:137} INFO - [2023-11-14T16:29:22.643+0000] {dagbag.py:538} INFO - Filling up the DagBag from /usr/local/python/3.10.8/lib/python3.10/site-packages/airflow/example_dags/example_kubernetes_executor.py
[2023-11-14T16:29:22.659+0000] {logging_mixin.py:137} INFO - [2023-11-14T16:29:22.658+0000] {example_kubernetes_executor.py:41} WARNING - The example_kubernetes_executor example DAG requires the kubernetes provider. Please install it with: pip install apache-airflow[cncf.kubernetes]
[2023-11-14T16:29:22.659+0000] {processor.py:755} WARNING - No viable dags retrieved from /usr/local/python/3.10.8/lib/python3.10/site-packages/airflow/example_dags/example_kubernetes_executor.py
[2023-11-14T16:29:22.664+0000] {processor.py:175} INFO - Processing /usr/local/python/3.10.8/lib/python3.10/site-packages/airflow/example_dags/example_kubernetes_executor.py took 0.024 seconds
[2023-11-14T16:30:05.507+0000] {processor.py:153} INFO - Started process (PID=16417) to work on /usr/local/python/3.10.8/lib/python3.10/site-packages/airflow/example_dags/example_kubernetes_executor.py
[2023-11-14T16:30:05.508+0000] {processor.py:743} INFO - Processing file /usr/local/python/3.10.8/lib/python3.10/site-packages/airflow/example_dags/example_kubernetes_executor.py for tasks to queue
[2023-11-14T16:30:05.509+0000] {logging_mixin.py:137} INFO - [2023-11-14T16:30:05.509+0000] {dagbag.py:538} INFO - Filling up the DagBag from /usr/local/python/3.10.8/lib/python3.10/site-packages/airflow/example_dags/example_kubernetes_executor.py
[2023-11-14T16:30:05.524+0000] {logging_mixin.py:137} INFO - [2023-11-14T16:30:05.524+0000] {example_kubernetes_executor.py:41} WARNING - The example_kubernetes_executor example DAG requires the kubernetes provider. Please install it with: pip install apache-airflow[cncf.kubernetes]
[2023-11-14T16:30:05.525+0000] {processor.py:755} WARNING - No viable dags retrieved from /usr/local/python/3.10.8/lib/python3.10/site-packages/airflow/example_dags/example_kubernetes_executor.py
[2023-11-14T16:30:05.532+0000] {processor.py:175} INFO - Processing /usr/local/python/3.10.8/lib/python3.10/site-packages/airflow/example_dags/example_kubernetes_executor.py took 0.027 seconds
[2023-11-14T16:30:55.962+0000] {processor.py:153} INFO - Started process (PID=16773) to work on /usr/local/python/3.10.8/lib/python3.10/site-packages/airflow/example_dags/example_kubernetes_executor.py
[2023-11-14T16:30:55.962+0000] {processor.py:743} INFO - Processing file /usr/local/python/3.10.8/lib/python3.10/site-packages/airflow/example_dags/example_kubernetes_executor.py for tasks to queue
[2023-11-14T16:30:55.963+0000] {logging_mixin.py:137} INFO - [2023-11-14T16:30:55.963+0000] {dagbag.py:538} INFO - Filling up the DagBag from /usr/local/python/3.10.8/lib/python3.10/site-packages/airflow/example_dags/example_kubernetes_executor.py
[2023-11-14T16:30:55.978+0000] {logging_mixin.py:137} INFO - [2023-11-14T16:30:55.978+0000] {example_kubernetes_executor.py:41} WARNING - The example_kubernetes_executor example DAG requires the kubernetes provider. Please install it with: pip install apache-airflow[cncf.kubernetes]
[2023-11-14T16:30:55.978+0000] {processor.py:755} WARNING - No viable dags retrieved from /usr/local/python/3.10.8/lib/python3.10/site-packages/airflow/example_dags/example_kubernetes_executor.py
[2023-11-14T16:30:55.983+0000] {processor.py:175} INFO - Processing /usr/local/python/3.10.8/lib/python3.10/site-packages/airflow/example_dags/example_kubernetes_executor.py took 0.024 seconds
[2023-11-14T16:32:04.096+0000] {processor.py:153} INFO - Started process (PID=17376) to work on /usr/local/python/3.10.8/lib/python3.10/site-packages/airflow/example_dags/example_kubernetes_executor.py
[2023-11-14T16:32:04.097+0000] {processor.py:743} INFO - Processing file /usr/local/python/3.10.8/lib/python3.10/site-packages/airflow/example_dags/example_kubernetes_executor.py for tasks to queue
[2023-11-14T16:32:04.097+0000] {logging_mixin.py:137} INFO - [2023-11-14T16:32:04.097+0000] {dagbag.py:538} INFO - Filling up the DagBag from /usr/local/python/3.10.8/lib/python3.10/site-packages/airflow/example_dags/example_kubernetes_executor.py
[2023-11-14T16:32:04.119+0000] {logging_mixin.py:137} INFO - [2023-11-14T16:32:04.119+0000] {example_kubernetes_executor.py:41} WARNING - The example_kubernetes_executor example DAG requires the kubernetes provider. Please install it with: pip install apache-airflow[cncf.kubernetes]
[2023-11-14T16:32:04.119+0000] {processor.py:755} WARNING - No viable dags retrieved from /usr/local/python/3.10.8/lib/python3.10/site-packages/airflow/example_dags/example_kubernetes_executor.py
[2023-11-14T16:32:04.125+0000] {processor.py:175} INFO - Processing /usr/local/python/3.10.8/lib/python3.10/site-packages/airflow/example_dags/example_kubernetes_executor.py took 0.031 seconds
