[2023-11-14T16:28:23.491+0000] {processor.py:153} INFO - Started process (PID=15563) to work on /usr/local/python/3.10.8/lib/python3.10/site-packages/airflow/example_dags/example_short_circuit_decorator.py
[2023-11-14T16:28:23.492+0000] {processor.py:743} INFO - Processing file /usr/local/python/3.10.8/lib/python3.10/site-packages/airflow/example_dags/example_short_circuit_decorator.py for tasks to queue
[2023-11-14T16:28:23.492+0000] {logging_mixin.py:137} INFO - [2023-11-14T16:28:23.492+0000] {dagbag.py:538} INFO - Filling up the DagBag from /usr/local/python/3.10.8/lib/python3.10/site-packages/airflow/example_dags/example_short_circuit_decorator.py
[2023-11-14T16:28:23.517+0000] {processor.py:753} INFO - DAG(s) dict_keys(['example_short_circuit_decorator']) retrieved from /usr/local/python/3.10.8/lib/python3.10/site-packages/airflow/example_dags/example_short_circuit_decorator.py
[2023-11-14T16:28:23.693+0000] {logging_mixin.py:137} INFO - [2023-11-14T16:28:23.693+0000] {manager.py:504} INFO - Created Permission View: can delete on DAG:example_short_circuit_decorator
[2023-11-14T16:28:23.744+0000] {logging_mixin.py:137} INFO - [2023-11-14T16:28:23.743+0000] {manager.py:504} INFO - Created Permission View: can edit on DAG:example_short_circuit_decorator
[2023-11-14T16:28:23.795+0000] {logging_mixin.py:137} INFO - [2023-11-14T16:28:23.794+0000] {manager.py:504} INFO - Created Permission View: can read on DAG:example_short_circuit_decorator
[2023-11-14T16:28:23.795+0000] {logging_mixin.py:137} INFO - [2023-11-14T16:28:23.795+0000] {dag.py:2690} INFO - Sync 1 DAGs
[2023-11-14T16:28:23.806+0000] {logging_mixin.py:137} INFO - [2023-11-14T16:28:23.806+0000] {dag.py:2711} INFO - Creating ORM DAG for example_short_circuit_decorator
[2023-11-14T16:28:23.825+0000] {logging_mixin.py:137} INFO - [2023-11-14T16:28:23.824+0000] {dag.py:3437} INFO - Setting next_dagrun for example_short_circuit_decorator to 2023-11-13T16:28:23.824695+00:00, run_after=2023-11-14T16:28:23.824695+00:00
[2023-11-14T16:28:23.963+0000] {processor.py:175} INFO - Processing /usr/local/python/3.10.8/lib/python3.10/site-packages/airflow/example_dags/example_short_circuit_decorator.py took 0.474 seconds
[2023-11-14T16:29:16.982+0000] {processor.py:153} INFO - Started process (PID=16054) to work on /usr/local/python/3.10.8/lib/python3.10/site-packages/airflow/example_dags/example_short_circuit_decorator.py
[2023-11-14T16:29:16.982+0000] {processor.py:743} INFO - Processing file /usr/local/python/3.10.8/lib/python3.10/site-packages/airflow/example_dags/example_short_circuit_decorator.py for tasks to queue
[2023-11-14T16:29:16.983+0000] {logging_mixin.py:137} INFO - [2023-11-14T16:29:16.983+0000] {dagbag.py:538} INFO - Filling up the DagBag from /usr/local/python/3.10.8/lib/python3.10/site-packages/airflow/example_dags/example_short_circuit_decorator.py
[2023-11-14T16:29:17.008+0000] {processor.py:753} INFO - DAG(s) dict_keys(['example_short_circuit_decorator']) retrieved from /usr/local/python/3.10.8/lib/python3.10/site-packages/airflow/example_dags/example_short_circuit_decorator.py
[2023-11-14T16:29:17.023+0000] {logging_mixin.py:137} INFO - [2023-11-14T16:29:17.023+0000] {dag.py:2690} INFO - Sync 1 DAGs
[2023-11-14T16:29:17.041+0000] {logging_mixin.py:137} INFO - [2023-11-14T16:29:17.041+0000] {dag.py:3437} INFO - Setting next_dagrun for example_short_circuit_decorator to 2023-11-13T16:29:17.041038+00:00, run_after=2023-11-14T16:29:17.041038+00:00
[2023-11-14T16:29:17.144+0000] {processor.py:175} INFO - Processing /usr/local/python/3.10.8/lib/python3.10/site-packages/airflow/example_dags/example_short_circuit_decorator.py took 0.165 seconds
[2023-11-14T16:30:01.123+0000] {processor.py:153} INFO - Started process (PID=16388) to work on /usr/local/python/3.10.8/lib/python3.10/site-packages/airflow/example_dags/example_short_circuit_decorator.py
[2023-11-14T16:30:01.124+0000] {processor.py:743} INFO - Processing file /usr/local/python/3.10.8/lib/python3.10/site-packages/airflow/example_dags/example_short_circuit_decorator.py for tasks to queue
[2023-11-14T16:30:01.124+0000] {logging_mixin.py:137} INFO - [2023-11-14T16:30:01.124+0000] {dagbag.py:538} INFO - Filling up the DagBag from /usr/local/python/3.10.8/lib/python3.10/site-packages/airflow/example_dags/example_short_circuit_decorator.py
[2023-11-14T16:30:01.147+0000] {processor.py:753} INFO - DAG(s) dict_keys(['example_short_circuit_decorator']) retrieved from /usr/local/python/3.10.8/lib/python3.10/site-packages/airflow/example_dags/example_short_circuit_decorator.py
[2023-11-14T16:30:01.162+0000] {logging_mixin.py:137} INFO - [2023-11-14T16:30:01.162+0000] {dag.py:2690} INFO - Sync 1 DAGs
[2023-11-14T16:30:01.178+0000] {logging_mixin.py:137} INFO - [2023-11-14T16:30:01.178+0000] {dag.py:3437} INFO - Setting next_dagrun for example_short_circuit_decorator to 2023-11-13T16:30:01.177915+00:00, run_after=2023-11-14T16:30:01.177915+00:00
[2023-11-14T16:30:01.242+0000] {processor.py:175} INFO - Processing /usr/local/python/3.10.8/lib/python3.10/site-packages/airflow/example_dags/example_short_circuit_decorator.py took 0.121 seconds
[2023-11-14T16:30:50.309+0000] {processor.py:153} INFO - Started process (PID=16743) to work on /usr/local/python/3.10.8/lib/python3.10/site-packages/airflow/example_dags/example_short_circuit_decorator.py
[2023-11-14T16:30:50.310+0000] {processor.py:743} INFO - Processing file /usr/local/python/3.10.8/lib/python3.10/site-packages/airflow/example_dags/example_short_circuit_decorator.py for tasks to queue
[2023-11-14T16:30:50.310+0000] {logging_mixin.py:137} INFO - [2023-11-14T16:30:50.310+0000] {dagbag.py:538} INFO - Filling up the DagBag from /usr/local/python/3.10.8/lib/python3.10/site-packages/airflow/example_dags/example_short_circuit_decorator.py
[2023-11-14T16:30:50.334+0000] {processor.py:753} INFO - DAG(s) dict_keys(['example_short_circuit_decorator']) retrieved from /usr/local/python/3.10.8/lib/python3.10/site-packages/airflow/example_dags/example_short_circuit_decorator.py
[2023-11-14T16:30:50.349+0000] {logging_mixin.py:137} INFO - [2023-11-14T16:30:50.349+0000] {dag.py:2690} INFO - Sync 1 DAGs
[2023-11-14T16:30:50.364+0000] {logging_mixin.py:137} INFO - [2023-11-14T16:30:50.364+0000] {dag.py:3437} INFO - Setting next_dagrun for example_short_circuit_decorator to 2023-11-13T16:30:50.364169+00:00, run_after=2023-11-14T16:30:50.364169+00:00
[2023-11-14T16:30:50.422+0000] {processor.py:175} INFO - Processing /usr/local/python/3.10.8/lib/python3.10/site-packages/airflow/example_dags/example_short_circuit_decorator.py took 0.114 seconds
[2023-11-14T16:31:58.811+0000] {processor.py:153} INFO - Started process (PID=17294) to work on /usr/local/python/3.10.8/lib/python3.10/site-packages/airflow/example_dags/example_short_circuit_decorator.py
[2023-11-14T16:31:58.811+0000] {processor.py:743} INFO - Processing file /usr/local/python/3.10.8/lib/python3.10/site-packages/airflow/example_dags/example_short_circuit_decorator.py for tasks to queue
[2023-11-14T16:31:58.812+0000] {logging_mixin.py:137} INFO - [2023-11-14T16:31:58.812+0000] {dagbag.py:538} INFO - Filling up the DagBag from /usr/local/python/3.10.8/lib/python3.10/site-packages/airflow/example_dags/example_short_circuit_decorator.py
[2023-11-14T16:31:58.844+0000] {processor.py:753} INFO - DAG(s) dict_keys(['example_short_circuit_decorator']) retrieved from /usr/local/python/3.10.8/lib/python3.10/site-packages/airflow/example_dags/example_short_circuit_decorator.py
[2023-11-14T16:31:58.859+0000] {logging_mixin.py:137} INFO - [2023-11-14T16:31:58.859+0000] {dag.py:2690} INFO - Sync 1 DAGs
[2023-11-14T16:31:58.875+0000] {logging_mixin.py:137} INFO - [2023-11-14T16:31:58.875+0000] {dag.py:3437} INFO - Setting next_dagrun for example_short_circuit_decorator to 2023-11-13T16:31:58.875219+00:00, run_after=2023-11-14T16:31:58.875219+00:00
[2023-11-14T16:31:58.927+0000] {processor.py:175} INFO - Processing /usr/local/python/3.10.8/lib/python3.10/site-packages/airflow/example_dags/example_short_circuit_decorator.py took 0.119 seconds
