[2023-11-14T16:27:54.177+0000] {processor.py:153} INFO - Started process (PID=15365) to work on /usr/local/python/3.10.8/lib/python3.10/site-packages/airflow/example_dags/tutorial_taskflow_api_virtualenv.py
[2023-11-14T16:27:54.177+0000] {processor.py:743} INFO - Processing file /usr/local/python/3.10.8/lib/python3.10/site-packages/airflow/example_dags/tutorial_taskflow_api_virtualenv.py for tasks to queue
[2023-11-14T16:27:54.178+0000] {logging_mixin.py:137} INFO - [2023-11-14T16:27:54.178+0000] {dagbag.py:538} INFO - Filling up the DagBag from /usr/local/python/3.10.8/lib/python3.10/site-packages/airflow/example_dags/tutorial_taskflow_api_virtualenv.py
[2023-11-14T16:27:54.336+0000] {processor.py:753} INFO - DAG(s) dict_keys(['tutorial_taskflow_api_virtualenv']) retrieved from /usr/local/python/3.10.8/lib/python3.10/site-packages/airflow/example_dags/tutorial_taskflow_api_virtualenv.py
[2023-11-14T16:27:54.531+0000] {logging_mixin.py:137} INFO - [2023-11-14T16:27:54.530+0000] {manager.py:504} INFO - Created Permission View: can delete on DAG:tutorial_taskflow_api_virtualenv
[2023-11-14T16:27:54.584+0000] {logging_mixin.py:137} INFO - [2023-11-14T16:27:54.584+0000] {manager.py:504} INFO - Created Permission View: can edit on DAG:tutorial_taskflow_api_virtualenv
[2023-11-14T16:27:54.632+0000] {logging_mixin.py:137} INFO - [2023-11-14T16:27:54.632+0000] {manager.py:504} INFO - Created Permission View: can read on DAG:tutorial_taskflow_api_virtualenv
[2023-11-14T16:27:54.632+0000] {logging_mixin.py:137} INFO - [2023-11-14T16:27:54.632+0000] {dag.py:2690} INFO - Sync 1 DAGs
[2023-11-14T16:27:54.643+0000] {logging_mixin.py:137} INFO - [2023-11-14T16:27:54.642+0000] {dag.py:2711} INFO - Creating ORM DAG for tutorial_taskflow_api_virtualenv
[2023-11-14T16:27:54.649+0000] {logging_mixin.py:137} INFO - [2023-11-14T16:27:54.649+0000] {dag.py:3437} INFO - Setting next_dagrun for tutorial_taskflow_api_virtualenv to None, run_after=None
[2023-11-14T16:27:54.785+0000] {processor.py:175} INFO - Processing /usr/local/python/3.10.8/lib/python3.10/site-packages/airflow/example_dags/tutorial_taskflow_api_virtualenv.py took 0.610 seconds
[2023-11-14T16:28:53.414+0000] {processor.py:153} INFO - Started process (PID=15866) to work on /usr/local/python/3.10.8/lib/python3.10/site-packages/airflow/example_dags/tutorial_taskflow_api_virtualenv.py
[2023-11-14T16:28:53.415+0000] {processor.py:743} INFO - Processing file /usr/local/python/3.10.8/lib/python3.10/site-packages/airflow/example_dags/tutorial_taskflow_api_virtualenv.py for tasks to queue
[2023-11-14T16:28:53.415+0000] {logging_mixin.py:137} INFO - [2023-11-14T16:28:53.415+0000] {dagbag.py:538} INFO - Filling up the DagBag from /usr/local/python/3.10.8/lib/python3.10/site-packages/airflow/example_dags/tutorial_taskflow_api_virtualenv.py
[2023-11-14T16:28:53.441+0000] {processor.py:753} INFO - DAG(s) dict_keys(['tutorial_taskflow_api_virtualenv']) retrieved from /usr/local/python/3.10.8/lib/python3.10/site-packages/airflow/example_dags/tutorial_taskflow_api_virtualenv.py
[2023-11-14T16:28:53.461+0000] {logging_mixin.py:137} INFO - [2023-11-14T16:28:53.461+0000] {dag.py:2690} INFO - Sync 1 DAGs
[2023-11-14T16:28:53.481+0000] {logging_mixin.py:137} INFO - [2023-11-14T16:28:53.481+0000] {dag.py:3437} INFO - Setting next_dagrun for tutorial_taskflow_api_virtualenv to None, run_after=None
[2023-11-14T16:28:53.583+0000] {processor.py:175} INFO - Processing /usr/local/python/3.10.8/lib/python3.10/site-packages/airflow/example_dags/tutorial_taskflow_api_virtualenv.py took 0.171 seconds
[2023-11-14T16:29:33.495+0000] {processor.py:153} INFO - Started process (PID=16177) to work on /usr/local/python/3.10.8/lib/python3.10/site-packages/airflow/example_dags/tutorial_taskflow_api_virtualenv.py
[2023-11-14T16:29:33.495+0000] {processor.py:743} INFO - Processing file /usr/local/python/3.10.8/lib/python3.10/site-packages/airflow/example_dags/tutorial_taskflow_api_virtualenv.py for tasks to queue
[2023-11-14T16:29:33.496+0000] {logging_mixin.py:137} INFO - [2023-11-14T16:29:33.496+0000] {dagbag.py:538} INFO - Filling up the DagBag from /usr/local/python/3.10.8/lib/python3.10/site-packages/airflow/example_dags/tutorial_taskflow_api_virtualenv.py
[2023-11-14T16:29:33.517+0000] {processor.py:753} INFO - DAG(s) dict_keys(['tutorial_taskflow_api_virtualenv']) retrieved from /usr/local/python/3.10.8/lib/python3.10/site-packages/airflow/example_dags/tutorial_taskflow_api_virtualenv.py
[2023-11-14T16:29:33.531+0000] {logging_mixin.py:137} INFO - [2023-11-14T16:29:33.531+0000] {dag.py:2690} INFO - Sync 1 DAGs
[2023-11-14T16:29:33.546+0000] {logging_mixin.py:137} INFO - [2023-11-14T16:29:33.546+0000] {dag.py:3437} INFO - Setting next_dagrun for tutorial_taskflow_api_virtualenv to None, run_after=None
[2023-11-14T16:29:33.606+0000] {processor.py:175} INFO - Processing /usr/local/python/3.10.8/lib/python3.10/site-packages/airflow/example_dags/tutorial_taskflow_api_virtualenv.py took 0.113 seconds
[2023-11-14T16:30:16.943+0000] {processor.py:153} INFO - Started process (PID=16522) to work on /usr/local/python/3.10.8/lib/python3.10/site-packages/airflow/example_dags/tutorial_taskflow_api_virtualenv.py
[2023-11-14T16:30:16.943+0000] {processor.py:743} INFO - Processing file /usr/local/python/3.10.8/lib/python3.10/site-packages/airflow/example_dags/tutorial_taskflow_api_virtualenv.py for tasks to queue
[2023-11-14T16:30:16.944+0000] {logging_mixin.py:137} INFO - [2023-11-14T16:30:16.944+0000] {dagbag.py:538} INFO - Filling up the DagBag from /usr/local/python/3.10.8/lib/python3.10/site-packages/airflow/example_dags/tutorial_taskflow_api_virtualenv.py
[2023-11-14T16:30:16.967+0000] {processor.py:753} INFO - DAG(s) dict_keys(['tutorial_taskflow_api_virtualenv']) retrieved from /usr/local/python/3.10.8/lib/python3.10/site-packages/airflow/example_dags/tutorial_taskflow_api_virtualenv.py
[2023-11-14T16:30:16.983+0000] {logging_mixin.py:137} INFO - [2023-11-14T16:30:16.983+0000] {dag.py:2690} INFO - Sync 1 DAGs
[2023-11-14T16:30:17.000+0000] {logging_mixin.py:137} INFO - [2023-11-14T16:30:17.000+0000] {dag.py:3437} INFO - Setting next_dagrun for tutorial_taskflow_api_virtualenv to None, run_after=None
[2023-11-14T16:30:17.068+0000] {processor.py:175} INFO - Processing /usr/local/python/3.10.8/lib/python3.10/site-packages/airflow/example_dags/tutorial_taskflow_api_virtualenv.py took 0.127 seconds
[2023-11-14T16:30:49.628+0000] {processor.py:153} INFO - Started process (PID=16742) to work on /usr/local/python/3.10.8/lib/python3.10/site-packages/airflow/example_dags/tutorial_taskflow_api_virtualenv.py
[2023-11-14T16:30:49.628+0000] {processor.py:743} INFO - Processing file /usr/local/python/3.10.8/lib/python3.10/site-packages/airflow/example_dags/tutorial_taskflow_api_virtualenv.py for tasks to queue
[2023-11-14T16:30:49.629+0000] {logging_mixin.py:137} INFO - [2023-11-14T16:30:49.629+0000] {dagbag.py:538} INFO - Filling up the DagBag from /usr/local/python/3.10.8/lib/python3.10/site-packages/airflow/example_dags/tutorial_taskflow_api_virtualenv.py
[2023-11-14T16:30:49.649+0000] {processor.py:753} INFO - DAG(s) dict_keys(['tutorial_taskflow_api_virtualenv']) retrieved from /usr/local/python/3.10.8/lib/python3.10/site-packages/airflow/example_dags/tutorial_taskflow_api_virtualenv.py
[2023-11-14T16:30:49.663+0000] {logging_mixin.py:137} INFO - [2023-11-14T16:30:49.663+0000] {dag.py:2690} INFO - Sync 1 DAGs
[2023-11-14T16:30:49.678+0000] {logging_mixin.py:137} INFO - [2023-11-14T16:30:49.678+0000] {dag.py:3437} INFO - Setting next_dagrun for tutorial_taskflow_api_virtualenv to None, run_after=None
[2023-11-14T16:30:49.740+0000] {processor.py:175} INFO - Processing /usr/local/python/3.10.8/lib/python3.10/site-packages/airflow/example_dags/tutorial_taskflow_api_virtualenv.py took 0.114 seconds
[2023-11-14T16:31:46.055+0000] {processor.py:153} INFO - Started process (PID=17167) to work on /usr/local/python/3.10.8/lib/python3.10/site-packages/airflow/example_dags/tutorial_taskflow_api_virtualenv.py
[2023-11-14T16:31:46.055+0000] {processor.py:743} INFO - Processing file /usr/local/python/3.10.8/lib/python3.10/site-packages/airflow/example_dags/tutorial_taskflow_api_virtualenv.py for tasks to queue
[2023-11-14T16:31:46.056+0000] {logging_mixin.py:137} INFO - [2023-11-14T16:31:46.056+0000] {dagbag.py:538} INFO - Filling up the DagBag from /usr/local/python/3.10.8/lib/python3.10/site-packages/airflow/example_dags/tutorial_taskflow_api_virtualenv.py
[2023-11-14T16:31:46.076+0000] {processor.py:753} INFO - DAG(s) dict_keys(['tutorial_taskflow_api_virtualenv']) retrieved from /usr/local/python/3.10.8/lib/python3.10/site-packages/airflow/example_dags/tutorial_taskflow_api_virtualenv.py
[2023-11-14T16:31:46.091+0000] {logging_mixin.py:137} INFO - [2023-11-14T16:31:46.091+0000] {dag.py:2690} INFO - Sync 1 DAGs
[2023-11-14T16:31:46.109+0000] {logging_mixin.py:137} INFO - [2023-11-14T16:31:46.109+0000] {dag.py:3437} INFO - Setting next_dagrun for tutorial_taskflow_api_virtualenv to None, run_after=None
[2023-11-14T16:31:46.174+0000] {processor.py:175} INFO - Processing /usr/local/python/3.10.8/lib/python3.10/site-packages/airflow/example_dags/tutorial_taskflow_api_virtualenv.py took 0.122 seconds
