[2023-11-14T16:27:55.920+0000] {processor.py:153} INFO - Started process (PID=15375) to work on /usr/local/python/3.10.8/lib/python3.10/site-packages/airflow/example_dags/tutorial_dag.py
[2023-11-14T16:27:55.921+0000] {processor.py:743} INFO - Processing file /usr/local/python/3.10.8/lib/python3.10/site-packages/airflow/example_dags/tutorial_dag.py for tasks to queue
[2023-11-14T16:27:55.922+0000] {logging_mixin.py:137} INFO - [2023-11-14T16:27:55.922+0000] {dagbag.py:538} INFO - Filling up the DagBag from /usr/local/python/3.10.8/lib/python3.10/site-packages/airflow/example_dags/tutorial_dag.py
[2023-11-14T16:27:55.933+0000] {processor.py:753} INFO - DAG(s) dict_keys(['tutorial_dag']) retrieved from /usr/local/python/3.10.8/lib/python3.10/site-packages/airflow/example_dags/tutorial_dag.py
[2023-11-14T16:27:56.128+0000] {logging_mixin.py:137} INFO - [2023-11-14T16:27:56.128+0000] {manager.py:504} INFO - Created Permission View: can delete on DAG:tutorial_dag
[2023-11-14T16:27:56.196+0000] {logging_mixin.py:137} INFO - [2023-11-14T16:27:56.195+0000] {manager.py:504} INFO - Created Permission View: can edit on DAG:tutorial_dag
[2023-11-14T16:27:56.270+0000] {logging_mixin.py:137} INFO - [2023-11-14T16:27:56.270+0000] {manager.py:504} INFO - Created Permission View: can read on DAG:tutorial_dag
[2023-11-14T16:27:56.270+0000] {logging_mixin.py:137} INFO - [2023-11-14T16:27:56.270+0000] {dag.py:2690} INFO - Sync 1 DAGs
[2023-11-14T16:27:56.280+0000] {logging_mixin.py:137} INFO - [2023-11-14T16:27:56.280+0000] {dag.py:2711} INFO - Creating ORM DAG for tutorial_dag
[2023-11-14T16:27:56.287+0000] {logging_mixin.py:137} INFO - [2023-11-14T16:27:56.286+0000] {dag.py:3437} INFO - Setting next_dagrun for tutorial_dag to None, run_after=None
[2023-11-14T16:27:56.408+0000] {processor.py:175} INFO - Processing /usr/local/python/3.10.8/lib/python3.10/site-packages/airflow/example_dags/tutorial_dag.py took 0.490 seconds
[2023-11-14T16:28:54.152+0000] {processor.py:153} INFO - Started process (PID=15867) to work on /usr/local/python/3.10.8/lib/python3.10/site-packages/airflow/example_dags/tutorial_dag.py
[2023-11-14T16:28:54.152+0000] {processor.py:743} INFO - Processing file /usr/local/python/3.10.8/lib/python3.10/site-packages/airflow/example_dags/tutorial_dag.py for tasks to queue
[2023-11-14T16:28:54.153+0000] {logging_mixin.py:137} INFO - [2023-11-14T16:28:54.152+0000] {dagbag.py:538} INFO - Filling up the DagBag from /usr/local/python/3.10.8/lib/python3.10/site-packages/airflow/example_dags/tutorial_dag.py
[2023-11-14T16:28:54.163+0000] {processor.py:753} INFO - DAG(s) dict_keys(['tutorial_dag']) retrieved from /usr/local/python/3.10.8/lib/python3.10/site-packages/airflow/example_dags/tutorial_dag.py
[2023-11-14T16:28:54.179+0000] {logging_mixin.py:137} INFO - [2023-11-14T16:28:54.179+0000] {dag.py:2690} INFO - Sync 1 DAGs
[2023-11-14T16:28:54.193+0000] {logging_mixin.py:137} INFO - [2023-11-14T16:28:54.193+0000] {dag.py:3437} INFO - Setting next_dagrun for tutorial_dag to None, run_after=None
[2023-11-14T16:28:54.288+0000] {processor.py:175} INFO - Processing /usr/local/python/3.10.8/lib/python3.10/site-packages/airflow/example_dags/tutorial_dag.py took 0.139 seconds
[2023-11-14T16:29:34.777+0000] {processor.py:153} INFO - Started process (PID=16184) to work on /usr/local/python/3.10.8/lib/python3.10/site-packages/airflow/example_dags/tutorial_dag.py
[2023-11-14T16:29:34.778+0000] {processor.py:743} INFO - Processing file /usr/local/python/3.10.8/lib/python3.10/site-packages/airflow/example_dags/tutorial_dag.py for tasks to queue
[2023-11-14T16:29:34.778+0000] {logging_mixin.py:137} INFO - [2023-11-14T16:29:34.778+0000] {dagbag.py:538} INFO - Filling up the DagBag from /usr/local/python/3.10.8/lib/python3.10/site-packages/airflow/example_dags/tutorial_dag.py
[2023-11-14T16:29:34.789+0000] {processor.py:753} INFO - DAG(s) dict_keys(['tutorial_dag']) retrieved from /usr/local/python/3.10.8/lib/python3.10/site-packages/airflow/example_dags/tutorial_dag.py
[2023-11-14T16:29:34.804+0000] {logging_mixin.py:137} INFO - [2023-11-14T16:29:34.804+0000] {dag.py:2690} INFO - Sync 1 DAGs
[2023-11-14T16:29:34.818+0000] {logging_mixin.py:137} INFO - [2023-11-14T16:29:34.818+0000] {dag.py:3437} INFO - Setting next_dagrun for tutorial_dag to None, run_after=None
[2023-11-14T16:29:34.875+0000] {processor.py:175} INFO - Processing /usr/local/python/3.10.8/lib/python3.10/site-packages/airflow/example_dags/tutorial_dag.py took 0.100 seconds
[2023-11-14T16:30:18.179+0000] {processor.py:153} INFO - Started process (PID=16528) to work on /usr/local/python/3.10.8/lib/python3.10/site-packages/airflow/example_dags/tutorial_dag.py
[2023-11-14T16:30:18.180+0000] {processor.py:743} INFO - Processing file /usr/local/python/3.10.8/lib/python3.10/site-packages/airflow/example_dags/tutorial_dag.py for tasks to queue
[2023-11-14T16:30:18.181+0000] {logging_mixin.py:137} INFO - [2023-11-14T16:30:18.180+0000] {dagbag.py:538} INFO - Filling up the DagBag from /usr/local/python/3.10.8/lib/python3.10/site-packages/airflow/example_dags/tutorial_dag.py
[2023-11-14T16:30:18.194+0000] {processor.py:753} INFO - DAG(s) dict_keys(['tutorial_dag']) retrieved from /usr/local/python/3.10.8/lib/python3.10/site-packages/airflow/example_dags/tutorial_dag.py
[2023-11-14T16:30:18.209+0000] {logging_mixin.py:137} INFO - [2023-11-14T16:30:18.209+0000] {dag.py:2690} INFO - Sync 1 DAGs
[2023-11-14T16:30:18.225+0000] {logging_mixin.py:137} INFO - [2023-11-14T16:30:18.225+0000] {dag.py:3437} INFO - Setting next_dagrun for tutorial_dag to None, run_after=None
[2023-11-14T16:30:18.324+0000] {processor.py:175} INFO - Processing /usr/local/python/3.10.8/lib/python3.10/site-packages/airflow/example_dags/tutorial_dag.py took 0.147 seconds
[2023-11-14T16:31:04.960+0000] {processor.py:153} INFO - Started process (PID=16836) to work on /usr/local/python/3.10.8/lib/python3.10/site-packages/airflow/example_dags/tutorial_dag.py
[2023-11-14T16:31:04.961+0000] {processor.py:743} INFO - Processing file /usr/local/python/3.10.8/lib/python3.10/site-packages/airflow/example_dags/tutorial_dag.py for tasks to queue
[2023-11-14T16:31:04.961+0000] {logging_mixin.py:137} INFO - [2023-11-14T16:31:04.961+0000] {dagbag.py:538} INFO - Filling up the DagBag from /usr/local/python/3.10.8/lib/python3.10/site-packages/airflow/example_dags/tutorial_dag.py
[2023-11-14T16:31:04.973+0000] {processor.py:753} INFO - DAG(s) dict_keys(['tutorial_dag']) retrieved from /usr/local/python/3.10.8/lib/python3.10/site-packages/airflow/example_dags/tutorial_dag.py
[2023-11-14T16:31:04.988+0000] {logging_mixin.py:137} INFO - [2023-11-14T16:31:04.988+0000] {dag.py:2690} INFO - Sync 1 DAGs
[2023-11-14T16:31:05.003+0000] {logging_mixin.py:137} INFO - [2023-11-14T16:31:05.003+0000] {dag.py:3437} INFO - Setting next_dagrun for tutorial_dag to None, run_after=None
[2023-11-14T16:31:05.064+0000] {processor.py:175} INFO - Processing /usr/local/python/3.10.8/lib/python3.10/site-packages/airflow/example_dags/tutorial_dag.py took 0.105 seconds
[2023-11-14T16:31:47.290+0000] {processor.py:153} INFO - Started process (PID=17177) to work on /usr/local/python/3.10.8/lib/python3.10/site-packages/airflow/example_dags/tutorial_dag.py
[2023-11-14T16:31:47.291+0000] {processor.py:743} INFO - Processing file /usr/local/python/3.10.8/lib/python3.10/site-packages/airflow/example_dags/tutorial_dag.py for tasks to queue
[2023-11-14T16:31:47.291+0000] {logging_mixin.py:137} INFO - [2023-11-14T16:31:47.291+0000] {dagbag.py:538} INFO - Filling up the DagBag from /usr/local/python/3.10.8/lib/python3.10/site-packages/airflow/example_dags/tutorial_dag.py
[2023-11-14T16:31:47.303+0000] {processor.py:753} INFO - DAG(s) dict_keys(['tutorial_dag']) retrieved from /usr/local/python/3.10.8/lib/python3.10/site-packages/airflow/example_dags/tutorial_dag.py
[2023-11-14T16:31:47.317+0000] {logging_mixin.py:137} INFO - [2023-11-14T16:31:47.317+0000] {dag.py:2690} INFO - Sync 1 DAGs
[2023-11-14T16:31:47.331+0000] {logging_mixin.py:137} INFO - [2023-11-14T16:31:47.331+0000] {dag.py:3437} INFO - Setting next_dagrun for tutorial_dag to None, run_after=None
[2023-11-14T16:31:47.394+0000] {processor.py:175} INFO - Processing /usr/local/python/3.10.8/lib/python3.10/site-packages/airflow/example_dags/tutorial_dag.py took 0.106 seconds
