[2023-11-14T16:28:10.692+0000] {processor.py:153} INFO - Started process (PID=15467) to work on /usr/local/python/3.10.8/lib/python3.10/site-packages/airflow/example_dags/tutorial.py
[2023-11-14T16:28:10.693+0000] {processor.py:743} INFO - Processing file /usr/local/python/3.10.8/lib/python3.10/site-packages/airflow/example_dags/tutorial.py for tasks to queue
[2023-11-14T16:28:10.693+0000] {logging_mixin.py:137} INFO - [2023-11-14T16:28:10.693+0000] {dagbag.py:538} INFO - Filling up the DagBag from /usr/local/python/3.10.8/lib/python3.10/site-packages/airflow/example_dags/tutorial.py
[2023-11-14T16:28:10.705+0000] {processor.py:753} INFO - DAG(s) dict_keys(['tutorial']) retrieved from /usr/local/python/3.10.8/lib/python3.10/site-packages/airflow/example_dags/tutorial.py
[2023-11-14T16:28:10.898+0000] {logging_mixin.py:137} INFO - [2023-11-14T16:28:10.898+0000] {manager.py:504} INFO - Created Permission View: can delete on DAG:tutorial
[2023-11-14T16:28:10.946+0000] {logging_mixin.py:137} INFO - [2023-11-14T16:28:10.946+0000] {manager.py:504} INFO - Created Permission View: can edit on DAG:tutorial
[2023-11-14T16:28:10.996+0000] {logging_mixin.py:137} INFO - [2023-11-14T16:28:10.996+0000] {manager.py:504} INFO - Created Permission View: can read on DAG:tutorial
[2023-11-14T16:28:10.996+0000] {logging_mixin.py:137} INFO - [2023-11-14T16:28:10.996+0000] {dag.py:2690} INFO - Sync 1 DAGs
[2023-11-14T16:28:11.005+0000] {logging_mixin.py:137} INFO - [2023-11-14T16:28:11.004+0000] {dag.py:2711} INFO - Creating ORM DAG for tutorial
[2023-11-14T16:28:11.013+0000] {logging_mixin.py:137} INFO - [2023-11-14T16:28:11.013+0000] {dag.py:3437} INFO - Setting next_dagrun for tutorial to 2023-11-13T16:28:11.012961+00:00, run_after=2023-11-14T16:28:11.012961+00:00
[2023-11-14T16:28:11.125+0000] {processor.py:175} INFO - Processing /usr/local/python/3.10.8/lib/python3.10/site-packages/airflow/example_dags/tutorial.py took 0.435 seconds
[2023-11-14T16:29:07.028+0000] {processor.py:153} INFO - Started process (PID=15976) to work on /usr/local/python/3.10.8/lib/python3.10/site-packages/airflow/example_dags/tutorial.py
[2023-11-14T16:29:07.029+0000] {processor.py:743} INFO - Processing file /usr/local/python/3.10.8/lib/python3.10/site-packages/airflow/example_dags/tutorial.py for tasks to queue
[2023-11-14T16:29:07.029+0000] {logging_mixin.py:137} INFO - [2023-11-14T16:29:07.029+0000] {dagbag.py:538} INFO - Filling up the DagBag from /usr/local/python/3.10.8/lib/python3.10/site-packages/airflow/example_dags/tutorial.py
[2023-11-14T16:29:07.043+0000] {processor.py:753} INFO - DAG(s) dict_keys(['tutorial']) retrieved from /usr/local/python/3.10.8/lib/python3.10/site-packages/airflow/example_dags/tutorial.py
[2023-11-14T16:29:07.063+0000] {logging_mixin.py:137} INFO - [2023-11-14T16:29:07.063+0000] {dag.py:2690} INFO - Sync 1 DAGs
[2023-11-14T16:29:07.088+0000] {logging_mixin.py:137} INFO - [2023-11-14T16:29:07.088+0000] {dag.py:3437} INFO - Setting next_dagrun for tutorial to 2023-11-13T16:29:07.087963+00:00, run_after=2023-11-14T16:29:07.087963+00:00
[2023-11-14T16:29:07.213+0000] {processor.py:175} INFO - Processing /usr/local/python/3.10.8/lib/python3.10/site-packages/airflow/example_dags/tutorial.py took 0.186 seconds
[2023-11-14T16:29:50.074+0000] {processor.py:153} INFO - Started process (PID=16315) to work on /usr/local/python/3.10.8/lib/python3.10/site-packages/airflow/example_dags/tutorial.py
[2023-11-14T16:29:50.074+0000] {processor.py:743} INFO - Processing file /usr/local/python/3.10.8/lib/python3.10/site-packages/airflow/example_dags/tutorial.py for tasks to queue
[2023-11-14T16:29:50.075+0000] {logging_mixin.py:137} INFO - [2023-11-14T16:29:50.075+0000] {dagbag.py:538} INFO - Filling up the DagBag from /usr/local/python/3.10.8/lib/python3.10/site-packages/airflow/example_dags/tutorial.py
[2023-11-14T16:29:50.087+0000] {processor.py:753} INFO - DAG(s) dict_keys(['tutorial']) retrieved from /usr/local/python/3.10.8/lib/python3.10/site-packages/airflow/example_dags/tutorial.py
[2023-11-14T16:29:50.101+0000] {logging_mixin.py:137} INFO - [2023-11-14T16:29:50.101+0000] {dag.py:2690} INFO - Sync 1 DAGs
[2023-11-14T16:29:50.115+0000] {logging_mixin.py:137} INFO - [2023-11-14T16:29:50.115+0000] {dag.py:3437} INFO - Setting next_dagrun for tutorial to 2023-11-13T16:29:50.115207+00:00, run_after=2023-11-14T16:29:50.115207+00:00
[2023-11-14T16:29:50.182+0000] {processor.py:175} INFO - Processing /usr/local/python/3.10.8/lib/python3.10/site-packages/airflow/example_dags/tutorial.py took 0.110 seconds
[2023-11-14T16:30:37.505+0000] {processor.py:153} INFO - Started process (PID=16665) to work on /usr/local/python/3.10.8/lib/python3.10/site-packages/airflow/example_dags/tutorial.py
[2023-11-14T16:30:37.506+0000] {processor.py:743} INFO - Processing file /usr/local/python/3.10.8/lib/python3.10/site-packages/airflow/example_dags/tutorial.py for tasks to queue
[2023-11-14T16:30:37.507+0000] {logging_mixin.py:137} INFO - [2023-11-14T16:30:37.507+0000] {dagbag.py:538} INFO - Filling up the DagBag from /usr/local/python/3.10.8/lib/python3.10/site-packages/airflow/example_dags/tutorial.py
[2023-11-14T16:30:37.523+0000] {processor.py:753} INFO - DAG(s) dict_keys(['tutorial']) retrieved from /usr/local/python/3.10.8/lib/python3.10/site-packages/airflow/example_dags/tutorial.py
[2023-11-14T16:30:37.544+0000] {logging_mixin.py:137} INFO - [2023-11-14T16:30:37.543+0000] {dag.py:2690} INFO - Sync 1 DAGs
[2023-11-14T16:30:37.593+0000] {logging_mixin.py:137} INFO - [2023-11-14T16:30:37.593+0000] {dag.py:3437} INFO - Setting next_dagrun for tutorial to 2023-11-13T16:30:37.593523+00:00, run_after=2023-11-14T16:30:37.593523+00:00
[2023-11-14T16:30:37.671+0000] {processor.py:175} INFO - Processing /usr/local/python/3.10.8/lib/python3.10/site-packages/airflow/example_dags/tutorial.py took 0.167 seconds
[2023-11-14T16:31:21.006+0000] {processor.py:153} INFO - Started process (PID=16974) to work on /usr/local/python/3.10.8/lib/python3.10/site-packages/airflow/example_dags/tutorial.py
[2023-11-14T16:31:21.006+0000] {processor.py:743} INFO - Processing file /usr/local/python/3.10.8/lib/python3.10/site-packages/airflow/example_dags/tutorial.py for tasks to queue
[2023-11-14T16:31:21.007+0000] {logging_mixin.py:137} INFO - [2023-11-14T16:31:21.007+0000] {dagbag.py:538} INFO - Filling up the DagBag from /usr/local/python/3.10.8/lib/python3.10/site-packages/airflow/example_dags/tutorial.py
[2023-11-14T16:31:21.019+0000] {processor.py:753} INFO - DAG(s) dict_keys(['tutorial']) retrieved from /usr/local/python/3.10.8/lib/python3.10/site-packages/airflow/example_dags/tutorial.py
[2023-11-14T16:31:21.034+0000] {logging_mixin.py:137} INFO - [2023-11-14T16:31:21.034+0000] {dag.py:2690} INFO - Sync 1 DAGs
[2023-11-14T16:31:21.050+0000] {logging_mixin.py:137} INFO - [2023-11-14T16:31:21.050+0000] {dag.py:3437} INFO - Setting next_dagrun for tutorial to 2023-11-13T16:31:21.050157+00:00, run_after=2023-11-14T16:31:21.050157+00:00
[2023-11-14T16:31:21.113+0000] {processor.py:175} INFO - Processing /usr/local/python/3.10.8/lib/python3.10/site-packages/airflow/example_dags/tutorial.py took 0.110 seconds
[2023-11-14T16:32:13.755+0000] {processor.py:153} INFO - Started process (PID=17455) to work on /usr/local/python/3.10.8/lib/python3.10/site-packages/airflow/example_dags/tutorial.py
[2023-11-14T16:32:13.756+0000] {processor.py:743} INFO - Processing file /usr/local/python/3.10.8/lib/python3.10/site-packages/airflow/example_dags/tutorial.py for tasks to queue
[2023-11-14T16:32:13.756+0000] {logging_mixin.py:137} INFO - [2023-11-14T16:32:13.756+0000] {dagbag.py:538} INFO - Filling up the DagBag from /usr/local/python/3.10.8/lib/python3.10/site-packages/airflow/example_dags/tutorial.py
[2023-11-14T16:32:13.770+0000] {processor.py:753} INFO - DAG(s) dict_keys(['tutorial']) retrieved from /usr/local/python/3.10.8/lib/python3.10/site-packages/airflow/example_dags/tutorial.py
[2023-11-14T16:32:13.784+0000] {logging_mixin.py:137} INFO - [2023-11-14T16:32:13.784+0000] {dag.py:2690} INFO - Sync 1 DAGs
[2023-11-14T16:32:13.801+0000] {logging_mixin.py:137} INFO - [2023-11-14T16:32:13.800+0000] {dag.py:3437} INFO - Setting next_dagrun for tutorial to 2023-11-13T16:32:13.800743+00:00, run_after=2023-11-14T16:32:13.800743+00:00
[2023-11-14T16:32:13.862+0000] {processor.py:175} INFO - Processing /usr/local/python/3.10.8/lib/python3.10/site-packages/airflow/example_dags/tutorial.py took 0.109 seconds
