[2023-11-14T16:27:52.778+0000] {processor.py:153} INFO - Started process (PID=15334) to work on /usr/local/python/3.10.8/lib/python3.10/site-packages/airflow/example_dags/tutorial_taskflow_api.py
[2023-11-14T16:27:52.779+0000] {processor.py:743} INFO - Processing file /usr/local/python/3.10.8/lib/python3.10/site-packages/airflow/example_dags/tutorial_taskflow_api.py for tasks to queue
[2023-11-14T16:27:52.779+0000] {logging_mixin.py:137} INFO - [2023-11-14T16:27:52.779+0000] {dagbag.py:538} INFO - Filling up the DagBag from /usr/local/python/3.10.8/lib/python3.10/site-packages/airflow/example_dags/tutorial_taskflow_api.py
[2023-11-14T16:27:52.807+0000] {processor.py:753} INFO - DAG(s) dict_keys(['tutorial_taskflow_api']) retrieved from /usr/local/python/3.10.8/lib/python3.10/site-packages/airflow/example_dags/tutorial_taskflow_api.py
[2023-11-14T16:27:52.996+0000] {logging_mixin.py:137} INFO - [2023-11-14T16:27:52.995+0000] {manager.py:504} INFO - Created Permission View: can delete on DAG:tutorial_taskflow_api
[2023-11-14T16:27:53.078+0000] {logging_mixin.py:137} INFO - [2023-11-14T16:27:53.078+0000] {manager.py:504} INFO - Created Permission View: can edit on DAG:tutorial_taskflow_api
[2023-11-14T16:27:53.130+0000] {logging_mixin.py:137} INFO - [2023-11-14T16:27:53.130+0000] {manager.py:504} INFO - Created Permission View: can read on DAG:tutorial_taskflow_api
[2023-11-14T16:27:53.130+0000] {logging_mixin.py:137} INFO - [2023-11-14T16:27:53.130+0000] {dag.py:2690} INFO - Sync 1 DAGs
[2023-11-14T16:27:53.143+0000] {logging_mixin.py:137} INFO - [2023-11-14T16:27:53.143+0000] {dag.py:2711} INFO - Creating ORM DAG for tutorial_taskflow_api
[2023-11-14T16:27:53.156+0000] {logging_mixin.py:137} INFO - [2023-11-14T16:27:53.156+0000] {dag.py:3437} INFO - Setting next_dagrun for tutorial_taskflow_api to None, run_after=None
[2023-11-14T16:27:53.308+0000] {processor.py:175} INFO - Processing /usr/local/python/3.10.8/lib/python3.10/site-packages/airflow/example_dags/tutorial_taskflow_api.py took 0.532 seconds
[2023-11-14T16:28:52.180+0000] {processor.py:153} INFO - Started process (PID=15862) to work on /usr/local/python/3.10.8/lib/python3.10/site-packages/airflow/example_dags/tutorial_taskflow_api.py
[2023-11-14T16:28:52.181+0000] {processor.py:743} INFO - Processing file /usr/local/python/3.10.8/lib/python3.10/site-packages/airflow/example_dags/tutorial_taskflow_api.py for tasks to queue
[2023-11-14T16:28:52.181+0000] {logging_mixin.py:137} INFO - [2023-11-14T16:28:52.181+0000] {dagbag.py:538} INFO - Filling up the DagBag from /usr/local/python/3.10.8/lib/python3.10/site-packages/airflow/example_dags/tutorial_taskflow_api.py
[2023-11-14T16:28:52.211+0000] {processor.py:753} INFO - DAG(s) dict_keys(['tutorial_taskflow_api']) retrieved from /usr/local/python/3.10.8/lib/python3.10/site-packages/airflow/example_dags/tutorial_taskflow_api.py
[2023-11-14T16:28:52.231+0000] {logging_mixin.py:137} INFO - [2023-11-14T16:28:52.231+0000] {dag.py:2690} INFO - Sync 1 DAGs
[2023-11-14T16:28:52.255+0000] {logging_mixin.py:137} INFO - [2023-11-14T16:28:52.255+0000] {dag.py:3437} INFO - Setting next_dagrun for tutorial_taskflow_api to None, run_after=None
[2023-11-14T16:28:52.347+0000] {processor.py:175} INFO - Processing /usr/local/python/3.10.8/lib/python3.10/site-packages/airflow/example_dags/tutorial_taskflow_api.py took 0.170 seconds
[2023-11-14T16:29:32.263+0000] {processor.py:153} INFO - Started process (PID=16167) to work on /usr/local/python/3.10.8/lib/python3.10/site-packages/airflow/example_dags/tutorial_taskflow_api.py
[2023-11-14T16:29:32.264+0000] {processor.py:743} INFO - Processing file /usr/local/python/3.10.8/lib/python3.10/site-packages/airflow/example_dags/tutorial_taskflow_api.py for tasks to queue
[2023-11-14T16:29:32.264+0000] {logging_mixin.py:137} INFO - [2023-11-14T16:29:32.264+0000] {dagbag.py:538} INFO - Filling up the DagBag from /usr/local/python/3.10.8/lib/python3.10/site-packages/airflow/example_dags/tutorial_taskflow_api.py
[2023-11-14T16:29:32.287+0000] {processor.py:753} INFO - DAG(s) dict_keys(['tutorial_taskflow_api']) retrieved from /usr/local/python/3.10.8/lib/python3.10/site-packages/airflow/example_dags/tutorial_taskflow_api.py
[2023-11-14T16:29:32.301+0000] {logging_mixin.py:137} INFO - [2023-11-14T16:29:32.301+0000] {dag.py:2690} INFO - Sync 1 DAGs
[2023-11-14T16:29:32.316+0000] {logging_mixin.py:137} INFO - [2023-11-14T16:29:32.316+0000] {dag.py:3437} INFO - Setting next_dagrun for tutorial_taskflow_api to None, run_after=None
[2023-11-14T16:29:32.372+0000] {processor.py:175} INFO - Processing /usr/local/python/3.10.8/lib/python3.10/site-packages/airflow/example_dags/tutorial_taskflow_api.py took 0.112 seconds
[2023-11-14T16:30:15.643+0000] {processor.py:153} INFO - Started process (PID=16496) to work on /usr/local/python/3.10.8/lib/python3.10/site-packages/airflow/example_dags/tutorial_taskflow_api.py
[2023-11-14T16:30:15.644+0000] {processor.py:743} INFO - Processing file /usr/local/python/3.10.8/lib/python3.10/site-packages/airflow/example_dags/tutorial_taskflow_api.py for tasks to queue
[2023-11-14T16:30:15.644+0000] {logging_mixin.py:137} INFO - [2023-11-14T16:30:15.644+0000] {dagbag.py:538} INFO - Filling up the DagBag from /usr/local/python/3.10.8/lib/python3.10/site-packages/airflow/example_dags/tutorial_taskflow_api.py
[2023-11-14T16:30:15.669+0000] {processor.py:753} INFO - DAG(s) dict_keys(['tutorial_taskflow_api']) retrieved from /usr/local/python/3.10.8/lib/python3.10/site-packages/airflow/example_dags/tutorial_taskflow_api.py
[2023-11-14T16:30:15.694+0000] {logging_mixin.py:137} INFO - [2023-11-14T16:30:15.694+0000] {dag.py:2690} INFO - Sync 1 DAGs
[2023-11-14T16:30:15.716+0000] {logging_mixin.py:137} INFO - [2023-11-14T16:30:15.716+0000] {dag.py:3437} INFO - Setting next_dagrun for tutorial_taskflow_api to None, run_after=None
[2023-11-14T16:30:15.803+0000] {processor.py:175} INFO - Processing /usr/local/python/3.10.8/lib/python3.10/site-packages/airflow/example_dags/tutorial_taskflow_api.py took 0.163 seconds
[2023-11-14T16:30:49.277+0000] {processor.py:153} INFO - Started process (PID=16741) to work on /usr/local/python/3.10.8/lib/python3.10/site-packages/airflow/example_dags/tutorial_taskflow_api.py
[2023-11-14T16:30:49.277+0000] {processor.py:743} INFO - Processing file /usr/local/python/3.10.8/lib/python3.10/site-packages/airflow/example_dags/tutorial_taskflow_api.py for tasks to queue
[2023-11-14T16:30:49.278+0000] {logging_mixin.py:137} INFO - [2023-11-14T16:30:49.278+0000] {dagbag.py:538} INFO - Filling up the DagBag from /usr/local/python/3.10.8/lib/python3.10/site-packages/airflow/example_dags/tutorial_taskflow_api.py
[2023-11-14T16:30:49.298+0000] {processor.py:753} INFO - DAG(s) dict_keys(['tutorial_taskflow_api']) retrieved from /usr/local/python/3.10.8/lib/python3.10/site-packages/airflow/example_dags/tutorial_taskflow_api.py
[2023-11-14T16:30:49.313+0000] {logging_mixin.py:137} INFO - [2023-11-14T16:30:49.313+0000] {dag.py:2690} INFO - Sync 1 DAGs
[2023-11-14T16:30:49.329+0000] {logging_mixin.py:137} INFO - [2023-11-14T16:30:49.329+0000] {dag.py:3437} INFO - Setting next_dagrun for tutorial_taskflow_api to None, run_after=None
[2023-11-14T16:30:49.393+0000] {processor.py:175} INFO - Processing /usr/local/python/3.10.8/lib/python3.10/site-packages/airflow/example_dags/tutorial_taskflow_api.py took 0.119 seconds
[2023-11-14T16:31:44.816+0000] {processor.py:153} INFO - Started process (PID=17151) to work on /usr/local/python/3.10.8/lib/python3.10/site-packages/airflow/example_dags/tutorial_taskflow_api.py
[2023-11-14T16:31:44.817+0000] {processor.py:743} INFO - Processing file /usr/local/python/3.10.8/lib/python3.10/site-packages/airflow/example_dags/tutorial_taskflow_api.py for tasks to queue
[2023-11-14T16:31:44.818+0000] {logging_mixin.py:137} INFO - [2023-11-14T16:31:44.817+0000] {dagbag.py:538} INFO - Filling up the DagBag from /usr/local/python/3.10.8/lib/python3.10/site-packages/airflow/example_dags/tutorial_taskflow_api.py
[2023-11-14T16:31:44.849+0000] {processor.py:753} INFO - DAG(s) dict_keys(['tutorial_taskflow_api']) retrieved from /usr/local/python/3.10.8/lib/python3.10/site-packages/airflow/example_dags/tutorial_taskflow_api.py
[2023-11-14T16:31:44.870+0000] {logging_mixin.py:137} INFO - [2023-11-14T16:31:44.870+0000] {dag.py:2690} INFO - Sync 1 DAGs
[2023-11-14T16:31:44.886+0000] {logging_mixin.py:137} INFO - [2023-11-14T16:31:44.886+0000] {dag.py:3437} INFO - Setting next_dagrun for tutorial_taskflow_api to None, run_after=None
[2023-11-14T16:31:44.951+0000] {processor.py:175} INFO - Processing /usr/local/python/3.10.8/lib/python3.10/site-packages/airflow/example_dags/tutorial_taskflow_api.py took 0.138 seconds
