[2023-11-12T11:15:12.675+0000] {manager.py:483} INFO - Processing files using up to 1 processes at a time 
[2023-11-12T11:15:12.676+0000] {manager.py:484} INFO - Process each file at most once every 30 seconds
[2023-11-12T11:15:12.676+0000] {manager.py:485} INFO - Checking for new files in /workspaces/hands-on-introduction-data-engineering-4395021/airflow/dags every 300 seconds
[2023-11-12T11:15:12.676+0000] {manager.py:726} INFO - Searching for files in /workspaces/hands-on-introduction-data-engineering-4395021/airflow/dags
[2023-11-12T11:15:12.696+0000] {manager.py:729} INFO - There are 39 files in /workspaces/hands-on-introduction-data-engineering-4395021/airflow/dags
[2023-11-12T11:15:13.142+0000] {manager.py:854} INFO - 
================================================================================
DAG File Processing Stats

File Path                                                                                                              PID    Runtime      # DAGs    # Errors  Last Runtime    Last Run
---------------------------------------------------------------------------------------------------------------------  -----  ---------  --------  ----------  --------------  -------------------
/usr/local/python/3.10.8/lib/python3.10/site-packages/airflow/example_dags/example_branch_operator_decorator.py                                 0           0
/usr/local/python/3.10.8/lib/python3.10/site-packages/airflow/example_dags/example_latest_only_with_trigger.py                                  0           0
/usr/local/python/3.10.8/lib/python3.10/site-packages/airflow/example_dags/example_local_kubernetes_executor.py                                 0           0
/usr/local/python/3.10.8/lib/python3.10/site-packages/airflow/example_dags/example_datasets.py                                                  0           0
/usr/local/python/3.10.8/lib/python3.10/site-packages/airflow/example_dags/example_task_group_decorator.py                                      0           0
/usr/local/python/3.10.8/lib/python3.10/site-packages/airflow/example_dags/example_branch_python_dop_operator_3.py                              0           0
/usr/local/python/3.10.8/lib/python3.10/site-packages/airflow/example_dags/example_sensor_decorator.py                                          0           0
/usr/local/python/3.10.8/lib/python3.10/site-packages/airflow/example_dags/example_nested_branch_dag.py                                         0           0
/usr/local/python/3.10.8/lib/python3.10/site-packages/airflow/example_dags/example_sla_dag.py                                                   0           0
/usr/local/python/3.10.8/lib/python3.10/site-packages/airflow/example_dags/example_time_delta_sensor_async.py                                   0           0
/usr/local/python/3.10.8/lib/python3.10/site-packages/airflow/example_dags/example_skip_dag.py                                                  0           0
/usr/local/python/3.10.8/lib/python3.10/site-packages/airflow/example_dags/example_task_group.py                                                0           0
/usr/local/python/3.10.8/lib/python3.10/site-packages/airflow/example_dags/tutorial.py                                                          0           0
/usr/local/python/3.10.8/lib/python3.10/site-packages/airflow/example_dags/example_xcom.py                                                      0           0
/usr/local/python/3.10.8/lib/python3.10/site-packages/airflow/example_dags/example_kubernetes_executor.py                                       0           0
/usr/local/python/3.10.8/lib/python3.10/site-packages/airflow/example_dags/example_passing_params_via_test_command.py                           0           0
/usr/local/python/3.10.8/lib/python3.10/site-packages/airflow/example_dags/example_dag_decorator.py                                             0           0
/usr/local/python/3.10.8/lib/python3.10/site-packages/airflow/example_dags/example_trigger_target_dag.py                                        0           0
/usr/local/python/3.10.8/lib/python3.10/site-packages/airflow/example_dags/example_short_circuit_operator.py                                    0           0
/usr/local/python/3.10.8/lib/python3.10/site-packages/airflow/example_dags/example_branch_labels.py                                             0           0
/usr/local/python/3.10.8/lib/python3.10/site-packages/airflow/example_dags/example_dynamic_task_mapping.py                                      0           0
/usr/local/python/3.10.8/lib/python3.10/site-packages/airflow/example_dags/example_subdag_operator.py                                           0           0
/usr/local/python/3.10.8/lib/python3.10/site-packages/airflow/example_dags/example_bash_operator.py                                             0           0
/usr/local/python/3.10.8/lib/python3.10/site-packages/airflow/example_dags/example_branch_day_of_week_operator.py                               0           0
/usr/local/python/3.10.8/lib/python3.10/site-packages/airflow/example_dags/example_latest_only.py                                               0           0
/usr/local/python/3.10.8/lib/python3.10/site-packages/airflow/example_dags/example_xcomargs.py                                                  0           0
/usr/local/python/3.10.8/lib/python3.10/site-packages/airflow/example_dags/example_external_task_marker_dag.py                                  0           0
/usr/local/python/3.10.8/lib/python3.10/site-packages/airflow/example_dags/example_python_operator.py                                           0           0
/usr/local/python/3.10.8/lib/python3.10/site-packages/airflow/example_dags/tutorial_taskflow_api_virtualenv.py                                  0           0
/usr/local/python/3.10.8/lib/python3.10/site-packages/airflow/example_dags/example_complex.py                                                   0           0
/usr/local/python/3.10.8/lib/python3.10/site-packages/airflow/example_dags/example_sensors.py                                                   0           0
/usr/local/python/3.10.8/lib/python3.10/site-packages/airflow/example_dags/tutorial_dag.py                                                      0           0
/usr/local/python/3.10.8/lib/python3.10/site-packages/airflow/example_dags/example_short_circuit_decorator.py                                   0           0
/usr/local/python/3.10.8/lib/python3.10/site-packages/airflow/example_dags/example_trigger_controller_dag.py                                    0           0
/usr/local/python/3.10.8/lib/python3.10/site-packages/airflow/example_dags/example_branch_datetime_operator.py                                  0           0
/usr/local/python/3.10.8/lib/python3.10/site-packages/airflow/example_dags/example_branch_operator.py                                           0           0
/usr/local/python/3.10.8/lib/python3.10/site-packages/airflow/example_dags/plugins/workday.py                                                   0           0
/usr/local/python/3.10.8/lib/python3.10/site-packages/airflow/example_dags/subdags/subdag.py                                                    0           0
/usr/local/python/3.10.8/lib/python3.10/site-packages/airflow/example_dags/tutorial_taskflow_api.py                                             1           0  0.41s           2023-11-12T11:15:13
================================================================================
[2023-11-12T11:15:43.556+0000] {manager.py:854} INFO - 
================================================================================
DAG File Processing Stats

File Path                                                                                                              PID    Runtime      # DAGs    # Errors  Last Runtime    Last Run
---------------------------------------------------------------------------------------------------------------------  -----  ---------  --------  ----------  --------------  -------------------
/usr/local/python/3.10.8/lib/python3.10/site-packages/airflow/example_dags/example_branch_operator_decorator.py                                 0           0
/usr/local/python/3.10.8/lib/python3.10/site-packages/airflow/example_dags/example_local_kubernetes_executor.py                                 0           0  0.10s           2023-11-12T11:15:20
/usr/local/python/3.10.8/lib/python3.10/site-packages/airflow/example_dags/example_datasets.py                                                  0           0
/usr/local/python/3.10.8/lib/python3.10/site-packages/airflow/example_dags/example_branch_python_dop_operator_3.py                              0           0
/usr/local/python/3.10.8/lib/python3.10/site-packages/airflow/example_dags/example_kubernetes_executor.py                                       0           0
/usr/local/python/3.10.8/lib/python3.10/site-packages/airflow/example_dags/example_dag_decorator.py                                             0           0
/usr/local/python/3.10.8/lib/python3.10/site-packages/airflow/example_dags/example_branch_labels.py                                             0           0
/usr/local/python/3.10.8/lib/python3.10/site-packages/airflow/example_dags/example_dynamic_task_mapping.py                                      0           0
/usr/local/python/3.10.8/lib/python3.10/site-packages/airflow/example_dags/example_bash_operator.py                                             0           0
/usr/local/python/3.10.8/lib/python3.10/site-packages/airflow/example_dags/example_branch_day_of_week_operator.py                               0           0
/usr/local/python/3.10.8/lib/python3.10/site-packages/airflow/example_dags/example_latest_only.py                                               0           0
/usr/local/python/3.10.8/lib/python3.10/site-packages/airflow/example_dags/example_external_task_marker_dag.py                                  0           0
/usr/local/python/3.10.8/lib/python3.10/site-packages/airflow/example_dags/example_complex.py                                                   0           0
/usr/local/python/3.10.8/lib/python3.10/site-packages/airflow/example_dags/example_branch_datetime_operator.py                                  0           0
/usr/local/python/3.10.8/lib/python3.10/site-packages/airflow/example_dags/example_branch_operator.py                                           0           0
/usr/local/python/3.10.8/lib/python3.10/site-packages/airflow/example_dags/plugins/workday.py                                                   0           0  0.10s           2023-11-12T11:15:17
/usr/local/python/3.10.8/lib/python3.10/site-packages/airflow/example_dags/subdags/subdag.py                                                    0           0  0.10s           2023-11-12T11:15:17
/usr/local/python/3.10.8/lib/python3.10/site-packages/airflow/example_dags/example_latest_only_with_trigger.py                                  1           0  0.41s           2023-11-12T11:15:19
/usr/local/python/3.10.8/lib/python3.10/site-packages/airflow/example_dags/example_task_group_decorator.py                                      1           0  0.51s           2023-11-12T11:15:21
/usr/local/python/3.10.8/lib/python3.10/site-packages/airflow/example_dags/example_sensor_decorator.py                                          1           0  0.41s           2023-11-12T11:15:23
/usr/local/python/3.10.8/lib/python3.10/site-packages/airflow/example_dags/example_nested_branch_dag.py                                         1           0  0.51s           2023-11-12T11:15:24
/usr/local/python/3.10.8/lib/python3.10/site-packages/airflow/example_dags/example_sla_dag.py                                                   1           0  0.41s           2023-11-12T11:15:26
/usr/local/python/3.10.8/lib/python3.10/site-packages/airflow/example_dags/example_time_delta_sensor_async.py                                   1           0  0.40s           2023-11-12T11:15:27
/usr/local/python/3.10.8/lib/python3.10/site-packages/airflow/example_dags/example_skip_dag.py                                                  1           0  0.41s           2023-11-12T11:15:28
/usr/local/python/3.10.8/lib/python3.10/site-packages/airflow/example_dags/example_task_group.py                                                1           0  0.40s           2023-11-12T11:15:28
/usr/local/python/3.10.8/lib/python3.10/site-packages/airflow/example_dags/tutorial.py                                                          1           0  0.72s           2023-11-12T11:15:30
/usr/local/python/3.10.8/lib/python3.10/site-packages/airflow/example_dags/example_xcom.py                                                      1           0  0.41s           2023-11-12T11:15:32
/usr/local/python/3.10.8/lib/python3.10/site-packages/airflow/example_dags/example_passing_params_via_test_command.py                           1           0  0.41s           2023-11-12T11:15:33
/usr/local/python/3.10.8/lib/python3.10/site-packages/airflow/example_dags/example_trigger_target_dag.py                                        1           0  0.40s           2023-11-12T11:15:34
/usr/local/python/3.10.8/lib/python3.10/site-packages/airflow/example_dags/example_short_circuit_operator.py                                    1           0  0.41s           2023-11-12T11:15:35
/usr/local/python/3.10.8/lib/python3.10/site-packages/airflow/example_dags/tutorial_taskflow_api.py                                             1           0  0.41s           2023-11-12T11:15:13
/usr/local/python/3.10.8/lib/python3.10/site-packages/airflow/example_dags/example_python_operator.py                                           1           0  0.41s           2023-11-12T11:15:39
/usr/local/python/3.10.8/lib/python3.10/site-packages/airflow/example_dags/tutorial_taskflow_api_virtualenv.py                                  1           0  0.51s           2023-11-12T11:15:14
/usr/local/python/3.10.8/lib/python3.10/site-packages/airflow/example_dags/example_sensors.py                                                   1           0  0.42s           2023-11-12T11:15:41
/usr/local/python/3.10.8/lib/python3.10/site-packages/airflow/example_dags/tutorial_dag.py                                                      1           0  0.40s           2023-11-12T11:15:16
/usr/local/python/3.10.8/lib/python3.10/site-packages/airflow/example_dags/example_short_circuit_decorator.py                                   1           0  0.40s           2023-11-12T11:15:42
/usr/local/python/3.10.8/lib/python3.10/site-packages/airflow/example_dags/example_trigger_controller_dag.py                                    1           0  0.41s           2023-11-12T11:15:43
/usr/local/python/3.10.8/lib/python3.10/site-packages/airflow/example_dags/example_xcomargs.py                                                  2           0  0.61s           2023-11-12T11:15:38
/usr/local/python/3.10.8/lib/python3.10/site-packages/airflow/example_dags/example_subdag_operator.py                                           3           0  0.41s           2023-11-12T11:15:36
================================================================================
[2023-11-12T11:16:13.934+0000] {manager.py:854} INFO - 
================================================================================
DAG File Processing Stats

File Path                                                                                                              PID    Runtime      # DAGs    # Errors  Last Runtime    Last Run
---------------------------------------------------------------------------------------------------------------------  -----  ---------  --------  ----------  --------------  -------------------
/usr/local/python/3.10.8/lib/python3.10/site-packages/airflow/example_dags/example_local_kubernetes_executor.py                                 0           0  0.10s           2023-11-12T11:16:09
/usr/local/python/3.10.8/lib/python3.10/site-packages/airflow/example_dags/example_kubernetes_executor.py                                       0           0  0.11s           2023-11-12T11:15:48
/usr/local/python/3.10.8/lib/python3.10/site-packages/airflow/example_dags/plugins/workday.py                                                   0           0  0.10s           2023-11-12T11:16:06
/usr/local/python/3.10.8/lib/python3.10/site-packages/airflow/example_dags/subdags/subdag.py                                                    0           0  0.11s           2023-11-12T11:16:07
/usr/local/python/3.10.8/lib/python3.10/site-packages/airflow/example_dags/example_branch_operator_decorator.py                                 1           0  0.41s           2023-11-12T11:15:44
/usr/local/python/3.10.8/lib/python3.10/site-packages/airflow/example_dags/example_latest_only_with_trigger.py                                  1           0  0.11s           2023-11-12T11:16:08
/usr/local/python/3.10.8/lib/python3.10/site-packages/airflow/example_dags/example_task_group_decorator.py                                      1           0  0.20s           2023-11-12T11:16:11
/usr/local/python/3.10.8/lib/python3.10/site-packages/airflow/example_dags/example_branch_python_dop_operator_3.py                              1           0  0.40s           2023-11-12T11:15:47
/usr/local/python/3.10.8/lib/python3.10/site-packages/airflow/example_dags/example_sensor_decorator.py                                          1           0  0.20s           2023-11-12T11:16:12
/usr/local/python/3.10.8/lib/python3.10/site-packages/airflow/example_dags/example_nested_branch_dag.py                                         1           0  0.20s           2023-11-12T11:16:12
/usr/local/python/3.10.8/lib/python3.10/site-packages/airflow/example_dags/example_sla_dag.py                                                   1           0  0.20s           2023-11-12T11:16:13
/usr/local/python/3.10.8/lib/python3.10/site-packages/airflow/example_dags/example_time_delta_sensor_async.py                                   1           0  0.40s           2023-11-12T11:15:27
/usr/local/python/3.10.8/lib/python3.10/site-packages/airflow/example_dags/example_skip_dag.py                                                  1           0  0.41s           2023-11-12T11:15:28
/usr/local/python/3.10.8/lib/python3.10/site-packages/airflow/example_dags/example_task_group.py                                                1           0  0.40s           2023-11-12T11:15:28
/usr/local/python/3.10.8/lib/python3.10/site-packages/airflow/example_dags/tutorial.py                                                          1           0  0.72s           2023-11-12T11:15:30
/usr/local/python/3.10.8/lib/python3.10/site-packages/airflow/example_dags/example_xcom.py                                                      1           0  0.41s           2023-11-12T11:15:32
/usr/local/python/3.10.8/lib/python3.10/site-packages/airflow/example_dags/example_passing_params_via_test_command.py                           1           0  0.41s           2023-11-12T11:15:33
/usr/local/python/3.10.8/lib/python3.10/site-packages/airflow/example_dags/example_dag_decorator.py                                             1           0  0.41s           2023-11-12T11:15:50
/usr/local/python/3.10.8/lib/python3.10/site-packages/airflow/example_dags/example_trigger_target_dag.py                                        1           0  0.40s           2023-11-12T11:15:34
/usr/local/python/3.10.8/lib/python3.10/site-packages/airflow/example_dags/example_short_circuit_operator.py                                    1           0  0.41s           2023-11-12T11:15:35
/usr/local/python/3.10.8/lib/python3.10/site-packages/airflow/example_dags/example_branch_labels.py                                             1           0  0.51s           2023-11-12T11:15:51
/usr/local/python/3.10.8/lib/python3.10/site-packages/airflow/example_dags/example_dynamic_task_mapping.py                                      1           0  0.41s           2023-11-12T11:15:53
/usr/local/python/3.10.8/lib/python3.10/site-packages/airflow/example_dags/tutorial_taskflow_api.py                                             1           0  0.21s           2023-11-12T11:16:03
/usr/local/python/3.10.8/lib/python3.10/site-packages/airflow/example_dags/example_bash_operator.py                                             1           0  0.40s           2023-11-12T11:15:54
/usr/local/python/3.10.8/lib/python3.10/site-packages/airflow/example_dags/example_branch_day_of_week_operator.py                               1           0  0.40s           2023-11-12T11:15:55
/usr/local/python/3.10.8/lib/python3.10/site-packages/airflow/example_dags/example_latest_only.py                                               1           0  0.40s           2023-11-12T11:15:57
/usr/local/python/3.10.8/lib/python3.10/site-packages/airflow/example_dags/example_python_operator.py                                           1           0  0.41s           2023-11-12T11:15:39
/usr/local/python/3.10.8/lib/python3.10/site-packages/airflow/example_dags/tutorial_taskflow_api_virtualenv.py                                  1           0  0.21s           2023-11-12T11:16:04
/usr/local/python/3.10.8/lib/python3.10/site-packages/airflow/example_dags/example_complex.py                                                   1           0  0.41s           2023-11-12T11:16:00
/usr/local/python/3.10.8/lib/python3.10/site-packages/airflow/example_dags/example_sensors.py                                                   1           0  0.42s           2023-11-12T11:15:41
/usr/local/python/3.10.8/lib/python3.10/site-packages/airflow/example_dags/tutorial_dag.py                                                      1           0  0.11s           2023-11-12T11:16:05
/usr/local/python/3.10.8/lib/python3.10/site-packages/airflow/example_dags/example_short_circuit_decorator.py                                   1           0  0.40s           2023-11-12T11:15:42
/usr/local/python/3.10.8/lib/python3.10/site-packages/airflow/example_dags/example_trigger_controller_dag.py                                    1           0  0.41s           2023-11-12T11:15:43
/usr/local/python/3.10.8/lib/python3.10/site-packages/airflow/example_dags/example_branch_operator.py                                           1           0  0.40s           2023-11-12T11:16:02
/usr/local/python/3.10.8/lib/python3.10/site-packages/airflow/example_dags/example_xcomargs.py                                                  2           0  0.61s           2023-11-12T11:15:38
/usr/local/python/3.10.8/lib/python3.10/site-packages/airflow/example_dags/example_external_task_marker_dag.py                                  2           0  0.61s           2023-11-12T11:15:58
/usr/local/python/3.10.8/lib/python3.10/site-packages/airflow/example_dags/example_subdag_operator.py                                           3           0  0.41s           2023-11-12T11:15:36
/usr/local/python/3.10.8/lib/python3.10/site-packages/airflow/example_dags/example_branch_datetime_operator.py                                  3           0  0.81s           2023-11-12T11:16:01
/usr/local/python/3.10.8/lib/python3.10/site-packages/airflow/example_dags/example_datasets.py                                                  6           0  1.31s           2023-11-12T11:15:45
================================================================================
[2023-11-12T11:16:44.078+0000] {manager.py:854} INFO - 
================================================================================
DAG File Processing Stats

File Path                                                                                                              PID    Runtime      # DAGs    # Errors  Last Runtime    Last Run
---------------------------------------------------------------------------------------------------------------------  -----  ---------  --------  ----------  --------------  -------------------
/usr/local/python/3.10.8/lib/python3.10/site-packages/airflow/example_dags/example_local_kubernetes_executor.py                                 0           0  0.10s           2023-11-12T11:16:09
/usr/local/python/3.10.8/lib/python3.10/site-packages/airflow/example_dags/example_kubernetes_executor.py                                       0           0  0.10s           2023-11-12T11:16:32
/usr/local/python/3.10.8/lib/python3.10/site-packages/airflow/example_dags/plugins/workday.py                                                   0           0  0.10s           2023-11-12T11:16:06
/usr/local/python/3.10.8/lib/python3.10/site-packages/airflow/example_dags/subdags/subdag.py                                                    0           0  0.11s           2023-11-12T11:16:07
/usr/local/python/3.10.8/lib/python3.10/site-packages/airflow/example_dags/example_branch_operator_decorator.py                                 1           0  0.20s           2023-11-12T11:16:29
/usr/local/python/3.10.8/lib/python3.10/site-packages/airflow/example_dags/example_latest_only_with_trigger.py                                  1           0  0.11s           2023-11-12T11:16:08
/usr/local/python/3.10.8/lib/python3.10/site-packages/airflow/example_dags/example_task_group_decorator.py                                      1           0  0.20s           2023-11-12T11:16:11
/usr/local/python/3.10.8/lib/python3.10/site-packages/airflow/example_dags/example_branch_python_dop_operator_3.py                              1           0  0.20s           2023-11-12T11:16:31
/usr/local/python/3.10.8/lib/python3.10/site-packages/airflow/example_dags/example_sensor_decorator.py                                          1           0  0.20s           2023-11-12T11:16:12
/usr/local/python/3.10.8/lib/python3.10/site-packages/airflow/example_dags/example_nested_branch_dag.py                                         1           0  0.20s           2023-11-12T11:16:12
/usr/local/python/3.10.8/lib/python3.10/site-packages/airflow/example_dags/example_sla_dag.py                                                   1           0  0.20s           2023-11-12T11:16:13
/usr/local/python/3.10.8/lib/python3.10/site-packages/airflow/example_dags/example_time_delta_sensor_async.py                                   1           0  0.20s           2023-11-12T11:16:14
/usr/local/python/3.10.8/lib/python3.10/site-packages/airflow/example_dags/example_skip_dag.py                                                  1           0  0.21s           2023-11-12T11:16:16
/usr/local/python/3.10.8/lib/python3.10/site-packages/airflow/example_dags/example_task_group.py                                                1           0  0.11s           2023-11-12T11:16:17
/usr/local/python/3.10.8/lib/python3.10/site-packages/airflow/example_dags/tutorial.py                                                          1           0  0.20s           2023-11-12T11:16:18
/usr/local/python/3.10.8/lib/python3.10/site-packages/airflow/example_dags/example_xcom.py                                                      1           0  0.20s           2023-11-12T11:16:19
/usr/local/python/3.10.8/lib/python3.10/site-packages/airflow/example_dags/example_passing_params_via_test_command.py                           1           0  0.20s           2023-11-12T11:16:20
/usr/local/python/3.10.8/lib/python3.10/site-packages/airflow/example_dags/example_dag_decorator.py                                             1           0  0.21s           2023-11-12T11:16:33
/usr/local/python/3.10.8/lib/python3.10/site-packages/airflow/example_dags/example_trigger_target_dag.py                                        1           0  0.21s           2023-11-12T11:16:21
/usr/local/python/3.10.8/lib/python3.10/site-packages/airflow/example_dags/example_short_circuit_operator.py                                    1           0  0.20s           2023-11-12T11:16:23
/usr/local/python/3.10.8/lib/python3.10/site-packages/airflow/example_dags/example_branch_labels.py                                             1           0  0.11s           2023-11-12T11:16:37
/usr/local/python/3.10.8/lib/python3.10/site-packages/airflow/example_dags/example_dynamic_task_mapping.py                                      1           0  0.21s           2023-11-12T11:16:38
/usr/local/python/3.10.8/lib/python3.10/site-packages/airflow/example_dags/tutorial_taskflow_api.py                                             1           0  0.20s           2023-11-12T11:16:35
/usr/local/python/3.10.8/lib/python3.10/site-packages/airflow/example_dags/example_bash_operator.py                                             1           0  0.20s           2023-11-12T11:16:39
/usr/local/python/3.10.8/lib/python3.10/site-packages/airflow/example_dags/example_branch_day_of_week_operator.py                               1           0  0.20s           2023-11-12T11:16:40
/usr/local/python/3.10.8/lib/python3.10/site-packages/airflow/example_dags/example_latest_only.py                                               1           0  0.11s           2023-11-12T11:16:41
/usr/local/python/3.10.8/lib/python3.10/site-packages/airflow/example_dags/example_python_operator.py                                           1           0  0.20s           2023-11-12T11:16:25
/usr/local/python/3.10.8/lib/python3.10/site-packages/airflow/example_dags/tutorial_taskflow_api_virtualenv.py                                  1           0  0.20s           2023-11-12T11:16:36
/usr/local/python/3.10.8/lib/python3.10/site-packages/airflow/example_dags/example_complex.py                                                   1           0  0.20s           2023-11-12T11:16:44
/usr/local/python/3.10.8/lib/python3.10/site-packages/airflow/example_dags/example_sensors.py                                                   1           0  0.20s           2023-11-12T11:16:26
/usr/local/python/3.10.8/lib/python3.10/site-packages/airflow/example_dags/tutorial_dag.py                                                      1           0  0.11s           2023-11-12T11:16:05
/usr/local/python/3.10.8/lib/python3.10/site-packages/airflow/example_dags/example_short_circuit_decorator.py                                   1           0  0.20s           2023-11-12T11:16:27
/usr/local/python/3.10.8/lib/python3.10/site-packages/airflow/example_dags/example_trigger_controller_dag.py                                    1           0  0.11s           2023-11-12T11:16:28
/usr/local/python/3.10.8/lib/python3.10/site-packages/airflow/example_dags/example_branch_operator.py                                           1           0  0.40s           2023-11-12T11:16:02
/usr/local/python/3.10.8/lib/python3.10/site-packages/airflow/example_dags/example_xcomargs.py                                                  2           0  0.21s           2023-11-12T11:16:24
/usr/local/python/3.10.8/lib/python3.10/site-packages/airflow/example_dags/example_external_task_marker_dag.py                                  2           0  0.20s           2023-11-12T11:16:42
/usr/local/python/3.10.8/lib/python3.10/site-packages/airflow/example_dags/example_subdag_operator.py                                           3           0  0.20s           2023-11-12T11:16:23
/usr/local/python/3.10.8/lib/python3.10/site-packages/airflow/example_dags/example_branch_datetime_operator.py                                  3           0  0.81s           2023-11-12T11:16:01
/usr/local/python/3.10.8/lib/python3.10/site-packages/airflow/example_dags/example_datasets.py                                                  6           0  0.21s           2023-11-12T11:16:30
================================================================================
[2023-11-12T11:17:14.405+0000] {manager.py:854} INFO - 
================================================================================
DAG File Processing Stats

File Path                                                                                                              PID    Runtime      # DAGs    # Errors  Last Runtime    Last Run
---------------------------------------------------------------------------------------------------------------------  -----  ---------  --------  ----------  --------------  -------------------
/usr/local/python/3.10.8/lib/python3.10/site-packages/airflow/example_dags/example_local_kubernetes_executor.py                                 0           0  0.11s           2023-11-12T11:16:50
/usr/local/python/3.10.8/lib/python3.10/site-packages/airflow/example_dags/example_kubernetes_executor.py                                       0           0  0.10s           2023-11-12T11:16:32
/usr/local/python/3.10.8/lib/python3.10/site-packages/airflow/example_dags/plugins/workday.py                                                   0           0  0.10s           2023-11-12T11:16:47
/usr/local/python/3.10.8/lib/python3.10/site-packages/airflow/example_dags/subdags/subdag.py                                                    0           0  0.10s           2023-11-12T11:16:48
/usr/local/python/3.10.8/lib/python3.10/site-packages/airflow/example_dags/example_branch_operator_decorator.py                                 1           0  0.20s           2023-11-12T11:17:13
/usr/local/python/3.10.8/lib/python3.10/site-packages/airflow/example_dags/example_latest_only_with_trigger.py                                  1           0  0.11s           2023-11-12T11:16:49
/usr/local/python/3.10.8/lib/python3.10/site-packages/airflow/example_dags/example_task_group_decorator.py                                      1           0  0.20s           2023-11-12T11:16:52
/usr/local/python/3.10.8/lib/python3.10/site-packages/airflow/example_dags/example_branch_python_dop_operator_3.py                              1           0  0.20s           2023-11-12T11:16:31
/usr/local/python/3.10.8/lib/python3.10/site-packages/airflow/example_dags/example_sensor_decorator.py                                          1           0  0.20s           2023-11-12T11:16:53
/usr/local/python/3.10.8/lib/python3.10/site-packages/airflow/example_dags/example_nested_branch_dag.py                                         1           0  0.20s           2023-11-12T11:16:54
/usr/local/python/3.10.8/lib/python3.10/site-packages/airflow/example_dags/example_sla_dag.py                                                   1           0  0.20s           2023-11-12T11:16:54
/usr/local/python/3.10.8/lib/python3.10/site-packages/airflow/example_dags/example_time_delta_sensor_async.py                                   1           0  0.20s           2023-11-12T11:16:55
/usr/local/python/3.10.8/lib/python3.10/site-packages/airflow/example_dags/example_skip_dag.py                                                  1           0  0.21s           2023-11-12T11:16:56
/usr/local/python/3.10.8/lib/python3.10/site-packages/airflow/example_dags/example_task_group.py                                                1           0  0.31s           2023-11-12T11:16:58
/usr/local/python/3.10.8/lib/python3.10/site-packages/airflow/example_dags/tutorial.py                                                          1           0  0.21s           2023-11-12T11:16:59
/usr/local/python/3.10.8/lib/python3.10/site-packages/airflow/example_dags/example_xcom.py                                                      1           0  0.22s           2023-11-12T11:17:00
/usr/local/python/3.10.8/lib/python3.10/site-packages/airflow/example_dags/example_passing_params_via_test_command.py                           1           0  0.20s           2023-11-12T11:17:01
/usr/local/python/3.10.8/lib/python3.10/site-packages/airflow/example_dags/example_dag_decorator.py                                             1           0  0.21s           2023-11-12T11:16:33
/usr/local/python/3.10.8/lib/python3.10/site-packages/airflow/example_dags/example_trigger_target_dag.py                                        1           0  0.20s           2023-11-12T11:17:02
/usr/local/python/3.10.8/lib/python3.10/site-packages/airflow/example_dags/example_short_circuit_operator.py                                    1           0  0.21s           2023-11-12T11:17:03
/usr/local/python/3.10.8/lib/python3.10/site-packages/airflow/example_dags/example_branch_labels.py                                             1           0  0.11s           2023-11-12T11:16:37
/usr/local/python/3.10.8/lib/python3.10/site-packages/airflow/example_dags/example_dynamic_task_mapping.py                                      1           0  0.21s           2023-11-12T11:16:38
/usr/local/python/3.10.8/lib/python3.10/site-packages/airflow/example_dags/tutorial_taskflow_api.py                                             1           0  0.20s           2023-11-12T11:17:09
/usr/local/python/3.10.8/lib/python3.10/site-packages/airflow/example_dags/example_bash_operator.py                                             1           0  0.20s           2023-11-12T11:16:39
/usr/local/python/3.10.8/lib/python3.10/site-packages/airflow/example_dags/example_branch_day_of_week_operator.py                               1           0  0.20s           2023-11-12T11:16:40
/usr/local/python/3.10.8/lib/python3.10/site-packages/airflow/example_dags/example_latest_only.py                                               1           0  0.11s           2023-11-12T11:16:41
/usr/local/python/3.10.8/lib/python3.10/site-packages/airflow/example_dags/example_python_operator.py                                           1           0  0.20s           2023-11-12T11:17:05
/usr/local/python/3.10.8/lib/python3.10/site-packages/airflow/example_dags/tutorial_taskflow_api_virtualenv.py                                  1           0  0.20s           2023-11-12T11:17:10
/usr/local/python/3.10.8/lib/python3.10/site-packages/airflow/example_dags/example_complex.py                                                   1           0  0.20s           2023-11-12T11:16:44
/usr/local/python/3.10.8/lib/python3.10/site-packages/airflow/example_dags/example_sensors.py                                                   1           0  0.20s           2023-11-12T11:17:07
/usr/local/python/3.10.8/lib/python3.10/site-packages/airflow/example_dags/tutorial_dag.py                                                      1           0  0.11s           2023-11-12T11:16:46
/usr/local/python/3.10.8/lib/python3.10/site-packages/airflow/example_dags/example_short_circuit_decorator.py                                   1           0  0.20s           2023-11-12T11:17:08
/usr/local/python/3.10.8/lib/python3.10/site-packages/airflow/example_dags/example_trigger_controller_dag.py                                    1           0  0.11s           2023-11-12T11:17:11
/usr/local/python/3.10.8/lib/python3.10/site-packages/airflow/example_dags/example_branch_operator.py                                           1           0  0.20s           2023-11-12T11:16:45
/usr/local/python/3.10.8/lib/python3.10/site-packages/airflow/example_dags/example_xcomargs.py                                                  2           0  0.21s           2023-11-12T11:17:05
/usr/local/python/3.10.8/lib/python3.10/site-packages/airflow/example_dags/example_external_task_marker_dag.py                                  2           0  0.20s           2023-11-12T11:16:42
/usr/local/python/3.10.8/lib/python3.10/site-packages/airflow/example_dags/example_subdag_operator.py                                           3           0  0.21s           2023-11-12T11:17:05
/usr/local/python/3.10.8/lib/python3.10/site-packages/airflow/example_dags/example_branch_datetime_operator.py                                  3           0  0.20s           2023-11-12T11:16:44
/usr/local/python/3.10.8/lib/python3.10/site-packages/airflow/example_dags/example_datasets.py                                                  6           0  0.20s           2023-11-12T11:17:14
================================================================================
[2023-11-12T11:17:26.688+0000] {manager.py:465} INFO - Exiting gracefully upon receiving signal 15
