[2023-11-12T12:31:27.744+0000] {processor.py:153} INFO - Started process (PID=10184) to work on /workspaces/hands-on-introduction-data-engineering-4395021/airflow/dags/one_task_dag.py
[2023-11-12T12:31:27.745+0000] {processor.py:743} INFO - Processing file /workspaces/hands-on-introduction-data-engineering-4395021/airflow/dags/one_task_dag.py for tasks to queue
[2023-11-12T12:31:27.745+0000] {logging_mixin.py:137} INFO - [2023-11-12T12:31:27.745+0000] {dagbag.py:538} INFO - Filling up the DagBag from /workspaces/hands-on-introduction-data-engineering-4395021/airflow/dags/one_task_dag.py
[2023-11-12T12:31:27.748+0000] {logging_mixin.py:137} INFO - [2023-11-12T12:31:27.747+0000] {dagbag.py:343} ERROR - Failed to import: /workspaces/hands-on-introduction-data-engineering-4395021/airflow/dags/one_task_dag.py
Traceback (most recent call last):
  File "/usr/local/python/3.10.8/lib/python3.10/site-packages/airflow/models/dagbag.py", line 339, in parse
    loader.exec_module(new_module)
  File "<frozen importlib._bootstrap_external>", line 879, in exec_module
  File "<frozen importlib._bootstrap_external>", line 1017, in get_code
  File "<frozen importlib._bootstrap_external>", line 947, in source_to_code
  File "<frozen importlib._bootstrap>", line 241, in _call_with_frames_removed
  File "/workspaces/hands-on-introduction-data-engineering-4395021/airflow/dags/one_task_dag.py", line 25
    )
    ^
SyntaxError: invalid syntax
[2023-11-12T12:31:27.748+0000] {processor.py:755} WARNING - No viable dags retrieved from /workspaces/hands-on-introduction-data-engineering-4395021/airflow/dags/one_task_dag.py
[2023-11-12T12:31:27.795+0000] {processor.py:175} INFO - Processing /workspaces/hands-on-introduction-data-engineering-4395021/airflow/dags/one_task_dag.py took 0.053 seconds
[2023-11-12T12:31:29.724+0000] {processor.py:153} INFO - Started process (PID=10201) to work on /workspaces/hands-on-introduction-data-engineering-4395021/airflow/dags/one_task_dag.py
[2023-11-12T12:31:29.725+0000] {processor.py:743} INFO - Processing file /workspaces/hands-on-introduction-data-engineering-4395021/airflow/dags/one_task_dag.py for tasks to queue
[2023-11-12T12:31:29.725+0000] {logging_mixin.py:137} INFO - [2023-11-12T12:31:29.725+0000] {dagbag.py:538} INFO - Filling up the DagBag from /workspaces/hands-on-introduction-data-engineering-4395021/airflow/dags/one_task_dag.py
[2023-11-12T12:31:29.732+0000] {logging_mixin.py:137} INFO - [2023-11-12T12:31:29.731+0000] {dagbag.py:343} ERROR - Failed to import: /workspaces/hands-on-introduction-data-engineering-4395021/airflow/dags/one_task_dag.py
Traceback (most recent call last):
  File "/usr/local/python/3.10.8/lib/python3.10/site-packages/airflow/models/dagbag.py", line 339, in parse
    loader.exec_module(new_module)
  File "<frozen importlib._bootstrap_external>", line 883, in exec_module
  File "<frozen importlib._bootstrap>", line 241, in _call_with_frames_removed
  File "/workspaces/hands-on-introduction-data-engineering-4395021/airflow/dags/one_task_dag.py", line 23, in <module>
    task1 = BashOperator(
  File "/usr/local/python/3.10.8/lib/python3.10/site-packages/airflow/models/baseoperator.py", line 377, in apply_defaults
    raise AirflowException(f"missing keyword argument {missing_args.pop()!r}")
airflow.exceptions.AirflowException: missing keyword argument 'bash_command'
[2023-11-12T12:31:29.732+0000] {processor.py:755} WARNING - No viable dags retrieved from /workspaces/hands-on-introduction-data-engineering-4395021/airflow/dags/one_task_dag.py
[2023-11-12T12:31:29.776+0000] {processor.py:175} INFO - Processing /workspaces/hands-on-introduction-data-engineering-4395021/airflow/dags/one_task_dag.py took 0.054 seconds
[2023-11-12T12:31:36.250+0000] {processor.py:153} INFO - Started process (PID=10248) to work on /workspaces/hands-on-introduction-data-engineering-4395021/airflow/dags/one_task_dag.py
[2023-11-12T12:31:36.250+0000] {processor.py:743} INFO - Processing file /workspaces/hands-on-introduction-data-engineering-4395021/airflow/dags/one_task_dag.py for tasks to queue
[2023-11-12T12:31:36.251+0000] {logging_mixin.py:137} INFO - [2023-11-12T12:31:36.251+0000] {dagbag.py:538} INFO - Filling up the DagBag from /workspaces/hands-on-introduction-data-engineering-4395021/airflow/dags/one_task_dag.py
[2023-11-12T12:31:36.253+0000] {logging_mixin.py:137} INFO - [2023-11-12T12:31:36.252+0000] {dagbag.py:343} ERROR - Failed to import: /workspaces/hands-on-introduction-data-engineering-4395021/airflow/dags/one_task_dag.py
Traceback (most recent call last):
  File "/usr/local/python/3.10.8/lib/python3.10/site-packages/airflow/models/dagbag.py", line 339, in parse
    loader.exec_module(new_module)
  File "<frozen importlib._bootstrap_external>", line 879, in exec_module
  File "<frozen importlib._bootstrap_external>", line 1017, in get_code
  File "<frozen importlib._bootstrap_external>", line 947, in source_to_code
  File "<frozen importlib._bootstrap>", line 241, in _call_with_frames_removed
  File "/workspaces/hands-on-introduction-data-engineering-4395021/airflow/dags/one_task_dag.py", line 26
    )
    ^
SyntaxError: invalid syntax
[2023-11-12T12:31:36.253+0000] {processor.py:755} WARNING - No viable dags retrieved from /workspaces/hands-on-introduction-data-engineering-4395021/airflow/dags/one_task_dag.py
[2023-11-12T12:31:36.299+0000] {processor.py:175} INFO - Processing /workspaces/hands-on-introduction-data-engineering-4395021/airflow/dags/one_task_dag.py took 0.051 seconds
[2023-11-12T12:31:42.865+0000] {processor.py:153} INFO - Started process (PID=10295) to work on /workspaces/hands-on-introduction-data-engineering-4395021/airflow/dags/one_task_dag.py
[2023-11-12T12:31:42.866+0000] {processor.py:743} INFO - Processing file /workspaces/hands-on-introduction-data-engineering-4395021/airflow/dags/one_task_dag.py for tasks to queue
[2023-11-12T12:31:42.867+0000] {logging_mixin.py:137} INFO - [2023-11-12T12:31:42.866+0000] {dagbag.py:538} INFO - Filling up the DagBag from /workspaces/hands-on-introduction-data-engineering-4395021/airflow/dags/one_task_dag.py
[2023-11-12T12:31:42.884+0000] {processor.py:753} INFO - DAG(s) dict_keys(['one_task_dag']) retrieved from /workspaces/hands-on-introduction-data-engineering-4395021/airflow/dags/one_task_dag.py
[2023-11-12T12:31:43.236+0000] {logging_mixin.py:137} INFO - [2023-11-12T12:31:43.235+0000] {manager.py:504} INFO - Created Permission View: can read on DAG:one_task_dag
[2023-11-12T12:31:43.278+0000] {logging_mixin.py:137} INFO - [2023-11-12T12:31:43.278+0000] {manager.py:504} INFO - Created Permission View: can edit on DAG:one_task_dag
[2023-11-12T12:31:43.323+0000] {logging_mixin.py:137} INFO - [2023-11-12T12:31:43.322+0000] {manager.py:504} INFO - Created Permission View: can delete on DAG:one_task_dag
[2023-11-12T12:31:43.323+0000] {logging_mixin.py:137} INFO - [2023-11-12T12:31:43.323+0000] {dag.py:2690} INFO - Sync 1 DAGs
[2023-11-12T12:31:43.331+0000] {logging_mixin.py:137} INFO - [2023-11-12T12:31:43.331+0000] {dag.py:2711} INFO - Creating ORM DAG for one_task_dag
[2023-11-12T12:31:43.338+0000] {logging_mixin.py:137} INFO - [2023-11-12T12:31:43.338+0000] {dag.py:3437} INFO - Setting next_dagrun for one_task_dag to None, run_after=None
[2023-11-12T12:31:43.421+0000] {processor.py:175} INFO - Processing /workspaces/hands-on-introduction-data-engineering-4395021/airflow/dags/one_task_dag.py took 0.559 seconds
[2023-11-12T12:31:44.579+0000] {processor.py:153} INFO - Started process (PID=10311) to work on /workspaces/hands-on-introduction-data-engineering-4395021/airflow/dags/one_task_dag.py
[2023-11-12T12:31:44.580+0000] {processor.py:743} INFO - Processing file /workspaces/hands-on-introduction-data-engineering-4395021/airflow/dags/one_task_dag.py for tasks to queue
[2023-11-12T12:31:44.580+0000] {logging_mixin.py:137} INFO - [2023-11-12T12:31:44.580+0000] {dagbag.py:538} INFO - Filling up the DagBag from /workspaces/hands-on-introduction-data-engineering-4395021/airflow/dags/one_task_dag.py
[2023-11-12T12:31:44.598+0000] {processor.py:753} INFO - DAG(s) dict_keys(['one_task_dag']) retrieved from /workspaces/hands-on-introduction-data-engineering-4395021/airflow/dags/one_task_dag.py
[2023-11-12T12:31:44.606+0000] {logging_mixin.py:137} INFO - [2023-11-12T12:31:44.606+0000] {dag.py:2690} INFO - Sync 1 DAGs
[2023-11-12T12:31:44.630+0000] {logging_mixin.py:137} INFO - [2023-11-12T12:31:44.630+0000] {dag.py:3437} INFO - Setting next_dagrun for one_task_dag to None, run_after=None
[2023-11-12T12:31:44.715+0000] {processor.py:175} INFO - Processing /workspaces/hands-on-introduction-data-engineering-4395021/airflow/dags/one_task_dag.py took 0.139 seconds
[2023-11-12T12:31:47.886+0000] {processor.py:153} INFO - Started process (PID=10324) to work on /workspaces/hands-on-introduction-data-engineering-4395021/airflow/dags/one_task_dag.py
[2023-11-12T12:31:47.887+0000] {processor.py:743} INFO - Processing file /workspaces/hands-on-introduction-data-engineering-4395021/airflow/dags/one_task_dag.py for tasks to queue
[2023-11-12T12:31:47.887+0000] {logging_mixin.py:137} INFO - [2023-11-12T12:31:47.887+0000] {dagbag.py:538} INFO - Filling up the DagBag from /workspaces/hands-on-introduction-data-engineering-4395021/airflow/dags/one_task_dag.py
[2023-11-12T12:31:47.899+0000] {processor.py:753} INFO - DAG(s) dict_keys(['one_task_dag']) retrieved from /workspaces/hands-on-introduction-data-engineering-4395021/airflow/dags/one_task_dag.py
[2023-11-12T12:31:47.904+0000] {logging_mixin.py:137} INFO - [2023-11-12T12:31:47.904+0000] {dag.py:2690} INFO - Sync 1 DAGs
[2023-11-12T12:31:47.919+0000] {logging_mixin.py:137} INFO - [2023-11-12T12:31:47.919+0000] {dag.py:3437} INFO - Setting next_dagrun for one_task_dag to None, run_after=None
[2023-11-12T12:31:47.968+0000] {processor.py:175} INFO - Processing /workspaces/hands-on-introduction-data-engineering-4395021/airflow/dags/one_task_dag.py took 0.084 seconds
[2023-11-12T12:31:48.752+0000] {processor.py:153} INFO - Started process (PID=10328) to work on /workspaces/hands-on-introduction-data-engineering-4395021/airflow/dags/one_task_dag.py
[2023-11-12T12:31:48.752+0000] {processor.py:743} INFO - Processing file /workspaces/hands-on-introduction-data-engineering-4395021/airflow/dags/one_task_dag.py for tasks to queue
[2023-11-12T12:31:48.753+0000] {logging_mixin.py:137} INFO - [2023-11-12T12:31:48.753+0000] {dagbag.py:538} INFO - Filling up the DagBag from /workspaces/hands-on-introduction-data-engineering-4395021/airflow/dags/one_task_dag.py
[2023-11-12T12:31:48.766+0000] {processor.py:753} INFO - DAG(s) dict_keys(['one_task_dag']) retrieved from /workspaces/hands-on-introduction-data-engineering-4395021/airflow/dags/one_task_dag.py
[2023-11-12T12:31:48.770+0000] {logging_mixin.py:137} INFO - [2023-11-12T12:31:48.770+0000] {dag.py:2690} INFO - Sync 1 DAGs
[2023-11-12T12:31:48.785+0000] {logging_mixin.py:137} INFO - [2023-11-12T12:31:48.785+0000] {dag.py:3437} INFO - Setting next_dagrun for one_task_dag to None, run_after=None
[2023-11-12T12:31:48.834+0000] {processor.py:175} INFO - Processing /workspaces/hands-on-introduction-data-engineering-4395021/airflow/dags/one_task_dag.py took 0.084 seconds
[2023-11-12T12:31:53.019+0000] {processor.py:153} INFO - Started process (PID=10367) to work on /workspaces/hands-on-introduction-data-engineering-4395021/airflow/dags/one_task_dag.py
[2023-11-12T12:31:53.019+0000] {processor.py:743} INFO - Processing file /workspaces/hands-on-introduction-data-engineering-4395021/airflow/dags/one_task_dag.py for tasks to queue
[2023-11-12T12:31:53.020+0000] {logging_mixin.py:137} INFO - [2023-11-12T12:31:53.020+0000] {dagbag.py:538} INFO - Filling up the DagBag from /workspaces/hands-on-introduction-data-engineering-4395021/airflow/dags/one_task_dag.py
[2023-11-12T12:31:53.032+0000] {processor.py:753} INFO - DAG(s) dict_keys(['one_task_dag']) retrieved from /workspaces/hands-on-introduction-data-engineering-4395021/airflow/dags/one_task_dag.py
[2023-11-12T12:31:53.037+0000] {logging_mixin.py:137} INFO - [2023-11-12T12:31:53.037+0000] {dag.py:2690} INFO - Sync 1 DAGs
[2023-11-12T12:31:53.052+0000] {logging_mixin.py:137} INFO - [2023-11-12T12:31:53.052+0000] {dag.py:3437} INFO - Setting next_dagrun for one_task_dag to None, run_after=None
[2023-11-12T12:31:53.110+0000] {processor.py:175} INFO - Processing /workspaces/hands-on-introduction-data-engineering-4395021/airflow/dags/one_task_dag.py took 0.093 seconds
[2023-11-12T12:31:55.762+0000] {processor.py:153} INFO - Started process (PID=10386) to work on /workspaces/hands-on-introduction-data-engineering-4395021/airflow/dags/one_task_dag.py
[2023-11-12T12:31:55.763+0000] {processor.py:743} INFO - Processing file /workspaces/hands-on-introduction-data-engineering-4395021/airflow/dags/one_task_dag.py for tasks to queue
[2023-11-12T12:31:55.764+0000] {logging_mixin.py:137} INFO - [2023-11-12T12:31:55.764+0000] {dagbag.py:538} INFO - Filling up the DagBag from /workspaces/hands-on-introduction-data-engineering-4395021/airflow/dags/one_task_dag.py
[2023-11-12T12:31:55.782+0000] {processor.py:753} INFO - DAG(s) dict_keys(['one_task_dag']) retrieved from /workspaces/hands-on-introduction-data-engineering-4395021/airflow/dags/one_task_dag.py
[2023-11-12T12:31:55.788+0000] {logging_mixin.py:137} INFO - [2023-11-12T12:31:55.788+0000] {dag.py:2690} INFO - Sync 1 DAGs
[2023-11-12T12:31:55.816+0000] {logging_mixin.py:137} INFO - [2023-11-12T12:31:55.815+0000] {dag.py:3437} INFO - Setting next_dagrun for one_task_dag to None, run_after=None
[2023-11-12T12:31:55.873+0000] {processor.py:175} INFO - Processing /workspaces/hands-on-introduction-data-engineering-4395021/airflow/dags/one_task_dag.py took 0.114 seconds
[2023-11-12T12:32:06.936+0000] {processor.py:153} INFO - Started process (PID=10456) to work on /workspaces/hands-on-introduction-data-engineering-4395021/airflow/dags/one_task_dag.py
[2023-11-12T12:32:06.936+0000] {processor.py:743} INFO - Processing file /workspaces/hands-on-introduction-data-engineering-4395021/airflow/dags/one_task_dag.py for tasks to queue
[2023-11-12T12:32:06.937+0000] {logging_mixin.py:137} INFO - [2023-11-12T12:32:06.937+0000] {dagbag.py:538} INFO - Filling up the DagBag from /workspaces/hands-on-introduction-data-engineering-4395021/airflow/dags/one_task_dag.py
[2023-11-12T12:32:06.949+0000] {processor.py:753} INFO - DAG(s) dict_keys(['one_task_dag']) retrieved from /workspaces/hands-on-introduction-data-engineering-4395021/airflow/dags/one_task_dag.py
[2023-11-12T12:32:06.953+0000] {logging_mixin.py:137} INFO - [2023-11-12T12:32:06.953+0000] {dag.py:2690} INFO - Sync 1 DAGs
[2023-11-12T12:32:06.971+0000] {logging_mixin.py:137} INFO - [2023-11-12T12:32:06.970+0000] {dag.py:3437} INFO - Setting next_dagrun for one_task_dag to None, run_after=None
[2023-11-12T12:32:07.031+0000] {processor.py:175} INFO - Processing /workspaces/hands-on-introduction-data-engineering-4395021/airflow/dags/one_task_dag.py took 0.097 seconds
[2023-11-12T12:32:09.963+0000] {processor.py:153} INFO - Started process (PID=10466) to work on /workspaces/hands-on-introduction-data-engineering-4395021/airflow/dags/one_task_dag.py
[2023-11-12T12:32:09.964+0000] {processor.py:743} INFO - Processing file /workspaces/hands-on-introduction-data-engineering-4395021/airflow/dags/one_task_dag.py for tasks to queue
[2023-11-12T12:32:09.965+0000] {logging_mixin.py:137} INFO - [2023-11-12T12:32:09.964+0000] {dagbag.py:538} INFO - Filling up the DagBag from /workspaces/hands-on-introduction-data-engineering-4395021/airflow/dags/one_task_dag.py
[2023-11-12T12:32:09.978+0000] {processor.py:753} INFO - DAG(s) dict_keys(['one_task_dag']) retrieved from /workspaces/hands-on-introduction-data-engineering-4395021/airflow/dags/one_task_dag.py
[2023-11-12T12:32:09.983+0000] {logging_mixin.py:137} INFO - [2023-11-12T12:32:09.983+0000] {dag.py:2690} INFO - Sync 1 DAGs
[2023-11-12T12:32:09.998+0000] {logging_mixin.py:137} INFO - [2023-11-12T12:32:09.998+0000] {dag.py:3437} INFO - Setting next_dagrun for one_task_dag to None, run_after=None
[2023-11-12T12:32:10.060+0000] {processor.py:175} INFO - Processing /workspaces/hands-on-introduction-data-engineering-4395021/airflow/dags/one_task_dag.py took 0.100 seconds
[2023-11-12T12:32:21.163+0000] {processor.py:153} INFO - Started process (PID=10541) to work on /workspaces/hands-on-introduction-data-engineering-4395021/airflow/dags/one_task_dag.py
[2023-11-12T12:32:21.163+0000] {processor.py:743} INFO - Processing file /workspaces/hands-on-introduction-data-engineering-4395021/airflow/dags/one_task_dag.py for tasks to queue
[2023-11-12T12:32:21.164+0000] {logging_mixin.py:137} INFO - [2023-11-12T12:32:21.164+0000] {dagbag.py:538} INFO - Filling up the DagBag from /workspaces/hands-on-introduction-data-engineering-4395021/airflow/dags/one_task_dag.py
[2023-11-12T12:32:21.177+0000] {processor.py:753} INFO - DAG(s) dict_keys(['one_task_dag']) retrieved from /workspaces/hands-on-introduction-data-engineering-4395021/airflow/dags/one_task_dag.py
[2023-11-12T12:32:21.215+0000] {logging_mixin.py:137} INFO - [2023-11-12T12:32:21.215+0000] {dag.py:2690} INFO - Sync 1 DAGs
[2023-11-12T12:32:21.322+0000] {logging_mixin.py:137} INFO - [2023-11-12T12:32:21.322+0000] {dag.py:3437} INFO - Setting next_dagrun for one_task_dag to None, run_after=None
[2023-11-12T12:32:21.388+0000] {processor.py:175} INFO - Processing /workspaces/hands-on-introduction-data-engineering-4395021/airflow/dags/one_task_dag.py took 0.236 seconds
[2023-11-12T12:32:51.688+0000] {processor.py:153} INFO - Started process (PID=10732) to work on /workspaces/hands-on-introduction-data-engineering-4395021/airflow/dags/one_task_dag.py
[2023-11-12T12:32:51.689+0000] {processor.py:743} INFO - Processing file /workspaces/hands-on-introduction-data-engineering-4395021/airflow/dags/one_task_dag.py for tasks to queue
[2023-11-12T12:32:51.690+0000] {logging_mixin.py:137} INFO - [2023-11-12T12:32:51.690+0000] {dagbag.py:538} INFO - Filling up the DagBag from /workspaces/hands-on-introduction-data-engineering-4395021/airflow/dags/one_task_dag.py
[2023-11-12T12:32:51.701+0000] {processor.py:753} INFO - DAG(s) dict_keys(['one_task_dag']) retrieved from /workspaces/hands-on-introduction-data-engineering-4395021/airflow/dags/one_task_dag.py
[2023-11-12T12:32:51.714+0000] {logging_mixin.py:137} INFO - [2023-11-12T12:32:51.713+0000] {dag.py:2690} INFO - Sync 1 DAGs
[2023-11-12T12:32:51.728+0000] {logging_mixin.py:137} INFO - [2023-11-12T12:32:51.728+0000] {dag.py:3437} INFO - Setting next_dagrun for one_task_dag to None, run_after=None
[2023-11-12T12:32:51.928+0000] {processor.py:175} INFO - Processing /workspaces/hands-on-introduction-data-engineering-4395021/airflow/dags/one_task_dag.py took 0.242 seconds
[2023-11-12T12:33:22.183+0000] {processor.py:153} INFO - Started process (PID=10938) to work on /workspaces/hands-on-introduction-data-engineering-4395021/airflow/dags/one_task_dag.py
[2023-11-12T12:33:22.184+0000] {processor.py:743} INFO - Processing file /workspaces/hands-on-introduction-data-engineering-4395021/airflow/dags/one_task_dag.py for tasks to queue
[2023-11-12T12:33:22.184+0000] {logging_mixin.py:137} INFO - [2023-11-12T12:33:22.184+0000] {dagbag.py:538} INFO - Filling up the DagBag from /workspaces/hands-on-introduction-data-engineering-4395021/airflow/dags/one_task_dag.py
[2023-11-12T12:33:22.196+0000] {processor.py:753} INFO - DAG(s) dict_keys(['one_task_dag']) retrieved from /workspaces/hands-on-introduction-data-engineering-4395021/airflow/dags/one_task_dag.py
[2023-11-12T12:33:22.208+0000] {logging_mixin.py:137} INFO - [2023-11-12T12:33:22.208+0000] {dag.py:2690} INFO - Sync 1 DAGs
[2023-11-12T12:33:22.224+0000] {logging_mixin.py:137} INFO - [2023-11-12T12:33:22.224+0000] {dag.py:3437} INFO - Setting next_dagrun for one_task_dag to None, run_after=None
[2023-11-12T12:33:22.388+0000] {processor.py:175} INFO - Processing /workspaces/hands-on-introduction-data-engineering-4395021/airflow/dags/one_task_dag.py took 0.207 seconds
[2023-11-12T12:33:48.645+0000] {processor.py:153} INFO - Started process (PID=11120) to work on /workspaces/hands-on-introduction-data-engineering-4395021/airflow/dags/one_task_dag.py
[2023-11-12T12:33:48.646+0000] {processor.py:743} INFO - Processing file /workspaces/hands-on-introduction-data-engineering-4395021/airflow/dags/one_task_dag.py for tasks to queue
[2023-11-12T12:33:48.646+0000] {logging_mixin.py:137} INFO - [2023-11-12T12:33:48.646+0000] {dagbag.py:538} INFO - Filling up the DagBag from /workspaces/hands-on-introduction-data-engineering-4395021/airflow/dags/one_task_dag.py
[2023-11-12T12:33:48.658+0000] {processor.py:753} INFO - DAG(s) dict_keys(['one_task_dag']) retrieved from /workspaces/hands-on-introduction-data-engineering-4395021/airflow/dags/one_task_dag.py
[2023-11-12T12:33:48.783+0000] {logging_mixin.py:137} INFO - [2023-11-12T12:33:48.783+0000] {dag.py:2690} INFO - Sync 1 DAGs
[2023-11-12T12:33:48.796+0000] {logging_mixin.py:137} INFO - [2023-11-12T12:33:48.796+0000] {dag.py:3437} INFO - Setting next_dagrun for one_task_dag to None, run_after=None
[2023-11-12T12:33:48.850+0000] {processor.py:175} INFO - Processing /workspaces/hands-on-introduction-data-engineering-4395021/airflow/dags/one_task_dag.py took 0.208 seconds
[2023-11-12T12:33:52.706+0000] {processor.py:153} INFO - Started process (PID=11143) to work on /workspaces/hands-on-introduction-data-engineering-4395021/airflow/dags/one_task_dag.py
[2023-11-12T12:33:52.707+0000] {processor.py:743} INFO - Processing file /workspaces/hands-on-introduction-data-engineering-4395021/airflow/dags/one_task_dag.py for tasks to queue
[2023-11-12T12:33:52.707+0000] {logging_mixin.py:137} INFO - [2023-11-12T12:33:52.707+0000] {dagbag.py:538} INFO - Filling up the DagBag from /workspaces/hands-on-introduction-data-engineering-4395021/airflow/dags/one_task_dag.py
[2023-11-12T12:33:52.721+0000] {processor.py:753} INFO - DAG(s) dict_keys(['one_task_dag']) retrieved from /workspaces/hands-on-introduction-data-engineering-4395021/airflow/dags/one_task_dag.py
[2023-11-12T12:33:52.728+0000] {logging_mixin.py:137} INFO - [2023-11-12T12:33:52.728+0000] {dag.py:2690} INFO - Sync 1 DAGs
[2023-11-12T12:33:52.752+0000] {logging_mixin.py:137} INFO - [2023-11-12T12:33:52.752+0000] {dag.py:3437} INFO - Setting next_dagrun for one_task_dag to None, run_after=None
[2023-11-12T12:33:52.925+0000] {processor.py:175} INFO - Processing /workspaces/hands-on-introduction-data-engineering-4395021/airflow/dags/one_task_dag.py took 0.221 seconds
[2023-11-12T12:34:23.187+0000] {processor.py:153} INFO - Started process (PID=11347) to work on /workspaces/hands-on-introduction-data-engineering-4395021/airflow/dags/one_task_dag.py
[2023-11-12T12:34:23.188+0000] {processor.py:743} INFO - Processing file /workspaces/hands-on-introduction-data-engineering-4395021/airflow/dags/one_task_dag.py for tasks to queue
[2023-11-12T12:34:23.189+0000] {logging_mixin.py:137} INFO - [2023-11-12T12:34:23.189+0000] {dagbag.py:538} INFO - Filling up the DagBag from /workspaces/hands-on-introduction-data-engineering-4395021/airflow/dags/one_task_dag.py
[2023-11-12T12:34:23.205+0000] {processor.py:753} INFO - DAG(s) dict_keys(['one_task_dag']) retrieved from /workspaces/hands-on-introduction-data-engineering-4395021/airflow/dags/one_task_dag.py
[2023-11-12T12:34:23.372+0000] {logging_mixin.py:137} INFO - [2023-11-12T12:34:23.372+0000] {dag.py:2690} INFO - Sync 1 DAGs
[2023-11-12T12:34:23.385+0000] {logging_mixin.py:137} INFO - [2023-11-12T12:34:23.385+0000] {dag.py:3437} INFO - Setting next_dagrun for one_task_dag to None, run_after=None
[2023-11-12T12:34:23.433+0000] {processor.py:175} INFO - Processing /workspaces/hands-on-introduction-data-engineering-4395021/airflow/dags/one_task_dag.py took 0.249 seconds
[2023-11-12T12:34:53.734+0000] {processor.py:153} INFO - Started process (PID=11624) to work on /workspaces/hands-on-introduction-data-engineering-4395021/airflow/dags/one_task_dag.py
[2023-11-12T12:34:53.734+0000] {processor.py:743} INFO - Processing file /workspaces/hands-on-introduction-data-engineering-4395021/airflow/dags/one_task_dag.py for tasks to queue
[2023-11-12T12:34:53.735+0000] {logging_mixin.py:137} INFO - [2023-11-12T12:34:53.735+0000] {dagbag.py:538} INFO - Filling up the DagBag from /workspaces/hands-on-introduction-data-engineering-4395021/airflow/dags/one_task_dag.py
[2023-11-12T12:34:53.746+0000] {processor.py:753} INFO - DAG(s) dict_keys(['one_task_dag']) retrieved from /workspaces/hands-on-introduction-data-engineering-4395021/airflow/dags/one_task_dag.py
[2023-11-12T12:34:53.877+0000] {logging_mixin.py:137} INFO - [2023-11-12T12:34:53.877+0000] {dag.py:2690} INFO - Sync 1 DAGs
[2023-11-12T12:34:53.898+0000] {logging_mixin.py:137} INFO - [2023-11-12T12:34:53.898+0000] {dag.py:3437} INFO - Setting next_dagrun for one_task_dag to None, run_after=None
[2023-11-12T12:34:53.947+0000] {processor.py:175} INFO - Processing /workspaces/hands-on-introduction-data-engineering-4395021/airflow/dags/one_task_dag.py took 0.215 seconds
[2023-11-12T12:35:24.214+0000] {processor.py:153} INFO - Started process (PID=11805) to work on /workspaces/hands-on-introduction-data-engineering-4395021/airflow/dags/one_task_dag.py
[2023-11-12T12:35:24.215+0000] {processor.py:743} INFO - Processing file /workspaces/hands-on-introduction-data-engineering-4395021/airflow/dags/one_task_dag.py for tasks to queue
[2023-11-12T12:35:24.215+0000] {logging_mixin.py:137} INFO - [2023-11-12T12:35:24.215+0000] {dagbag.py:538} INFO - Filling up the DagBag from /workspaces/hands-on-introduction-data-engineering-4395021/airflow/dags/one_task_dag.py
[2023-11-12T12:35:24.228+0000] {processor.py:753} INFO - DAG(s) dict_keys(['one_task_dag']) retrieved from /workspaces/hands-on-introduction-data-engineering-4395021/airflow/dags/one_task_dag.py
[2023-11-12T12:35:24.330+0000] {logging_mixin.py:137} INFO - [2023-11-12T12:35:24.330+0000] {dag.py:2690} INFO - Sync 1 DAGs
[2023-11-12T12:35:24.344+0000] {logging_mixin.py:137} INFO - [2023-11-12T12:35:24.344+0000] {dag.py:3437} INFO - Setting next_dagrun for one_task_dag to None, run_after=None
[2023-11-12T12:35:24.404+0000] {processor.py:175} INFO - Processing /workspaces/hands-on-introduction-data-engineering-4395021/airflow/dags/one_task_dag.py took 0.192 seconds
[2023-11-12T12:35:54.858+0000] {processor.py:153} INFO - Started process (PID=11988) to work on /workspaces/hands-on-introduction-data-engineering-4395021/airflow/dags/one_task_dag.py
[2023-11-12T12:35:54.859+0000] {processor.py:743} INFO - Processing file /workspaces/hands-on-introduction-data-engineering-4395021/airflow/dags/one_task_dag.py for tasks to queue
[2023-11-12T12:35:54.860+0000] {logging_mixin.py:137} INFO - [2023-11-12T12:35:54.859+0000] {dagbag.py:538} INFO - Filling up the DagBag from /workspaces/hands-on-introduction-data-engineering-4395021/airflow/dags/one_task_dag.py
[2023-11-12T12:35:55.006+0000] {processor.py:753} INFO - DAG(s) dict_keys(['one_task_dag']) retrieved from /workspaces/hands-on-introduction-data-engineering-4395021/airflow/dags/one_task_dag.py
[2023-11-12T12:35:55.025+0000] {logging_mixin.py:137} INFO - [2023-11-12T12:35:55.025+0000] {dag.py:2690} INFO - Sync 1 DAGs
[2023-11-12T12:35:55.045+0000] {logging_mixin.py:137} INFO - [2023-11-12T12:35:55.045+0000] {dag.py:3437} INFO - Setting next_dagrun for one_task_dag to None, run_after=None
[2023-11-12T12:35:55.095+0000] {processor.py:175} INFO - Processing /workspaces/hands-on-introduction-data-engineering-4395021/airflow/dags/one_task_dag.py took 0.241 seconds
[2023-11-12T12:36:25.932+0000] {processor.py:153} INFO - Started process (PID=12188) to work on /workspaces/hands-on-introduction-data-engineering-4395021/airflow/dags/one_task_dag.py
[2023-11-12T12:36:25.932+0000] {processor.py:743} INFO - Processing file /workspaces/hands-on-introduction-data-engineering-4395021/airflow/dags/one_task_dag.py for tasks to queue
[2023-11-12T12:36:25.933+0000] {logging_mixin.py:137} INFO - [2023-11-12T12:36:25.933+0000] {dagbag.py:538} INFO - Filling up the DagBag from /workspaces/hands-on-introduction-data-engineering-4395021/airflow/dags/one_task_dag.py
[2023-11-12T12:36:26.056+0000] {processor.py:753} INFO - DAG(s) dict_keys(['one_task_dag']) retrieved from /workspaces/hands-on-introduction-data-engineering-4395021/airflow/dags/one_task_dag.py
[2023-11-12T12:36:26.335+0000] {logging_mixin.py:137} INFO - [2023-11-12T12:36:26.334+0000] {dag.py:2690} INFO - Sync 1 DAGs
[2023-11-12T12:36:26.677+0000] {logging_mixin.py:137} INFO - [2023-11-12T12:36:26.677+0000] {dag.py:3437} INFO - Setting next_dagrun for one_task_dag to None, run_after=None
[2023-11-12T12:36:26.727+0000] {processor.py:175} INFO - Processing /workspaces/hands-on-introduction-data-engineering-4395021/airflow/dags/one_task_dag.py took 0.799 seconds
[2023-11-12T12:36:57.291+0000] {processor.py:153} INFO - Started process (PID=12381) to work on /workspaces/hands-on-introduction-data-engineering-4395021/airflow/dags/one_task_dag.py
[2023-11-12T12:36:57.292+0000] {processor.py:743} INFO - Processing file /workspaces/hands-on-introduction-data-engineering-4395021/airflow/dags/one_task_dag.py for tasks to queue
[2023-11-12T12:36:57.293+0000] {logging_mixin.py:137} INFO - [2023-11-12T12:36:57.293+0000] {dagbag.py:538} INFO - Filling up the DagBag from /workspaces/hands-on-introduction-data-engineering-4395021/airflow/dags/one_task_dag.py
[2023-11-12T12:36:57.304+0000] {processor.py:753} INFO - DAG(s) dict_keys(['one_task_dag']) retrieved from /workspaces/hands-on-introduction-data-engineering-4395021/airflow/dags/one_task_dag.py
[2023-11-12T12:36:57.317+0000] {logging_mixin.py:137} INFO - [2023-11-12T12:36:57.317+0000] {dag.py:2690} INFO - Sync 1 DAGs
[2023-11-12T12:36:57.333+0000] {logging_mixin.py:137} INFO - [2023-11-12T12:36:57.333+0000] {dag.py:3437} INFO - Setting next_dagrun for one_task_dag to None, run_after=None
[2023-11-12T12:36:57.385+0000] {processor.py:175} INFO - Processing /workspaces/hands-on-introduction-data-engineering-4395021/airflow/dags/one_task_dag.py took 0.096 seconds
[2023-11-12T12:37:27.805+0000] {processor.py:153} INFO - Started process (PID=12673) to work on /workspaces/hands-on-introduction-data-engineering-4395021/airflow/dags/one_task_dag.py
[2023-11-12T12:37:27.805+0000] {processor.py:743} INFO - Processing file /workspaces/hands-on-introduction-data-engineering-4395021/airflow/dags/one_task_dag.py for tasks to queue
[2023-11-12T12:37:27.806+0000] {logging_mixin.py:137} INFO - [2023-11-12T12:37:27.806+0000] {dagbag.py:538} INFO - Filling up the DagBag from /workspaces/hands-on-introduction-data-engineering-4395021/airflow/dags/one_task_dag.py
[2023-11-12T12:37:27.818+0000] {processor.py:753} INFO - DAG(s) dict_keys(['one_task_dag']) retrieved from /workspaces/hands-on-introduction-data-engineering-4395021/airflow/dags/one_task_dag.py
[2023-11-12T12:37:27.831+0000] {logging_mixin.py:137} INFO - [2023-11-12T12:37:27.831+0000] {dag.py:2690} INFO - Sync 1 DAGs
[2023-11-12T12:37:27.847+0000] {logging_mixin.py:137} INFO - [2023-11-12T12:37:27.847+0000] {dag.py:3437} INFO - Setting next_dagrun for one_task_dag to None, run_after=None
[2023-11-12T12:37:27.896+0000] {processor.py:175} INFO - Processing /workspaces/hands-on-introduction-data-engineering-4395021/airflow/dags/one_task_dag.py took 0.093 seconds
[2023-11-12T12:37:58.313+0000] {processor.py:153} INFO - Started process (PID=12897) to work on /workspaces/hands-on-introduction-data-engineering-4395021/airflow/dags/one_task_dag.py
[2023-11-12T12:37:58.314+0000] {processor.py:743} INFO - Processing file /workspaces/hands-on-introduction-data-engineering-4395021/airflow/dags/one_task_dag.py for tasks to queue
[2023-11-12T12:37:58.314+0000] {logging_mixin.py:137} INFO - [2023-11-12T12:37:58.314+0000] {dagbag.py:538} INFO - Filling up the DagBag from /workspaces/hands-on-introduction-data-engineering-4395021/airflow/dags/one_task_dag.py
[2023-11-12T12:37:58.326+0000] {processor.py:753} INFO - DAG(s) dict_keys(['one_task_dag']) retrieved from /workspaces/hands-on-introduction-data-engineering-4395021/airflow/dags/one_task_dag.py
[2023-11-12T12:37:58.338+0000] {logging_mixin.py:137} INFO - [2023-11-12T12:37:58.338+0000] {dag.py:2690} INFO - Sync 1 DAGs
[2023-11-12T12:37:58.353+0000] {logging_mixin.py:137} INFO - [2023-11-12T12:37:58.353+0000] {dag.py:3437} INFO - Setting next_dagrun for one_task_dag to None, run_after=None
[2023-11-12T12:37:58.402+0000] {processor.py:175} INFO - Processing /workspaces/hands-on-introduction-data-engineering-4395021/airflow/dags/one_task_dag.py took 0.091 seconds
[2023-11-12T12:38:29.152+0000] {processor.py:153} INFO - Started process (PID=13084) to work on /workspaces/hands-on-introduction-data-engineering-4395021/airflow/dags/one_task_dag.py
[2023-11-12T12:38:29.152+0000] {processor.py:743} INFO - Processing file /workspaces/hands-on-introduction-data-engineering-4395021/airflow/dags/one_task_dag.py for tasks to queue
[2023-11-12T12:38:29.153+0000] {logging_mixin.py:137} INFO - [2023-11-12T12:38:29.153+0000] {dagbag.py:538} INFO - Filling up the DagBag from /workspaces/hands-on-introduction-data-engineering-4395021/airflow/dags/one_task_dag.py
[2023-11-12T12:38:29.164+0000] {processor.py:753} INFO - DAG(s) dict_keys(['one_task_dag']) retrieved from /workspaces/hands-on-introduction-data-engineering-4395021/airflow/dags/one_task_dag.py
[2023-11-12T12:38:29.179+0000] {logging_mixin.py:137} INFO - [2023-11-12T12:38:29.179+0000] {dag.py:2690} INFO - Sync 1 DAGs
[2023-11-12T12:38:29.194+0000] {logging_mixin.py:137} INFO - [2023-11-12T12:38:29.194+0000] {dag.py:3437} INFO - Setting next_dagrun for one_task_dag to None, run_after=None
[2023-11-12T12:38:29.249+0000] {processor.py:175} INFO - Processing /workspaces/hands-on-introduction-data-engineering-4395021/airflow/dags/one_task_dag.py took 0.099 seconds
[2023-11-12T12:38:43.114+0000] {processor.py:153} INFO - Started process (PID=13183) to work on /workspaces/hands-on-introduction-data-engineering-4395021/airflow/dags/one_task_dag.py
[2023-11-12T12:38:43.114+0000] {processor.py:743} INFO - Processing file /workspaces/hands-on-introduction-data-engineering-4395021/airflow/dags/one_task_dag.py for tasks to queue
[2023-11-12T12:38:43.115+0000] {logging_mixin.py:137} INFO - [2023-11-12T12:38:43.115+0000] {dagbag.py:538} INFO - Filling up the DagBag from /workspaces/hands-on-introduction-data-engineering-4395021/airflow/dags/one_task_dag.py
[2023-11-12T12:38:43.128+0000] {processor.py:753} INFO - DAG(s) dict_keys(['one_task_dag']) retrieved from /workspaces/hands-on-introduction-data-engineering-4395021/airflow/dags/one_task_dag.py
[2023-11-12T12:38:43.177+0000] {logging_mixin.py:137} INFO - [2023-11-12T12:38:43.177+0000] {dag.py:2690} INFO - Sync 1 DAGs
[2023-11-12T12:38:43.199+0000] {logging_mixin.py:137} INFO - [2023-11-12T12:38:43.199+0000] {dag.py:3437} INFO - Setting next_dagrun for one_task_dag to None, run_after=None
[2023-11-12T12:38:43.269+0000] {processor.py:175} INFO - Processing /workspaces/hands-on-introduction-data-engineering-4395021/airflow/dags/one_task_dag.py took 0.157 seconds
[2023-11-12T12:38:52.161+0000] {processor.py:153} INFO - Started process (PID=13226) to work on /workspaces/hands-on-introduction-data-engineering-4395021/airflow/dags/one_task_dag.py
[2023-11-12T12:38:52.162+0000] {processor.py:743} INFO - Processing file /workspaces/hands-on-introduction-data-engineering-4395021/airflow/dags/one_task_dag.py for tasks to queue
[2023-11-12T12:38:52.162+0000] {logging_mixin.py:137} INFO - [2023-11-12T12:38:52.162+0000] {dagbag.py:538} INFO - Filling up the DagBag from /workspaces/hands-on-introduction-data-engineering-4395021/airflow/dags/one_task_dag.py
[2023-11-12T12:38:52.174+0000] {processor.py:753} INFO - DAG(s) dict_keys(['one_task_dag']) retrieved from /workspaces/hands-on-introduction-data-engineering-4395021/airflow/dags/one_task_dag.py
[2023-11-12T12:38:52.179+0000] {logging_mixin.py:137} INFO - [2023-11-12T12:38:52.179+0000] {dag.py:2690} INFO - Sync 1 DAGs
[2023-11-12T12:38:52.196+0000] {logging_mixin.py:137} INFO - [2023-11-12T12:38:52.196+0000] {dag.py:3437} INFO - Setting next_dagrun for one_task_dag to None, run_after=None
[2023-11-12T12:38:52.246+0000] {processor.py:175} INFO - Processing /workspaces/hands-on-introduction-data-engineering-4395021/airflow/dags/one_task_dag.py took 0.088 seconds
[2023-11-12T12:38:56.160+0000] {processor.py:153} INFO - Started process (PID=13266) to work on /workspaces/hands-on-introduction-data-engineering-4395021/airflow/dags/one_task_dag.py
[2023-11-12T12:38:56.161+0000] {processor.py:743} INFO - Processing file /workspaces/hands-on-introduction-data-engineering-4395021/airflow/dags/one_task_dag.py for tasks to queue
[2023-11-12T12:38:56.161+0000] {logging_mixin.py:137} INFO - [2023-11-12T12:38:56.161+0000] {dagbag.py:538} INFO - Filling up the DagBag from /workspaces/hands-on-introduction-data-engineering-4395021/airflow/dags/one_task_dag.py
[2023-11-12T12:38:56.174+0000] {processor.py:753} INFO - DAG(s) dict_keys(['one_task_dag']) retrieved from /workspaces/hands-on-introduction-data-engineering-4395021/airflow/dags/one_task_dag.py
[2023-11-12T12:38:56.178+0000] {logging_mixin.py:137} INFO - [2023-11-12T12:38:56.178+0000] {dag.py:2690} INFO - Sync 1 DAGs
[2023-11-12T12:38:56.195+0000] {logging_mixin.py:137} INFO - [2023-11-12T12:38:56.195+0000] {dag.py:3437} INFO - Setting next_dagrun for one_task_dag to None, run_after=None
[2023-11-12T12:38:56.263+0000] {processor.py:175} INFO - Processing /workspaces/hands-on-introduction-data-engineering-4395021/airflow/dags/one_task_dag.py took 0.105 seconds
[2023-11-12T12:39:26.778+0000] {processor.py:153} INFO - Started process (PID=13451) to work on /workspaces/hands-on-introduction-data-engineering-4395021/airflow/dags/one_task_dag.py
[2023-11-12T12:39:26.778+0000] {processor.py:743} INFO - Processing file /workspaces/hands-on-introduction-data-engineering-4395021/airflow/dags/one_task_dag.py for tasks to queue
[2023-11-12T12:39:26.779+0000] {logging_mixin.py:137} INFO - [2023-11-12T12:39:26.779+0000] {dagbag.py:538} INFO - Filling up the DagBag from /workspaces/hands-on-introduction-data-engineering-4395021/airflow/dags/one_task_dag.py
[2023-11-12T12:39:26.791+0000] {processor.py:753} INFO - DAG(s) dict_keys(['one_task_dag']) retrieved from /workspaces/hands-on-introduction-data-engineering-4395021/airflow/dags/one_task_dag.py
[2023-11-12T12:39:26.803+0000] {logging_mixin.py:137} INFO - [2023-11-12T12:39:26.803+0000] {dag.py:2690} INFO - Sync 1 DAGs
[2023-11-12T12:39:26.819+0000] {logging_mixin.py:137} INFO - [2023-11-12T12:39:26.819+0000] {dag.py:3437} INFO - Setting next_dagrun for one_task_dag to None, run_after=None
[2023-11-12T12:39:26.868+0000] {processor.py:175} INFO - Processing /workspaces/hands-on-introduction-data-engineering-4395021/airflow/dags/one_task_dag.py took 0.092 seconds
[2023-11-12T12:39:56.257+0000] {processor.py:153} INFO - Started process (PID=13630) to work on /workspaces/hands-on-introduction-data-engineering-4395021/airflow/dags/one_task_dag.py
[2023-11-12T12:39:56.258+0000] {processor.py:743} INFO - Processing file /workspaces/hands-on-introduction-data-engineering-4395021/airflow/dags/one_task_dag.py for tasks to queue
[2023-11-12T12:39:56.268+0000] {logging_mixin.py:137} INFO - [2023-11-12T12:39:56.268+0000] {dagbag.py:538} INFO - Filling up the DagBag from /workspaces/hands-on-introduction-data-engineering-4395021/airflow/dags/one_task_dag.py
[2023-11-12T12:39:56.304+0000] {processor.py:753} INFO - DAG(s) dict_keys(['one_task_dag']) retrieved from /workspaces/hands-on-introduction-data-engineering-4395021/airflow/dags/one_task_dag.py
[2023-11-12T12:39:56.417+0000] {logging_mixin.py:137} INFO - [2023-11-12T12:39:56.416+0000] {dag.py:2690} INFO - Sync 1 DAGs
[2023-11-12T12:39:56.441+0000] {logging_mixin.py:137} INFO - [2023-11-12T12:39:56.441+0000] {dag.py:3437} INFO - Setting next_dagrun for one_task_dag to None, run_after=None
[2023-11-12T12:39:56.499+0000] {processor.py:175} INFO - Processing /workspaces/hands-on-introduction-data-engineering-4395021/airflow/dags/one_task_dag.py took 0.247 seconds
[2023-11-12T12:39:58.607+0000] {processor.py:153} INFO - Started process (PID=13646) to work on /workspaces/hands-on-introduction-data-engineering-4395021/airflow/dags/one_task_dag.py
[2023-11-12T12:39:58.608+0000] {processor.py:743} INFO - Processing file /workspaces/hands-on-introduction-data-engineering-4395021/airflow/dags/one_task_dag.py for tasks to queue
[2023-11-12T12:39:58.608+0000] {logging_mixin.py:137} INFO - [2023-11-12T12:39:58.608+0000] {dagbag.py:538} INFO - Filling up the DagBag from /workspaces/hands-on-introduction-data-engineering-4395021/airflow/dags/one_task_dag.py
[2023-11-12T12:39:58.621+0000] {processor.py:753} INFO - DAG(s) dict_keys(['one_task_dag']) retrieved from /workspaces/hands-on-introduction-data-engineering-4395021/airflow/dags/one_task_dag.py
[2023-11-12T12:39:58.626+0000] {logging_mixin.py:137} INFO - [2023-11-12T12:39:58.626+0000] {dag.py:2690} INFO - Sync 1 DAGs
[2023-11-12T12:39:58.645+0000] {logging_mixin.py:137} INFO - [2023-11-12T12:39:58.645+0000] {dag.py:3437} INFO - Setting next_dagrun for one_task_dag to None, run_after=None
[2023-11-12T12:39:58.712+0000] {processor.py:175} INFO - Processing /workspaces/hands-on-introduction-data-engineering-4395021/airflow/dags/one_task_dag.py took 0.107 seconds
[2023-11-12T12:40:29.210+0000] {processor.py:153} INFO - Started process (PID=13931) to work on /workspaces/hands-on-introduction-data-engineering-4395021/airflow/dags/one_task_dag.py
[2023-11-12T12:40:29.210+0000] {processor.py:743} INFO - Processing file /workspaces/hands-on-introduction-data-engineering-4395021/airflow/dags/one_task_dag.py for tasks to queue
[2023-11-12T12:40:29.211+0000] {logging_mixin.py:137} INFO - [2023-11-12T12:40:29.211+0000] {dagbag.py:538} INFO - Filling up the DagBag from /workspaces/hands-on-introduction-data-engineering-4395021/airflow/dags/one_task_dag.py
[2023-11-12T12:40:29.243+0000] {processor.py:753} INFO - DAG(s) dict_keys(['one_task_dag']) retrieved from /workspaces/hands-on-introduction-data-engineering-4395021/airflow/dags/one_task_dag.py
[2023-11-12T12:40:29.259+0000] {logging_mixin.py:137} INFO - [2023-11-12T12:40:29.258+0000] {dag.py:2690} INFO - Sync 1 DAGs
[2023-11-12T12:40:29.277+0000] {logging_mixin.py:137} INFO - [2023-11-12T12:40:29.277+0000] {dag.py:3437} INFO - Setting next_dagrun for one_task_dag to None, run_after=None
[2023-11-12T12:40:29.332+0000] {processor.py:175} INFO - Processing /workspaces/hands-on-introduction-data-engineering-4395021/airflow/dags/one_task_dag.py took 0.124 seconds
[2023-11-12T12:40:59.563+0000] {processor.py:153} INFO - Started process (PID=14116) to work on /workspaces/hands-on-introduction-data-engineering-4395021/airflow/dags/one_task_dag.py
[2023-11-12T12:40:59.564+0000] {processor.py:743} INFO - Processing file /workspaces/hands-on-introduction-data-engineering-4395021/airflow/dags/one_task_dag.py for tasks to queue
[2023-11-12T12:40:59.565+0000] {logging_mixin.py:137} INFO - [2023-11-12T12:40:59.565+0000] {dagbag.py:538} INFO - Filling up the DagBag from /workspaces/hands-on-introduction-data-engineering-4395021/airflow/dags/one_task_dag.py
[2023-11-12T12:40:59.582+0000] {processor.py:753} INFO - DAG(s) dict_keys(['one_task_dag']) retrieved from /workspaces/hands-on-introduction-data-engineering-4395021/airflow/dags/one_task_dag.py
[2023-11-12T12:40:59.597+0000] {logging_mixin.py:137} INFO - [2023-11-12T12:40:59.597+0000] {dag.py:2690} INFO - Sync 1 DAGs
[2023-11-12T12:40:59.612+0000] {logging_mixin.py:137} INFO - [2023-11-12T12:40:59.612+0000] {dag.py:3437} INFO - Setting next_dagrun for one_task_dag to None, run_after=None
[2023-11-12T12:40:59.667+0000] {processor.py:175} INFO - Processing /workspaces/hands-on-introduction-data-engineering-4395021/airflow/dags/one_task_dag.py took 0.106 seconds
[2023-11-12T12:41:29.820+0000] {processor.py:153} INFO - Started process (PID=14296) to work on /workspaces/hands-on-introduction-data-engineering-4395021/airflow/dags/one_task_dag.py
[2023-11-12T12:41:29.820+0000] {processor.py:743} INFO - Processing file /workspaces/hands-on-introduction-data-engineering-4395021/airflow/dags/one_task_dag.py for tasks to queue
[2023-11-12T12:41:29.821+0000] {logging_mixin.py:137} INFO - [2023-11-12T12:41:29.821+0000] {dagbag.py:538} INFO - Filling up the DagBag from /workspaces/hands-on-introduction-data-engineering-4395021/airflow/dags/one_task_dag.py
[2023-11-12T12:41:29.833+0000] {processor.py:753} INFO - DAG(s) dict_keys(['one_task_dag']) retrieved from /workspaces/hands-on-introduction-data-engineering-4395021/airflow/dags/one_task_dag.py
[2023-11-12T12:41:29.845+0000] {logging_mixin.py:137} INFO - [2023-11-12T12:41:29.845+0000] {dag.py:2690} INFO - Sync 1 DAGs
[2023-11-12T12:41:29.860+0000] {logging_mixin.py:137} INFO - [2023-11-12T12:41:29.860+0000] {dag.py:3437} INFO - Setting next_dagrun for one_task_dag to None, run_after=None
[2023-11-12T12:41:29.913+0000] {processor.py:175} INFO - Processing /workspaces/hands-on-introduction-data-engineering-4395021/airflow/dags/one_task_dag.py took 0.096 seconds
[2023-11-12T12:42:00.007+0000] {processor.py:153} INFO - Started process (PID=14486) to work on /workspaces/hands-on-introduction-data-engineering-4395021/airflow/dags/one_task_dag.py
[2023-11-12T12:42:00.011+0000] {processor.py:743} INFO - Processing file /workspaces/hands-on-introduction-data-engineering-4395021/airflow/dags/one_task_dag.py for tasks to queue
[2023-11-12T12:42:00.012+0000] {logging_mixin.py:137} INFO - [2023-11-12T12:42:00.012+0000] {dagbag.py:538} INFO - Filling up the DagBag from /workspaces/hands-on-introduction-data-engineering-4395021/airflow/dags/one_task_dag.py
[2023-11-12T12:42:00.031+0000] {processor.py:753} INFO - DAG(s) dict_keys(['one_task_dag']) retrieved from /workspaces/hands-on-introduction-data-engineering-4395021/airflow/dags/one_task_dag.py
[2023-11-12T12:42:00.084+0000] {logging_mixin.py:137} INFO - [2023-11-12T12:42:00.084+0000] {dag.py:2690} INFO - Sync 1 DAGs
[2023-11-12T12:42:00.286+0000] {logging_mixin.py:137} INFO - [2023-11-12T12:42:00.286+0000] {dag.py:3437} INFO - Setting next_dagrun for one_task_dag to None, run_after=None
[2023-11-12T12:42:00.458+0000] {processor.py:175} INFO - Processing /workspaces/hands-on-introduction-data-engineering-4395021/airflow/dags/one_task_dag.py took 0.454 seconds
[2023-11-12T12:42:31.003+0000] {processor.py:153} INFO - Started process (PID=14683) to work on /workspaces/hands-on-introduction-data-engineering-4395021/airflow/dags/one_task_dag.py
[2023-11-12T12:42:31.003+0000] {processor.py:743} INFO - Processing file /workspaces/hands-on-introduction-data-engineering-4395021/airflow/dags/one_task_dag.py for tasks to queue
[2023-11-12T12:42:31.004+0000] {logging_mixin.py:137} INFO - [2023-11-12T12:42:31.004+0000] {dagbag.py:538} INFO - Filling up the DagBag from /workspaces/hands-on-introduction-data-engineering-4395021/airflow/dags/one_task_dag.py
[2023-11-12T12:42:31.015+0000] {processor.py:753} INFO - DAG(s) dict_keys(['one_task_dag']) retrieved from /workspaces/hands-on-introduction-data-engineering-4395021/airflow/dags/one_task_dag.py
[2023-11-12T12:42:31.029+0000] {logging_mixin.py:137} INFO - [2023-11-12T12:42:31.029+0000] {dag.py:2690} INFO - Sync 1 DAGs
[2023-11-12T12:42:31.043+0000] {logging_mixin.py:137} INFO - [2023-11-12T12:42:31.043+0000] {dag.py:3437} INFO - Setting next_dagrun for one_task_dag to None, run_after=None
[2023-11-12T12:42:31.098+0000] {processor.py:175} INFO - Processing /workspaces/hands-on-introduction-data-engineering-4395021/airflow/dags/one_task_dag.py took 0.097 seconds
[2023-11-12T12:43:00.666+0000] {processor.py:153} INFO - Started process (PID=14857) to work on /workspaces/hands-on-introduction-data-engineering-4395021/airflow/dags/one_task_dag.py
[2023-11-12T12:43:00.667+0000] {processor.py:743} INFO - Processing file /workspaces/hands-on-introduction-data-engineering-4395021/airflow/dags/one_task_dag.py for tasks to queue
[2023-11-12T12:43:00.668+0000] {logging_mixin.py:137} INFO - [2023-11-12T12:43:00.668+0000] {dagbag.py:538} INFO - Filling up the DagBag from /workspaces/hands-on-introduction-data-engineering-4395021/airflow/dags/one_task_dag.py
[2023-11-12T12:43:00.680+0000] {processor.py:753} INFO - DAG(s) dict_keys(['one_task_dag']) retrieved from /workspaces/hands-on-introduction-data-engineering-4395021/airflow/dags/one_task_dag.py
[2023-11-12T12:43:00.714+0000] {logging_mixin.py:137} INFO - [2023-11-12T12:43:00.714+0000] {dag.py:2690} INFO - Sync 1 DAGs
[2023-11-12T12:43:00.728+0000] {logging_mixin.py:137} INFO - [2023-11-12T12:43:00.728+0000] {dag.py:3437} INFO - Setting next_dagrun for one_task_dag to None, run_after=None
[2023-11-12T12:43:00.778+0000] {processor.py:175} INFO - Processing /workspaces/hands-on-introduction-data-engineering-4395021/airflow/dags/one_task_dag.py took 0.113 seconds
[2023-11-12T12:43:31.169+0000] {processor.py:153} INFO - Started process (PID=15073) to work on /workspaces/hands-on-introduction-data-engineering-4395021/airflow/dags/one_task_dag.py
[2023-11-12T12:43:31.170+0000] {processor.py:743} INFO - Processing file /workspaces/hands-on-introduction-data-engineering-4395021/airflow/dags/one_task_dag.py for tasks to queue
[2023-11-12T12:43:31.170+0000] {logging_mixin.py:137} INFO - [2023-11-12T12:43:31.170+0000] {dagbag.py:538} INFO - Filling up the DagBag from /workspaces/hands-on-introduction-data-engineering-4395021/airflow/dags/one_task_dag.py
[2023-11-12T12:43:31.182+0000] {processor.py:753} INFO - DAG(s) dict_keys(['one_task_dag']) retrieved from /workspaces/hands-on-introduction-data-engineering-4395021/airflow/dags/one_task_dag.py
[2023-11-12T12:43:31.194+0000] {logging_mixin.py:137} INFO - [2023-11-12T12:43:31.194+0000] {dag.py:2690} INFO - Sync 1 DAGs
[2023-11-12T12:43:31.209+0000] {logging_mixin.py:137} INFO - [2023-11-12T12:43:31.209+0000] {dag.py:3437} INFO - Setting next_dagrun for one_task_dag to None, run_after=None
[2023-11-12T12:43:31.258+0000] {processor.py:175} INFO - Processing /workspaces/hands-on-introduction-data-engineering-4395021/airflow/dags/one_task_dag.py took 0.091 seconds
[2023-11-12T12:44:01.381+0000] {processor.py:153} INFO - Started process (PID=15258) to work on /workspaces/hands-on-introduction-data-engineering-4395021/airflow/dags/one_task_dag.py
[2023-11-12T12:44:01.382+0000] {processor.py:743} INFO - Processing file /workspaces/hands-on-introduction-data-engineering-4395021/airflow/dags/one_task_dag.py for tasks to queue
[2023-11-12T12:44:01.383+0000] {logging_mixin.py:137} INFO - [2023-11-12T12:44:01.382+0000] {dagbag.py:538} INFO - Filling up the DagBag from /workspaces/hands-on-introduction-data-engineering-4395021/airflow/dags/one_task_dag.py
[2023-11-12T12:44:01.394+0000] {processor.py:753} INFO - DAG(s) dict_keys(['one_task_dag']) retrieved from /workspaces/hands-on-introduction-data-engineering-4395021/airflow/dags/one_task_dag.py
[2023-11-12T12:44:01.409+0000] {logging_mixin.py:137} INFO - [2023-11-12T12:44:01.409+0000] {dag.py:2690} INFO - Sync 1 DAGs
[2023-11-12T12:44:01.425+0000] {logging_mixin.py:137} INFO - [2023-11-12T12:44:01.424+0000] {dag.py:3437} INFO - Setting next_dagrun for one_task_dag to None, run_after=None
[2023-11-12T12:44:01.475+0000] {processor.py:175} INFO - Processing /workspaces/hands-on-introduction-data-engineering-4395021/airflow/dags/one_task_dag.py took 0.096 seconds
[2023-11-12T12:44:31.546+0000] {processor.py:153} INFO - Started process (PID=15457) to work on /workspaces/hands-on-introduction-data-engineering-4395021/airflow/dags/one_task_dag.py
[2023-11-12T12:44:31.547+0000] {processor.py:743} INFO - Processing file /workspaces/hands-on-introduction-data-engineering-4395021/airflow/dags/one_task_dag.py for tasks to queue
[2023-11-12T12:44:31.548+0000] {logging_mixin.py:137} INFO - [2023-11-12T12:44:31.547+0000] {dagbag.py:538} INFO - Filling up the DagBag from /workspaces/hands-on-introduction-data-engineering-4395021/airflow/dags/one_task_dag.py
[2023-11-12T12:44:31.559+0000] {processor.py:753} INFO - DAG(s) dict_keys(['one_task_dag']) retrieved from /workspaces/hands-on-introduction-data-engineering-4395021/airflow/dags/one_task_dag.py
[2023-11-12T12:44:31.573+0000] {logging_mixin.py:137} INFO - [2023-11-12T12:44:31.573+0000] {dag.py:2690} INFO - Sync 1 DAGs
[2023-11-12T12:44:31.588+0000] {logging_mixin.py:137} INFO - [2023-11-12T12:44:31.588+0000] {dag.py:3437} INFO - Setting next_dagrun for one_task_dag to None, run_after=None
[2023-11-12T12:44:31.639+0000] {processor.py:175} INFO - Processing /workspaces/hands-on-introduction-data-engineering-4395021/airflow/dags/one_task_dag.py took 0.095 seconds
[2023-11-12T12:44:46.353+0000] {processor.py:153} INFO - Started process (PID=15541) to work on /workspaces/hands-on-introduction-data-engineering-4395021/airflow/dags/one_task_dag.py
[2023-11-12T12:44:46.354+0000] {processor.py:743} INFO - Processing file /workspaces/hands-on-introduction-data-engineering-4395021/airflow/dags/one_task_dag.py for tasks to queue
[2023-11-12T12:44:46.355+0000] {logging_mixin.py:137} INFO - [2023-11-12T12:44:46.354+0000] {dagbag.py:538} INFO - Filling up the DagBag from /workspaces/hands-on-introduction-data-engineering-4395021/airflow/dags/one_task_dag.py
[2023-11-12T12:44:46.367+0000] {processor.py:753} INFO - DAG(s) dict_keys(['one_task_dag']) retrieved from /workspaces/hands-on-introduction-data-engineering-4395021/airflow/dags/one_task_dag.py
[2023-11-12T12:44:46.401+0000] {logging_mixin.py:137} INFO - [2023-11-12T12:44:46.401+0000] {dag.py:2690} INFO - Sync 1 DAGs
[2023-11-12T12:44:46.418+0000] {logging_mixin.py:137} INFO - [2023-11-12T12:44:46.418+0000] {dag.py:3437} INFO - Setting next_dagrun for one_task_dag to None, run_after=None
[2023-11-12T12:44:46.471+0000] {processor.py:175} INFO - Processing /workspaces/hands-on-introduction-data-engineering-4395021/airflow/dags/one_task_dag.py took 0.120 seconds
[2023-11-12T12:45:17.371+0000] {processor.py:153} INFO - Started process (PID=15725) to work on /workspaces/hands-on-introduction-data-engineering-4395021/airflow/dags/one_task_dag.py
[2023-11-12T12:45:17.372+0000] {processor.py:743} INFO - Processing file /workspaces/hands-on-introduction-data-engineering-4395021/airflow/dags/one_task_dag.py for tasks to queue
[2023-11-12T12:45:17.373+0000] {logging_mixin.py:137} INFO - [2023-11-12T12:45:17.373+0000] {dagbag.py:538} INFO - Filling up the DagBag from /workspaces/hands-on-introduction-data-engineering-4395021/airflow/dags/one_task_dag.py
[2023-11-12T12:45:17.387+0000] {processor.py:753} INFO - DAG(s) dict_keys(['one_task_dag']) retrieved from /workspaces/hands-on-introduction-data-engineering-4395021/airflow/dags/one_task_dag.py
[2023-11-12T12:45:17.563+0000] {logging_mixin.py:137} INFO - [2023-11-12T12:45:17.563+0000] {dag.py:2690} INFO - Sync 1 DAGs
[2023-11-12T12:45:17.620+0000] {logging_mixin.py:137} INFO - [2023-11-12T12:45:17.619+0000] {dag.py:3437} INFO - Setting next_dagrun for one_task_dag to None, run_after=None
[2023-11-12T12:45:17.672+0000] {processor.py:175} INFO - Processing /workspaces/hands-on-introduction-data-engineering-4395021/airflow/dags/one_task_dag.py took 0.304 seconds
[2023-11-12T12:45:48.083+0000] {processor.py:153} INFO - Started process (PID=15918) to work on /workspaces/hands-on-introduction-data-engineering-4395021/airflow/dags/one_task_dag.py
[2023-11-12T12:45:48.084+0000] {processor.py:743} INFO - Processing file /workspaces/hands-on-introduction-data-engineering-4395021/airflow/dags/one_task_dag.py for tasks to queue
[2023-11-12T12:45:48.085+0000] {logging_mixin.py:137} INFO - [2023-11-12T12:45:48.085+0000] {dagbag.py:538} INFO - Filling up the DagBag from /workspaces/hands-on-introduction-data-engineering-4395021/airflow/dags/one_task_dag.py
[2023-11-12T12:45:48.101+0000] {processor.py:753} INFO - DAG(s) dict_keys(['one_task_dag']) retrieved from /workspaces/hands-on-introduction-data-engineering-4395021/airflow/dags/one_task_dag.py
[2023-11-12T12:45:48.120+0000] {logging_mixin.py:137} INFO - [2023-11-12T12:45:48.120+0000] {dag.py:2690} INFO - Sync 1 DAGs
[2023-11-12T12:45:48.141+0000] {logging_mixin.py:137} INFO - [2023-11-12T12:45:48.141+0000] {dag.py:3437} INFO - Setting next_dagrun for one_task_dag to None, run_after=None
[2023-11-12T12:45:48.193+0000] {processor.py:175} INFO - Processing /workspaces/hands-on-introduction-data-engineering-4395021/airflow/dags/one_task_dag.py took 0.113 seconds
[2023-11-12T12:45:59.769+0000] {processor.py:153} INFO - Started process (PID=15994) to work on /workspaces/hands-on-introduction-data-engineering-4395021/airflow/dags/one_task_dag.py
[2023-11-12T12:45:59.770+0000] {processor.py:743} INFO - Processing file /workspaces/hands-on-introduction-data-engineering-4395021/airflow/dags/one_task_dag.py for tasks to queue
[2023-11-12T12:45:59.770+0000] {logging_mixin.py:137} INFO - [2023-11-12T12:45:59.770+0000] {dagbag.py:538} INFO - Filling up the DagBag from /workspaces/hands-on-introduction-data-engineering-4395021/airflow/dags/one_task_dag.py
[2023-11-12T12:45:59.783+0000] {processor.py:753} INFO - DAG(s) dict_keys(['one_task_dag']) retrieved from /workspaces/hands-on-introduction-data-engineering-4395021/airflow/dags/one_task_dag.py
[2023-11-12T12:45:59.818+0000] {logging_mixin.py:137} INFO - [2023-11-12T12:45:59.818+0000] {dag.py:2690} INFO - Sync 1 DAGs
[2023-11-12T12:45:59.840+0000] {logging_mixin.py:137} INFO - [2023-11-12T12:45:59.839+0000] {dag.py:3437} INFO - Setting next_dagrun for one_task_dag to None, run_after=None
[2023-11-12T12:45:59.905+0000] {processor.py:175} INFO - Processing /workspaces/hands-on-introduction-data-engineering-4395021/airflow/dags/one_task_dag.py took 0.138 seconds
[2023-11-12T12:46:01.007+0000] {processor.py:153} INFO - Started process (PID=16001) to work on /workspaces/hands-on-introduction-data-engineering-4395021/airflow/dags/one_task_dag.py
[2023-11-12T12:46:01.008+0000] {processor.py:743} INFO - Processing file /workspaces/hands-on-introduction-data-engineering-4395021/airflow/dags/one_task_dag.py for tasks to queue
[2023-11-12T12:46:01.008+0000] {logging_mixin.py:137} INFO - [2023-11-12T12:46:01.008+0000] {dagbag.py:538} INFO - Filling up the DagBag from /workspaces/hands-on-introduction-data-engineering-4395021/airflow/dags/one_task_dag.py
[2023-11-12T12:46:01.021+0000] {processor.py:753} INFO - DAG(s) dict_keys(['one_task_dag']) retrieved from /workspaces/hands-on-introduction-data-engineering-4395021/airflow/dags/one_task_dag.py
[2023-11-12T12:46:01.027+0000] {logging_mixin.py:137} INFO - [2023-11-12T12:46:01.026+0000] {dag.py:2690} INFO - Sync 1 DAGs
[2023-11-12T12:46:01.042+0000] {logging_mixin.py:137} INFO - [2023-11-12T12:46:01.042+0000] {dag.py:3437} INFO - Setting next_dagrun for one_task_dag to None, run_after=None
[2023-11-12T12:46:01.092+0000] {processor.py:175} INFO - Processing /workspaces/hands-on-introduction-data-engineering-4395021/airflow/dags/one_task_dag.py took 0.087 seconds
[2023-11-12T12:46:31.964+0000] {processor.py:153} INFO - Started process (PID=16196) to work on /workspaces/hands-on-introduction-data-engineering-4395021/airflow/dags/one_task_dag.py
[2023-11-12T12:46:31.964+0000] {processor.py:743} INFO - Processing file /workspaces/hands-on-introduction-data-engineering-4395021/airflow/dags/one_task_dag.py for tasks to queue
[2023-11-12T12:46:31.965+0000] {logging_mixin.py:137} INFO - [2023-11-12T12:46:31.965+0000] {dagbag.py:538} INFO - Filling up the DagBag from /workspaces/hands-on-introduction-data-engineering-4395021/airflow/dags/one_task_dag.py
[2023-11-12T12:46:31.980+0000] {processor.py:753} INFO - DAG(s) dict_keys(['one_task_dag']) retrieved from /workspaces/hands-on-introduction-data-engineering-4395021/airflow/dags/one_task_dag.py
[2023-11-12T12:46:32.028+0000] {logging_mixin.py:137} INFO - [2023-11-12T12:46:32.028+0000] {dag.py:2690} INFO - Sync 1 DAGs
[2023-11-12T12:46:32.175+0000] {logging_mixin.py:137} INFO - [2023-11-12T12:46:32.175+0000] {dag.py:3437} INFO - Setting next_dagrun for one_task_dag to None, run_after=None
[2023-11-12T12:46:32.762+0000] {processor.py:175} INFO - Processing /workspaces/hands-on-introduction-data-engineering-4395021/airflow/dags/one_task_dag.py took 0.802 seconds
[2023-11-12T12:50:30.763+0000] {processor.py:153} INFO - Started process (PID=18245) to work on /workspaces/hands-on-introduction-data-engineering-4395021/airflow/dags/one_task_dag.py
[2023-11-12T12:50:30.764+0000] {processor.py:743} INFO - Processing file /workspaces/hands-on-introduction-data-engineering-4395021/airflow/dags/one_task_dag.py for tasks to queue
[2023-11-12T12:50:30.765+0000] {logging_mixin.py:137} INFO - [2023-11-12T12:50:30.764+0000] {dagbag.py:538} INFO - Filling up the DagBag from /workspaces/hands-on-introduction-data-engineering-4395021/airflow/dags/one_task_dag.py
[2023-11-12T12:50:30.779+0000] {processor.py:753} INFO - DAG(s) dict_keys(['one_task_dag']) retrieved from /workspaces/hands-on-introduction-data-engineering-4395021/airflow/dags/one_task_dag.py
[2023-11-12T12:50:30.927+0000] {logging_mixin.py:137} INFO - [2023-11-12T12:50:30.927+0000] {manager.py:504} INFO - Created Permission View: can edit on DAG:one_task_dag
[2023-11-12T12:50:30.968+0000] {logging_mixin.py:137} INFO - [2023-11-12T12:50:30.968+0000] {manager.py:504} INFO - Created Permission View: can read on DAG:one_task_dag
[2023-11-12T12:50:31.008+0000] {logging_mixin.py:137} INFO - [2023-11-12T12:50:31.007+0000] {manager.py:504} INFO - Created Permission View: can delete on DAG:one_task_dag
[2023-11-12T12:50:31.008+0000] {logging_mixin.py:137} INFO - [2023-11-12T12:50:31.008+0000] {dag.py:2690} INFO - Sync 1 DAGs
[2023-11-12T12:50:31.016+0000] {logging_mixin.py:137} INFO - [2023-11-12T12:50:31.016+0000] {dag.py:2711} INFO - Creating ORM DAG for one_task_dag
[2023-11-12T12:50:31.023+0000] {logging_mixin.py:137} INFO - [2023-11-12T12:50:31.022+0000] {dag.py:3437} INFO - Setting next_dagrun for one_task_dag to None, run_after=None
[2023-11-12T12:50:31.068+0000] {processor.py:175} INFO - Processing /workspaces/hands-on-introduction-data-engineering-4395021/airflow/dags/one_task_dag.py took 0.307 seconds
[2023-11-12T12:51:27.694+0000] {processor.py:153} INFO - Started process (PID=18655) to work on /workspaces/hands-on-introduction-data-engineering-4395021/airflow/dags/one_task_dag.py
[2023-11-12T12:51:27.694+0000] {processor.py:743} INFO - Processing file /workspaces/hands-on-introduction-data-engineering-4395021/airflow/dags/one_task_dag.py for tasks to queue
[2023-11-12T12:51:27.695+0000] {logging_mixin.py:137} INFO - [2023-11-12T12:51:27.695+0000] {dagbag.py:538} INFO - Filling up the DagBag from /workspaces/hands-on-introduction-data-engineering-4395021/airflow/dags/one_task_dag.py
[2023-11-12T12:51:27.707+0000] {processor.py:753} INFO - DAG(s) dict_keys(['one_task_dag']) retrieved from /workspaces/hands-on-introduction-data-engineering-4395021/airflow/dags/one_task_dag.py
[2023-11-12T12:51:27.722+0000] {logging_mixin.py:137} INFO - [2023-11-12T12:51:27.722+0000] {dag.py:2690} INFO - Sync 1 DAGs
[2023-11-12T12:51:27.743+0000] {logging_mixin.py:137} INFO - [2023-11-12T12:51:27.743+0000] {dag.py:3437} INFO - Setting next_dagrun for one_task_dag to None, run_after=None
[2023-11-12T12:51:27.803+0000] {processor.py:175} INFO - Processing /workspaces/hands-on-introduction-data-engineering-4395021/airflow/dags/one_task_dag.py took 0.112 seconds
[2023-11-12T12:52:02.693+0000] {processor.py:153} INFO - Started process (PID=18933) to work on /workspaces/hands-on-introduction-data-engineering-4395021/airflow/dags/one_task_dag.py
[2023-11-12T12:52:02.694+0000] {processor.py:743} INFO - Processing file /workspaces/hands-on-introduction-data-engineering-4395021/airflow/dags/one_task_dag.py for tasks to queue
[2023-11-12T12:52:02.694+0000] {logging_mixin.py:137} INFO - [2023-11-12T12:52:02.694+0000] {dagbag.py:538} INFO - Filling up the DagBag from /workspaces/hands-on-introduction-data-engineering-4395021/airflow/dags/one_task_dag.py
[2023-11-12T12:52:02.706+0000] {processor.py:753} INFO - DAG(s) dict_keys(['one_task_dag']) retrieved from /workspaces/hands-on-introduction-data-engineering-4395021/airflow/dags/one_task_dag.py
[2023-11-12T12:52:02.719+0000] {logging_mixin.py:137} INFO - [2023-11-12T12:52:02.719+0000] {dag.py:2690} INFO - Sync 1 DAGs
[2023-11-12T12:52:02.734+0000] {logging_mixin.py:137} INFO - [2023-11-12T12:52:02.734+0000] {dag.py:3437} INFO - Setting next_dagrun for one_task_dag to None, run_after=None
[2023-11-12T12:52:02.784+0000] {processor.py:175} INFO - Processing /workspaces/hands-on-introduction-data-engineering-4395021/airflow/dags/one_task_dag.py took 0.094 seconds
[2023-11-12T12:52:37.323+0000] {processor.py:153} INFO - Started process (PID=19201) to work on /workspaces/hands-on-introduction-data-engineering-4395021/airflow/dags/one_task_dag.py
[2023-11-12T12:52:37.324+0000] {processor.py:743} INFO - Processing file /workspaces/hands-on-introduction-data-engineering-4395021/airflow/dags/one_task_dag.py for tasks to queue
[2023-11-12T12:52:37.325+0000] {logging_mixin.py:137} INFO - [2023-11-12T12:52:37.324+0000] {dagbag.py:538} INFO - Filling up the DagBag from /workspaces/hands-on-introduction-data-engineering-4395021/airflow/dags/one_task_dag.py
[2023-11-12T12:52:37.340+0000] {processor.py:753} INFO - DAG(s) dict_keys(['one_task_dag']) retrieved from /workspaces/hands-on-introduction-data-engineering-4395021/airflow/dags/one_task_dag.py
[2023-11-12T12:52:37.361+0000] {logging_mixin.py:137} INFO - [2023-11-12T12:52:37.361+0000] {dag.py:2690} INFO - Sync 1 DAGs
[2023-11-12T12:52:37.382+0000] {logging_mixin.py:137} INFO - [2023-11-12T12:52:37.382+0000] {dag.py:3437} INFO - Setting next_dagrun for one_task_dag to None, run_after=None
[2023-11-12T12:52:37.451+0000] {processor.py:175} INFO - Processing /workspaces/hands-on-introduction-data-engineering-4395021/airflow/dags/one_task_dag.py took 0.131 seconds
[2023-11-12T12:53:10.473+0000] {processor.py:153} INFO - Started process (PID=19506) to work on /workspaces/hands-on-introduction-data-engineering-4395021/airflow/dags/one_task_dag.py
[2023-11-12T12:53:10.475+0000] {processor.py:743} INFO - Processing file /workspaces/hands-on-introduction-data-engineering-4395021/airflow/dags/one_task_dag.py for tasks to queue
[2023-11-12T12:53:10.475+0000] {logging_mixin.py:137} INFO - [2023-11-12T12:53:10.475+0000] {dagbag.py:538} INFO - Filling up the DagBag from /workspaces/hands-on-introduction-data-engineering-4395021/airflow/dags/one_task_dag.py
[2023-11-12T12:53:10.500+0000] {processor.py:753} INFO - DAG(s) dict_keys(['one_task_dag']) retrieved from /workspaces/hands-on-introduction-data-engineering-4395021/airflow/dags/one_task_dag.py
[2023-11-12T12:53:10.515+0000] {logging_mixin.py:137} INFO - [2023-11-12T12:53:10.515+0000] {dag.py:2690} INFO - Sync 1 DAGs
[2023-11-12T12:53:10.530+0000] {logging_mixin.py:137} INFO - [2023-11-12T12:53:10.530+0000] {dag.py:3437} INFO - Setting next_dagrun for one_task_dag to None, run_after=None
[2023-11-12T12:53:10.578+0000] {processor.py:175} INFO - Processing /workspaces/hands-on-introduction-data-engineering-4395021/airflow/dags/one_task_dag.py took 0.107 seconds
