[2023-11-12T12:50:42.458+0000] {processor.py:153} INFO - Started process (PID=18339) to work on /usr/local/python/3.10.8/lib/python3.10/site-packages/airflow/example_dags/example_sensor_decorator.py
[2023-11-12T12:50:42.459+0000] {processor.py:743} INFO - Processing file /usr/local/python/3.10.8/lib/python3.10/site-packages/airflow/example_dags/example_sensor_decorator.py for tasks to queue
[2023-11-12T12:50:42.459+0000] {logging_mixin.py:137} INFO - [2023-11-12T12:50:42.459+0000] {dagbag.py:538} INFO - Filling up the DagBag from /usr/local/python/3.10.8/lib/python3.10/site-packages/airflow/example_dags/example_sensor_decorator.py
[2023-11-12T12:50:42.479+0000] {processor.py:753} INFO - DAG(s) dict_keys(['example_sensor_decorator']) retrieved from /usr/local/python/3.10.8/lib/python3.10/site-packages/airflow/example_dags/example_sensor_decorator.py
[2023-11-12T12:50:42.628+0000] {logging_mixin.py:137} INFO - [2023-11-12T12:50:42.628+0000] {manager.py:504} INFO - Created Permission View: can edit on DAG:example_sensor_decorator
[2023-11-12T12:50:42.684+0000] {logging_mixin.py:137} INFO - [2023-11-12T12:50:42.684+0000] {manager.py:504} INFO - Created Permission View: can read on DAG:example_sensor_decorator
[2023-11-12T12:50:42.723+0000] {logging_mixin.py:137} INFO - [2023-11-12T12:50:42.723+0000] {manager.py:504} INFO - Created Permission View: can delete on DAG:example_sensor_decorator
[2023-11-12T12:50:42.723+0000] {logging_mixin.py:137} INFO - [2023-11-12T12:50:42.723+0000] {dag.py:2690} INFO - Sync 1 DAGs
[2023-11-12T12:50:42.732+0000] {logging_mixin.py:137} INFO - [2023-11-12T12:50:42.731+0000] {dag.py:2711} INFO - Creating ORM DAG for example_sensor_decorator
[2023-11-12T12:50:42.827+0000] {logging_mixin.py:137} INFO - [2023-11-12T12:50:42.827+0000] {dag.py:3437} INFO - Setting next_dagrun for example_sensor_decorator to None, run_after=None
[2023-11-12T12:50:42.883+0000] {processor.py:175} INFO - Processing /usr/local/python/3.10.8/lib/python3.10/site-packages/airflow/example_dags/example_sensor_decorator.py took 0.427 seconds
[2023-11-12T12:51:36.711+0000] {processor.py:153} INFO - Started process (PID=18723) to work on /usr/local/python/3.10.8/lib/python3.10/site-packages/airflow/example_dags/example_sensor_decorator.py
[2023-11-12T12:51:36.711+0000] {processor.py:743} INFO - Processing file /usr/local/python/3.10.8/lib/python3.10/site-packages/airflow/example_dags/example_sensor_decorator.py for tasks to queue
[2023-11-12T12:51:36.712+0000] {logging_mixin.py:137} INFO - [2023-11-12T12:51:36.712+0000] {dagbag.py:538} INFO - Filling up the DagBag from /usr/local/python/3.10.8/lib/python3.10/site-packages/airflow/example_dags/example_sensor_decorator.py
[2023-11-12T12:51:36.731+0000] {processor.py:753} INFO - DAG(s) dict_keys(['example_sensor_decorator']) retrieved from /usr/local/python/3.10.8/lib/python3.10/site-packages/airflow/example_dags/example_sensor_decorator.py
[2023-11-12T12:51:36.744+0000] {logging_mixin.py:137} INFO - [2023-11-12T12:51:36.744+0000] {dag.py:2690} INFO - Sync 1 DAGs
[2023-11-12T12:51:36.759+0000] {logging_mixin.py:137} INFO - [2023-11-12T12:51:36.759+0000] {dag.py:3437} INFO - Setting next_dagrun for example_sensor_decorator to None, run_after=None
[2023-11-12T12:51:36.811+0000] {processor.py:175} INFO - Processing /usr/local/python/3.10.8/lib/python3.10/site-packages/airflow/example_dags/example_sensor_decorator.py took 0.103 seconds
[2023-11-12T12:52:17.757+0000] {processor.py:153} INFO - Started process (PID=19049) to work on /usr/local/python/3.10.8/lib/python3.10/site-packages/airflow/example_dags/example_sensor_decorator.py
[2023-11-12T12:52:17.757+0000] {processor.py:743} INFO - Processing file /usr/local/python/3.10.8/lib/python3.10/site-packages/airflow/example_dags/example_sensor_decorator.py for tasks to queue
[2023-11-12T12:52:17.758+0000] {logging_mixin.py:137} INFO - [2023-11-12T12:52:17.758+0000] {dagbag.py:538} INFO - Filling up the DagBag from /usr/local/python/3.10.8/lib/python3.10/site-packages/airflow/example_dags/example_sensor_decorator.py
[2023-11-12T12:52:17.777+0000] {processor.py:753} INFO - DAG(s) dict_keys(['example_sensor_decorator']) retrieved from /usr/local/python/3.10.8/lib/python3.10/site-packages/airflow/example_dags/example_sensor_decorator.py
[2023-11-12T12:52:17.790+0000] {logging_mixin.py:137} INFO - [2023-11-12T12:52:17.790+0000] {dag.py:2690} INFO - Sync 1 DAGs
[2023-11-12T12:52:17.805+0000] {logging_mixin.py:137} INFO - [2023-11-12T12:52:17.804+0000] {dag.py:3437} INFO - Setting next_dagrun for example_sensor_decorator to None, run_after=None
[2023-11-12T12:52:17.854+0000] {processor.py:175} INFO - Processing /usr/local/python/3.10.8/lib/python3.10/site-packages/airflow/example_dags/example_sensor_decorator.py took 0.099 seconds
[2023-11-12T12:52:59.662+0000] {processor.py:153} INFO - Started process (PID=19415) to work on /usr/local/python/3.10.8/lib/python3.10/site-packages/airflow/example_dags/example_sensor_decorator.py
[2023-11-12T12:52:59.663+0000] {processor.py:743} INFO - Processing file /usr/local/python/3.10.8/lib/python3.10/site-packages/airflow/example_dags/example_sensor_decorator.py for tasks to queue
[2023-11-12T12:52:59.663+0000] {logging_mixin.py:137} INFO - [2023-11-12T12:52:59.663+0000] {dagbag.py:538} INFO - Filling up the DagBag from /usr/local/python/3.10.8/lib/python3.10/site-packages/airflow/example_dags/example_sensor_decorator.py
[2023-11-12T12:52:59.690+0000] {processor.py:753} INFO - DAG(s) dict_keys(['example_sensor_decorator']) retrieved from /usr/local/python/3.10.8/lib/python3.10/site-packages/airflow/example_dags/example_sensor_decorator.py
[2023-11-12T12:52:59.713+0000] {logging_mixin.py:137} INFO - [2023-11-12T12:52:59.713+0000] {dag.py:2690} INFO - Sync 1 DAGs
[2023-11-12T12:52:59.736+0000] {logging_mixin.py:137} INFO - [2023-11-12T12:52:59.736+0000] {dag.py:3437} INFO - Setting next_dagrun for example_sensor_decorator to None, run_after=None
[2023-11-12T12:52:59.805+0000] {processor.py:175} INFO - Processing /usr/local/python/3.10.8/lib/python3.10/site-packages/airflow/example_dags/example_sensor_decorator.py took 0.145 seconds
