[2023-11-12T11:15:27.168+0000] {processor.py:153} INFO - Started process (PID=24984) to work on /usr/local/python/3.10.8/lib/python3.10/site-packages/airflow/example_dags/example_time_delta_sensor_async.py
[2023-11-12T11:15:27.168+0000] {processor.py:743} INFO - Processing file /usr/local/python/3.10.8/lib/python3.10/site-packages/airflow/example_dags/example_time_delta_sensor_async.py for tasks to queue
[2023-11-12T11:15:27.169+0000] {logging_mixin.py:137} INFO - [2023-11-12T11:15:27.169+0000] {dagbag.py:538} INFO - Filling up the DagBag from /usr/local/python/3.10.8/lib/python3.10/site-packages/airflow/example_dags/example_time_delta_sensor_async.py
[2023-11-12T11:15:27.179+0000] {processor.py:753} INFO - DAG(s) dict_keys(['example_time_delta_sensor_async']) retrieved from /usr/local/python/3.10.8/lib/python3.10/site-packages/airflow/example_dags/example_time_delta_sensor_async.py
[2023-11-12T11:15:27.337+0000] {logging_mixin.py:137} INFO - [2023-11-12T11:15:27.337+0000] {manager.py:504} INFO - Created Permission View: can read on DAG:example_time_delta_sensor_async
[2023-11-12T11:15:27.382+0000] {logging_mixin.py:137} INFO - [2023-11-12T11:15:27.382+0000] {manager.py:504} INFO - Created Permission View: can delete on DAG:example_time_delta_sensor_async
[2023-11-12T11:15:27.422+0000] {logging_mixin.py:137} INFO - [2023-11-12T11:15:27.422+0000] {manager.py:504} INFO - Created Permission View: can edit on DAG:example_time_delta_sensor_async
[2023-11-12T11:15:27.422+0000] {logging_mixin.py:137} INFO - [2023-11-12T11:15:27.422+0000] {dag.py:2690} INFO - Sync 1 DAGs
[2023-11-12T11:15:27.431+0000] {logging_mixin.py:137} INFO - [2023-11-12T11:15:27.431+0000] {dag.py:2711} INFO - Creating ORM DAG for example_time_delta_sensor_async
[2023-11-12T11:15:27.437+0000] {logging_mixin.py:137} INFO - [2023-11-12T11:15:27.437+0000] {dag.py:3437} INFO - Setting next_dagrun for example_time_delta_sensor_async to None, run_after=None
[2023-11-12T11:15:27.487+0000] {processor.py:175} INFO - Processing /usr/local/python/3.10.8/lib/python3.10/site-packages/airflow/example_dags/example_time_delta_sensor_async.py took 0.322 seconds
[2023-11-12T11:16:14.719+0000] {processor.py:153} INFO - Started process (PID=25355) to work on /usr/local/python/3.10.8/lib/python3.10/site-packages/airflow/example_dags/example_time_delta_sensor_async.py
[2023-11-12T11:16:14.719+0000] {processor.py:743} INFO - Processing file /usr/local/python/3.10.8/lib/python3.10/site-packages/airflow/example_dags/example_time_delta_sensor_async.py for tasks to queue
[2023-11-12T11:16:14.720+0000] {logging_mixin.py:137} INFO - [2023-11-12T11:16:14.720+0000] {dagbag.py:538} INFO - Filling up the DagBag from /usr/local/python/3.10.8/lib/python3.10/site-packages/airflow/example_dags/example_time_delta_sensor_async.py
[2023-11-12T11:16:14.730+0000] {processor.py:753} INFO - DAG(s) dict_keys(['example_time_delta_sensor_async']) retrieved from /usr/local/python/3.10.8/lib/python3.10/site-packages/airflow/example_dags/example_time_delta_sensor_async.py
[2023-11-12T11:16:14.746+0000] {logging_mixin.py:137} INFO - [2023-11-12T11:16:14.745+0000] {dag.py:2690} INFO - Sync 1 DAGs
[2023-11-12T11:16:14.769+0000] {logging_mixin.py:137} INFO - [2023-11-12T11:16:14.768+0000] {dag.py:3437} INFO - Setting next_dagrun for example_time_delta_sensor_async to None, run_after=None
[2023-11-12T11:16:14.829+0000] {processor.py:175} INFO - Processing /usr/local/python/3.10.8/lib/python3.10/site-packages/airflow/example_dags/example_time_delta_sensor_async.py took 0.112 seconds
[2023-11-12T11:16:55.480+0000] {processor.py:153} INFO - Started process (PID=25780) to work on /usr/local/python/3.10.8/lib/python3.10/site-packages/airflow/example_dags/example_time_delta_sensor_async.py
[2023-11-12T11:16:55.480+0000] {processor.py:743} INFO - Processing file /usr/local/python/3.10.8/lib/python3.10/site-packages/airflow/example_dags/example_time_delta_sensor_async.py for tasks to queue
[2023-11-12T11:16:55.481+0000] {logging_mixin.py:137} INFO - [2023-11-12T11:16:55.481+0000] {dagbag.py:538} INFO - Filling up the DagBag from /usr/local/python/3.10.8/lib/python3.10/site-packages/airflow/example_dags/example_time_delta_sensor_async.py
[2023-11-12T11:16:55.491+0000] {processor.py:753} INFO - DAG(s) dict_keys(['example_time_delta_sensor_async']) retrieved from /usr/local/python/3.10.8/lib/python3.10/site-packages/airflow/example_dags/example_time_delta_sensor_async.py
[2023-11-12T11:16:55.509+0000] {logging_mixin.py:137} INFO - [2023-11-12T11:16:55.509+0000] {dag.py:2690} INFO - Sync 1 DAGs
[2023-11-12T11:16:55.528+0000] {logging_mixin.py:137} INFO - [2023-11-12T11:16:55.528+0000] {dag.py:3437} INFO - Setting next_dagrun for example_time_delta_sensor_async to None, run_after=None
[2023-11-12T11:16:55.613+0000] {processor.py:175} INFO - Processing /usr/local/python/3.10.8/lib/python3.10/site-packages/airflow/example_dags/example_time_delta_sensor_async.py took 0.136 seconds
