[2023-11-12T12:51:26.155+0000] {processor.py:153} INFO - Started process (PID=18645) to work on /usr/local/python/3.10.8/lib/python3.10/site-packages/airflow/example_dags/example_branch_operator.py
[2023-11-12T12:51:26.156+0000] {processor.py:743} INFO - Processing file /usr/local/python/3.10.8/lib/python3.10/site-packages/airflow/example_dags/example_branch_operator.py for tasks to queue
[2023-11-12T12:51:26.156+0000] {logging_mixin.py:137} INFO - [2023-11-12T12:51:26.156+0000] {dagbag.py:538} INFO - Filling up the DagBag from /usr/local/python/3.10.8/lib/python3.10/site-packages/airflow/example_dags/example_branch_operator.py
[2023-11-12T12:51:26.171+0000] {processor.py:753} INFO - DAG(s) dict_keys(['example_branch_operator']) retrieved from /usr/local/python/3.10.8/lib/python3.10/site-packages/airflow/example_dags/example_branch_operator.py
[2023-11-12T12:51:26.338+0000] {logging_mixin.py:137} INFO - [2023-11-12T12:51:26.338+0000] {manager.py:504} INFO - Created Permission View: can edit on DAG:example_branch_operator
[2023-11-12T12:51:26.387+0000] {logging_mixin.py:137} INFO - [2023-11-12T12:51:26.387+0000] {manager.py:504} INFO - Created Permission View: can read on DAG:example_branch_operator
[2023-11-12T12:51:26.427+0000] {logging_mixin.py:137} INFO - [2023-11-12T12:51:26.427+0000] {manager.py:504} INFO - Created Permission View: can delete on DAG:example_branch_operator
[2023-11-12T12:51:26.427+0000] {logging_mixin.py:137} INFO - [2023-11-12T12:51:26.427+0000] {dag.py:2690} INFO - Sync 1 DAGs
[2023-11-12T12:51:26.436+0000] {logging_mixin.py:137} INFO - [2023-11-12T12:51:26.436+0000] {dag.py:2711} INFO - Creating ORM DAG for example_branch_operator
[2023-11-12T12:51:26.531+0000] {logging_mixin.py:137} INFO - [2023-11-12T12:51:26.531+0000] {dag.py:3437} INFO - Setting next_dagrun for example_branch_operator to 2023-11-11T00:00:00+00:00, run_after=2023-11-12T00:00:00+00:00
[2023-11-12T12:51:26.589+0000] {processor.py:175} INFO - Processing /usr/local/python/3.10.8/lib/python3.10/site-packages/airflow/example_dags/example_branch_operator.py took 0.436 seconds
[2023-11-12T12:52:14.063+0000] {processor.py:153} INFO - Started process (PID=19023) to work on /usr/local/python/3.10.8/lib/python3.10/site-packages/airflow/example_dags/example_branch_operator.py
[2023-11-12T12:52:14.064+0000] {processor.py:743} INFO - Processing file /usr/local/python/3.10.8/lib/python3.10/site-packages/airflow/example_dags/example_branch_operator.py for tasks to queue
[2023-11-12T12:52:14.065+0000] {logging_mixin.py:137} INFO - [2023-11-12T12:52:14.065+0000] {dagbag.py:538} INFO - Filling up the DagBag from /usr/local/python/3.10.8/lib/python3.10/site-packages/airflow/example_dags/example_branch_operator.py
[2023-11-12T12:52:14.079+0000] {processor.py:753} INFO - DAG(s) dict_keys(['example_branch_operator']) retrieved from /usr/local/python/3.10.8/lib/python3.10/site-packages/airflow/example_dags/example_branch_operator.py
[2023-11-12T12:52:14.093+0000] {logging_mixin.py:137} INFO - [2023-11-12T12:52:14.093+0000] {dag.py:2690} INFO - Sync 1 DAGs
[2023-11-12T12:52:14.109+0000] {logging_mixin.py:137} INFO - [2023-11-12T12:52:14.109+0000] {dag.py:3437} INFO - Setting next_dagrun for example_branch_operator to 2023-11-11T00:00:00+00:00, run_after=2023-11-12T00:00:00+00:00
[2023-11-12T12:52:14.159+0000] {processor.py:175} INFO - Processing /usr/local/python/3.10.8/lib/python3.10/site-packages/airflow/example_dags/example_branch_operator.py took 0.098 seconds
[2023-11-12T12:52:58.430+0000] {processor.py:153} INFO - Started process (PID=19408) to work on /usr/local/python/3.10.8/lib/python3.10/site-packages/airflow/example_dags/example_branch_operator.py
[2023-11-12T12:52:58.431+0000] {processor.py:743} INFO - Processing file /usr/local/python/3.10.8/lib/python3.10/site-packages/airflow/example_dags/example_branch_operator.py for tasks to queue
[2023-11-12T12:52:58.432+0000] {logging_mixin.py:137} INFO - [2023-11-12T12:52:58.431+0000] {dagbag.py:538} INFO - Filling up the DagBag from /usr/local/python/3.10.8/lib/python3.10/site-packages/airflow/example_dags/example_branch_operator.py
[2023-11-12T12:52:58.446+0000] {processor.py:753} INFO - DAG(s) dict_keys(['example_branch_operator']) retrieved from /usr/local/python/3.10.8/lib/python3.10/site-packages/airflow/example_dags/example_branch_operator.py
[2023-11-12T12:52:58.461+0000] {logging_mixin.py:137} INFO - [2023-11-12T12:52:58.461+0000] {dag.py:2690} INFO - Sync 1 DAGs
[2023-11-12T12:52:58.477+0000] {logging_mixin.py:137} INFO - [2023-11-12T12:52:58.476+0000] {dag.py:3437} INFO - Setting next_dagrun for example_branch_operator to 2023-11-11T00:00:00+00:00, run_after=2023-11-12T00:00:00+00:00
[2023-11-12T12:52:58.528+0000] {processor.py:175} INFO - Processing /usr/local/python/3.10.8/lib/python3.10/site-packages/airflow/example_dags/example_branch_operator.py took 0.100 seconds
