[2023-11-12T12:51:10.206+0000] {processor.py:153} INFO - Started process (PID=18532) to work on /usr/local/python/3.10.8/lib/python3.10/site-packages/airflow/example_dags/example_branch_python_dop_operator_3.py
[2023-11-12T12:51:10.207+0000] {processor.py:743} INFO - Processing file /usr/local/python/3.10.8/lib/python3.10/site-packages/airflow/example_dags/example_branch_python_dop_operator_3.py for tasks to queue
[2023-11-12T12:51:10.208+0000] {logging_mixin.py:137} INFO - [2023-11-12T12:51:10.208+0000] {dagbag.py:538} INFO - Filling up the DagBag from /usr/local/python/3.10.8/lib/python3.10/site-packages/airflow/example_dags/example_branch_python_dop_operator_3.py
[2023-11-12T12:51:10.248+0000] {processor.py:753} INFO - DAG(s) dict_keys(['example_branch_dop_operator_v3']) retrieved from /usr/local/python/3.10.8/lib/python3.10/site-packages/airflow/example_dags/example_branch_python_dop_operator_3.py
[2023-11-12T12:51:10.444+0000] {logging_mixin.py:137} INFO - [2023-11-12T12:51:10.444+0000] {manager.py:504} INFO - Created Permission View: can edit on DAG:example_branch_dop_operator_v3
[2023-11-12T12:51:10.486+0000] {logging_mixin.py:137} INFO - [2023-11-12T12:51:10.485+0000] {manager.py:504} INFO - Created Permission View: can read on DAG:example_branch_dop_operator_v3
[2023-11-12T12:51:10.535+0000] {logging_mixin.py:137} INFO - [2023-11-12T12:51:10.535+0000] {manager.py:504} INFO - Created Permission View: can delete on DAG:example_branch_dop_operator_v3
[2023-11-12T12:51:10.535+0000] {logging_mixin.py:137} INFO - [2023-11-12T12:51:10.535+0000] {dag.py:2690} INFO - Sync 1 DAGs
[2023-11-12T12:51:10.635+0000] {logging_mixin.py:137} INFO - [2023-11-12T12:51:10.635+0000] {dag.py:2711} INFO - Creating ORM DAG for example_branch_dop_operator_v3
[2023-11-12T12:51:10.648+0000] {logging_mixin.py:137} INFO - [2023-11-12T12:51:10.647+0000] {dag.py:3437} INFO - Setting next_dagrun for example_branch_dop_operator_v3 to 2023-11-12T12:50:00+00:00, run_after=2023-11-12T12:51:00+00:00
[2023-11-12T12:51:10.709+0000] {processor.py:175} INFO - Processing /usr/local/python/3.10.8/lib/python3.10/site-packages/airflow/example_dags/example_branch_python_dop_operator_3.py took 0.507 seconds
[2023-11-12T12:51:56.669+0000] {processor.py:153} INFO - Started process (PID=18875) to work on /usr/local/python/3.10.8/lib/python3.10/site-packages/airflow/example_dags/example_branch_python_dop_operator_3.py
[2023-11-12T12:51:56.670+0000] {processor.py:743} INFO - Processing file /usr/local/python/3.10.8/lib/python3.10/site-packages/airflow/example_dags/example_branch_python_dop_operator_3.py for tasks to queue
[2023-11-12T12:51:56.671+0000] {logging_mixin.py:137} INFO - [2023-11-12T12:51:56.671+0000] {dagbag.py:538} INFO - Filling up the DagBag from /usr/local/python/3.10.8/lib/python3.10/site-packages/airflow/example_dags/example_branch_python_dop_operator_3.py
[2023-11-12T12:51:56.702+0000] {processor.py:753} INFO - DAG(s) dict_keys(['example_branch_dop_operator_v3']) retrieved from /usr/local/python/3.10.8/lib/python3.10/site-packages/airflow/example_dags/example_branch_python_dop_operator_3.py
[2023-11-12T12:51:56.722+0000] {logging_mixin.py:137} INFO - [2023-11-12T12:51:56.722+0000] {dag.py:2690} INFO - Sync 1 DAGs
[2023-11-12T12:51:56.786+0000] {logging_mixin.py:137} INFO - [2023-11-12T12:51:56.786+0000] {dag.py:3437} INFO - Setting next_dagrun for example_branch_dop_operator_v3 to 2023-11-12T12:50:00+00:00, run_after=2023-11-12T12:51:00+00:00
[2023-11-12T12:51:56.852+0000] {processor.py:175} INFO - Processing /usr/local/python/3.10.8/lib/python3.10/site-packages/airflow/example_dags/example_branch_python_dop_operator_3.py took 0.194 seconds
[2023-11-12T12:52:41.263+0000] {processor.py:153} INFO - Started process (PID=19251) to work on /usr/local/python/3.10.8/lib/python3.10/site-packages/airflow/example_dags/example_branch_python_dop_operator_3.py
[2023-11-12T12:52:41.263+0000] {processor.py:743} INFO - Processing file /usr/local/python/3.10.8/lib/python3.10/site-packages/airflow/example_dags/example_branch_python_dop_operator_3.py for tasks to queue
[2023-11-12T12:52:41.264+0000] {logging_mixin.py:137} INFO - [2023-11-12T12:52:41.264+0000] {dagbag.py:538} INFO - Filling up the DagBag from /usr/local/python/3.10.8/lib/python3.10/site-packages/airflow/example_dags/example_branch_python_dop_operator_3.py
[2023-11-12T12:52:41.288+0000] {processor.py:753} INFO - DAG(s) dict_keys(['example_branch_dop_operator_v3']) retrieved from /usr/local/python/3.10.8/lib/python3.10/site-packages/airflow/example_dags/example_branch_python_dop_operator_3.py
[2023-11-12T12:52:41.302+0000] {logging_mixin.py:137} INFO - [2023-11-12T12:52:41.302+0000] {dag.py:2690} INFO - Sync 1 DAGs
[2023-11-12T12:52:41.321+0000] {logging_mixin.py:137} INFO - [2023-11-12T12:52:41.321+0000] {dag.py:3437} INFO - Setting next_dagrun for example_branch_dop_operator_v3 to 2023-11-12T12:51:00+00:00, run_after=2023-11-12T12:52:00+00:00
[2023-11-12T12:52:41.372+0000] {processor.py:175} INFO - Processing /usr/local/python/3.10.8/lib/python3.10/site-packages/airflow/example_dags/example_branch_python_dop_operator_3.py took 0.112 seconds
[2023-11-12T12:53:28.700+0000] {processor.py:153} INFO - Started process (PID=19650) to work on /usr/local/python/3.10.8/lib/python3.10/site-packages/airflow/example_dags/example_branch_python_dop_operator_3.py
[2023-11-12T12:53:28.701+0000] {processor.py:743} INFO - Processing file /usr/local/python/3.10.8/lib/python3.10/site-packages/airflow/example_dags/example_branch_python_dop_operator_3.py for tasks to queue
[2023-11-12T12:53:28.701+0000] {logging_mixin.py:137} INFO - [2023-11-12T12:53:28.701+0000] {dagbag.py:538} INFO - Filling up the DagBag from /usr/local/python/3.10.8/lib/python3.10/site-packages/airflow/example_dags/example_branch_python_dop_operator_3.py
[2023-11-12T12:53:28.726+0000] {processor.py:753} INFO - DAG(s) dict_keys(['example_branch_dop_operator_v3']) retrieved from /usr/local/python/3.10.8/lib/python3.10/site-packages/airflow/example_dags/example_branch_python_dop_operator_3.py
[2023-11-12T12:53:28.740+0000] {logging_mixin.py:137} INFO - [2023-11-12T12:53:28.740+0000] {dag.py:2690} INFO - Sync 1 DAGs
[2023-11-12T12:53:28.771+0000] {logging_mixin.py:137} INFO - [2023-11-12T12:53:28.771+0000] {dag.py:3437} INFO - Setting next_dagrun for example_branch_dop_operator_v3 to 2023-11-12T12:52:00+00:00, run_after=2023-11-12T12:53:00+00:00
[2023-11-12T12:53:28.821+0000] {processor.py:175} INFO - Processing /usr/local/python/3.10.8/lib/python3.10/site-packages/airflow/example_dags/example_branch_python_dop_operator_3.py took 0.123 seconds
