[2023-11-12T12:51:07.825+0000] {processor.py:153} INFO - Started process (PID=18511) to work on /usr/local/python/3.10.8/lib/python3.10/site-packages/airflow/example_dags/example_datasets.py
[2023-11-12T12:51:07.826+0000] {processor.py:743} INFO - Processing file /usr/local/python/3.10.8/lib/python3.10/site-packages/airflow/example_dags/example_datasets.py for tasks to queue
[2023-11-12T12:51:07.827+0000] {logging_mixin.py:137} INFO - [2023-11-12T12:51:07.826+0000] {dagbag.py:538} INFO - Filling up the DagBag from /usr/local/python/3.10.8/lib/python3.10/site-packages/airflow/example_dags/example_datasets.py
[2023-11-12T12:51:07.840+0000] {processor.py:753} INFO - DAG(s) dict_keys(['dataset_consumes_1', 'dataset_consumes_1_and_2', 'dataset_produces_2', 'dataset_consumes_1_never_scheduled', 'dataset_consumes_unknown_never_scheduled', 'dataset_produces_1']) retrieved from /usr/local/python/3.10.8/lib/python3.10/site-packages/airflow/example_dags/example_datasets.py
[2023-11-12T12:51:07.989+0000] {logging_mixin.py:137} INFO - [2023-11-12T12:51:07.989+0000] {manager.py:504} INFO - Created Permission View: can edit on DAG:dataset_consumes_1
[2023-11-12T12:51:08.029+0000] {logging_mixin.py:137} INFO - [2023-11-12T12:51:08.029+0000] {manager.py:504} INFO - Created Permission View: can read on DAG:dataset_consumes_1
[2023-11-12T12:51:08.069+0000] {logging_mixin.py:137} INFO - [2023-11-12T12:51:08.069+0000] {manager.py:504} INFO - Created Permission View: can delete on DAG:dataset_consumes_1
[2023-11-12T12:51:08.155+0000] {logging_mixin.py:137} INFO - [2023-11-12T12:51:08.155+0000] {manager.py:504} INFO - Created Permission View: can edit on DAG:dataset_consumes_1_and_2
[2023-11-12T12:51:08.193+0000] {logging_mixin.py:137} INFO - [2023-11-12T12:51:08.193+0000] {manager.py:504} INFO - Created Permission View: can read on DAG:dataset_consumes_1_and_2
[2023-11-12T12:51:08.231+0000] {logging_mixin.py:137} INFO - [2023-11-12T12:51:08.230+0000] {manager.py:504} INFO - Created Permission View: can delete on DAG:dataset_consumes_1_and_2
[2023-11-12T12:51:08.309+0000] {logging_mixin.py:137} INFO - [2023-11-12T12:51:08.309+0000] {manager.py:504} INFO - Created Permission View: can edit on DAG:dataset_produces_2
[2023-11-12T12:51:08.347+0000] {logging_mixin.py:137} INFO - [2023-11-12T12:51:08.347+0000] {manager.py:504} INFO - Created Permission View: can read on DAG:dataset_produces_2
[2023-11-12T12:51:08.386+0000] {logging_mixin.py:137} INFO - [2023-11-12T12:51:08.386+0000] {manager.py:504} INFO - Created Permission View: can delete on DAG:dataset_produces_2
[2023-11-12T12:51:08.471+0000] {logging_mixin.py:137} INFO - [2023-11-12T12:51:08.471+0000] {manager.py:504} INFO - Created Permission View: can edit on DAG:dataset_consumes_1_never_scheduled
[2023-11-12T12:51:08.509+0000] {logging_mixin.py:137} INFO - [2023-11-12T12:51:08.509+0000] {manager.py:504} INFO - Created Permission View: can read on DAG:dataset_consumes_1_never_scheduled
[2023-11-12T12:51:08.548+0000] {logging_mixin.py:137} INFO - [2023-11-12T12:51:08.548+0000] {manager.py:504} INFO - Created Permission View: can delete on DAG:dataset_consumes_1_never_scheduled
[2023-11-12T12:51:08.637+0000] {logging_mixin.py:137} INFO - [2023-11-12T12:51:08.637+0000] {manager.py:504} INFO - Created Permission View: can edit on DAG:dataset_consumes_unknown_never_scheduled
[2023-11-12T12:51:08.694+0000] {logging_mixin.py:137} INFO - [2023-11-12T12:51:08.694+0000] {manager.py:504} INFO - Created Permission View: can read on DAG:dataset_consumes_unknown_never_scheduled
[2023-11-12T12:51:08.736+0000] {logging_mixin.py:137} INFO - [2023-11-12T12:51:08.736+0000] {manager.py:504} INFO - Created Permission View: can delete on DAG:dataset_consumes_unknown_never_scheduled
[2023-11-12T12:51:08.821+0000] {logging_mixin.py:137} INFO - [2023-11-12T12:51:08.821+0000] {manager.py:504} INFO - Created Permission View: can edit on DAG:dataset_produces_1
[2023-11-12T12:51:08.861+0000] {logging_mixin.py:137} INFO - [2023-11-12T12:51:08.861+0000] {manager.py:504} INFO - Created Permission View: can read on DAG:dataset_produces_1
[2023-11-12T12:51:08.900+0000] {logging_mixin.py:137} INFO - [2023-11-12T12:51:08.900+0000] {manager.py:504} INFO - Created Permission View: can delete on DAG:dataset_produces_1
[2023-11-12T12:51:08.901+0000] {logging_mixin.py:137} INFO - [2023-11-12T12:51:08.900+0000] {dag.py:2690} INFO - Sync 6 DAGs
[2023-11-12T12:51:08.917+0000] {logging_mixin.py:137} INFO - [2023-11-12T12:51:08.916+0000] {dag.py:2711} INFO - Creating ORM DAG for dataset_consumes_1
[2023-11-12T12:51:08.917+0000] {logging_mixin.py:137} INFO - [2023-11-12T12:51:08.917+0000] {dag.py:2711} INFO - Creating ORM DAG for dataset_consumes_1_never_scheduled
[2023-11-12T12:51:08.918+0000] {logging_mixin.py:137} INFO - [2023-11-12T12:51:08.918+0000] {dag.py:2711} INFO - Creating ORM DAG for dataset_produces_1
[2023-11-12T12:51:08.918+0000] {logging_mixin.py:137} INFO - [2023-11-12T12:51:08.918+0000] {dag.py:2711} INFO - Creating ORM DAG for dataset_consumes_unknown_never_scheduled
[2023-11-12T12:51:08.919+0000] {logging_mixin.py:137} INFO - [2023-11-12T12:51:08.919+0000] {dag.py:2711} INFO - Creating ORM DAG for dataset_consumes_1_and_2
[2023-11-12T12:51:08.919+0000] {logging_mixin.py:137} INFO - [2023-11-12T12:51:08.919+0000] {dag.py:2711} INFO - Creating ORM DAG for dataset_produces_2
[2023-11-12T12:51:09.029+0000] {logging_mixin.py:137} INFO - [2023-11-12T12:51:09.029+0000] {dag.py:3437} INFO - Setting next_dagrun for dataset_consumes_1 to None, run_after=None
[2023-11-12T12:51:09.030+0000] {logging_mixin.py:137} INFO - [2023-11-12T12:51:09.030+0000] {dag.py:3437} INFO - Setting next_dagrun for dataset_consumes_1_and_2 to None, run_after=None
[2023-11-12T12:51:09.030+0000] {logging_mixin.py:137} INFO - [2023-11-12T12:51:09.030+0000] {dag.py:3437} INFO - Setting next_dagrun for dataset_consumes_1_never_scheduled to None, run_after=None
[2023-11-12T12:51:09.031+0000] {logging_mixin.py:137} INFO - [2023-11-12T12:51:09.031+0000] {dag.py:3437} INFO - Setting next_dagrun for dataset_consumes_unknown_never_scheduled to None, run_after=None
[2023-11-12T12:51:09.032+0000] {logging_mixin.py:137} INFO - [2023-11-12T12:51:09.032+0000] {dag.py:3437} INFO - Setting next_dagrun for dataset_produces_1 to 2023-11-11T00:00:00+00:00, run_after=2023-11-12T00:00:00+00:00
[2023-11-12T12:51:09.033+0000] {logging_mixin.py:137} INFO - [2023-11-12T12:51:09.033+0000] {dag.py:3437} INFO - Setting next_dagrun for dataset_produces_2 to None, run_after=None
[2023-11-12T12:51:09.098+0000] {processor.py:175} INFO - Processing /usr/local/python/3.10.8/lib/python3.10/site-packages/airflow/example_dags/example_datasets.py took 1.274 seconds
[2023-11-12T12:51:56.194+0000] {processor.py:153} INFO - Started process (PID=18874) to work on /usr/local/python/3.10.8/lib/python3.10/site-packages/airflow/example_dags/example_datasets.py
[2023-11-12T12:51:56.195+0000] {processor.py:743} INFO - Processing file /usr/local/python/3.10.8/lib/python3.10/site-packages/airflow/example_dags/example_datasets.py for tasks to queue
[2023-11-12T12:51:56.195+0000] {logging_mixin.py:137} INFO - [2023-11-12T12:51:56.195+0000] {dagbag.py:538} INFO - Filling up the DagBag from /usr/local/python/3.10.8/lib/python3.10/site-packages/airflow/example_dags/example_datasets.py
[2023-11-12T12:51:56.214+0000] {processor.py:753} INFO - DAG(s) dict_keys(['dataset_consumes_unknown_never_scheduled', 'dataset_produces_1', 'dataset_consumes_1_never_scheduled', 'dataset_produces_2', 'dataset_consumes_1', 'dataset_consumes_1_and_2']) retrieved from /usr/local/python/3.10.8/lib/python3.10/site-packages/airflow/example_dags/example_datasets.py
[2023-11-12T12:51:56.248+0000] {logging_mixin.py:137} INFO - [2023-11-12T12:51:56.248+0000] {dag.py:2690} INFO - Sync 6 DAGs
[2023-11-12T12:51:56.270+0000] {logging_mixin.py:137} INFO - [2023-11-12T12:51:56.269+0000] {dag.py:3437} INFO - Setting next_dagrun for dataset_consumes_1 to None, run_after=None
[2023-11-12T12:51:56.273+0000] {logging_mixin.py:137} INFO - [2023-11-12T12:51:56.273+0000] {dag.py:3437} INFO - Setting next_dagrun for dataset_consumes_1_and_2 to None, run_after=None
[2023-11-12T12:51:56.273+0000] {logging_mixin.py:137} INFO - [2023-11-12T12:51:56.273+0000] {dag.py:3437} INFO - Setting next_dagrun for dataset_consumes_1_never_scheduled to None, run_after=None
[2023-11-12T12:51:56.274+0000] {logging_mixin.py:137} INFO - [2023-11-12T12:51:56.274+0000] {dag.py:3437} INFO - Setting next_dagrun for dataset_consumes_unknown_never_scheduled to None, run_after=None
[2023-11-12T12:51:56.277+0000] {logging_mixin.py:137} INFO - [2023-11-12T12:51:56.277+0000] {dag.py:3437} INFO - Setting next_dagrun for dataset_produces_1 to 2023-11-11T00:00:00+00:00, run_after=2023-11-12T00:00:00+00:00
[2023-11-12T12:51:56.278+0000] {logging_mixin.py:137} INFO - [2023-11-12T12:51:56.278+0000] {dag.py:3437} INFO - Setting next_dagrun for dataset_produces_2 to None, run_after=None
[2023-11-12T12:51:56.339+0000] {processor.py:175} INFO - Processing /usr/local/python/3.10.8/lib/python3.10/site-packages/airflow/example_dags/example_datasets.py took 0.148 seconds
[2023-11-12T12:52:36.082+0000] {processor.py:153} INFO - Started process (PID=19194) to work on /usr/local/python/3.10.8/lib/python3.10/site-packages/airflow/example_dags/example_datasets.py
[2023-11-12T12:52:36.083+0000] {processor.py:743} INFO - Processing file /usr/local/python/3.10.8/lib/python3.10/site-packages/airflow/example_dags/example_datasets.py for tasks to queue
[2023-11-12T12:52:36.084+0000] {logging_mixin.py:137} INFO - [2023-11-12T12:52:36.084+0000] {dagbag.py:538} INFO - Filling up the DagBag from /usr/local/python/3.10.8/lib/python3.10/site-packages/airflow/example_dags/example_datasets.py
[2023-11-12T12:52:36.098+0000] {processor.py:753} INFO - DAG(s) dict_keys(['dataset_produces_1', 'dataset_consumes_unknown_never_scheduled', 'dataset_produces_2', 'dataset_consumes_1_never_scheduled', 'dataset_consumes_1_and_2', 'dataset_consumes_1']) retrieved from /usr/local/python/3.10.8/lib/python3.10/site-packages/airflow/example_dags/example_datasets.py
[2023-11-12T12:52:36.123+0000] {logging_mixin.py:137} INFO - [2023-11-12T12:52:36.123+0000] {dag.py:2690} INFO - Sync 6 DAGs
[2023-11-12T12:52:36.138+0000] {logging_mixin.py:137} INFO - [2023-11-12T12:52:36.138+0000] {dag.py:3437} INFO - Setting next_dagrun for dataset_consumes_1 to None, run_after=None
[2023-11-12T12:52:36.140+0000] {logging_mixin.py:137} INFO - [2023-11-12T12:52:36.140+0000] {dag.py:3437} INFO - Setting next_dagrun for dataset_consumes_1_and_2 to None, run_after=None
[2023-11-12T12:52:36.141+0000] {logging_mixin.py:137} INFO - [2023-11-12T12:52:36.141+0000] {dag.py:3437} INFO - Setting next_dagrun for dataset_consumes_1_never_scheduled to None, run_after=None
[2023-11-12T12:52:36.142+0000] {logging_mixin.py:137} INFO - [2023-11-12T12:52:36.142+0000] {dag.py:3437} INFO - Setting next_dagrun for dataset_consumes_unknown_never_scheduled to None, run_after=None
[2023-11-12T12:52:36.144+0000] {logging_mixin.py:137} INFO - [2023-11-12T12:52:36.144+0000] {dag.py:3437} INFO - Setting next_dagrun for dataset_produces_1 to 2023-11-11T00:00:00+00:00, run_after=2023-11-12T00:00:00+00:00
[2023-11-12T12:52:36.144+0000] {logging_mixin.py:137} INFO - [2023-11-12T12:52:36.144+0000] {dag.py:3437} INFO - Setting next_dagrun for dataset_produces_2 to None, run_after=None
[2023-11-12T12:52:36.210+0000] {processor.py:175} INFO - Processing /usr/local/python/3.10.8/lib/python3.10/site-packages/airflow/example_dags/example_datasets.py took 0.130 seconds
[2023-11-12T12:53:22.290+0000] {processor.py:153} INFO - Started process (PID=19598) to work on /usr/local/python/3.10.8/lib/python3.10/site-packages/airflow/example_dags/example_datasets.py
[2023-11-12T12:53:22.290+0000] {processor.py:743} INFO - Processing file /usr/local/python/3.10.8/lib/python3.10/site-packages/airflow/example_dags/example_datasets.py for tasks to queue
[2023-11-12T12:53:22.291+0000] {logging_mixin.py:137} INFO - [2023-11-12T12:53:22.291+0000] {dagbag.py:538} INFO - Filling up the DagBag from /usr/local/python/3.10.8/lib/python3.10/site-packages/airflow/example_dags/example_datasets.py
[2023-11-12T12:53:22.305+0000] {processor.py:753} INFO - DAG(s) dict_keys(['dataset_consumes_1_and_2', 'dataset_produces_2', 'dataset_consumes_1', 'dataset_consumes_1_never_scheduled', 'dataset_produces_1', 'dataset_consumes_unknown_never_scheduled']) retrieved from /usr/local/python/3.10.8/lib/python3.10/site-packages/airflow/example_dags/example_datasets.py
[2023-11-12T12:53:22.327+0000] {logging_mixin.py:137} INFO - [2023-11-12T12:53:22.327+0000] {dag.py:2690} INFO - Sync 6 DAGs
[2023-11-12T12:53:22.342+0000] {logging_mixin.py:137} INFO - [2023-11-12T12:53:22.342+0000] {dag.py:3437} INFO - Setting next_dagrun for dataset_consumes_1 to None, run_after=None
[2023-11-12T12:53:22.345+0000] {logging_mixin.py:137} INFO - [2023-11-12T12:53:22.345+0000] {dag.py:3437} INFO - Setting next_dagrun for dataset_consumes_1_and_2 to None, run_after=None
[2023-11-12T12:53:22.346+0000] {logging_mixin.py:137} INFO - [2023-11-12T12:53:22.345+0000] {dag.py:3437} INFO - Setting next_dagrun for dataset_consumes_1_never_scheduled to None, run_after=None
[2023-11-12T12:53:22.346+0000] {logging_mixin.py:137} INFO - [2023-11-12T12:53:22.346+0000] {dag.py:3437} INFO - Setting next_dagrun for dataset_consumes_unknown_never_scheduled to None, run_after=None
[2023-11-12T12:53:22.349+0000] {logging_mixin.py:137} INFO - [2023-11-12T12:53:22.349+0000] {dag.py:3437} INFO - Setting next_dagrun for dataset_produces_1 to 2023-11-11T00:00:00+00:00, run_after=2023-11-12T00:00:00+00:00
[2023-11-12T12:53:22.349+0000] {logging_mixin.py:137} INFO - [2023-11-12T12:53:22.349+0000] {dag.py:3437} INFO - Setting next_dagrun for dataset_produces_2 to None, run_after=None
[2023-11-12T12:53:22.417+0000] {processor.py:175} INFO - Processing /usr/local/python/3.10.8/lib/python3.10/site-packages/airflow/example_dags/example_datasets.py took 0.130 seconds
