[2023-11-12T11:15:40.674+0000] {processor.py:153} INFO - Started process (PID=25071) to work on /usr/local/python/3.10.8/lib/python3.10/site-packages/airflow/example_dags/example_sensors.py
[2023-11-12T11:15:40.674+0000] {processor.py:743} INFO - Processing file /usr/local/python/3.10.8/lib/python3.10/site-packages/airflow/example_dags/example_sensors.py for tasks to queue
[2023-11-12T11:15:40.675+0000] {logging_mixin.py:137} INFO - [2023-11-12T11:15:40.675+0000] {dagbag.py:538} INFO - Filling up the DagBag from /usr/local/python/3.10.8/lib/python3.10/site-packages/airflow/example_dags/example_sensors.py
[2023-11-12T11:15:40.710+0000] {processor.py:753} INFO - DAG(s) dict_keys(['example_sensors']) retrieved from /usr/local/python/3.10.8/lib/python3.10/site-packages/airflow/example_dags/example_sensors.py
[2023-11-12T11:15:40.911+0000] {logging_mixin.py:137} INFO - [2023-11-12T11:15:40.911+0000] {manager.py:504} INFO - Created Permission View: can read on DAG:example_sensors
[2023-11-12T11:15:40.953+0000] {logging_mixin.py:137} INFO - [2023-11-12T11:15:40.953+0000] {manager.py:504} INFO - Created Permission View: can delete on DAG:example_sensors
[2023-11-12T11:15:40.992+0000] {logging_mixin.py:137} INFO - [2023-11-12T11:15:40.992+0000] {manager.py:504} INFO - Created Permission View: can edit on DAG:example_sensors
[2023-11-12T11:15:40.992+0000] {logging_mixin.py:137} INFO - [2023-11-12T11:15:40.992+0000] {dag.py:2690} INFO - Sync 1 DAGs
[2023-11-12T11:15:41.000+0000] {logging_mixin.py:137} INFO - [2023-11-12T11:15:41.000+0000] {dag.py:2711} INFO - Creating ORM DAG for example_sensors
[2023-11-12T11:15:41.006+0000] {logging_mixin.py:137} INFO - [2023-11-12T11:15:41.006+0000] {dag.py:3437} INFO - Setting next_dagrun for example_sensors to None, run_after=None
[2023-11-12T11:15:41.061+0000] {processor.py:175} INFO - Processing /usr/local/python/3.10.8/lib/python3.10/site-packages/airflow/example_dags/example_sensors.py took 0.390 seconds
[2023-11-12T11:16:26.192+0000] {processor.py:153} INFO - Started process (PID=25466) to work on /usr/local/python/3.10.8/lib/python3.10/site-packages/airflow/example_dags/example_sensors.py
[2023-11-12T11:16:26.193+0000] {processor.py:743} INFO - Processing file /usr/local/python/3.10.8/lib/python3.10/site-packages/airflow/example_dags/example_sensors.py for tasks to queue
[2023-11-12T11:16:26.193+0000] {logging_mixin.py:137} INFO - [2023-11-12T11:16:26.193+0000] {dagbag.py:538} INFO - Filling up the DagBag from /usr/local/python/3.10.8/lib/python3.10/site-packages/airflow/example_dags/example_sensors.py
[2023-11-12T11:16:26.210+0000] {processor.py:753} INFO - DAG(s) dict_keys(['example_sensors']) retrieved from /usr/local/python/3.10.8/lib/python3.10/site-packages/airflow/example_dags/example_sensors.py
[2023-11-12T11:16:26.227+0000] {logging_mixin.py:137} INFO - [2023-11-12T11:16:26.227+0000] {dag.py:2690} INFO - Sync 1 DAGs
[2023-11-12T11:16:26.241+0000] {logging_mixin.py:137} INFO - [2023-11-12T11:16:26.241+0000] {dag.py:3437} INFO - Setting next_dagrun for example_sensors to None, run_after=None
[2023-11-12T11:16:26.290+0000] {processor.py:175} INFO - Processing /usr/local/python/3.10.8/lib/python3.10/site-packages/airflow/example_dags/example_sensors.py took 0.100 seconds
[2023-11-12T11:17:06.976+0000] {processor.py:153} INFO - Started process (PID=25888) to work on /usr/local/python/3.10.8/lib/python3.10/site-packages/airflow/example_dags/example_sensors.py
[2023-11-12T11:17:06.977+0000] {processor.py:743} INFO - Processing file /usr/local/python/3.10.8/lib/python3.10/site-packages/airflow/example_dags/example_sensors.py for tasks to queue
[2023-11-12T11:17:06.977+0000] {logging_mixin.py:137} INFO - [2023-11-12T11:17:06.977+0000] {dagbag.py:538} INFO - Filling up the DagBag from /usr/local/python/3.10.8/lib/python3.10/site-packages/airflow/example_dags/example_sensors.py
[2023-11-12T11:17:06.994+0000] {processor.py:753} INFO - DAG(s) dict_keys(['example_sensors']) retrieved from /usr/local/python/3.10.8/lib/python3.10/site-packages/airflow/example_dags/example_sensors.py
[2023-11-12T11:17:07.010+0000] {logging_mixin.py:137} INFO - [2023-11-12T11:17:07.009+0000] {dag.py:2690} INFO - Sync 1 DAGs
[2023-11-12T11:17:07.024+0000] {logging_mixin.py:137} INFO - [2023-11-12T11:17:07.024+0000] {dag.py:3437} INFO - Setting next_dagrun for example_sensors to None, run_after=None
[2023-11-12T11:17:07.075+0000] {processor.py:175} INFO - Processing /usr/local/python/3.10.8/lib/python3.10/site-packages/airflow/example_dags/example_sensors.py took 0.102 seconds
