[2023-11-12T11:15:54.045+0000] {processor.py:153} INFO - Started process (PID=25203) to work on /usr/local/python/3.10.8/lib/python3.10/site-packages/airflow/example_dags/example_bash_operator.py
[2023-11-12T11:15:54.046+0000] {processor.py:743} INFO - Processing file /usr/local/python/3.10.8/lib/python3.10/site-packages/airflow/example_dags/example_bash_operator.py for tasks to queue
[2023-11-12T11:15:54.046+0000] {logging_mixin.py:137} INFO - [2023-11-12T11:15:54.046+0000] {dagbag.py:538} INFO - Filling up the DagBag from /usr/local/python/3.10.8/lib/python3.10/site-packages/airflow/example_dags/example_bash_operator.py
[2023-11-12T11:15:54.065+0000] {processor.py:753} INFO - DAG(s) dict_keys(['example_bash_operator']) retrieved from /usr/local/python/3.10.8/lib/python3.10/site-packages/airflow/example_dags/example_bash_operator.py
[2023-11-12T11:15:54.253+0000] {logging_mixin.py:137} INFO - [2023-11-12T11:15:54.253+0000] {manager.py:504} INFO - Created Permission View: can read on DAG:example_bash_operator
[2023-11-12T11:15:54.293+0000] {logging_mixin.py:137} INFO - [2023-11-12T11:15:54.293+0000] {manager.py:504} INFO - Created Permission View: can delete on DAG:example_bash_operator
[2023-11-12T11:15:54.334+0000] {logging_mixin.py:137} INFO - [2023-11-12T11:15:54.334+0000] {manager.py:504} INFO - Created Permission View: can edit on DAG:example_bash_operator
[2023-11-12T11:15:54.334+0000] {logging_mixin.py:137} INFO - [2023-11-12T11:15:54.334+0000] {dag.py:2690} INFO - Sync 1 DAGs
[2023-11-12T11:15:54.342+0000] {logging_mixin.py:137} INFO - [2023-11-12T11:15:54.342+0000] {dag.py:2711} INFO - Creating ORM DAG for example_bash_operator
[2023-11-12T11:15:54.350+0000] {logging_mixin.py:137} INFO - [2023-11-12T11:15:54.350+0000] {dag.py:3437} INFO - Setting next_dagrun for example_bash_operator to 2023-11-11T00:00:00+00:00, run_after=2023-11-12T00:00:00+00:00
[2023-11-12T11:15:54.406+0000] {processor.py:175} INFO - Processing /usr/local/python/3.10.8/lib/python3.10/site-packages/airflow/example_dags/example_bash_operator.py took 0.363 seconds
[2023-11-12T11:16:39.004+0000] {processor.py:153} INFO - Started process (PID=25619) to work on /usr/local/python/3.10.8/lib/python3.10/site-packages/airflow/example_dags/example_bash_operator.py
[2023-11-12T11:16:39.004+0000] {processor.py:743} INFO - Processing file /usr/local/python/3.10.8/lib/python3.10/site-packages/airflow/example_dags/example_bash_operator.py for tasks to queue
[2023-11-12T11:16:39.005+0000] {logging_mixin.py:137} INFO - [2023-11-12T11:16:39.005+0000] {dagbag.py:538} INFO - Filling up the DagBag from /usr/local/python/3.10.8/lib/python3.10/site-packages/airflow/example_dags/example_bash_operator.py
[2023-11-12T11:16:39.024+0000] {processor.py:753} INFO - DAG(s) dict_keys(['example_bash_operator']) retrieved from /usr/local/python/3.10.8/lib/python3.10/site-packages/airflow/example_dags/example_bash_operator.py
[2023-11-12T11:16:39.048+0000] {logging_mixin.py:137} INFO - [2023-11-12T11:16:39.048+0000] {dag.py:2690} INFO - Sync 1 DAGs
[2023-11-12T11:16:39.064+0000] {logging_mixin.py:137} INFO - [2023-11-12T11:16:39.064+0000] {dag.py:3437} INFO - Setting next_dagrun for example_bash_operator to 2023-11-11T00:00:00+00:00, run_after=2023-11-12T00:00:00+00:00
[2023-11-12T11:16:39.111+0000] {processor.py:175} INFO - Processing /usr/local/python/3.10.8/lib/python3.10/site-packages/airflow/example_dags/example_bash_operator.py took 0.110 seconds
[2023-11-12T11:17:20.698+0000] {processor.py:153} INFO - Started process (PID=26021) to work on /usr/local/python/3.10.8/lib/python3.10/site-packages/airflow/example_dags/example_bash_operator.py
[2023-11-12T11:17:20.699+0000] {processor.py:743} INFO - Processing file /usr/local/python/3.10.8/lib/python3.10/site-packages/airflow/example_dags/example_bash_operator.py for tasks to queue
[2023-11-12T11:17:20.699+0000] {logging_mixin.py:137} INFO - [2023-11-12T11:17:20.699+0000] {dagbag.py:538} INFO - Filling up the DagBag from /usr/local/python/3.10.8/lib/python3.10/site-packages/airflow/example_dags/example_bash_operator.py
[2023-11-12T11:17:20.719+0000] {processor.py:753} INFO - DAG(s) dict_keys(['example_bash_operator']) retrieved from /usr/local/python/3.10.8/lib/python3.10/site-packages/airflow/example_dags/example_bash_operator.py
[2023-11-12T11:17:20.742+0000] {logging_mixin.py:137} INFO - [2023-11-12T11:17:20.742+0000] {dag.py:2690} INFO - Sync 1 DAGs
[2023-11-12T11:17:20.758+0000] {logging_mixin.py:137} INFO - [2023-11-12T11:17:20.758+0000] {dag.py:3437} INFO - Setting next_dagrun for example_bash_operator to 2023-11-11T00:00:00+00:00, run_after=2023-11-12T00:00:00+00:00
[2023-11-12T11:17:20.809+0000] {processor.py:175} INFO - Processing /usr/local/python/3.10.8/lib/python3.10/site-packages/airflow/example_dags/example_bash_operator.py took 0.113 seconds
