[2023-11-12T11:15:36.583+0000] {processor.py:153} INFO - Started process (PID=25053) to work on /usr/local/python/3.10.8/lib/python3.10/site-packages/airflow/example_dags/example_subdag_operator.py
[2023-11-12T11:15:36.583+0000] {processor.py:743} INFO - Processing file /usr/local/python/3.10.8/lib/python3.10/site-packages/airflow/example_dags/example_subdag_operator.py for tasks to queue
[2023-11-12T11:15:36.584+0000] {logging_mixin.py:137} INFO - [2023-11-12T11:15:36.584+0000] {dagbag.py:538} INFO - Filling up the DagBag from /usr/local/python/3.10.8/lib/python3.10/site-packages/airflow/example_dags/example_subdag_operator.py
[2023-11-12T11:15:36.613+0000] {processor.py:753} INFO - DAG(s) dict_keys(['example_subdag_operator.section-1', 'example_subdag_operator.section-2', 'example_subdag_operator']) retrieved from /usr/local/python/3.10.8/lib/python3.10/site-packages/airflow/example_dags/example_subdag_operator.py
[2023-11-12T11:15:36.788+0000] {logging_mixin.py:137} INFO - [2023-11-12T11:15:36.788+0000] {manager.py:504} INFO - Created Permission View: can read on DAG:example_subdag_operator
[2023-11-12T11:15:36.828+0000] {logging_mixin.py:137} INFO - [2023-11-12T11:15:36.828+0000] {manager.py:504} INFO - Created Permission View: can delete on DAG:example_subdag_operator
[2023-11-12T11:15:36.869+0000] {logging_mixin.py:137} INFO - [2023-11-12T11:15:36.869+0000] {manager.py:504} INFO - Created Permission View: can edit on DAG:example_subdag_operator
[2023-11-12T11:15:36.869+0000] {logging_mixin.py:137} INFO - [2023-11-12T11:15:36.869+0000] {dag.py:2690} INFO - Sync 3 DAGs
[2023-11-12T11:15:36.877+0000] {logging_mixin.py:137} INFO - [2023-11-12T11:15:36.877+0000] {dag.py:2711} INFO - Creating ORM DAG for example_subdag_operator.section-2
[2023-11-12T11:15:36.878+0000] {logging_mixin.py:137} INFO - [2023-11-12T11:15:36.878+0000] {dag.py:2711} INFO - Creating ORM DAG for example_subdag_operator.section-1
[2023-11-12T11:15:36.878+0000] {logging_mixin.py:137} INFO - [2023-11-12T11:15:36.878+0000] {dag.py:2711} INFO - Creating ORM DAG for example_subdag_operator
[2023-11-12T11:15:36.884+0000] {logging_mixin.py:137} INFO - [2023-11-12T11:15:36.884+0000] {dag.py:3437} INFO - Setting next_dagrun for example_subdag_operator to 2022-01-01T00:00:00+00:00, run_after=2022-01-01T00:00:00+00:00
[2023-11-12T11:15:36.885+0000] {logging_mixin.py:137} INFO - [2023-11-12T11:15:36.885+0000] {dag.py:3437} INFO - Setting next_dagrun for example_subdag_operator.section-1 to None, run_after=None
[2023-11-12T11:15:36.885+0000] {logging_mixin.py:137} INFO - [2023-11-12T11:15:36.885+0000] {dag.py:3437} INFO - Setting next_dagrun for example_subdag_operator.section-2 to None, run_after=None
[2023-11-12T11:15:36.890+0000] {logging_mixin.py:137} INFO - [2023-11-12T11:15:36.890+0000] {dag.py:2690} INFO - Sync 2 DAGs
[2023-11-12T11:15:36.893+0000] {logging_mixin.py:137} INFO - [2023-11-12T11:15:36.893+0000] {dag.py:3437} INFO - Setting next_dagrun for example_subdag_operator.section-1 to None, run_after=None
[2023-11-12T11:15:36.895+0000] {logging_mixin.py:137} INFO - [2023-11-12T11:15:36.895+0000] {dag.py:3437} INFO - Setting next_dagrun for example_subdag_operator.section-2 to None, run_after=None
[2023-11-12T11:15:36.948+0000] {processor.py:175} INFO - Processing /usr/local/python/3.10.8/lib/python3.10/site-packages/airflow/example_dags/example_subdag_operator.py took 0.368 seconds
[2023-11-12T11:16:23.280+0000] {processor.py:153} INFO - Started process (PID=25445) to work on /usr/local/python/3.10.8/lib/python3.10/site-packages/airflow/example_dags/example_subdag_operator.py
[2023-11-12T11:16:23.281+0000] {processor.py:743} INFO - Processing file /usr/local/python/3.10.8/lib/python3.10/site-packages/airflow/example_dags/example_subdag_operator.py for tasks to queue
[2023-11-12T11:16:23.282+0000] {logging_mixin.py:137} INFO - [2023-11-12T11:16:23.282+0000] {dagbag.py:538} INFO - Filling up the DagBag from /usr/local/python/3.10.8/lib/python3.10/site-packages/airflow/example_dags/example_subdag_operator.py
[2023-11-12T11:16:23.303+0000] {processor.py:753} INFO - DAG(s) dict_keys(['example_subdag_operator.section-1', 'example_subdag_operator.section-2', 'example_subdag_operator']) retrieved from /usr/local/python/3.10.8/lib/python3.10/site-packages/airflow/example_dags/example_subdag_operator.py
[2023-11-12T11:16:23.317+0000] {logging_mixin.py:137} INFO - [2023-11-12T11:16:23.317+0000] {dag.py:2690} INFO - Sync 3 DAGs
[2023-11-12T11:16:23.331+0000] {logging_mixin.py:137} INFO - [2023-11-12T11:16:23.331+0000] {dag.py:3437} INFO - Setting next_dagrun for example_subdag_operator to 2022-01-01T00:00:00+00:00, run_after=2022-01-01T00:00:00+00:00
[2023-11-12T11:16:23.333+0000] {logging_mixin.py:137} INFO - [2023-11-12T11:16:23.333+0000] {dag.py:3437} INFO - Setting next_dagrun for example_subdag_operator.section-1 to None, run_after=None
[2023-11-12T11:16:23.334+0000] {logging_mixin.py:137} INFO - [2023-11-12T11:16:23.334+0000] {dag.py:3437} INFO - Setting next_dagrun for example_subdag_operator.section-2 to None, run_after=None
[2023-11-12T11:16:23.338+0000] {logging_mixin.py:137} INFO - [2023-11-12T11:16:23.338+0000] {dag.py:2690} INFO - Sync 2 DAGs
[2023-11-12T11:16:23.341+0000] {logging_mixin.py:137} INFO - [2023-11-12T11:16:23.341+0000] {dag.py:3437} INFO - Setting next_dagrun for example_subdag_operator.section-1 to None, run_after=None
[2023-11-12T11:16:23.341+0000] {logging_mixin.py:137} INFO - [2023-11-12T11:16:23.341+0000] {dag.py:3437} INFO - Setting next_dagrun for example_subdag_operator.section-2 to None, run_after=None
[2023-11-12T11:16:23.383+0000] {processor.py:175} INFO - Processing /usr/local/python/3.10.8/lib/python3.10/site-packages/airflow/example_dags/example_subdag_operator.py took 0.104 seconds
[2023-11-12T11:17:04.992+0000] {processor.py:153} INFO - Started process (PID=25876) to work on /usr/local/python/3.10.8/lib/python3.10/site-packages/airflow/example_dags/example_subdag_operator.py
[2023-11-12T11:17:04.993+0000] {processor.py:743} INFO - Processing file /usr/local/python/3.10.8/lib/python3.10/site-packages/airflow/example_dags/example_subdag_operator.py for tasks to queue
[2023-11-12T11:17:04.993+0000] {logging_mixin.py:137} INFO - [2023-11-12T11:17:04.993+0000] {dagbag.py:538} INFO - Filling up the DagBag from /usr/local/python/3.10.8/lib/python3.10/site-packages/airflow/example_dags/example_subdag_operator.py
[2023-11-12T11:17:05.022+0000] {processor.py:753} INFO - DAG(s) dict_keys(['example_subdag_operator.section-1', 'example_subdag_operator.section-2', 'example_subdag_operator']) retrieved from /usr/local/python/3.10.8/lib/python3.10/site-packages/airflow/example_dags/example_subdag_operator.py
[2023-11-12T11:17:05.040+0000] {logging_mixin.py:137} INFO - [2023-11-12T11:17:05.040+0000] {dag.py:2690} INFO - Sync 3 DAGs
[2023-11-12T11:17:05.063+0000] {logging_mixin.py:137} INFO - [2023-11-12T11:17:05.063+0000] {dag.py:3437} INFO - Setting next_dagrun for example_subdag_operator to 2022-01-01T00:00:00+00:00, run_after=2022-01-01T00:00:00+00:00
[2023-11-12T11:17:05.066+0000] {logging_mixin.py:137} INFO - [2023-11-12T11:17:05.066+0000] {dag.py:3437} INFO - Setting next_dagrun for example_subdag_operator.section-1 to None, run_after=None
[2023-11-12T11:17:05.067+0000] {logging_mixin.py:137} INFO - [2023-11-12T11:17:05.067+0000] {dag.py:3437} INFO - Setting next_dagrun for example_subdag_operator.section-2 to None, run_after=None
[2023-11-12T11:17:05.073+0000] {logging_mixin.py:137} INFO - [2023-11-12T11:17:05.073+0000] {dag.py:2690} INFO - Sync 2 DAGs
[2023-11-12T11:17:05.077+0000] {logging_mixin.py:137} INFO - [2023-11-12T11:17:05.077+0000] {dag.py:3437} INFO - Setting next_dagrun for example_subdag_operator.section-1 to None, run_after=None
[2023-11-12T11:17:05.078+0000] {logging_mixin.py:137} INFO - [2023-11-12T11:17:05.078+0000] {dag.py:3437} INFO - Setting next_dagrun for example_subdag_operator.section-2 to None, run_after=None
[2023-11-12T11:17:05.137+0000] {processor.py:175} INFO - Processing /usr/local/python/3.10.8/lib/python3.10/site-packages/airflow/example_dags/example_subdag_operator.py took 0.148 seconds
