[2023-11-12T12:51:12.593+0000] {processor.py:153} INFO - Started process (PID=18552) to work on /usr/local/python/3.10.8/lib/python3.10/site-packages/airflow/example_dags/example_dag_decorator.py
[2023-11-12T12:51:12.593+0000] {processor.py:743} INFO - Processing file /usr/local/python/3.10.8/lib/python3.10/site-packages/airflow/example_dags/example_dag_decorator.py for tasks to queue
[2023-11-12T12:51:12.594+0000] {logging_mixin.py:137} INFO - [2023-11-12T12:51:12.594+0000] {dagbag.py:538} INFO - Filling up the DagBag from /usr/local/python/3.10.8/lib/python3.10/site-packages/airflow/example_dags/example_dag_decorator.py
[2023-11-12T12:51:12.609+0000] {logging_mixin.py:137} INFO - [2023-11-12T12:51:12.609+0000] {taskmixin.py:205} WARNING - Dependency <Task(_PythonDecoratedOperator): prepare_email>, send_email already registered for DAG: example_dag_decorator
[2023-11-12T12:51:12.609+0000] {logging_mixin.py:137} INFO - [2023-11-12T12:51:12.609+0000] {taskmixin.py:205} WARNING - Dependency <Task(EmailOperator): send_email>, prepare_email already registered for DAG: example_dag_decorator
[2023-11-12T12:51:12.619+0000] {processor.py:753} INFO - DAG(s) dict_keys(['example_dag_decorator']) retrieved from /usr/local/python/3.10.8/lib/python3.10/site-packages/airflow/example_dags/example_dag_decorator.py
[2023-11-12T12:51:12.788+0000] {logging_mixin.py:137} INFO - [2023-11-12T12:51:12.788+0000] {manager.py:504} INFO - Created Permission View: can edit on DAG:example_dag_decorator
[2023-11-12T12:51:12.830+0000] {logging_mixin.py:137} INFO - [2023-11-12T12:51:12.829+0000] {manager.py:504} INFO - Created Permission View: can read on DAG:example_dag_decorator
[2023-11-12T12:51:12.869+0000] {logging_mixin.py:137} INFO - [2023-11-12T12:51:12.869+0000] {manager.py:504} INFO - Created Permission View: can delete on DAG:example_dag_decorator
[2023-11-12T12:51:12.869+0000] {logging_mixin.py:137} INFO - [2023-11-12T12:51:12.869+0000] {dag.py:2690} INFO - Sync 1 DAGs
[2023-11-12T12:51:12.968+0000] {logging_mixin.py:137} INFO - [2023-11-12T12:51:12.967+0000] {dag.py:2711} INFO - Creating ORM DAG for example_dag_decorator
[2023-11-12T12:51:12.974+0000] {logging_mixin.py:137} INFO - [2023-11-12T12:51:12.974+0000] {dag.py:3437} INFO - Setting next_dagrun for example_dag_decorator to None, run_after=None
[2023-11-12T12:51:13.035+0000] {processor.py:175} INFO - Processing /usr/local/python/3.10.8/lib/python3.10/site-packages/airflow/example_dags/example_dag_decorator.py took 0.444 seconds
[2023-11-12T12:51:59.167+0000] {processor.py:153} INFO - Started process (PID=18895) to work on /usr/local/python/3.10.8/lib/python3.10/site-packages/airflow/example_dags/example_dag_decorator.py
[2023-11-12T12:51:59.167+0000] {processor.py:743} INFO - Processing file /usr/local/python/3.10.8/lib/python3.10/site-packages/airflow/example_dags/example_dag_decorator.py for tasks to queue
[2023-11-12T12:51:59.168+0000] {logging_mixin.py:137} INFO - [2023-11-12T12:51:59.168+0000] {dagbag.py:538} INFO - Filling up the DagBag from /usr/local/python/3.10.8/lib/python3.10/site-packages/airflow/example_dags/example_dag_decorator.py
[2023-11-12T12:51:59.183+0000] {logging_mixin.py:137} INFO - [2023-11-12T12:51:59.183+0000] {taskmixin.py:205} WARNING - Dependency <Task(_PythonDecoratedOperator): prepare_email>, send_email already registered for DAG: example_dag_decorator
[2023-11-12T12:51:59.183+0000] {logging_mixin.py:137} INFO - [2023-11-12T12:51:59.183+0000] {taskmixin.py:205} WARNING - Dependency <Task(EmailOperator): send_email>, prepare_email already registered for DAG: example_dag_decorator
[2023-11-12T12:51:59.193+0000] {processor.py:753} INFO - DAG(s) dict_keys(['example_dag_decorator']) retrieved from /usr/local/python/3.10.8/lib/python3.10/site-packages/airflow/example_dags/example_dag_decorator.py
[2023-11-12T12:51:59.231+0000] {logging_mixin.py:137} INFO - [2023-11-12T12:51:59.231+0000] {dag.py:2690} INFO - Sync 1 DAGs
[2023-11-12T12:51:59.244+0000] {logging_mixin.py:137} INFO - [2023-11-12T12:51:59.244+0000] {dag.py:3437} INFO - Setting next_dagrun for example_dag_decorator to None, run_after=None
[2023-11-12T12:51:59.295+0000] {processor.py:175} INFO - Processing /usr/local/python/3.10.8/lib/python3.10/site-packages/airflow/example_dags/example_dag_decorator.py took 0.130 seconds
[2023-11-12T12:52:43.541+0000] {processor.py:153} INFO - Started process (PID=19300) to work on /usr/local/python/3.10.8/lib/python3.10/site-packages/airflow/example_dags/example_dag_decorator.py
[2023-11-12T12:52:43.542+0000] {processor.py:743} INFO - Processing file /usr/local/python/3.10.8/lib/python3.10/site-packages/airflow/example_dags/example_dag_decorator.py for tasks to queue
[2023-11-12T12:52:43.542+0000] {logging_mixin.py:137} INFO - [2023-11-12T12:52:43.542+0000] {dagbag.py:538} INFO - Filling up the DagBag from /usr/local/python/3.10.8/lib/python3.10/site-packages/airflow/example_dags/example_dag_decorator.py
[2023-11-12T12:52:43.558+0000] {logging_mixin.py:137} INFO - [2023-11-12T12:52:43.558+0000] {taskmixin.py:205} WARNING - Dependency <Task(_PythonDecoratedOperator): prepare_email>, send_email already registered for DAG: example_dag_decorator
[2023-11-12T12:52:43.558+0000] {logging_mixin.py:137} INFO - [2023-11-12T12:52:43.558+0000] {taskmixin.py:205} WARNING - Dependency <Task(EmailOperator): send_email>, prepare_email already registered for DAG: example_dag_decorator
[2023-11-12T12:52:43.568+0000] {processor.py:753} INFO - DAG(s) dict_keys(['example_dag_decorator']) retrieved from /usr/local/python/3.10.8/lib/python3.10/site-packages/airflow/example_dags/example_dag_decorator.py
[2023-11-12T12:52:43.609+0000] {logging_mixin.py:137} INFO - [2023-11-12T12:52:43.609+0000] {dag.py:2690} INFO - Sync 1 DAGs
[2023-11-12T12:52:43.624+0000] {logging_mixin.py:137} INFO - [2023-11-12T12:52:43.624+0000] {dag.py:3437} INFO - Setting next_dagrun for example_dag_decorator to None, run_after=None
[2023-11-12T12:52:43.765+0000] {processor.py:175} INFO - Processing /usr/local/python/3.10.8/lib/python3.10/site-packages/airflow/example_dags/example_dag_decorator.py took 0.227 seconds
[2023-11-12T12:53:31.066+0000] {processor.py:153} INFO - Started process (PID=19662) to work on /usr/local/python/3.10.8/lib/python3.10/site-packages/airflow/example_dags/example_dag_decorator.py
[2023-11-12T12:53:31.067+0000] {processor.py:743} INFO - Processing file /usr/local/python/3.10.8/lib/python3.10/site-packages/airflow/example_dags/example_dag_decorator.py for tasks to queue
[2023-11-12T12:53:31.067+0000] {logging_mixin.py:137} INFO - [2023-11-12T12:53:31.067+0000] {dagbag.py:538} INFO - Filling up the DagBag from /usr/local/python/3.10.8/lib/python3.10/site-packages/airflow/example_dags/example_dag_decorator.py
[2023-11-12T12:53:31.082+0000] {logging_mixin.py:137} INFO - [2023-11-12T12:53:31.082+0000] {taskmixin.py:205} WARNING - Dependency <Task(_PythonDecoratedOperator): prepare_email>, send_email already registered for DAG: example_dag_decorator
[2023-11-12T12:53:31.083+0000] {logging_mixin.py:137} INFO - [2023-11-12T12:53:31.082+0000] {taskmixin.py:205} WARNING - Dependency <Task(EmailOperator): send_email>, prepare_email already registered for DAG: example_dag_decorator
[2023-11-12T12:53:31.093+0000] {processor.py:753} INFO - DAG(s) dict_keys(['example_dag_decorator']) retrieved from /usr/local/python/3.10.8/lib/python3.10/site-packages/airflow/example_dags/example_dag_decorator.py
[2023-11-12T12:53:31.144+0000] {logging_mixin.py:137} INFO - [2023-11-12T12:53:31.144+0000] {dag.py:2690} INFO - Sync 1 DAGs
[2023-11-12T12:53:31.274+0000] {logging_mixin.py:137} INFO - [2023-11-12T12:53:31.274+0000] {dag.py:3437} INFO - Setting next_dagrun for example_dag_decorator to None, run_after=None
[2023-11-12T12:53:31.323+0000] {processor.py:175} INFO - Processing /usr/local/python/3.10.8/lib/python3.10/site-packages/airflow/example_dags/example_dag_decorator.py took 0.259 seconds
