[2023-11-12T11:15:31.806+0000] {processor.py:153} INFO - Started process (PID=25025) to work on /usr/local/python/3.10.8/lib/python3.10/site-packages/airflow/example_dags/example_xcom.py
[2023-11-12T11:15:31.807+0000] {processor.py:743} INFO - Processing file /usr/local/python/3.10.8/lib/python3.10/site-packages/airflow/example_dags/example_xcom.py for tasks to queue
[2023-11-12T11:15:31.807+0000] {logging_mixin.py:137} INFO - [2023-11-12T11:15:31.807+0000] {dagbag.py:538} INFO - Filling up the DagBag from /usr/local/python/3.10.8/lib/python3.10/site-packages/airflow/example_dags/example_xcom.py
[2023-11-12T11:15:31.829+0000] {processor.py:753} INFO - DAG(s) dict_keys(['example_xcom']) retrieved from /usr/local/python/3.10.8/lib/python3.10/site-packages/airflow/example_dags/example_xcom.py
[2023-11-12T11:15:31.984+0000] {logging_mixin.py:137} INFO - [2023-11-12T11:15:31.984+0000] {manager.py:504} INFO - Created Permission View: can read on DAG:example_xcom
[2023-11-12T11:15:32.024+0000] {logging_mixin.py:137} INFO - [2023-11-12T11:15:32.024+0000] {manager.py:504} INFO - Created Permission View: can delete on DAG:example_xcom
[2023-11-12T11:15:32.063+0000] {logging_mixin.py:137} INFO - [2023-11-12T11:15:32.063+0000] {manager.py:504} INFO - Created Permission View: can edit on DAG:example_xcom
[2023-11-12T11:15:32.064+0000] {logging_mixin.py:137} INFO - [2023-11-12T11:15:32.064+0000] {dag.py:2690} INFO - Sync 1 DAGs
[2023-11-12T11:15:32.071+0000] {logging_mixin.py:137} INFO - [2023-11-12T11:15:32.071+0000] {dag.py:2711} INFO - Creating ORM DAG for example_xcom
[2023-11-12T11:15:32.078+0000] {logging_mixin.py:137} INFO - [2023-11-12T11:15:32.078+0000] {dag.py:3437} INFO - Setting next_dagrun for example_xcom to 2021-01-01T00:00:00+00:00, run_after=2021-01-01T00:00:00+00:00
[2023-11-12T11:15:32.137+0000] {processor.py:175} INFO - Processing /usr/local/python/3.10.8/lib/python3.10/site-packages/airflow/example_dags/example_xcom.py took 0.333 seconds
[2023-11-12T11:16:19.282+0000] {processor.py:153} INFO - Started process (PID=25381) to work on /usr/local/python/3.10.8/lib/python3.10/site-packages/airflow/example_dags/example_xcom.py
[2023-11-12T11:16:19.282+0000] {processor.py:743} INFO - Processing file /usr/local/python/3.10.8/lib/python3.10/site-packages/airflow/example_dags/example_xcom.py for tasks to queue
[2023-11-12T11:16:19.283+0000] {logging_mixin.py:137} INFO - [2023-11-12T11:16:19.283+0000] {dagbag.py:538} INFO - Filling up the DagBag from /usr/local/python/3.10.8/lib/python3.10/site-packages/airflow/example_dags/example_xcom.py
[2023-11-12T11:16:19.304+0000] {processor.py:753} INFO - DAG(s) dict_keys(['example_xcom']) retrieved from /usr/local/python/3.10.8/lib/python3.10/site-packages/airflow/example_dags/example_xcom.py
[2023-11-12T11:16:19.319+0000] {logging_mixin.py:137} INFO - [2023-11-12T11:16:19.319+0000] {dag.py:2690} INFO - Sync 1 DAGs
[2023-11-12T11:16:19.333+0000] {logging_mixin.py:137} INFO - [2023-11-12T11:16:19.333+0000] {dag.py:3437} INFO - Setting next_dagrun for example_xcom to 2021-01-01T00:00:00+00:00, run_after=2021-01-01T00:00:00+00:00
[2023-11-12T11:16:19.384+0000] {processor.py:175} INFO - Processing /usr/local/python/3.10.8/lib/python3.10/site-packages/airflow/example_dags/example_xcom.py took 0.104 seconds
[2023-11-12T11:16:59.975+0000] {processor.py:153} INFO - Started process (PID=25832) to work on /usr/local/python/3.10.8/lib/python3.10/site-packages/airflow/example_dags/example_xcom.py
[2023-11-12T11:16:59.984+0000] {processor.py:743} INFO - Processing file /usr/local/python/3.10.8/lib/python3.10/site-packages/airflow/example_dags/example_xcom.py for tasks to queue
[2023-11-12T11:16:59.984+0000] {logging_mixin.py:137} INFO - [2023-11-12T11:16:59.984+0000] {dagbag.py:538} INFO - Filling up the DagBag from /usr/local/python/3.10.8/lib/python3.10/site-packages/airflow/example_dags/example_xcom.py
[2023-11-12T11:17:00.015+0000] {processor.py:753} INFO - DAG(s) dict_keys(['example_xcom']) retrieved from /usr/local/python/3.10.8/lib/python3.10/site-packages/airflow/example_dags/example_xcom.py
[2023-11-12T11:17:00.034+0000] {logging_mixin.py:137} INFO - [2023-11-12T11:17:00.034+0000] {dag.py:2690} INFO - Sync 1 DAGs
[2023-11-12T11:17:00.055+0000] {logging_mixin.py:137} INFO - [2023-11-12T11:17:00.055+0000] {dag.py:3437} INFO - Setting next_dagrun for example_xcom to 2021-01-01T00:00:00+00:00, run_after=2021-01-01T00:00:00+00:00
[2023-11-12T11:17:00.114+0000] {processor.py:175} INFO - Processing /usr/local/python/3.10.8/lib/python3.10/site-packages/airflow/example_dags/example_xcom.py took 0.142 seconds
