[2023-11-12T12:51:15.720+0000] {processor.py:153} INFO - Started process (PID=18573) to work on /usr/local/python/3.10.8/lib/python3.10/site-packages/airflow/example_dags/example_dynamic_task_mapping.py
[2023-11-12T12:51:15.720+0000] {processor.py:743} INFO - Processing file /usr/local/python/3.10.8/lib/python3.10/site-packages/airflow/example_dags/example_dynamic_task_mapping.py for tasks to queue
[2023-11-12T12:51:15.721+0000] {logging_mixin.py:137} INFO - [2023-11-12T12:51:15.721+0000] {dagbag.py:538} INFO - Filling up the DagBag from /usr/local/python/3.10.8/lib/python3.10/site-packages/airflow/example_dags/example_dynamic_task_mapping.py
[2023-11-12T12:51:15.740+0000] {processor.py:753} INFO - DAG(s) dict_keys(['example_dynamic_task_mapping']) retrieved from /usr/local/python/3.10.8/lib/python3.10/site-packages/airflow/example_dags/example_dynamic_task_mapping.py
[2023-11-12T12:51:15.911+0000] {logging_mixin.py:137} INFO - [2023-11-12T12:51:15.911+0000] {manager.py:504} INFO - Created Permission View: can edit on DAG:example_dynamic_task_mapping
[2023-11-12T12:51:15.952+0000] {logging_mixin.py:137} INFO - [2023-11-12T12:51:15.952+0000] {manager.py:504} INFO - Created Permission View: can read on DAG:example_dynamic_task_mapping
[2023-11-12T12:51:16.006+0000] {logging_mixin.py:137} INFO - [2023-11-12T12:51:16.006+0000] {manager.py:504} INFO - Created Permission View: can delete on DAG:example_dynamic_task_mapping
[2023-11-12T12:51:16.006+0000] {logging_mixin.py:137} INFO - [2023-11-12T12:51:16.006+0000] {dag.py:2690} INFO - Sync 1 DAGs
[2023-11-12T12:51:16.101+0000] {logging_mixin.py:137} INFO - [2023-11-12T12:51:16.101+0000] {dag.py:2711} INFO - Creating ORM DAG for example_dynamic_task_mapping
[2023-11-12T12:51:16.107+0000] {logging_mixin.py:137} INFO - [2023-11-12T12:51:16.107+0000] {dag.py:3437} INFO - Setting next_dagrun for example_dynamic_task_mapping to 2022-03-04T00:00:00+00:00, run_after=2022-03-05T00:00:00+00:00
[2023-11-12T12:51:16.154+0000] {processor.py:175} INFO - Processing /usr/local/python/3.10.8/lib/python3.10/site-packages/airflow/example_dags/example_dynamic_task_mapping.py took 0.437 seconds
[2023-11-12T12:52:01.645+0000] {processor.py:153} INFO - Started process (PID=18913) to work on /usr/local/python/3.10.8/lib/python3.10/site-packages/airflow/example_dags/example_dynamic_task_mapping.py
[2023-11-12T12:52:01.646+0000] {processor.py:743} INFO - Processing file /usr/local/python/3.10.8/lib/python3.10/site-packages/airflow/example_dags/example_dynamic_task_mapping.py for tasks to queue
[2023-11-12T12:52:01.648+0000] {logging_mixin.py:137} INFO - [2023-11-12T12:52:01.648+0000] {dagbag.py:538} INFO - Filling up the DagBag from /usr/local/python/3.10.8/lib/python3.10/site-packages/airflow/example_dags/example_dynamic_task_mapping.py
[2023-11-12T12:52:01.668+0000] {processor.py:753} INFO - DAG(s) dict_keys(['example_dynamic_task_mapping']) retrieved from /usr/local/python/3.10.8/lib/python3.10/site-packages/airflow/example_dags/example_dynamic_task_mapping.py
[2023-11-12T12:52:01.691+0000] {logging_mixin.py:137} INFO - [2023-11-12T12:52:01.689+0000] {dag.py:2690} INFO - Sync 1 DAGs
[2023-11-12T12:52:01.718+0000] {logging_mixin.py:137} INFO - [2023-11-12T12:52:01.718+0000] {dag.py:3437} INFO - Setting next_dagrun for example_dynamic_task_mapping to 2022-03-04T00:00:00+00:00, run_after=2022-03-05T00:00:00+00:00
[2023-11-12T12:52:01.789+0000] {processor.py:175} INFO - Processing /usr/local/python/3.10.8/lib/python3.10/site-packages/airflow/example_dags/example_dynamic_task_mapping.py took 0.148 seconds
[2023-11-12T12:52:45.400+0000] {processor.py:153} INFO - Started process (PID=19329) to work on /usr/local/python/3.10.8/lib/python3.10/site-packages/airflow/example_dags/example_dynamic_task_mapping.py
[2023-11-12T12:52:45.401+0000] {processor.py:743} INFO - Processing file /usr/local/python/3.10.8/lib/python3.10/site-packages/airflow/example_dags/example_dynamic_task_mapping.py for tasks to queue
[2023-11-12T12:52:45.401+0000] {logging_mixin.py:137} INFO - [2023-11-12T12:52:45.401+0000] {dagbag.py:538} INFO - Filling up the DagBag from /usr/local/python/3.10.8/lib/python3.10/site-packages/airflow/example_dags/example_dynamic_task_mapping.py
[2023-11-12T12:52:45.421+0000] {processor.py:753} INFO - DAG(s) dict_keys(['example_dynamic_task_mapping']) retrieved from /usr/local/python/3.10.8/lib/python3.10/site-packages/airflow/example_dags/example_dynamic_task_mapping.py
[2023-11-12T12:52:45.435+0000] {logging_mixin.py:137} INFO - [2023-11-12T12:52:45.434+0000] {dag.py:2690} INFO - Sync 1 DAGs
[2023-11-12T12:52:45.453+0000] {logging_mixin.py:137} INFO - [2023-11-12T12:52:45.453+0000] {dag.py:3437} INFO - Setting next_dagrun for example_dynamic_task_mapping to 2022-03-04T00:00:00+00:00, run_after=2022-03-05T00:00:00+00:00
[2023-11-12T12:52:45.504+0000] {processor.py:175} INFO - Processing /usr/local/python/3.10.8/lib/python3.10/site-packages/airflow/example_dags/example_dynamic_task_mapping.py took 0.106 seconds
[2023-11-12T12:53:32.667+0000] {processor.py:153} INFO - Started process (PID=19676) to work on /usr/local/python/3.10.8/lib/python3.10/site-packages/airflow/example_dags/example_dynamic_task_mapping.py
[2023-11-12T12:53:32.668+0000] {processor.py:743} INFO - Processing file /usr/local/python/3.10.8/lib/python3.10/site-packages/airflow/example_dags/example_dynamic_task_mapping.py for tasks to queue
[2023-11-12T12:53:32.669+0000] {logging_mixin.py:137} INFO - [2023-11-12T12:53:32.669+0000] {dagbag.py:538} INFO - Filling up the DagBag from /usr/local/python/3.10.8/lib/python3.10/site-packages/airflow/example_dags/example_dynamic_task_mapping.py
[2023-11-12T12:53:32.692+0000] {processor.py:753} INFO - DAG(s) dict_keys(['example_dynamic_task_mapping']) retrieved from /usr/local/python/3.10.8/lib/python3.10/site-packages/airflow/example_dags/example_dynamic_task_mapping.py
[2023-11-12T12:53:32.711+0000] {logging_mixin.py:137} INFO - [2023-11-12T12:53:32.711+0000] {dag.py:2690} INFO - Sync 1 DAGs
[2023-11-12T12:53:32.729+0000] {logging_mixin.py:137} INFO - [2023-11-12T12:53:32.729+0000] {dag.py:3437} INFO - Setting next_dagrun for example_dynamic_task_mapping to 2022-03-04T00:00:00+00:00, run_after=2022-03-05T00:00:00+00:00
[2023-11-12T12:53:32.775+0000] {processor.py:175} INFO - Processing /usr/local/python/3.10.8/lib/python3.10/site-packages/airflow/example_dags/example_dynamic_task_mapping.py took 0.112 seconds
