[2023-11-12T12:51:19.524+0000] {processor.py:153} INFO - Started process (PID=18588) to work on /usr/local/python/3.10.8/lib/python3.10/site-packages/airflow/example_dags/example_latest_only.py
[2023-11-12T12:51:19.525+0000] {processor.py:743} INFO - Processing file /usr/local/python/3.10.8/lib/python3.10/site-packages/airflow/example_dags/example_latest_only.py for tasks to queue
[2023-11-12T12:51:19.526+0000] {logging_mixin.py:137} INFO - [2023-11-12T12:51:19.525+0000] {dagbag.py:538} INFO - Filling up the DagBag from /usr/local/python/3.10.8/lib/python3.10/site-packages/airflow/example_dags/example_latest_only.py
[2023-11-12T12:51:19.537+0000] {processor.py:753} INFO - DAG(s) dict_keys(['latest_only']) retrieved from /usr/local/python/3.10.8/lib/python3.10/site-packages/airflow/example_dags/example_latest_only.py
[2023-11-12T12:51:19.736+0000] {logging_mixin.py:137} INFO - [2023-11-12T12:51:19.736+0000] {manager.py:504} INFO - Created Permission View: can edit on DAG:latest_only
[2023-11-12T12:51:19.776+0000] {logging_mixin.py:137} INFO - [2023-11-12T12:51:19.776+0000] {manager.py:504} INFO - Created Permission View: can read on DAG:latest_only
[2023-11-12T12:51:19.820+0000] {logging_mixin.py:137} INFO - [2023-11-12T12:51:19.820+0000] {manager.py:504} INFO - Created Permission View: can delete on DAG:latest_only
[2023-11-12T12:51:19.820+0000] {logging_mixin.py:137} INFO - [2023-11-12T12:51:19.820+0000] {dag.py:2690} INFO - Sync 1 DAGs
[2023-11-12T12:51:19.829+0000] {logging_mixin.py:137} INFO - [2023-11-12T12:51:19.829+0000] {dag.py:2711} INFO - Creating ORM DAG for latest_only
[2023-11-12T12:51:19.936+0000] {logging_mixin.py:137} INFO - [2023-11-12T12:51:19.935+0000] {dag.py:3437} INFO - Setting next_dagrun for latest_only to 2023-11-12T08:51:19.935802+00:00, run_after=2023-11-12T12:51:19.935802+00:00
[2023-11-12T12:51:19.983+0000] {processor.py:175} INFO - Processing /usr/local/python/3.10.8/lib/python3.10/site-packages/airflow/example_dags/example_latest_only.py took 0.460 seconds
[2023-11-12T12:52:10.853+0000] {processor.py:153} INFO - Started process (PID=18981) to work on /usr/local/python/3.10.8/lib/python3.10/site-packages/airflow/example_dags/example_latest_only.py
[2023-11-12T12:52:10.853+0000] {processor.py:743} INFO - Processing file /usr/local/python/3.10.8/lib/python3.10/site-packages/airflow/example_dags/example_latest_only.py for tasks to queue
[2023-11-12T12:52:10.854+0000] {logging_mixin.py:137} INFO - [2023-11-12T12:52:10.854+0000] {dagbag.py:538} INFO - Filling up the DagBag from /usr/local/python/3.10.8/lib/python3.10/site-packages/airflow/example_dags/example_latest_only.py
[2023-11-12T12:52:10.866+0000] {processor.py:753} INFO - DAG(s) dict_keys(['latest_only']) retrieved from /usr/local/python/3.10.8/lib/python3.10/site-packages/airflow/example_dags/example_latest_only.py
[2023-11-12T12:52:10.880+0000] {logging_mixin.py:137} INFO - [2023-11-12T12:52:10.880+0000] {dag.py:2690} INFO - Sync 1 DAGs
[2023-11-12T12:52:10.900+0000] {logging_mixin.py:137} INFO - [2023-11-12T12:52:10.900+0000] {dag.py:3437} INFO - Setting next_dagrun for latest_only to 2023-11-12T08:52:10.899822+00:00, run_after=2023-11-12T12:52:10.899822+00:00
[2023-11-12T12:52:10.969+0000] {processor.py:175} INFO - Processing /usr/local/python/3.10.8/lib/python3.10/site-packages/airflow/example_dags/example_latest_only.py took 0.119 seconds
[2023-11-12T12:52:53.876+0000] {processor.py:153} INFO - Started process (PID=19385) to work on /usr/local/python/3.10.8/lib/python3.10/site-packages/airflow/example_dags/example_latest_only.py
[2023-11-12T12:52:53.877+0000] {processor.py:743} INFO - Processing file /usr/local/python/3.10.8/lib/python3.10/site-packages/airflow/example_dags/example_latest_only.py for tasks to queue
[2023-11-12T12:52:53.878+0000] {logging_mixin.py:137} INFO - [2023-11-12T12:52:53.878+0000] {dagbag.py:538} INFO - Filling up the DagBag from /usr/local/python/3.10.8/lib/python3.10/site-packages/airflow/example_dags/example_latest_only.py
[2023-11-12T12:52:53.890+0000] {processor.py:753} INFO - DAG(s) dict_keys(['latest_only']) retrieved from /usr/local/python/3.10.8/lib/python3.10/site-packages/airflow/example_dags/example_latest_only.py
[2023-11-12T12:52:53.904+0000] {logging_mixin.py:137} INFO - [2023-11-12T12:52:53.904+0000] {dag.py:2690} INFO - Sync 1 DAGs
[2023-11-12T12:52:53.918+0000] {logging_mixin.py:137} INFO - [2023-11-12T12:52:53.918+0000] {dag.py:3437} INFO - Setting next_dagrun for latest_only to 2023-11-12T08:52:53.918727+00:00, run_after=2023-11-12T12:52:53.918727+00:00
[2023-11-12T12:52:53.970+0000] {processor.py:175} INFO - Processing /usr/local/python/3.10.8/lib/python3.10/site-packages/airflow/example_dags/example_latest_only.py took 0.096 seconds
