[2023-11-12T11:15:18.858+0000] {processor.py:153} INFO - Started process (PID=24924) to work on /usr/local/python/3.10.8/lib/python3.10/site-packages/airflow/example_dags/example_latest_only_with_trigger.py
[2023-11-12T11:15:18.858+0000] {processor.py:743} INFO - Processing file /usr/local/python/3.10.8/lib/python3.10/site-packages/airflow/example_dags/example_latest_only_with_trigger.py for tasks to queue
[2023-11-12T11:15:18.859+0000] {logging_mixin.py:137} INFO - [2023-11-12T11:15:18.859+0000] {dagbag.py:538} INFO - Filling up the DagBag from /usr/local/python/3.10.8/lib/python3.10/site-packages/airflow/example_dags/example_latest_only_with_trigger.py
[2023-11-12T11:15:18.870+0000] {processor.py:753} INFO - DAG(s) dict_keys(['latest_only_with_trigger']) retrieved from /usr/local/python/3.10.8/lib/python3.10/site-packages/airflow/example_dags/example_latest_only_with_trigger.py
[2023-11-12T11:15:19.032+0000] {logging_mixin.py:137} INFO - [2023-11-12T11:15:19.032+0000] {manager.py:504} INFO - Created Permission View: can read on DAG:latest_only_with_trigger
[2023-11-12T11:15:19.075+0000] {logging_mixin.py:137} INFO - [2023-11-12T11:15:19.075+0000] {manager.py:504} INFO - Created Permission View: can delete on DAG:latest_only_with_trigger
[2023-11-12T11:15:19.116+0000] {logging_mixin.py:137} INFO - [2023-11-12T11:15:19.115+0000] {manager.py:504} INFO - Created Permission View: can edit on DAG:latest_only_with_trigger
[2023-11-12T11:15:19.116+0000] {logging_mixin.py:137} INFO - [2023-11-12T11:15:19.116+0000] {dag.py:2690} INFO - Sync 1 DAGs
[2023-11-12T11:15:19.125+0000] {logging_mixin.py:137} INFO - [2023-11-12T11:15:19.125+0000] {dag.py:2711} INFO - Creating ORM DAG for latest_only_with_trigger
[2023-11-12T11:15:19.132+0000] {logging_mixin.py:137} INFO - [2023-11-12T11:15:19.132+0000] {dag.py:3437} INFO - Setting next_dagrun for latest_only_with_trigger to 2023-11-12T07:15:19.132623+00:00, run_after=2023-11-12T11:15:19.132623+00:00
[2023-11-12T11:15:19.194+0000] {processor.py:175} INFO - Processing /usr/local/python/3.10.8/lib/python3.10/site-packages/airflow/example_dags/example_latest_only_with_trigger.py took 0.338 seconds
[2023-11-12T11:16:08.750+0000] {processor.py:153} INFO - Started process (PID=25304) to work on /usr/local/python/3.10.8/lib/python3.10/site-packages/airflow/example_dags/example_latest_only_with_trigger.py
[2023-11-12T11:16:08.751+0000] {processor.py:743} INFO - Processing file /usr/local/python/3.10.8/lib/python3.10/site-packages/airflow/example_dags/example_latest_only_with_trigger.py for tasks to queue
[2023-11-12T11:16:08.751+0000] {logging_mixin.py:137} INFO - [2023-11-12T11:16:08.751+0000] {dagbag.py:538} INFO - Filling up the DagBag from /usr/local/python/3.10.8/lib/python3.10/site-packages/airflow/example_dags/example_latest_only_with_trigger.py
[2023-11-12T11:16:08.763+0000] {processor.py:753} INFO - DAG(s) dict_keys(['latest_only_with_trigger']) retrieved from /usr/local/python/3.10.8/lib/python3.10/site-packages/airflow/example_dags/example_latest_only_with_trigger.py
[2023-11-12T11:16:08.778+0000] {logging_mixin.py:137} INFO - [2023-11-12T11:16:08.778+0000] {dag.py:2690} INFO - Sync 1 DAGs
[2023-11-12T11:16:08.792+0000] {logging_mixin.py:137} INFO - [2023-11-12T11:16:08.792+0000] {dag.py:3437} INFO - Setting next_dagrun for latest_only_with_trigger to 2023-11-12T07:16:08.792193+00:00, run_after=2023-11-12T11:16:08.792193+00:00
[2023-11-12T11:16:08.843+0000] {processor.py:175} INFO - Processing /usr/local/python/3.10.8/lib/python3.10/site-packages/airflow/example_dags/example_latest_only_with_trigger.py took 0.095 seconds
[2023-11-12T11:16:49.504+0000] {processor.py:153} INFO - Started process (PID=25732) to work on /usr/local/python/3.10.8/lib/python3.10/site-packages/airflow/example_dags/example_latest_only_with_trigger.py
[2023-11-12T11:16:49.505+0000] {processor.py:743} INFO - Processing file /usr/local/python/3.10.8/lib/python3.10/site-packages/airflow/example_dags/example_latest_only_with_trigger.py for tasks to queue
[2023-11-12T11:16:49.505+0000] {logging_mixin.py:137} INFO - [2023-11-12T11:16:49.505+0000] {dagbag.py:538} INFO - Filling up the DagBag from /usr/local/python/3.10.8/lib/python3.10/site-packages/airflow/example_dags/example_latest_only_with_trigger.py
[2023-11-12T11:16:49.517+0000] {processor.py:753} INFO - DAG(s) dict_keys(['latest_only_with_trigger']) retrieved from /usr/local/python/3.10.8/lib/python3.10/site-packages/airflow/example_dags/example_latest_only_with_trigger.py
[2023-11-12T11:16:49.531+0000] {logging_mixin.py:137} INFO - [2023-11-12T11:16:49.531+0000] {dag.py:2690} INFO - Sync 1 DAGs
[2023-11-12T11:16:49.545+0000] {logging_mixin.py:137} INFO - [2023-11-12T11:16:49.545+0000] {dag.py:3437} INFO - Setting next_dagrun for latest_only_with_trigger to 2023-11-12T07:16:49.545718+00:00, run_after=2023-11-12T11:16:49.545718+00:00
[2023-11-12T11:16:49.596+0000] {processor.py:175} INFO - Processing /usr/local/python/3.10.8/lib/python3.10/site-packages/airflow/example_dags/example_latest_only_with_trigger.py took 0.094 seconds
[2023-11-12T11:17:24.540+0000] {processor.py:153} INFO - Started process (PID=26070) to work on /usr/local/python/3.10.8/lib/python3.10/site-packages/airflow/example_dags/example_latest_only_with_trigger.py
[2023-11-12T11:17:24.540+0000] {processor.py:743} INFO - Processing file /usr/local/python/3.10.8/lib/python3.10/site-packages/airflow/example_dags/example_latest_only_with_trigger.py for tasks to queue
[2023-11-12T11:17:24.541+0000] {logging_mixin.py:137} INFO - [2023-11-12T11:17:24.541+0000] {dagbag.py:538} INFO - Filling up the DagBag from /usr/local/python/3.10.8/lib/python3.10/site-packages/airflow/example_dags/example_latest_only_with_trigger.py
[2023-11-12T11:17:24.553+0000] {processor.py:753} INFO - DAG(s) dict_keys(['latest_only_with_trigger']) retrieved from /usr/local/python/3.10.8/lib/python3.10/site-packages/airflow/example_dags/example_latest_only_with_trigger.py
[2023-11-12T11:17:24.566+0000] {logging_mixin.py:137} INFO - [2023-11-12T11:17:24.566+0000] {dag.py:2690} INFO - Sync 1 DAGs
[2023-11-12T11:17:24.583+0000] {logging_mixin.py:137} INFO - [2023-11-12T11:17:24.583+0000] {dag.py:3437} INFO - Setting next_dagrun for latest_only_with_trigger to 2023-11-12T07:17:24.583089+00:00, run_after=2023-11-12T11:17:24.583089+00:00
[2023-11-12T11:17:24.637+0000] {processor.py:175} INFO - Processing /usr/local/python/3.10.8/lib/python3.10/site-packages/airflow/example_dags/example_latest_only_with_trigger.py took 0.099 seconds
