[2023-11-12T12:51:11.458+0000] {processor.py:153} INFO - Started process (PID=18551) to work on /usr/local/python/3.10.8/lib/python3.10/site-packages/airflow/example_dags/example_kubernetes_executor.py
[2023-11-12T12:51:11.459+0000] {processor.py:743} INFO - Processing file /usr/local/python/3.10.8/lib/python3.10/site-packages/airflow/example_dags/example_kubernetes_executor.py for tasks to queue
[2023-11-12T12:51:11.460+0000] {logging_mixin.py:137} INFO - [2023-11-12T12:51:11.459+0000] {dagbag.py:538} INFO - Filling up the DagBag from /usr/local/python/3.10.8/lib/python3.10/site-packages/airflow/example_dags/example_kubernetes_executor.py
[2023-11-12T12:51:11.474+0000] {logging_mixin.py:137} INFO - [2023-11-12T12:51:11.473+0000] {example_kubernetes_executor.py:41} WARNING - The example_kubernetes_executor example DAG requires the kubernetes provider. Please install it with: pip install apache-airflow[cncf.kubernetes]
[2023-11-12T12:51:11.474+0000] {processor.py:755} WARNING - No viable dags retrieved from /usr/local/python/3.10.8/lib/python3.10/site-packages/airflow/example_dags/example_kubernetes_executor.py
[2023-11-12T12:51:11.480+0000] {processor.py:175} INFO - Processing /usr/local/python/3.10.8/lib/python3.10/site-packages/airflow/example_dags/example_kubernetes_executor.py took 0.024 seconds
[2023-11-12T12:51:58.031+0000] {processor.py:153} INFO - Started process (PID=18888) to work on /usr/local/python/3.10.8/lib/python3.10/site-packages/airflow/example_dags/example_kubernetes_executor.py
[2023-11-12T12:51:58.032+0000] {processor.py:743} INFO - Processing file /usr/local/python/3.10.8/lib/python3.10/site-packages/airflow/example_dags/example_kubernetes_executor.py for tasks to queue
[2023-11-12T12:51:58.033+0000] {logging_mixin.py:137} INFO - [2023-11-12T12:51:58.032+0000] {dagbag.py:538} INFO - Filling up the DagBag from /usr/local/python/3.10.8/lib/python3.10/site-packages/airflow/example_dags/example_kubernetes_executor.py
[2023-11-12T12:51:58.052+0000] {logging_mixin.py:137} INFO - [2023-11-12T12:51:58.052+0000] {example_kubernetes_executor.py:41} WARNING - The example_kubernetes_executor example DAG requires the kubernetes provider. Please install it with: pip install apache-airflow[cncf.kubernetes]
[2023-11-12T12:51:58.052+0000] {processor.py:755} WARNING - No viable dags retrieved from /usr/local/python/3.10.8/lib/python3.10/site-packages/airflow/example_dags/example_kubernetes_executor.py
[2023-11-12T12:51:58.060+0000] {processor.py:175} INFO - Processing /usr/local/python/3.10.8/lib/python3.10/site-packages/airflow/example_dags/example_kubernetes_executor.py took 0.032 seconds
[2023-11-12T12:52:42.500+0000] {processor.py:153} INFO - Started process (PID=19271) to work on /usr/local/python/3.10.8/lib/python3.10/site-packages/airflow/example_dags/example_kubernetes_executor.py
[2023-11-12T12:52:42.501+0000] {processor.py:743} INFO - Processing file /usr/local/python/3.10.8/lib/python3.10/site-packages/airflow/example_dags/example_kubernetes_executor.py for tasks to queue
[2023-11-12T12:52:42.502+0000] {logging_mixin.py:137} INFO - [2023-11-12T12:52:42.502+0000] {dagbag.py:538} INFO - Filling up the DagBag from /usr/local/python/3.10.8/lib/python3.10/site-packages/airflow/example_dags/example_kubernetes_executor.py
[2023-11-12T12:52:42.518+0000] {logging_mixin.py:137} INFO - [2023-11-12T12:52:42.517+0000] {example_kubernetes_executor.py:41} WARNING - The example_kubernetes_executor example DAG requires the kubernetes provider. Please install it with: pip install apache-airflow[cncf.kubernetes]
[2023-11-12T12:52:42.518+0000] {processor.py:755} WARNING - No viable dags retrieved from /usr/local/python/3.10.8/lib/python3.10/site-packages/airflow/example_dags/example_kubernetes_executor.py
[2023-11-12T12:52:42.526+0000] {processor.py:175} INFO - Processing /usr/local/python/3.10.8/lib/python3.10/site-packages/airflow/example_dags/example_kubernetes_executor.py took 0.028 seconds
[2023-11-12T12:53:29.933+0000] {processor.py:153} INFO - Started process (PID=19652) to work on /usr/local/python/3.10.8/lib/python3.10/site-packages/airflow/example_dags/example_kubernetes_executor.py
[2023-11-12T12:53:29.934+0000] {processor.py:743} INFO - Processing file /usr/local/python/3.10.8/lib/python3.10/site-packages/airflow/example_dags/example_kubernetes_executor.py for tasks to queue
[2023-11-12T12:53:29.934+0000] {logging_mixin.py:137} INFO - [2023-11-12T12:53:29.934+0000] {dagbag.py:538} INFO - Filling up the DagBag from /usr/local/python/3.10.8/lib/python3.10/site-packages/airflow/example_dags/example_kubernetes_executor.py
[2023-11-12T12:53:29.948+0000] {logging_mixin.py:137} INFO - [2023-11-12T12:53:29.948+0000] {example_kubernetes_executor.py:41} WARNING - The example_kubernetes_executor example DAG requires the kubernetes provider. Please install it with: pip install apache-airflow[cncf.kubernetes]
[2023-11-12T12:53:29.948+0000] {processor.py:755} WARNING - No viable dags retrieved from /usr/local/python/3.10.8/lib/python3.10/site-packages/airflow/example_dags/example_kubernetes_executor.py
[2023-11-12T12:53:29.955+0000] {processor.py:175} INFO - Processing /usr/local/python/3.10.8/lib/python3.10/site-packages/airflow/example_dags/example_kubernetes_executor.py took 0.024 seconds
