[2023-11-12T11:15:21.424+0000] {processor.py:153} INFO - Started process (PID=24953) to work on /usr/local/python/3.10.8/lib/python3.10/site-packages/airflow/example_dags/example_task_group_decorator.py
[2023-11-12T11:15:21.424+0000] {processor.py:743} INFO - Processing file /usr/local/python/3.10.8/lib/python3.10/site-packages/airflow/example_dags/example_task_group_decorator.py for tasks to queue
[2023-11-12T11:15:21.424+0000] {logging_mixin.py:137} INFO - [2023-11-12T11:15:21.424+0000] {dagbag.py:538} INFO - Filling up the DagBag from /usr/local/python/3.10.8/lib/python3.10/site-packages/airflow/example_dags/example_task_group_decorator.py
[2023-11-12T11:15:21.448+0000] {processor.py:753} INFO - DAG(s) dict_keys(['example_task_group_decorator']) retrieved from /usr/local/python/3.10.8/lib/python3.10/site-packages/airflow/example_dags/example_task_group_decorator.py
[2023-11-12T11:15:21.674+0000] {logging_mixin.py:137} INFO - [2023-11-12T11:15:21.674+0000] {manager.py:504} INFO - Created Permission View: can read on DAG:example_task_group_decorator
[2023-11-12T11:15:21.728+0000] {logging_mixin.py:137} INFO - [2023-11-12T11:15:21.728+0000] {manager.py:504} INFO - Created Permission View: can delete on DAG:example_task_group_decorator
[2023-11-12T11:15:21.787+0000] {logging_mixin.py:137} INFO - [2023-11-12T11:15:21.786+0000] {manager.py:504} INFO - Created Permission View: can edit on DAG:example_task_group_decorator
[2023-11-12T11:15:21.787+0000] {logging_mixin.py:137} INFO - [2023-11-12T11:15:21.787+0000] {dag.py:2690} INFO - Sync 1 DAGs
[2023-11-12T11:15:21.795+0000] {logging_mixin.py:137} INFO - [2023-11-12T11:15:21.794+0000] {dag.py:2711} INFO - Creating ORM DAG for example_task_group_decorator
[2023-11-12T11:15:21.801+0000] {logging_mixin.py:137} INFO - [2023-11-12T11:15:21.801+0000] {dag.py:3437} INFO - Setting next_dagrun for example_task_group_decorator to 2023-11-11T11:15:21.801433+00:00, run_after=2023-11-12T11:15:21.801433+00:00
[2023-11-12T11:15:21.857+0000] {processor.py:175} INFO - Processing /usr/local/python/3.10.8/lib/python3.10/site-packages/airflow/example_dags/example_task_group_decorator.py took 0.435 seconds
[2023-11-12T11:16:11.020+0000] {processor.py:153} INFO - Started process (PID=25318) to work on /usr/local/python/3.10.8/lib/python3.10/site-packages/airflow/example_dags/example_task_group_decorator.py
[2023-11-12T11:16:11.020+0000] {processor.py:743} INFO - Processing file /usr/local/python/3.10.8/lib/python3.10/site-packages/airflow/example_dags/example_task_group_decorator.py for tasks to queue
[2023-11-12T11:16:11.021+0000] {logging_mixin.py:137} INFO - [2023-11-12T11:16:11.021+0000] {dagbag.py:538} INFO - Filling up the DagBag from /usr/local/python/3.10.8/lib/python3.10/site-packages/airflow/example_dags/example_task_group_decorator.py
[2023-11-12T11:16:11.046+0000] {processor.py:753} INFO - DAG(s) dict_keys(['example_task_group_decorator']) retrieved from /usr/local/python/3.10.8/lib/python3.10/site-packages/airflow/example_dags/example_task_group_decorator.py
[2023-11-12T11:16:11.061+0000] {logging_mixin.py:137} INFO - [2023-11-12T11:16:11.061+0000] {dag.py:2690} INFO - Sync 1 DAGs
[2023-11-12T11:16:11.076+0000] {logging_mixin.py:137} INFO - [2023-11-12T11:16:11.076+0000] {dag.py:3437} INFO - Setting next_dagrun for example_task_group_decorator to 2023-11-11T11:16:11.075921+00:00, run_after=2023-11-12T11:16:11.075921+00:00
[2023-11-12T11:16:11.125+0000] {processor.py:175} INFO - Processing /usr/local/python/3.10.8/lib/python3.10/site-packages/airflow/example_dags/example_task_group_decorator.py took 0.107 seconds
[2023-11-12T11:16:51.816+0000] {processor.py:153} INFO - Started process (PID=25746) to work on /usr/local/python/3.10.8/lib/python3.10/site-packages/airflow/example_dags/example_task_group_decorator.py
[2023-11-12T11:16:51.816+0000] {processor.py:743} INFO - Processing file /usr/local/python/3.10.8/lib/python3.10/site-packages/airflow/example_dags/example_task_group_decorator.py for tasks to queue
[2023-11-12T11:16:51.817+0000] {logging_mixin.py:137} INFO - [2023-11-12T11:16:51.817+0000] {dagbag.py:538} INFO - Filling up the DagBag from /usr/local/python/3.10.8/lib/python3.10/site-packages/airflow/example_dags/example_task_group_decorator.py
[2023-11-12T11:16:51.841+0000] {processor.py:753} INFO - DAG(s) dict_keys(['example_task_group_decorator']) retrieved from /usr/local/python/3.10.8/lib/python3.10/site-packages/airflow/example_dags/example_task_group_decorator.py
[2023-11-12T11:16:51.857+0000] {logging_mixin.py:137} INFO - [2023-11-12T11:16:51.856+0000] {dag.py:2690} INFO - Sync 1 DAGs
[2023-11-12T11:16:51.871+0000] {logging_mixin.py:137} INFO - [2023-11-12T11:16:51.871+0000] {dag.py:3437} INFO - Setting next_dagrun for example_task_group_decorator to 2023-11-11T11:16:51.871267+00:00, run_after=2023-11-12T11:16:51.871267+00:00
[2023-11-12T11:16:51.922+0000] {processor.py:175} INFO - Processing /usr/local/python/3.10.8/lib/python3.10/site-packages/airflow/example_dags/example_task_group_decorator.py took 0.108 seconds
