[2023-11-12T12:51:22.745+0000] {processor.py:153} INFO - Started process (PID=18624) to work on /usr/local/python/3.10.8/lib/python3.10/site-packages/airflow/example_dags/example_complex.py
[2023-11-12T12:51:22.746+0000] {processor.py:743} INFO - Processing file /usr/local/python/3.10.8/lib/python3.10/site-packages/airflow/example_dags/example_complex.py for tasks to queue
[2023-11-12T12:51:22.746+0000] {logging_mixin.py:137} INFO - [2023-11-12T12:51:22.746+0000] {dagbag.py:538} INFO - Filling up the DagBag from /usr/local/python/3.10.8/lib/python3.10/site-packages/airflow/example_dags/example_complex.py
[2023-11-12T12:51:22.756+0000] {logging_mixin.py:137} INFO - [2023-11-12T12:51:22.755+0000] {taskmixin.py:205} WARNING - Dependency <Task(BashOperator): create_entry_group>, delete_entry_group already registered for DAG: example_complex
[2023-11-12T12:51:22.756+0000] {logging_mixin.py:137} INFO - [2023-11-12T12:51:22.756+0000] {taskmixin.py:205} WARNING - Dependency <Task(BashOperator): delete_entry_group>, create_entry_group already registered for DAG: example_complex
[2023-11-12T12:51:22.756+0000] {logging_mixin.py:137} INFO - [2023-11-12T12:51:22.756+0000] {taskmixin.py:205} WARNING - Dependency <Task(BashOperator): create_entry_gcs>, delete_entry already registered for DAG: example_complex
[2023-11-12T12:51:22.756+0000] {logging_mixin.py:137} INFO - [2023-11-12T12:51:22.756+0000] {taskmixin.py:205} WARNING - Dependency <Task(BashOperator): delete_entry>, create_entry_gcs already registered for DAG: example_complex
[2023-11-12T12:51:22.757+0000] {logging_mixin.py:137} INFO - [2023-11-12T12:51:22.757+0000] {taskmixin.py:205} WARNING - Dependency <Task(BashOperator): create_tag>, delete_tag already registered for DAG: example_complex
[2023-11-12T12:51:22.757+0000] {logging_mixin.py:137} INFO - [2023-11-12T12:51:22.757+0000] {taskmixin.py:205} WARNING - Dependency <Task(BashOperator): delete_tag>, create_tag already registered for DAG: example_complex
[2023-11-12T12:51:22.764+0000] {processor.py:753} INFO - DAG(s) dict_keys(['example_complex']) retrieved from /usr/local/python/3.10.8/lib/python3.10/site-packages/airflow/example_dags/example_complex.py
[2023-11-12T12:51:22.925+0000] {logging_mixin.py:137} INFO - [2023-11-12T12:51:22.925+0000] {manager.py:504} INFO - Created Permission View: can edit on DAG:example_complex
[2023-11-12T12:51:22.970+0000] {logging_mixin.py:137} INFO - [2023-11-12T12:51:22.970+0000] {manager.py:504} INFO - Created Permission View: can read on DAG:example_complex
[2023-11-12T12:51:23.008+0000] {logging_mixin.py:137} INFO - [2023-11-12T12:51:23.008+0000] {manager.py:504} INFO - Created Permission View: can delete on DAG:example_complex
[2023-11-12T12:51:23.008+0000] {logging_mixin.py:137} INFO - [2023-11-12T12:51:23.008+0000] {dag.py:2690} INFO - Sync 1 DAGs
[2023-11-12T12:51:23.018+0000] {logging_mixin.py:137} INFO - [2023-11-12T12:51:23.018+0000] {dag.py:2711} INFO - Creating ORM DAG for example_complex
[2023-11-12T12:51:23.119+0000] {logging_mixin.py:137} INFO - [2023-11-12T12:51:23.119+0000] {dag.py:3437} INFO - Setting next_dagrun for example_complex to None, run_after=None
[2023-11-12T12:51:23.184+0000] {processor.py:175} INFO - Processing /usr/local/python/3.10.8/lib/python3.10/site-packages/airflow/example_dags/example_complex.py took 0.441 seconds
[2023-11-12T12:52:12.485+0000] {processor.py:153} INFO - Started process (PID=19015) to work on /usr/local/python/3.10.8/lib/python3.10/site-packages/airflow/example_dags/example_complex.py
[2023-11-12T12:52:12.486+0000] {processor.py:743} INFO - Processing file /usr/local/python/3.10.8/lib/python3.10/site-packages/airflow/example_dags/example_complex.py for tasks to queue
[2023-11-12T12:52:12.487+0000] {logging_mixin.py:137} INFO - [2023-11-12T12:52:12.487+0000] {dagbag.py:538} INFO - Filling up the DagBag from /usr/local/python/3.10.8/lib/python3.10/site-packages/airflow/example_dags/example_complex.py
[2023-11-12T12:52:12.498+0000] {logging_mixin.py:137} INFO - [2023-11-12T12:52:12.498+0000] {taskmixin.py:205} WARNING - Dependency <Task(BashOperator): create_entry_group>, delete_entry_group already registered for DAG: example_complex
[2023-11-12T12:52:12.498+0000] {logging_mixin.py:137} INFO - [2023-11-12T12:52:12.498+0000] {taskmixin.py:205} WARNING - Dependency <Task(BashOperator): delete_entry_group>, create_entry_group already registered for DAG: example_complex
[2023-11-12T12:52:12.499+0000] {logging_mixin.py:137} INFO - [2023-11-12T12:52:12.499+0000] {taskmixin.py:205} WARNING - Dependency <Task(BashOperator): create_entry_gcs>, delete_entry already registered for DAG: example_complex
[2023-11-12T12:52:12.499+0000] {logging_mixin.py:137} INFO - [2023-11-12T12:52:12.499+0000] {taskmixin.py:205} WARNING - Dependency <Task(BashOperator): delete_entry>, create_entry_gcs already registered for DAG: example_complex
[2023-11-12T12:52:12.499+0000] {logging_mixin.py:137} INFO - [2023-11-12T12:52:12.499+0000] {taskmixin.py:205} WARNING - Dependency <Task(BashOperator): create_tag>, delete_tag already registered for DAG: example_complex
[2023-11-12T12:52:12.500+0000] {logging_mixin.py:137} INFO - [2023-11-12T12:52:12.499+0000] {taskmixin.py:205} WARNING - Dependency <Task(BashOperator): delete_tag>, create_tag already registered for DAG: example_complex
[2023-11-12T12:52:12.507+0000] {processor.py:753} INFO - DAG(s) dict_keys(['example_complex']) retrieved from /usr/local/python/3.10.8/lib/python3.10/site-packages/airflow/example_dags/example_complex.py
[2023-11-12T12:52:12.526+0000] {logging_mixin.py:137} INFO - [2023-11-12T12:52:12.525+0000] {dag.py:2690} INFO - Sync 1 DAGs
[2023-11-12T12:52:12.540+0000] {logging_mixin.py:137} INFO - [2023-11-12T12:52:12.540+0000] {dag.py:3437} INFO - Setting next_dagrun for example_complex to None, run_after=None
[2023-11-12T12:52:12.590+0000] {processor.py:175} INFO - Processing /usr/local/python/3.10.8/lib/python3.10/site-packages/airflow/example_dags/example_complex.py took 0.108 seconds
[2023-11-12T12:52:55.964+0000] {processor.py:153} INFO - Started process (PID=19400) to work on /usr/local/python/3.10.8/lib/python3.10/site-packages/airflow/example_dags/example_complex.py
[2023-11-12T12:52:55.964+0000] {processor.py:743} INFO - Processing file /usr/local/python/3.10.8/lib/python3.10/site-packages/airflow/example_dags/example_complex.py for tasks to queue
[2023-11-12T12:52:55.965+0000] {logging_mixin.py:137} INFO - [2023-11-12T12:52:55.965+0000] {dagbag.py:538} INFO - Filling up the DagBag from /usr/local/python/3.10.8/lib/python3.10/site-packages/airflow/example_dags/example_complex.py
[2023-11-12T12:52:55.974+0000] {logging_mixin.py:137} INFO - [2023-11-12T12:52:55.974+0000] {taskmixin.py:205} WARNING - Dependency <Task(BashOperator): create_entry_group>, delete_entry_group already registered for DAG: example_complex
[2023-11-12T12:52:55.974+0000] {logging_mixin.py:137} INFO - [2023-11-12T12:52:55.974+0000] {taskmixin.py:205} WARNING - Dependency <Task(BashOperator): delete_entry_group>, create_entry_group already registered for DAG: example_complex
[2023-11-12T12:52:55.975+0000] {logging_mixin.py:137} INFO - [2023-11-12T12:52:55.975+0000] {taskmixin.py:205} WARNING - Dependency <Task(BashOperator): create_entry_gcs>, delete_entry already registered for DAG: example_complex
[2023-11-12T12:52:55.975+0000] {logging_mixin.py:137} INFO - [2023-11-12T12:52:55.975+0000] {taskmixin.py:205} WARNING - Dependency <Task(BashOperator): delete_entry>, create_entry_gcs already registered for DAG: example_complex
[2023-11-12T12:52:55.975+0000] {logging_mixin.py:137} INFO - [2023-11-12T12:52:55.975+0000] {taskmixin.py:205} WARNING - Dependency <Task(BashOperator): create_tag>, delete_tag already registered for DAG: example_complex
[2023-11-12T12:52:55.975+0000] {logging_mixin.py:137} INFO - [2023-11-12T12:52:55.975+0000] {taskmixin.py:205} WARNING - Dependency <Task(BashOperator): delete_tag>, create_tag already registered for DAG: example_complex
[2023-11-12T12:52:55.982+0000] {processor.py:753} INFO - DAG(s) dict_keys(['example_complex']) retrieved from /usr/local/python/3.10.8/lib/python3.10/site-packages/airflow/example_dags/example_complex.py
[2023-11-12T12:52:56.010+0000] {logging_mixin.py:137} INFO - [2023-11-12T12:52:56.010+0000] {dag.py:2690} INFO - Sync 1 DAGs
[2023-11-12T12:52:56.032+0000] {logging_mixin.py:137} INFO - [2023-11-12T12:52:56.032+0000] {dag.py:3437} INFO - Setting next_dagrun for example_complex to None, run_after=None
[2023-11-12T12:52:56.095+0000] {processor.py:175} INFO - Processing /usr/local/python/3.10.8/lib/python3.10/site-packages/airflow/example_dags/example_complex.py took 0.133 seconds
