[2023-11-12T12:50:56.695+0000] {processor.py:153} INFO - Started process (PID=18433) to work on /usr/local/python/3.10.8/lib/python3.10/site-packages/airflow/example_dags/example_short_circuit_operator.py
[2023-11-12T12:50:56.695+0000] {processor.py:743} INFO - Processing file /usr/local/python/3.10.8/lib/python3.10/site-packages/airflow/example_dags/example_short_circuit_operator.py for tasks to queue
[2023-11-12T12:50:56.696+0000] {logging_mixin.py:137} INFO - [2023-11-12T12:50:56.696+0000] {dagbag.py:538} INFO - Filling up the DagBag from /usr/local/python/3.10.8/lib/python3.10/site-packages/airflow/example_dags/example_short_circuit_operator.py
[2023-11-12T12:50:56.714+0000] {processor.py:753} INFO - DAG(s) dict_keys(['example_short_circuit_operator']) retrieved from /usr/local/python/3.10.8/lib/python3.10/site-packages/airflow/example_dags/example_short_circuit_operator.py
[2023-11-12T12:50:56.896+0000] {logging_mixin.py:137} INFO - [2023-11-12T12:50:56.896+0000] {manager.py:504} INFO - Created Permission View: can edit on DAG:example_short_circuit_operator
[2023-11-12T12:50:56.936+0000] {logging_mixin.py:137} INFO - [2023-11-12T12:50:56.936+0000] {manager.py:504} INFO - Created Permission View: can read on DAG:example_short_circuit_operator
[2023-11-12T12:50:56.978+0000] {logging_mixin.py:137} INFO - [2023-11-12T12:50:56.978+0000] {manager.py:504} INFO - Created Permission View: can delete on DAG:example_short_circuit_operator
[2023-11-12T12:50:56.978+0000] {logging_mixin.py:137} INFO - [2023-11-12T12:50:56.978+0000] {dag.py:2690} INFO - Sync 1 DAGs
[2023-11-12T12:50:56.986+0000] {logging_mixin.py:137} INFO - [2023-11-12T12:50:56.985+0000] {dag.py:2711} INFO - Creating ORM DAG for example_short_circuit_operator
[2023-11-12T12:50:56.993+0000] {logging_mixin.py:137} INFO - [2023-11-12T12:50:56.993+0000] {dag.py:3437} INFO - Setting next_dagrun for example_short_circuit_operator to 2023-11-11T12:50:56.993252+00:00, run_after=2023-11-12T12:50:56.993252+00:00
[2023-11-12T12:50:57.145+0000] {processor.py:175} INFO - Processing /usr/local/python/3.10.8/lib/python3.10/site-packages/airflow/example_dags/example_short_circuit_operator.py took 0.453 seconds
[2023-11-12T12:51:47.123+0000] {processor.py:153} INFO - Started process (PID=18805) to work on /usr/local/python/3.10.8/lib/python3.10/site-packages/airflow/example_dags/example_short_circuit_operator.py
[2023-11-12T12:51:47.124+0000] {processor.py:743} INFO - Processing file /usr/local/python/3.10.8/lib/python3.10/site-packages/airflow/example_dags/example_short_circuit_operator.py for tasks to queue
[2023-11-12T12:51:47.124+0000] {logging_mixin.py:137} INFO - [2023-11-12T12:51:47.124+0000] {dagbag.py:538} INFO - Filling up the DagBag from /usr/local/python/3.10.8/lib/python3.10/site-packages/airflow/example_dags/example_short_circuit_operator.py
[2023-11-12T12:51:47.138+0000] {processor.py:753} INFO - DAG(s) dict_keys(['example_short_circuit_operator']) retrieved from /usr/local/python/3.10.8/lib/python3.10/site-packages/airflow/example_dags/example_short_circuit_operator.py
[2023-11-12T12:51:47.152+0000] {logging_mixin.py:137} INFO - [2023-11-12T12:51:47.152+0000] {dag.py:2690} INFO - Sync 1 DAGs
[2023-11-12T12:51:47.167+0000] {logging_mixin.py:137} INFO - [2023-11-12T12:51:47.167+0000] {dag.py:3437} INFO - Setting next_dagrun for example_short_circuit_operator to 2023-11-11T12:51:47.167192+00:00, run_after=2023-11-12T12:51:47.167192+00:00
[2023-11-12T12:51:47.218+0000] {processor.py:175} INFO - Processing /usr/local/python/3.10.8/lib/python3.10/site-packages/airflow/example_dags/example_short_circuit_operator.py took 0.097 seconds
[2023-11-12T12:52:28.304+0000] {processor.py:153} INFO - Started process (PID=19129) to work on /usr/local/python/3.10.8/lib/python3.10/site-packages/airflow/example_dags/example_short_circuit_operator.py
[2023-11-12T12:52:28.305+0000] {processor.py:743} INFO - Processing file /usr/local/python/3.10.8/lib/python3.10/site-packages/airflow/example_dags/example_short_circuit_operator.py for tasks to queue
[2023-11-12T12:52:28.306+0000] {logging_mixin.py:137} INFO - [2023-11-12T12:52:28.306+0000] {dagbag.py:538} INFO - Filling up the DagBag from /usr/local/python/3.10.8/lib/python3.10/site-packages/airflow/example_dags/example_short_circuit_operator.py
[2023-11-12T12:52:28.319+0000] {processor.py:753} INFO - DAG(s) dict_keys(['example_short_circuit_operator']) retrieved from /usr/local/python/3.10.8/lib/python3.10/site-packages/airflow/example_dags/example_short_circuit_operator.py
[2023-11-12T12:52:28.334+0000] {logging_mixin.py:137} INFO - [2023-11-12T12:52:28.334+0000] {dag.py:2690} INFO - Sync 1 DAGs
[2023-11-12T12:52:28.353+0000] {logging_mixin.py:137} INFO - [2023-11-12T12:52:28.352+0000] {dag.py:3437} INFO - Setting next_dagrun for example_short_circuit_operator to 2023-11-11T12:52:28.352795+00:00, run_after=2023-11-12T12:52:28.352795+00:00
[2023-11-12T12:52:28.403+0000] {processor.py:175} INFO - Processing /usr/local/python/3.10.8/lib/python3.10/site-packages/airflow/example_dags/example_short_circuit_operator.py took 0.101 seconds
[2023-11-12T12:53:10.160+0000] {processor.py:153} INFO - Started process (PID=19496) to work on /usr/local/python/3.10.8/lib/python3.10/site-packages/airflow/example_dags/example_short_circuit_operator.py
[2023-11-12T12:53:10.160+0000] {processor.py:743} INFO - Processing file /usr/local/python/3.10.8/lib/python3.10/site-packages/airflow/example_dags/example_short_circuit_operator.py for tasks to queue
[2023-11-12T12:53:10.161+0000] {logging_mixin.py:137} INFO - [2023-11-12T12:53:10.161+0000] {dagbag.py:538} INFO - Filling up the DagBag from /usr/local/python/3.10.8/lib/python3.10/site-packages/airflow/example_dags/example_short_circuit_operator.py
[2023-11-12T12:53:10.174+0000] {processor.py:753} INFO - DAG(s) dict_keys(['example_short_circuit_operator']) retrieved from /usr/local/python/3.10.8/lib/python3.10/site-packages/airflow/example_dags/example_short_circuit_operator.py
[2023-11-12T12:53:10.189+0000] {logging_mixin.py:137} INFO - [2023-11-12T12:53:10.189+0000] {dag.py:2690} INFO - Sync 1 DAGs
[2023-11-12T12:53:10.204+0000] {logging_mixin.py:137} INFO - [2023-11-12T12:53:10.204+0000] {dag.py:3437} INFO - Setting next_dagrun for example_short_circuit_operator to 2023-11-11T12:53:10.204095+00:00, run_after=2023-11-12T12:53:10.204095+00:00
[2023-11-12T12:53:10.258+0000] {processor.py:175} INFO - Processing /usr/local/python/3.10.8/lib/python3.10/site-packages/airflow/example_dags/example_short_circuit_operator.py took 0.100 seconds
