[2023-11-12T12:51:17.991+0000] {processor.py:153} INFO - Started process (PID=18581) to work on /usr/local/python/3.10.8/lib/python3.10/site-packages/airflow/example_dags/example_branch_day_of_week_operator.py
[2023-11-12T12:51:17.992+0000] {processor.py:743} INFO - Processing file /usr/local/python/3.10.8/lib/python3.10/site-packages/airflow/example_dags/example_branch_day_of_week_operator.py for tasks to queue
[2023-11-12T12:51:17.992+0000] {logging_mixin.py:137} INFO - [2023-11-12T12:51:17.992+0000] {dagbag.py:538} INFO - Filling up the DagBag from /usr/local/python/3.10.8/lib/python3.10/site-packages/airflow/example_dags/example_branch_day_of_week_operator.py
[2023-11-12T12:51:18.005+0000] {processor.py:753} INFO - DAG(s) dict_keys(['example_weekday_branch_operator']) retrieved from /usr/local/python/3.10.8/lib/python3.10/site-packages/airflow/example_dags/example_branch_day_of_week_operator.py
[2023-11-12T12:51:18.161+0000] {logging_mixin.py:137} INFO - [2023-11-12T12:51:18.161+0000] {manager.py:504} INFO - Created Permission View: can edit on DAG:example_weekday_branch_operator
[2023-11-12T12:51:18.201+0000] {logging_mixin.py:137} INFO - [2023-11-12T12:51:18.201+0000] {manager.py:504} INFO - Created Permission View: can read on DAG:example_weekday_branch_operator
[2023-11-12T12:51:18.244+0000] {logging_mixin.py:137} INFO - [2023-11-12T12:51:18.244+0000] {manager.py:504} INFO - Created Permission View: can delete on DAG:example_weekday_branch_operator
[2023-11-12T12:51:18.244+0000] {logging_mixin.py:137} INFO - [2023-11-12T12:51:18.244+0000] {dag.py:2690} INFO - Sync 1 DAGs
[2023-11-12T12:51:18.252+0000] {logging_mixin.py:137} INFO - [2023-11-12T12:51:18.251+0000] {dag.py:2711} INFO - Creating ORM DAG for example_weekday_branch_operator
[2023-11-12T12:51:18.350+0000] {logging_mixin.py:137} INFO - [2023-11-12T12:51:18.350+0000] {dag.py:3437} INFO - Setting next_dagrun for example_weekday_branch_operator to 2023-11-11T00:00:00+00:00, run_after=2023-11-12T00:00:00+00:00
[2023-11-12T12:51:18.405+0000] {processor.py:175} INFO - Processing /usr/local/python/3.10.8/lib/python3.10/site-packages/airflow/example_dags/example_branch_day_of_week_operator.py took 0.416 seconds
[2023-11-12T12:52:09.616+0000] {processor.py:153} INFO - Started process (PID=18977) to work on /usr/local/python/3.10.8/lib/python3.10/site-packages/airflow/example_dags/example_branch_day_of_week_operator.py
[2023-11-12T12:52:09.617+0000] {processor.py:743} INFO - Processing file /usr/local/python/3.10.8/lib/python3.10/site-packages/airflow/example_dags/example_branch_day_of_week_operator.py for tasks to queue
[2023-11-12T12:52:09.617+0000] {logging_mixin.py:137} INFO - [2023-11-12T12:52:09.617+0000] {dagbag.py:538} INFO - Filling up the DagBag from /usr/local/python/3.10.8/lib/python3.10/site-packages/airflow/example_dags/example_branch_day_of_week_operator.py
[2023-11-12T12:52:09.631+0000] {processor.py:753} INFO - DAG(s) dict_keys(['example_weekday_branch_operator']) retrieved from /usr/local/python/3.10.8/lib/python3.10/site-packages/airflow/example_dags/example_branch_day_of_week_operator.py
[2023-11-12T12:52:09.645+0000] {logging_mixin.py:137} INFO - [2023-11-12T12:52:09.645+0000] {dag.py:2690} INFO - Sync 1 DAGs
[2023-11-12T12:52:09.663+0000] {logging_mixin.py:137} INFO - [2023-11-12T12:52:09.663+0000] {dag.py:3437} INFO - Setting next_dagrun for example_weekday_branch_operator to 2023-11-11T00:00:00+00:00, run_after=2023-11-12T00:00:00+00:00
[2023-11-12T12:52:09.713+0000] {processor.py:175} INFO - Processing /usr/local/python/3.10.8/lib/python3.10/site-packages/airflow/example_dags/example_branch_day_of_week_operator.py took 0.100 seconds
[2023-11-12T12:52:53.040+0000] {processor.py:153} INFO - Started process (PID=19384) to work on /usr/local/python/3.10.8/lib/python3.10/site-packages/airflow/example_dags/example_branch_day_of_week_operator.py
[2023-11-12T12:52:53.041+0000] {processor.py:743} INFO - Processing file /usr/local/python/3.10.8/lib/python3.10/site-packages/airflow/example_dags/example_branch_day_of_week_operator.py for tasks to queue
[2023-11-12T12:52:53.042+0000] {logging_mixin.py:137} INFO - [2023-11-12T12:52:53.042+0000] {dagbag.py:538} INFO - Filling up the DagBag from /usr/local/python/3.10.8/lib/python3.10/site-packages/airflow/example_dags/example_branch_day_of_week_operator.py
[2023-11-12T12:52:53.055+0000] {processor.py:753} INFO - DAG(s) dict_keys(['example_weekday_branch_operator']) retrieved from /usr/local/python/3.10.8/lib/python3.10/site-packages/airflow/example_dags/example_branch_day_of_week_operator.py
[2023-11-12T12:52:53.070+0000] {logging_mixin.py:137} INFO - [2023-11-12T12:52:53.070+0000] {dag.py:2690} INFO - Sync 1 DAGs
[2023-11-12T12:52:53.085+0000] {logging_mixin.py:137} INFO - [2023-11-12T12:52:53.085+0000] {dag.py:3437} INFO - Setting next_dagrun for example_weekday_branch_operator to 2023-11-11T00:00:00+00:00, run_after=2023-11-12T00:00:00+00:00
[2023-11-12T12:52:53.135+0000] {processor.py:175} INFO - Processing /usr/local/python/3.10.8/lib/python3.10/site-packages/airflow/example_dags/example_branch_day_of_week_operator.py took 0.096 seconds
[2023-11-12T12:53:34.396+0000] {processor.py:153} INFO - Started process (PID=19702) to work on /usr/local/python/3.10.8/lib/python3.10/site-packages/airflow/example_dags/example_branch_day_of_week_operator.py
[2023-11-12T12:53:34.397+0000] {processor.py:743} INFO - Processing file /usr/local/python/3.10.8/lib/python3.10/site-packages/airflow/example_dags/example_branch_day_of_week_operator.py for tasks to queue
[2023-11-12T12:53:34.398+0000] {logging_mixin.py:137} INFO - [2023-11-12T12:53:34.398+0000] {dagbag.py:538} INFO - Filling up the DagBag from /usr/local/python/3.10.8/lib/python3.10/site-packages/airflow/example_dags/example_branch_day_of_week_operator.py
[2023-11-12T12:53:34.414+0000] {processor.py:753} INFO - DAG(s) dict_keys(['example_weekday_branch_operator']) retrieved from /usr/local/python/3.10.8/lib/python3.10/site-packages/airflow/example_dags/example_branch_day_of_week_operator.py
[2023-11-12T12:53:34.429+0000] {logging_mixin.py:137} INFO - [2023-11-12T12:53:34.428+0000] {dag.py:2690} INFO - Sync 1 DAGs
[2023-11-12T12:53:34.444+0000] {logging_mixin.py:137} INFO - [2023-11-12T12:53:34.444+0000] {dag.py:3437} INFO - Setting next_dagrun for example_weekday_branch_operator to 2023-11-11T00:00:00+00:00, run_after=2023-11-12T00:00:00+00:00
[2023-11-12T12:53:34.492+0000] {processor.py:175} INFO - Processing /usr/local/python/3.10.8/lib/python3.10/site-packages/airflow/example_dags/example_branch_day_of_week_operator.py took 0.098 seconds
