[2023-11-12T12:51:03.179+0000] {processor.py:153} INFO - Started process (PID=18487) to work on /usr/local/python/3.10.8/lib/python3.10/site-packages/airflow/example_dags/example_short_circuit_decorator.py
[2023-11-12T12:51:03.179+0000] {processor.py:743} INFO - Processing file /usr/local/python/3.10.8/lib/python3.10/site-packages/airflow/example_dags/example_short_circuit_decorator.py for tasks to queue
[2023-11-12T12:51:03.180+0000] {logging_mixin.py:137} INFO - [2023-11-12T12:51:03.180+0000] {dagbag.py:538} INFO - Filling up the DagBag from /usr/local/python/3.10.8/lib/python3.10/site-packages/airflow/example_dags/example_short_circuit_decorator.py
[2023-11-12T12:51:03.201+0000] {processor.py:753} INFO - DAG(s) dict_keys(['example_short_circuit_decorator']) retrieved from /usr/local/python/3.10.8/lib/python3.10/site-packages/airflow/example_dags/example_short_circuit_decorator.py
[2023-11-12T12:51:03.356+0000] {logging_mixin.py:137} INFO - [2023-11-12T12:51:03.356+0000] {manager.py:504} INFO - Created Permission View: can edit on DAG:example_short_circuit_decorator
[2023-11-12T12:51:03.397+0000] {logging_mixin.py:137} INFO - [2023-11-12T12:51:03.397+0000] {manager.py:504} INFO - Created Permission View: can read on DAG:example_short_circuit_decorator
[2023-11-12T12:51:03.435+0000] {logging_mixin.py:137} INFO - [2023-11-12T12:51:03.435+0000] {manager.py:504} INFO - Created Permission View: can delete on DAG:example_short_circuit_decorator
[2023-11-12T12:51:03.435+0000] {logging_mixin.py:137} INFO - [2023-11-12T12:51:03.435+0000] {dag.py:2690} INFO - Sync 1 DAGs
[2023-11-12T12:51:03.539+0000] {logging_mixin.py:137} INFO - [2023-11-12T12:51:03.538+0000] {dag.py:2711} INFO - Creating ORM DAG for example_short_circuit_decorator
[2023-11-12T12:51:03.545+0000] {logging_mixin.py:137} INFO - [2023-11-12T12:51:03.545+0000] {dag.py:3437} INFO - Setting next_dagrun for example_short_circuit_decorator to 2023-11-11T12:51:03.545683+00:00, run_after=2023-11-12T12:51:03.545683+00:00
[2023-11-12T12:51:03.601+0000] {processor.py:175} INFO - Processing /usr/local/python/3.10.8/lib/python3.10/site-packages/airflow/example_dags/example_short_circuit_decorator.py took 0.425 seconds
[2023-11-12T12:51:52.155+0000] {processor.py:153} INFO - Started process (PID=18855) to work on /usr/local/python/3.10.8/lib/python3.10/site-packages/airflow/example_dags/example_short_circuit_decorator.py
[2023-11-12T12:51:52.156+0000] {processor.py:743} INFO - Processing file /usr/local/python/3.10.8/lib/python3.10/site-packages/airflow/example_dags/example_short_circuit_decorator.py for tasks to queue
[2023-11-12T12:51:52.157+0000] {logging_mixin.py:137} INFO - [2023-11-12T12:51:52.157+0000] {dagbag.py:538} INFO - Filling up the DagBag from /usr/local/python/3.10.8/lib/python3.10/site-packages/airflow/example_dags/example_short_circuit_decorator.py
[2023-11-12T12:51:52.233+0000] {processor.py:753} INFO - DAG(s) dict_keys(['example_short_circuit_decorator']) retrieved from /usr/local/python/3.10.8/lib/python3.10/site-packages/airflow/example_dags/example_short_circuit_decorator.py
[2023-11-12T12:51:52.309+0000] {logging_mixin.py:137} INFO - [2023-11-12T12:51:52.309+0000] {dag.py:2690} INFO - Sync 1 DAGs
[2023-11-12T12:51:52.432+0000] {logging_mixin.py:137} INFO - [2023-11-12T12:51:52.432+0000] {dag.py:3437} INFO - Setting next_dagrun for example_short_circuit_decorator to 2023-11-11T12:51:52.432411+00:00, run_after=2023-11-12T12:51:52.432411+00:00
[2023-11-12T12:51:52.548+0000] {processor.py:175} INFO - Processing /usr/local/python/3.10.8/lib/python3.10/site-packages/airflow/example_dags/example_short_circuit_decorator.py took 0.396 seconds
[2023-11-12T12:52:33.306+0000] {processor.py:153} INFO - Started process (PID=19176) to work on /usr/local/python/3.10.8/lib/python3.10/site-packages/airflow/example_dags/example_short_circuit_decorator.py
[2023-11-12T12:52:33.307+0000] {processor.py:743} INFO - Processing file /usr/local/python/3.10.8/lib/python3.10/site-packages/airflow/example_dags/example_short_circuit_decorator.py for tasks to queue
[2023-11-12T12:52:33.308+0000] {logging_mixin.py:137} INFO - [2023-11-12T12:52:33.307+0000] {dagbag.py:538} INFO - Filling up the DagBag from /usr/local/python/3.10.8/lib/python3.10/site-packages/airflow/example_dags/example_short_circuit_decorator.py
[2023-11-12T12:52:33.329+0000] {processor.py:753} INFO - DAG(s) dict_keys(['example_short_circuit_decorator']) retrieved from /usr/local/python/3.10.8/lib/python3.10/site-packages/airflow/example_dags/example_short_circuit_decorator.py
[2023-11-12T12:52:33.344+0000] {logging_mixin.py:137} INFO - [2023-11-12T12:52:33.344+0000] {dag.py:2690} INFO - Sync 1 DAGs
[2023-11-12T12:52:33.358+0000] {logging_mixin.py:137} INFO - [2023-11-12T12:52:33.358+0000] {dag.py:3437} INFO - Setting next_dagrun for example_short_circuit_decorator to 2023-11-11T12:52:33.358586+00:00, run_after=2023-11-12T12:52:33.358586+00:00
[2023-11-12T12:52:33.421+0000] {processor.py:175} INFO - Processing /usr/local/python/3.10.8/lib/python3.10/site-packages/airflow/example_dags/example_short_circuit_decorator.py took 0.117 seconds
[2023-11-12T12:53:19.164+0000] {processor.py:153} INFO - Started process (PID=19574) to work on /usr/local/python/3.10.8/lib/python3.10/site-packages/airflow/example_dags/example_short_circuit_decorator.py
[2023-11-12T12:53:19.165+0000] {processor.py:743} INFO - Processing file /usr/local/python/3.10.8/lib/python3.10/site-packages/airflow/example_dags/example_short_circuit_decorator.py for tasks to queue
[2023-11-12T12:53:19.166+0000] {logging_mixin.py:137} INFO - [2023-11-12T12:53:19.166+0000] {dagbag.py:538} INFO - Filling up the DagBag from /usr/local/python/3.10.8/lib/python3.10/site-packages/airflow/example_dags/example_short_circuit_decorator.py
[2023-11-12T12:53:19.188+0000] {processor.py:753} INFO - DAG(s) dict_keys(['example_short_circuit_decorator']) retrieved from /usr/local/python/3.10.8/lib/python3.10/site-packages/airflow/example_dags/example_short_circuit_decorator.py
[2023-11-12T12:53:19.202+0000] {logging_mixin.py:137} INFO - [2023-11-12T12:53:19.202+0000] {dag.py:2690} INFO - Sync 1 DAGs
[2023-11-12T12:53:19.218+0000] {logging_mixin.py:137} INFO - [2023-11-12T12:53:19.218+0000] {dag.py:3437} INFO - Setting next_dagrun for example_short_circuit_decorator to 2023-11-11T12:53:19.217977+00:00, run_after=2023-11-12T12:53:19.217977+00:00
[2023-11-12T12:53:19.269+0000] {processor.py:175} INFO - Processing /usr/local/python/3.10.8/lib/python3.10/site-packages/airflow/example_dags/example_short_circuit_decorator.py took 0.107 seconds
