[2023-11-12T11:15:58.090+0000] {processor.py:153} INFO - Started process (PID=25221) to work on /usr/local/python/3.10.8/lib/python3.10/site-packages/airflow/example_dags/example_external_task_marker_dag.py
[2023-11-12T11:15:58.091+0000] {processor.py:743} INFO - Processing file /usr/local/python/3.10.8/lib/python3.10/site-packages/airflow/example_dags/example_external_task_marker_dag.py for tasks to queue
[2023-11-12T11:15:58.091+0000] {logging_mixin.py:137} INFO - [2023-11-12T11:15:58.091+0000] {dagbag.py:538} INFO - Filling up the DagBag from /usr/local/python/3.10.8/lib/python3.10/site-packages/airflow/example_dags/example_external_task_marker_dag.py
[2023-11-12T11:15:58.104+0000] {processor.py:753} INFO - DAG(s) dict_keys(['example_external_task_marker_child', 'example_external_task_marker_parent']) retrieved from /usr/local/python/3.10.8/lib/python3.10/site-packages/airflow/example_dags/example_external_task_marker_dag.py
[2023-11-12T11:15:58.264+0000] {logging_mixin.py:137} INFO - [2023-11-12T11:15:58.264+0000] {manager.py:504} INFO - Created Permission View: can read on DAG:example_external_task_marker_child
[2023-11-12T11:15:58.304+0000] {logging_mixin.py:137} INFO - [2023-11-12T11:15:58.304+0000] {manager.py:504} INFO - Created Permission View: can delete on DAG:example_external_task_marker_child
[2023-11-12T11:15:58.343+0000] {logging_mixin.py:137} INFO - [2023-11-12T11:15:58.343+0000] {manager.py:504} INFO - Created Permission View: can edit on DAG:example_external_task_marker_child
[2023-11-12T11:15:58.437+0000] {logging_mixin.py:137} INFO - [2023-11-12T11:15:58.437+0000] {manager.py:504} INFO - Created Permission View: can read on DAG:example_external_task_marker_parent
[2023-11-12T11:15:58.476+0000] {logging_mixin.py:137} INFO - [2023-11-12T11:15:58.475+0000] {manager.py:504} INFO - Created Permission View: can delete on DAG:example_external_task_marker_parent
[2023-11-12T11:15:58.515+0000] {logging_mixin.py:137} INFO - [2023-11-12T11:15:58.515+0000] {manager.py:504} INFO - Created Permission View: can edit on DAG:example_external_task_marker_parent
[2023-11-12T11:15:58.515+0000] {logging_mixin.py:137} INFO - [2023-11-12T11:15:58.515+0000] {dag.py:2690} INFO - Sync 2 DAGs
[2023-11-12T11:15:58.523+0000] {logging_mixin.py:137} INFO - [2023-11-12T11:15:58.523+0000] {dag.py:2711} INFO - Creating ORM DAG for example_external_task_marker_child
[2023-11-12T11:15:58.524+0000] {logging_mixin.py:137} INFO - [2023-11-12T11:15:58.524+0000] {dag.py:2711} INFO - Creating ORM DAG for example_external_task_marker_parent
[2023-11-12T11:15:58.530+0000] {logging_mixin.py:137} INFO - [2023-11-12T11:15:58.530+0000] {dag.py:3437} INFO - Setting next_dagrun for example_external_task_marker_child to None, run_after=None
[2023-11-12T11:15:58.531+0000] {logging_mixin.py:137} INFO - [2023-11-12T11:15:58.531+0000] {dag.py:3437} INFO - Setting next_dagrun for example_external_task_marker_parent to None, run_after=None
[2023-11-12T11:15:58.604+0000] {processor.py:175} INFO - Processing /usr/local/python/3.10.8/lib/python3.10/site-packages/airflow/example_dags/example_external_task_marker_dag.py took 0.516 seconds
[2023-11-12T11:16:42.644+0000] {processor.py:153} INFO - Started process (PID=25667) to work on /usr/local/python/3.10.8/lib/python3.10/site-packages/airflow/example_dags/example_external_task_marker_dag.py
[2023-11-12T11:16:42.645+0000] {processor.py:743} INFO - Processing file /usr/local/python/3.10.8/lib/python3.10/site-packages/airflow/example_dags/example_external_task_marker_dag.py for tasks to queue
[2023-11-12T11:16:42.646+0000] {logging_mixin.py:137} INFO - [2023-11-12T11:16:42.645+0000] {dagbag.py:538} INFO - Filling up the DagBag from /usr/local/python/3.10.8/lib/python3.10/site-packages/airflow/example_dags/example_external_task_marker_dag.py
[2023-11-12T11:16:42.665+0000] {processor.py:753} INFO - DAG(s) dict_keys(['example_external_task_marker_child', 'example_external_task_marker_parent']) retrieved from /usr/local/python/3.10.8/lib/python3.10/site-packages/airflow/example_dags/example_external_task_marker_dag.py
[2023-11-12T11:16:42.683+0000] {logging_mixin.py:137} INFO - [2023-11-12T11:16:42.683+0000] {dag.py:2690} INFO - Sync 2 DAGs
[2023-11-12T11:16:42.698+0000] {logging_mixin.py:137} INFO - [2023-11-12T11:16:42.698+0000] {dag.py:3437} INFO - Setting next_dagrun for example_external_task_marker_child to None, run_after=None
[2023-11-12T11:16:42.701+0000] {logging_mixin.py:137} INFO - [2023-11-12T11:16:42.701+0000] {dag.py:3437} INFO - Setting next_dagrun for example_external_task_marker_parent to None, run_after=None
[2023-11-12T11:16:42.747+0000] {processor.py:175} INFO - Processing /usr/local/python/3.10.8/lib/python3.10/site-packages/airflow/example_dags/example_external_task_marker_dag.py took 0.105 seconds
