[2023-11-12T11:15:51.038+0000] {processor.py:153} INFO - Started process (PID=25166) to work on /usr/local/python/3.10.8/lib/python3.10/site-packages/airflow/example_dags/example_branch_labels.py
[2023-11-12T11:15:51.044+0000] {processor.py:743} INFO - Processing file /usr/local/python/3.10.8/lib/python3.10/site-packages/airflow/example_dags/example_branch_labels.py for tasks to queue
[2023-11-12T11:15:51.045+0000] {logging_mixin.py:137} INFO - [2023-11-12T11:15:51.045+0000] {dagbag.py:538} INFO - Filling up the DagBag from /usr/local/python/3.10.8/lib/python3.10/site-packages/airflow/example_dags/example_branch_labels.py
[2023-11-12T11:15:51.078+0000] {processor.py:753} INFO - DAG(s) dict_keys(['example_branch_labels']) retrieved from /usr/local/python/3.10.8/lib/python3.10/site-packages/airflow/example_dags/example_branch_labels.py
[2023-11-12T11:15:51.286+0000] {logging_mixin.py:137} INFO - [2023-11-12T11:15:51.285+0000] {manager.py:504} INFO - Created Permission View: can read on DAG:example_branch_labels
[2023-11-12T11:15:51.330+0000] {logging_mixin.py:137} INFO - [2023-11-12T11:15:51.330+0000] {manager.py:504} INFO - Created Permission View: can delete on DAG:example_branch_labels
[2023-11-12T11:15:51.371+0000] {logging_mixin.py:137} INFO - [2023-11-12T11:15:51.370+0000] {manager.py:504} INFO - Created Permission View: can edit on DAG:example_branch_labels
[2023-11-12T11:15:51.371+0000] {logging_mixin.py:137} INFO - [2023-11-12T11:15:51.371+0000] {dag.py:2690} INFO - Sync 1 DAGs
[2023-11-12T11:15:51.379+0000] {logging_mixin.py:137} INFO - [2023-11-12T11:15:51.379+0000] {dag.py:2711} INFO - Creating ORM DAG for example_branch_labels
[2023-11-12T11:15:51.387+0000] {logging_mixin.py:137} INFO - [2023-11-12T11:15:51.387+0000] {dag.py:3437} INFO - Setting next_dagrun for example_branch_labels to 2023-11-11T00:00:00+00:00, run_after=2023-11-12T00:00:00+00:00
[2023-11-12T11:15:51.442+0000] {processor.py:175} INFO - Processing /usr/local/python/3.10.8/lib/python3.10/site-packages/airflow/example_dags/example_branch_labels.py took 0.407 seconds
[2023-11-12T11:16:37.472+0000] {processor.py:153} INFO - Started process (PID=25598) to work on /usr/local/python/3.10.8/lib/python3.10/site-packages/airflow/example_dags/example_branch_labels.py
[2023-11-12T11:16:37.473+0000] {processor.py:743} INFO - Processing file /usr/local/python/3.10.8/lib/python3.10/site-packages/airflow/example_dags/example_branch_labels.py for tasks to queue
[2023-11-12T11:16:37.473+0000] {logging_mixin.py:137} INFO - [2023-11-12T11:16:37.473+0000] {dagbag.py:538} INFO - Filling up the DagBag from /usr/local/python/3.10.8/lib/python3.10/site-packages/airflow/example_dags/example_branch_labels.py
[2023-11-12T11:16:37.485+0000] {processor.py:753} INFO - DAG(s) dict_keys(['example_branch_labels']) retrieved from /usr/local/python/3.10.8/lib/python3.10/site-packages/airflow/example_dags/example_branch_labels.py
[2023-11-12T11:16:37.500+0000] {logging_mixin.py:137} INFO - [2023-11-12T11:16:37.500+0000] {dag.py:2690} INFO - Sync 1 DAGs
[2023-11-12T11:16:37.515+0000] {logging_mixin.py:137} INFO - [2023-11-12T11:16:37.515+0000] {dag.py:3437} INFO - Setting next_dagrun for example_branch_labels to 2023-11-11T00:00:00+00:00, run_after=2023-11-12T00:00:00+00:00
[2023-11-12T11:16:37.566+0000] {processor.py:175} INFO - Processing /usr/local/python/3.10.8/lib/python3.10/site-packages/airflow/example_dags/example_branch_labels.py took 0.096 seconds
[2023-11-12T11:17:18.228+0000] {processor.py:153} INFO - Started process (PID=26004) to work on /usr/local/python/3.10.8/lib/python3.10/site-packages/airflow/example_dags/example_branch_labels.py
[2023-11-12T11:17:18.229+0000] {processor.py:743} INFO - Processing file /usr/local/python/3.10.8/lib/python3.10/site-packages/airflow/example_dags/example_branch_labels.py for tasks to queue
[2023-11-12T11:17:18.230+0000] {logging_mixin.py:137} INFO - [2023-11-12T11:17:18.229+0000] {dagbag.py:538} INFO - Filling up the DagBag from /usr/local/python/3.10.8/lib/python3.10/site-packages/airflow/example_dags/example_branch_labels.py
[2023-11-12T11:17:18.242+0000] {processor.py:753} INFO - DAG(s) dict_keys(['example_branch_labels']) retrieved from /usr/local/python/3.10.8/lib/python3.10/site-packages/airflow/example_dags/example_branch_labels.py
[2023-11-12T11:17:18.256+0000] {logging_mixin.py:137} INFO - [2023-11-12T11:17:18.256+0000] {dag.py:2690} INFO - Sync 1 DAGs
[2023-11-12T11:17:18.272+0000] {logging_mixin.py:137} INFO - [2023-11-12T11:17:18.272+0000] {dag.py:3437} INFO - Setting next_dagrun for example_branch_labels to 2023-11-11T00:00:00+00:00, run_after=2023-11-12T00:00:00+00:00
[2023-11-12T11:17:18.324+0000] {processor.py:175} INFO - Processing /usr/local/python/3.10.8/lib/python3.10/site-packages/airflow/example_dags/example_branch_labels.py took 0.098 seconds
