[2023-11-12T11:15:33.672+0000] {processor.py:153} INFO - Started process (PID=25039) to work on /usr/local/python/3.10.8/lib/python3.10/site-packages/airflow/example_dags/example_trigger_target_dag.py
[2023-11-12T11:15:33.672+0000] {processor.py:743} INFO - Processing file /usr/local/python/3.10.8/lib/python3.10/site-packages/airflow/example_dags/example_trigger_target_dag.py for tasks to queue
[2023-11-12T11:15:33.673+0000] {logging_mixin.py:137} INFO - [2023-11-12T11:15:33.673+0000] {dagbag.py:538} INFO - Filling up the DagBag from /usr/local/python/3.10.8/lib/python3.10/site-packages/airflow/example_dags/example_trigger_target_dag.py
[2023-11-12T11:15:33.692+0000] {processor.py:753} INFO - DAG(s) dict_keys(['example_trigger_target_dag']) retrieved from /usr/local/python/3.10.8/lib/python3.10/site-packages/airflow/example_dags/example_trigger_target_dag.py
[2023-11-12T11:15:33.847+0000] {logging_mixin.py:137} INFO - [2023-11-12T11:15:33.847+0000] {manager.py:504} INFO - Created Permission View: can read on DAG:example_trigger_target_dag
[2023-11-12T11:15:33.892+0000] {logging_mixin.py:137} INFO - [2023-11-12T11:15:33.892+0000] {manager.py:504} INFO - Created Permission View: can delete on DAG:example_trigger_target_dag
[2023-11-12T11:15:33.930+0000] {logging_mixin.py:137} INFO - [2023-11-12T11:15:33.930+0000] {manager.py:504} INFO - Created Permission View: can edit on DAG:example_trigger_target_dag
[2023-11-12T11:15:33.930+0000] {logging_mixin.py:137} INFO - [2023-11-12T11:15:33.930+0000] {dag.py:2690} INFO - Sync 1 DAGs
[2023-11-12T11:15:33.938+0000] {logging_mixin.py:137} INFO - [2023-11-12T11:15:33.938+0000] {dag.py:2711} INFO - Creating ORM DAG for example_trigger_target_dag
[2023-11-12T11:15:33.946+0000] {logging_mixin.py:137} INFO - [2023-11-12T11:15:33.946+0000] {dag.py:3437} INFO - Setting next_dagrun for example_trigger_target_dag to None, run_after=None
[2023-11-12T11:15:34.008+0000] {processor.py:175} INFO - Processing /usr/local/python/3.10.8/lib/python3.10/site-packages/airflow/example_dags/example_trigger_target_dag.py took 0.339 seconds
[2023-11-12T11:16:21.755+0000] {processor.py:153} INFO - Started process (PID=25416) to work on /usr/local/python/3.10.8/lib/python3.10/site-packages/airflow/example_dags/example_trigger_target_dag.py
[2023-11-12T11:16:21.756+0000] {processor.py:743} INFO - Processing file /usr/local/python/3.10.8/lib/python3.10/site-packages/airflow/example_dags/example_trigger_target_dag.py for tasks to queue
[2023-11-12T11:16:21.757+0000] {logging_mixin.py:137} INFO - [2023-11-12T11:16:21.757+0000] {dagbag.py:538} INFO - Filling up the DagBag from /usr/local/python/3.10.8/lib/python3.10/site-packages/airflow/example_dags/example_trigger_target_dag.py
[2023-11-12T11:16:21.788+0000] {processor.py:753} INFO - DAG(s) dict_keys(['example_trigger_target_dag']) retrieved from /usr/local/python/3.10.8/lib/python3.10/site-packages/airflow/example_dags/example_trigger_target_dag.py
[2023-11-12T11:16:21.804+0000] {logging_mixin.py:137} INFO - [2023-11-12T11:16:21.804+0000] {dag.py:2690} INFO - Sync 1 DAGs
[2023-11-12T11:16:21.819+0000] {logging_mixin.py:137} INFO - [2023-11-12T11:16:21.819+0000] {dag.py:3437} INFO - Setting next_dagrun for example_trigger_target_dag to None, run_after=None
[2023-11-12T11:16:21.874+0000] {processor.py:175} INFO - Processing /usr/local/python/3.10.8/lib/python3.10/site-packages/airflow/example_dags/example_trigger_target_dag.py took 0.121 seconds
[2023-11-12T11:17:02.510+0000] {processor.py:153} INFO - Started process (PID=25849) to work on /usr/local/python/3.10.8/lib/python3.10/site-packages/airflow/example_dags/example_trigger_target_dag.py
[2023-11-12T11:17:02.511+0000] {processor.py:743} INFO - Processing file /usr/local/python/3.10.8/lib/python3.10/site-packages/airflow/example_dags/example_trigger_target_dag.py for tasks to queue
[2023-11-12T11:17:02.511+0000] {logging_mixin.py:137} INFO - [2023-11-12T11:17:02.511+0000] {dagbag.py:538} INFO - Filling up the DagBag from /usr/local/python/3.10.8/lib/python3.10/site-packages/airflow/example_dags/example_trigger_target_dag.py
[2023-11-12T11:17:02.532+0000] {processor.py:753} INFO - DAG(s) dict_keys(['example_trigger_target_dag']) retrieved from /usr/local/python/3.10.8/lib/python3.10/site-packages/airflow/example_dags/example_trigger_target_dag.py
[2023-11-12T11:17:02.546+0000] {logging_mixin.py:137} INFO - [2023-11-12T11:17:02.545+0000] {dag.py:2690} INFO - Sync 1 DAGs
[2023-11-12T11:17:02.560+0000] {logging_mixin.py:137} INFO - [2023-11-12T11:17:02.560+0000] {dag.py:3437} INFO - Setting next_dagrun for example_trigger_target_dag to None, run_after=None
[2023-11-12T11:17:02.638+0000] {processor.py:175} INFO - Processing /usr/local/python/3.10.8/lib/python3.10/site-packages/airflow/example_dags/example_trigger_target_dag.py took 0.129 seconds
