[2023-11-12T11:15:43.632+0000] {processor.py:153} INFO - Started process (PID=25109) to work on /usr/local/python/3.10.8/lib/python3.10/site-packages/airflow/example_dags/example_branch_operator_decorator.py
[2023-11-12T11:15:43.633+0000] {processor.py:743} INFO - Processing file /usr/local/python/3.10.8/lib/python3.10/site-packages/airflow/example_dags/example_branch_operator_decorator.py for tasks to queue
[2023-11-12T11:15:43.633+0000] {logging_mixin.py:137} INFO - [2023-11-12T11:15:43.633+0000] {dagbag.py:538} INFO - Filling up the DagBag from /usr/local/python/3.10.8/lib/python3.10/site-packages/airflow/example_dags/example_branch_operator_decorator.py
[2023-11-12T11:15:43.656+0000] {processor.py:753} INFO - DAG(s) dict_keys(['example_branch_python_operator_decorator']) retrieved from /usr/local/python/3.10.8/lib/python3.10/site-packages/airflow/example_dags/example_branch_operator_decorator.py
[2023-11-12T11:15:43.819+0000] {logging_mixin.py:137} INFO - [2023-11-12T11:15:43.819+0000] {manager.py:504} INFO - Created Permission View: can read on DAG:example_branch_python_operator_decorator
[2023-11-12T11:15:43.858+0000] {logging_mixin.py:137} INFO - [2023-11-12T11:15:43.858+0000] {manager.py:504} INFO - Created Permission View: can delete on DAG:example_branch_python_operator_decorator
[2023-11-12T11:15:43.897+0000] {logging_mixin.py:137} INFO - [2023-11-12T11:15:43.897+0000] {manager.py:504} INFO - Created Permission View: can edit on DAG:example_branch_python_operator_decorator
[2023-11-12T11:15:43.897+0000] {logging_mixin.py:137} INFO - [2023-11-12T11:15:43.897+0000] {dag.py:2690} INFO - Sync 1 DAGs
[2023-11-12T11:15:43.905+0000] {logging_mixin.py:137} INFO - [2023-11-12T11:15:43.905+0000] {dag.py:2711} INFO - Creating ORM DAG for example_branch_python_operator_decorator
[2023-11-12T11:15:43.913+0000] {logging_mixin.py:137} INFO - [2023-11-12T11:15:43.912+0000] {dag.py:3437} INFO - Setting next_dagrun for example_branch_python_operator_decorator to 2023-11-11T00:00:00+00:00, run_after=2023-11-12T00:00:00+00:00
[2023-11-12T11:15:43.959+0000] {processor.py:175} INFO - Processing /usr/local/python/3.10.8/lib/python3.10/site-packages/airflow/example_dags/example_branch_operator_decorator.py took 0.329 seconds
[2023-11-12T11:16:28.980+0000] {processor.py:153} INFO - Started process (PID=25490) to work on /usr/local/python/3.10.8/lib/python3.10/site-packages/airflow/example_dags/example_branch_operator_decorator.py
[2023-11-12T11:16:28.980+0000] {processor.py:743} INFO - Processing file /usr/local/python/3.10.8/lib/python3.10/site-packages/airflow/example_dags/example_branch_operator_decorator.py for tasks to queue
[2023-11-12T11:16:28.981+0000] {logging_mixin.py:137} INFO - [2023-11-12T11:16:28.981+0000] {dagbag.py:538} INFO - Filling up the DagBag from /usr/local/python/3.10.8/lib/python3.10/site-packages/airflow/example_dags/example_branch_operator_decorator.py
[2023-11-12T11:16:29.003+0000] {processor.py:753} INFO - DAG(s) dict_keys(['example_branch_python_operator_decorator']) retrieved from /usr/local/python/3.10.8/lib/python3.10/site-packages/airflow/example_dags/example_branch_operator_decorator.py
[2023-11-12T11:16:29.017+0000] {logging_mixin.py:137} INFO - [2023-11-12T11:16:29.017+0000] {dag.py:2690} INFO - Sync 1 DAGs
[2023-11-12T11:16:29.033+0000] {logging_mixin.py:137} INFO - [2023-11-12T11:16:29.033+0000] {dag.py:3437} INFO - Setting next_dagrun for example_branch_python_operator_decorator to 2023-11-11T00:00:00+00:00, run_after=2023-11-12T00:00:00+00:00
[2023-11-12T11:16:29.080+0000] {processor.py:175} INFO - Processing /usr/local/python/3.10.8/lib/python3.10/site-packages/airflow/example_dags/example_branch_operator_decorator.py took 0.103 seconds
[2023-11-12T11:17:12.967+0000] {processor.py:153} INFO - Started process (PID=25963) to work on /usr/local/python/3.10.8/lib/python3.10/site-packages/airflow/example_dags/example_branch_operator_decorator.py
[2023-11-12T11:17:12.968+0000] {processor.py:743} INFO - Processing file /usr/local/python/3.10.8/lib/python3.10/site-packages/airflow/example_dags/example_branch_operator_decorator.py for tasks to queue
[2023-11-12T11:17:12.968+0000] {logging_mixin.py:137} INFO - [2023-11-12T11:17:12.968+0000] {dagbag.py:538} INFO - Filling up the DagBag from /usr/local/python/3.10.8/lib/python3.10/site-packages/airflow/example_dags/example_branch_operator_decorator.py
[2023-11-12T11:17:12.998+0000] {processor.py:753} INFO - DAG(s) dict_keys(['example_branch_python_operator_decorator']) retrieved from /usr/local/python/3.10.8/lib/python3.10/site-packages/airflow/example_dags/example_branch_operator_decorator.py
[2023-11-12T11:17:13.027+0000] {logging_mixin.py:137} INFO - [2023-11-12T11:17:13.027+0000] {dag.py:2690} INFO - Sync 1 DAGs
[2023-11-12T11:17:13.062+0000] {logging_mixin.py:137} INFO - [2023-11-12T11:17:13.062+0000] {dag.py:3437} INFO - Setting next_dagrun for example_branch_python_operator_decorator to 2023-11-11T00:00:00+00:00, run_after=2023-11-12T00:00:00+00:00
[2023-11-12T11:17:13.114+0000] {processor.py:175} INFO - Processing /usr/local/python/3.10.8/lib/python3.10/site-packages/airflow/example_dags/example_branch_operator_decorator.py took 0.149 seconds
