[2023-11-12T12:50:49.577+0000] {processor.py:153} INFO - Started process (PID=18377) to work on /usr/local/python/3.10.8/lib/python3.10/site-packages/airflow/example_dags/example_task_group.py
[2023-11-12T12:50:49.577+0000] {processor.py:743} INFO - Processing file /usr/local/python/3.10.8/lib/python3.10/site-packages/airflow/example_dags/example_task_group.py for tasks to queue
[2023-11-12T12:50:49.578+0000] {logging_mixin.py:137} INFO - [2023-11-12T12:50:49.578+0000] {dagbag.py:538} INFO - Filling up the DagBag from /usr/local/python/3.10.8/lib/python3.10/site-packages/airflow/example_dags/example_task_group.py
[2023-11-12T12:50:49.591+0000] {processor.py:753} INFO - DAG(s) dict_keys(['example_task_group']) retrieved from /usr/local/python/3.10.8/lib/python3.10/site-packages/airflow/example_dags/example_task_group.py
[2023-11-12T12:50:49.786+0000] {logging_mixin.py:137} INFO - [2023-11-12T12:50:49.786+0000] {manager.py:504} INFO - Created Permission View: can edit on DAG:example_task_group
[2023-11-12T12:50:49.831+0000] {logging_mixin.py:137} INFO - [2023-11-12T12:50:49.831+0000] {manager.py:504} INFO - Created Permission View: can read on DAG:example_task_group
[2023-11-12T12:50:49.877+0000] {logging_mixin.py:137} INFO - [2023-11-12T12:50:49.877+0000] {manager.py:504} INFO - Created Permission View: can delete on DAG:example_task_group
[2023-11-12T12:50:49.878+0000] {logging_mixin.py:137} INFO - [2023-11-12T12:50:49.878+0000] {dag.py:2690} INFO - Sync 1 DAGs
[2023-11-12T12:50:49.900+0000] {logging_mixin.py:137} INFO - [2023-11-12T12:50:49.899+0000] {dag.py:2711} INFO - Creating ORM DAG for example_task_group
[2023-11-12T12:50:49.915+0000] {logging_mixin.py:137} INFO - [2023-11-12T12:50:49.915+0000] {dag.py:3437} INFO - Setting next_dagrun for example_task_group to 2023-11-11T12:50:49.915405+00:00, run_after=2023-11-12T12:50:49.915405+00:00
[2023-11-12T12:50:50.070+0000] {processor.py:175} INFO - Processing /usr/local/python/3.10.8/lib/python3.10/site-packages/airflow/example_dags/example_task_group.py took 0.495 seconds
[2023-11-12T12:51:41.886+0000] {processor.py:153} INFO - Started process (PID=18769) to work on /usr/local/python/3.10.8/lib/python3.10/site-packages/airflow/example_dags/example_task_group.py
[2023-11-12T12:51:41.887+0000] {processor.py:743} INFO - Processing file /usr/local/python/3.10.8/lib/python3.10/site-packages/airflow/example_dags/example_task_group.py for tasks to queue
[2023-11-12T12:51:41.888+0000] {logging_mixin.py:137} INFO - [2023-11-12T12:51:41.888+0000] {dagbag.py:538} INFO - Filling up the DagBag from /usr/local/python/3.10.8/lib/python3.10/site-packages/airflow/example_dags/example_task_group.py
[2023-11-12T12:51:41.901+0000] {processor.py:753} INFO - DAG(s) dict_keys(['example_task_group']) retrieved from /usr/local/python/3.10.8/lib/python3.10/site-packages/airflow/example_dags/example_task_group.py
[2023-11-12T12:51:41.915+0000] {logging_mixin.py:137} INFO - [2023-11-12T12:51:41.915+0000] {dag.py:2690} INFO - Sync 1 DAGs
[2023-11-12T12:51:41.930+0000] {logging_mixin.py:137} INFO - [2023-11-12T12:51:41.930+0000] {dag.py:3437} INFO - Setting next_dagrun for example_task_group to 2023-11-11T12:51:41.930671+00:00, run_after=2023-11-12T12:51:41.930671+00:00
[2023-11-12T12:51:41.983+0000] {processor.py:175} INFO - Processing /usr/local/python/3.10.8/lib/python3.10/site-packages/airflow/example_dags/example_task_group.py took 0.099 seconds
[2023-11-12T12:52:23.033+0000] {processor.py:153} INFO - Started process (PID=19096) to work on /usr/local/python/3.10.8/lib/python3.10/site-packages/airflow/example_dags/example_task_group.py
[2023-11-12T12:52:23.033+0000] {processor.py:743} INFO - Processing file /usr/local/python/3.10.8/lib/python3.10/site-packages/airflow/example_dags/example_task_group.py for tasks to queue
[2023-11-12T12:52:23.034+0000] {logging_mixin.py:137} INFO - [2023-11-12T12:52:23.034+0000] {dagbag.py:538} INFO - Filling up the DagBag from /usr/local/python/3.10.8/lib/python3.10/site-packages/airflow/example_dags/example_task_group.py
[2023-11-12T12:52:23.047+0000] {processor.py:753} INFO - DAG(s) dict_keys(['example_task_group']) retrieved from /usr/local/python/3.10.8/lib/python3.10/site-packages/airflow/example_dags/example_task_group.py
[2023-11-12T12:52:23.062+0000] {logging_mixin.py:137} INFO - [2023-11-12T12:52:23.062+0000] {dag.py:2690} INFO - Sync 1 DAGs
[2023-11-12T12:52:23.077+0000] {logging_mixin.py:137} INFO - [2023-11-12T12:52:23.077+0000] {dag.py:3437} INFO - Setting next_dagrun for example_task_group to 2023-11-11T12:52:23.076890+00:00, run_after=2023-11-12T12:52:23.076890+00:00
[2023-11-12T12:52:23.134+0000] {processor.py:175} INFO - Processing /usr/local/python/3.10.8/lib/python3.10/site-packages/airflow/example_dags/example_task_group.py took 0.104 seconds
[2023-11-12T12:53:03.928+0000] {processor.py:153} INFO - Started process (PID=19459) to work on /usr/local/python/3.10.8/lib/python3.10/site-packages/airflow/example_dags/example_task_group.py
[2023-11-12T12:53:03.929+0000] {processor.py:743} INFO - Processing file /usr/local/python/3.10.8/lib/python3.10/site-packages/airflow/example_dags/example_task_group.py for tasks to queue
[2023-11-12T12:53:03.929+0000] {logging_mixin.py:137} INFO - [2023-11-12T12:53:03.929+0000] {dagbag.py:538} INFO - Filling up the DagBag from /usr/local/python/3.10.8/lib/python3.10/site-packages/airflow/example_dags/example_task_group.py
[2023-11-12T12:53:03.944+0000] {processor.py:753} INFO - DAG(s) dict_keys(['example_task_group']) retrieved from /usr/local/python/3.10.8/lib/python3.10/site-packages/airflow/example_dags/example_task_group.py
[2023-11-12T12:53:03.960+0000] {logging_mixin.py:137} INFO - [2023-11-12T12:53:03.960+0000] {dag.py:2690} INFO - Sync 1 DAGs
[2023-11-12T12:53:03.975+0000] {logging_mixin.py:137} INFO - [2023-11-12T12:53:03.974+0000] {dag.py:3437} INFO - Setting next_dagrun for example_task_group to 2023-11-11T12:53:03.974790+00:00, run_after=2023-11-12T12:53:03.974790+00:00
[2023-11-12T12:53:04.025+0000] {processor.py:175} INFO - Processing /usr/local/python/3.10.8/lib/python3.10/site-packages/airflow/example_dags/example_task_group.py took 0.099 seconds
