[2023-11-12T12:50:59.180+0000] {processor.py:153} INFO - Started process (PID=18450) to work on /usr/local/python/3.10.8/lib/python3.10/site-packages/airflow/example_dags/example_xcomargs.py
[2023-11-12T12:50:59.180+0000] {processor.py:743} INFO - Processing file /usr/local/python/3.10.8/lib/python3.10/site-packages/airflow/example_dags/example_xcomargs.py for tasks to queue
[2023-11-12T12:50:59.181+0000] {logging_mixin.py:137} INFO - [2023-11-12T12:50:59.181+0000] {dagbag.py:538} INFO - Filling up the DagBag from /usr/local/python/3.10.8/lib/python3.10/site-packages/airflow/example_dags/example_xcomargs.py
[2023-11-12T12:50:59.202+0000] {processor.py:753} INFO - DAG(s) dict_keys(['example_xcom_args', 'example_xcom_args_with_operators']) retrieved from /usr/local/python/3.10.8/lib/python3.10/site-packages/airflow/example_dags/example_xcomargs.py
[2023-11-12T12:50:59.398+0000] {logging_mixin.py:137} INFO - [2023-11-12T12:50:59.398+0000] {manager.py:504} INFO - Created Permission View: can edit on DAG:example_xcom_args
[2023-11-12T12:50:59.438+0000] {logging_mixin.py:137} INFO - [2023-11-12T12:50:59.438+0000] {manager.py:504} INFO - Created Permission View: can read on DAG:example_xcom_args
[2023-11-12T12:50:59.475+0000] {logging_mixin.py:137} INFO - [2023-11-12T12:50:59.475+0000] {manager.py:504} INFO - Created Permission View: can delete on DAG:example_xcom_args
[2023-11-12T12:50:59.564+0000] {logging_mixin.py:137} INFO - [2023-11-12T12:50:59.564+0000] {manager.py:504} INFO - Created Permission View: can edit on DAG:example_xcom_args_with_operators
[2023-11-12T12:50:59.605+0000] {logging_mixin.py:137} INFO - [2023-11-12T12:50:59.605+0000] {manager.py:504} INFO - Created Permission View: can read on DAG:example_xcom_args_with_operators
[2023-11-12T12:50:59.643+0000] {logging_mixin.py:137} INFO - [2023-11-12T12:50:59.643+0000] {manager.py:504} INFO - Created Permission View: can delete on DAG:example_xcom_args_with_operators
[2023-11-12T12:50:59.643+0000] {logging_mixin.py:137} INFO - [2023-11-12T12:50:59.643+0000] {dag.py:2690} INFO - Sync 2 DAGs
[2023-11-12T12:50:59.744+0000] {logging_mixin.py:137} INFO - [2023-11-12T12:50:59.743+0000] {dag.py:2711} INFO - Creating ORM DAG for example_xcom_args_with_operators
[2023-11-12T12:50:59.744+0000] {logging_mixin.py:137} INFO - [2023-11-12T12:50:59.744+0000] {dag.py:2711} INFO - Creating ORM DAG for example_xcom_args
[2023-11-12T12:50:59.750+0000] {logging_mixin.py:137} INFO - [2023-11-12T12:50:59.750+0000] {dag.py:3437} INFO - Setting next_dagrun for example_xcom_args to None, run_after=None
[2023-11-12T12:50:59.751+0000] {logging_mixin.py:137} INFO - [2023-11-12T12:50:59.751+0000] {dag.py:3437} INFO - Setting next_dagrun for example_xcom_args_with_operators to None, run_after=None
[2023-11-12T12:50:59.799+0000] {processor.py:175} INFO - Processing /usr/local/python/3.10.8/lib/python3.10/site-packages/airflow/example_dags/example_xcomargs.py took 0.622 seconds
[2023-11-12T12:51:49.501+0000] {processor.py:153} INFO - Started process (PID=18816) to work on /usr/local/python/3.10.8/lib/python3.10/site-packages/airflow/example_dags/example_xcomargs.py
[2023-11-12T12:51:49.502+0000] {processor.py:743} INFO - Processing file /usr/local/python/3.10.8/lib/python3.10/site-packages/airflow/example_dags/example_xcomargs.py for tasks to queue
[2023-11-12T12:51:49.503+0000] {logging_mixin.py:137} INFO - [2023-11-12T12:51:49.502+0000] {dagbag.py:538} INFO - Filling up the DagBag from /usr/local/python/3.10.8/lib/python3.10/site-packages/airflow/example_dags/example_xcomargs.py
[2023-11-12T12:51:49.524+0000] {processor.py:753} INFO - DAG(s) dict_keys(['example_xcom_args', 'example_xcom_args_with_operators']) retrieved from /usr/local/python/3.10.8/lib/python3.10/site-packages/airflow/example_dags/example_xcomargs.py
[2023-11-12T12:51:49.541+0000] {logging_mixin.py:137} INFO - [2023-11-12T12:51:49.541+0000] {dag.py:2690} INFO - Sync 2 DAGs
[2023-11-12T12:51:49.556+0000] {logging_mixin.py:137} INFO - [2023-11-12T12:51:49.556+0000] {dag.py:3437} INFO - Setting next_dagrun for example_xcom_args to None, run_after=None
[2023-11-12T12:51:49.559+0000] {logging_mixin.py:137} INFO - [2023-11-12T12:51:49.559+0000] {dag.py:3437} INFO - Setting next_dagrun for example_xcom_args_with_operators to None, run_after=None
[2023-11-12T12:51:49.611+0000] {processor.py:175} INFO - Processing /usr/local/python/3.10.8/lib/python3.10/site-packages/airflow/example_dags/example_xcomargs.py took 0.111 seconds
[2023-11-12T12:52:30.810+0000] {processor.py:153} INFO - Started process (PID=19137) to work on /usr/local/python/3.10.8/lib/python3.10/site-packages/airflow/example_dags/example_xcomargs.py
[2023-11-12T12:52:30.811+0000] {processor.py:743} INFO - Processing file /usr/local/python/3.10.8/lib/python3.10/site-packages/airflow/example_dags/example_xcomargs.py for tasks to queue
[2023-11-12T12:52:30.811+0000] {logging_mixin.py:137} INFO - [2023-11-12T12:52:30.811+0000] {dagbag.py:538} INFO - Filling up the DagBag from /usr/local/python/3.10.8/lib/python3.10/site-packages/airflow/example_dags/example_xcomargs.py
[2023-11-12T12:52:30.834+0000] {processor.py:753} INFO - DAG(s) dict_keys(['example_xcom_args_with_operators', 'example_xcom_args']) retrieved from /usr/local/python/3.10.8/lib/python3.10/site-packages/airflow/example_dags/example_xcomargs.py
[2023-11-12T12:52:30.850+0000] {logging_mixin.py:137} INFO - [2023-11-12T12:52:30.849+0000] {dag.py:2690} INFO - Sync 2 DAGs
[2023-11-12T12:52:30.864+0000] {logging_mixin.py:137} INFO - [2023-11-12T12:52:30.864+0000] {dag.py:3437} INFO - Setting next_dagrun for example_xcom_args to None, run_after=None
[2023-11-12T12:52:30.866+0000] {logging_mixin.py:137} INFO - [2023-11-12T12:52:30.866+0000] {dag.py:3437} INFO - Setting next_dagrun for example_xcom_args_with_operators to None, run_after=None
[2023-11-12T12:52:30.917+0000] {processor.py:175} INFO - Processing /usr/local/python/3.10.8/lib/python3.10/site-packages/airflow/example_dags/example_xcomargs.py took 0.109 seconds
[2023-11-12T12:53:15.745+0000] {processor.py:153} INFO - Started process (PID=19561) to work on /usr/local/python/3.10.8/lib/python3.10/site-packages/airflow/example_dags/example_xcomargs.py
[2023-11-12T12:53:15.746+0000] {processor.py:743} INFO - Processing file /usr/local/python/3.10.8/lib/python3.10/site-packages/airflow/example_dags/example_xcomargs.py for tasks to queue
[2023-11-12T12:53:15.747+0000] {logging_mixin.py:137} INFO - [2023-11-12T12:53:15.747+0000] {dagbag.py:538} INFO - Filling up the DagBag from /usr/local/python/3.10.8/lib/python3.10/site-packages/airflow/example_dags/example_xcomargs.py
[2023-11-12T12:53:15.770+0000] {processor.py:753} INFO - DAG(s) dict_keys(['example_xcom_args', 'example_xcom_args_with_operators']) retrieved from /usr/local/python/3.10.8/lib/python3.10/site-packages/airflow/example_dags/example_xcomargs.py
[2023-11-12T12:53:15.786+0000] {logging_mixin.py:137} INFO - [2023-11-12T12:53:15.785+0000] {dag.py:2690} INFO - Sync 2 DAGs
[2023-11-12T12:53:15.802+0000] {logging_mixin.py:137} INFO - [2023-11-12T12:53:15.801+0000] {dag.py:3437} INFO - Setting next_dagrun for example_xcom_args to None, run_after=None
[2023-11-12T12:53:15.804+0000] {logging_mixin.py:137} INFO - [2023-11-12T12:53:15.804+0000] {dag.py:3437} INFO - Setting next_dagrun for example_xcom_args_with_operators to None, run_after=None
[2023-11-12T12:53:15.851+0000] {processor.py:175} INFO - Processing /usr/local/python/3.10.8/lib/python3.10/site-packages/airflow/example_dags/example_xcomargs.py took 0.108 seconds
