[2023-11-12T12:50:45.549+0000] {processor.py:153} INFO - Started process (PID=18353) to work on /usr/local/python/3.10.8/lib/python3.10/site-packages/airflow/example_dags/example_sla_dag.py
[2023-11-12T12:50:45.550+0000] {processor.py:743} INFO - Processing file /usr/local/python/3.10.8/lib/python3.10/site-packages/airflow/example_dags/example_sla_dag.py for tasks to queue
[2023-11-12T12:50:45.550+0000] {logging_mixin.py:137} INFO - [2023-11-12T12:50:45.550+0000] {dagbag.py:538} INFO - Filling up the DagBag from /usr/local/python/3.10.8/lib/python3.10/site-packages/airflow/example_dags/example_sla_dag.py
[2023-11-12T12:50:45.575+0000] {processor.py:753} INFO - DAG(s) dict_keys(['example_sla_dag']) retrieved from /usr/local/python/3.10.8/lib/python3.10/site-packages/airflow/example_dags/example_sla_dag.py
[2023-11-12T12:50:45.756+0000] {logging_mixin.py:137} INFO - [2023-11-12T12:50:45.756+0000] {manager.py:504} INFO - Created Permission View: can edit on DAG:example_sla_dag
[2023-11-12T12:50:45.797+0000] {logging_mixin.py:137} INFO - [2023-11-12T12:50:45.797+0000] {manager.py:504} INFO - Created Permission View: can read on DAG:example_sla_dag
[2023-11-12T12:50:45.837+0000] {logging_mixin.py:137} INFO - [2023-11-12T12:50:45.837+0000] {manager.py:504} INFO - Created Permission View: can delete on DAG:example_sla_dag
[2023-11-12T12:50:45.837+0000] {logging_mixin.py:137} INFO - [2023-11-12T12:50:45.837+0000] {dag.py:2690} INFO - Sync 1 DAGs
[2023-11-12T12:50:45.846+0000] {logging_mixin.py:137} INFO - [2023-11-12T12:50:45.846+0000] {dag.py:2711} INFO - Creating ORM DAG for example_sla_dag
[2023-11-12T12:50:45.945+0000] {logging_mixin.py:137} INFO - [2023-11-12T12:50:45.945+0000] {dag.py:3437} INFO - Setting next_dagrun for example_sla_dag to 2023-11-12T12:48:00+00:00, run_after=2023-11-12T12:50:00+00:00
[2023-11-12T12:50:46.000+0000] {processor.py:175} INFO - Processing /usr/local/python/3.10.8/lib/python3.10/site-packages/airflow/example_dags/example_sla_dag.py took 0.453 seconds
[2023-11-12T12:51:39.287+0000] {processor.py:153} INFO - Started process (PID=18734) to work on /usr/local/python/3.10.8/lib/python3.10/site-packages/airflow/example_dags/example_sla_dag.py
[2023-11-12T12:51:39.287+0000] {processor.py:743} INFO - Processing file /usr/local/python/3.10.8/lib/python3.10/site-packages/airflow/example_dags/example_sla_dag.py for tasks to queue
[2023-11-12T12:51:39.288+0000] {logging_mixin.py:137} INFO - [2023-11-12T12:51:39.288+0000] {dagbag.py:538} INFO - Filling up the DagBag from /usr/local/python/3.10.8/lib/python3.10/site-packages/airflow/example_dags/example_sla_dag.py
[2023-11-12T12:51:39.309+0000] {processor.py:753} INFO - DAG(s) dict_keys(['example_sla_dag']) retrieved from /usr/local/python/3.10.8/lib/python3.10/site-packages/airflow/example_dags/example_sla_dag.py
[2023-11-12T12:51:39.324+0000] {logging_mixin.py:137} INFO - [2023-11-12T12:51:39.323+0000] {dag.py:2690} INFO - Sync 1 DAGs
[2023-11-12T12:51:39.341+0000] {logging_mixin.py:137} INFO - [2023-11-12T12:51:39.341+0000] {dag.py:3437} INFO - Setting next_dagrun for example_sla_dag to 2023-11-12T12:48:00+00:00, run_after=2023-11-12T12:50:00+00:00
[2023-11-12T12:51:39.391+0000] {processor.py:175} INFO - Processing /usr/local/python/3.10.8/lib/python3.10/site-packages/airflow/example_dags/example_sla_dag.py took 0.106 seconds
[2023-11-12T12:52:20.267+0000] {processor.py:153} INFO - Started process (PID=19058) to work on /usr/local/python/3.10.8/lib/python3.10/site-packages/airflow/example_dags/example_sla_dag.py
[2023-11-12T12:52:20.267+0000] {processor.py:743} INFO - Processing file /usr/local/python/3.10.8/lib/python3.10/site-packages/airflow/example_dags/example_sla_dag.py for tasks to queue
[2023-11-12T12:52:20.268+0000] {logging_mixin.py:137} INFO - [2023-11-12T12:52:20.268+0000] {dagbag.py:538} INFO - Filling up the DagBag from /usr/local/python/3.10.8/lib/python3.10/site-packages/airflow/example_dags/example_sla_dag.py
[2023-11-12T12:52:20.289+0000] {processor.py:753} INFO - DAG(s) dict_keys(['example_sla_dag']) retrieved from /usr/local/python/3.10.8/lib/python3.10/site-packages/airflow/example_dags/example_sla_dag.py
[2023-11-12T12:52:20.303+0000] {logging_mixin.py:137} INFO - [2023-11-12T12:52:20.303+0000] {dag.py:2690} INFO - Sync 1 DAGs
[2023-11-12T12:52:20.321+0000] {logging_mixin.py:137} INFO - [2023-11-12T12:52:20.321+0000] {dag.py:3437} INFO - Setting next_dagrun for example_sla_dag to 2023-11-12T12:50:00+00:00, run_after=2023-11-12T12:52:00+00:00
[2023-11-12T12:52:20.371+0000] {processor.py:175} INFO - Processing /usr/local/python/3.10.8/lib/python3.10/site-packages/airflow/example_dags/example_sla_dag.py took 0.106 seconds
[2023-11-12T12:53:01.241+0000] {processor.py:153} INFO - Started process (PID=19432) to work on /usr/local/python/3.10.8/lib/python3.10/site-packages/airflow/example_dags/example_sla_dag.py
[2023-11-12T12:53:01.242+0000] {processor.py:743} INFO - Processing file /usr/local/python/3.10.8/lib/python3.10/site-packages/airflow/example_dags/example_sla_dag.py for tasks to queue
[2023-11-12T12:53:01.242+0000] {logging_mixin.py:137} INFO - [2023-11-12T12:53:01.242+0000] {dagbag.py:538} INFO - Filling up the DagBag from /usr/local/python/3.10.8/lib/python3.10/site-packages/airflow/example_dags/example_sla_dag.py
[2023-11-12T12:53:01.263+0000] {processor.py:753} INFO - DAG(s) dict_keys(['example_sla_dag']) retrieved from /usr/local/python/3.10.8/lib/python3.10/site-packages/airflow/example_dags/example_sla_dag.py
[2023-11-12T12:53:01.277+0000] {logging_mixin.py:137} INFO - [2023-11-12T12:53:01.277+0000] {dag.py:2690} INFO - Sync 1 DAGs
[2023-11-12T12:53:01.295+0000] {logging_mixin.py:137} INFO - [2023-11-12T12:53:01.295+0000] {dag.py:3437} INFO - Setting next_dagrun for example_sla_dag to 2023-11-12T12:50:00+00:00, run_after=2023-11-12T12:52:00+00:00
[2023-11-12T12:53:01.346+0000] {processor.py:175} INFO - Processing /usr/local/python/3.10.8/lib/python3.10/site-packages/airflow/example_dags/example_sla_dag.py took 0.108 seconds
