[2023-11-12T11:15:39.148+0000] {processor.py:153} INFO - Started process (PID=25067) to work on /usr/local/python/3.10.8/lib/python3.10/site-packages/airflow/example_dags/example_python_operator.py
[2023-11-12T11:15:39.148+0000] {processor.py:743} INFO - Processing file /usr/local/python/3.10.8/lib/python3.10/site-packages/airflow/example_dags/example_python_operator.py for tasks to queue
[2023-11-12T11:15:39.149+0000] {logging_mixin.py:137} INFO - [2023-11-12T11:15:39.149+0000] {dagbag.py:538} INFO - Filling up the DagBag from /usr/local/python/3.10.8/lib/python3.10/site-packages/airflow/example_dags/example_python_operator.py
[2023-11-12T11:15:39.164+0000] {logging_mixin.py:137} INFO - [2023-11-12T11:15:39.164+0000] {taskmixin.py:205} WARNING - Dependency <Task(_PythonDecoratedOperator): print_the_context>, log_sql_query already registered for DAG: example_python_operator
[2023-11-12T11:15:39.164+0000] {logging_mixin.py:137} INFO - [2023-11-12T11:15:39.164+0000] {taskmixin.py:205} WARNING - Dependency <Task(_PythonDecoratedOperator): log_sql_query>, print_the_context already registered for DAG: example_python_operator
[2023-11-12T11:15:39.165+0000] {logging_mixin.py:137} INFO - [2023-11-12T11:15:39.165+0000] {taskmixin.py:205} WARNING - Dependency <Task(_PythonDecoratedOperator): print_the_context>, log_sql_query already registered for DAG: example_python_operator
[2023-11-12T11:15:39.165+0000] {logging_mixin.py:137} INFO - [2023-11-12T11:15:39.165+0000] {taskmixin.py:205} WARNING - Dependency <Task(_PythonDecoratedOperator): log_sql_query>, print_the_context already registered for DAG: example_python_operator
[2023-11-12T11:15:39.166+0000] {logging_mixin.py:137} INFO - [2023-11-12T11:15:39.165+0000] {taskmixin.py:205} WARNING - Dependency <Task(_PythonDecoratedOperator): print_the_context>, log_sql_query already registered for DAG: example_python_operator
[2023-11-12T11:15:39.166+0000] {logging_mixin.py:137} INFO - [2023-11-12T11:15:39.166+0000] {taskmixin.py:205} WARNING - Dependency <Task(_PythonDecoratedOperator): log_sql_query>, print_the_context already registered for DAG: example_python_operator
[2023-11-12T11:15:39.166+0000] {logging_mixin.py:137} INFO - [2023-11-12T11:15:39.166+0000] {taskmixin.py:205} WARNING - Dependency <Task(_PythonDecoratedOperator): print_the_context>, log_sql_query already registered for DAG: example_python_operator
[2023-11-12T11:15:39.166+0000] {logging_mixin.py:137} INFO - [2023-11-12T11:15:39.166+0000] {taskmixin.py:205} WARNING - Dependency <Task(_PythonDecoratedOperator): log_sql_query>, print_the_context already registered for DAG: example_python_operator
[2023-11-12T11:15:39.173+0000] {processor.py:753} INFO - DAG(s) dict_keys(['example_python_operator']) retrieved from /usr/local/python/3.10.8/lib/python3.10/site-packages/airflow/example_dags/example_python_operator.py
[2023-11-12T11:15:39.328+0000] {logging_mixin.py:137} INFO - [2023-11-12T11:15:39.328+0000] {manager.py:504} INFO - Created Permission View: can read on DAG:example_python_operator
[2023-11-12T11:15:39.368+0000] {logging_mixin.py:137} INFO - [2023-11-12T11:15:39.368+0000] {manager.py:504} INFO - Created Permission View: can delete on DAG:example_python_operator
[2023-11-12T11:15:39.408+0000] {logging_mixin.py:137} INFO - [2023-11-12T11:15:39.408+0000] {manager.py:504} INFO - Created Permission View: can edit on DAG:example_python_operator
[2023-11-12T11:15:39.408+0000] {logging_mixin.py:137} INFO - [2023-11-12T11:15:39.408+0000] {dag.py:2690} INFO - Sync 1 DAGs
[2023-11-12T11:15:39.416+0000] {logging_mixin.py:137} INFO - [2023-11-12T11:15:39.416+0000] {dag.py:2711} INFO - Creating ORM DAG for example_python_operator
[2023-11-12T11:15:39.422+0000] {logging_mixin.py:137} INFO - [2023-11-12T11:15:39.422+0000] {dag.py:3437} INFO - Setting next_dagrun for example_python_operator to None, run_after=None
[2023-11-12T11:15:39.481+0000] {processor.py:175} INFO - Processing /usr/local/python/3.10.8/lib/python3.10/site-packages/airflow/example_dags/example_python_operator.py took 0.335 seconds
[2023-11-12T11:16:24.952+0000] {processor.py:153} INFO - Started process (PID=25459) to work on /usr/local/python/3.10.8/lib/python3.10/site-packages/airflow/example_dags/example_python_operator.py
[2023-11-12T11:16:24.953+0000] {processor.py:743} INFO - Processing file /usr/local/python/3.10.8/lib/python3.10/site-packages/airflow/example_dags/example_python_operator.py for tasks to queue
[2023-11-12T11:16:24.953+0000] {logging_mixin.py:137} INFO - [2023-11-12T11:16:24.953+0000] {dagbag.py:538} INFO - Filling up the DagBag from /usr/local/python/3.10.8/lib/python3.10/site-packages/airflow/example_dags/example_python_operator.py
[2023-11-12T11:16:24.969+0000] {logging_mixin.py:137} INFO - [2023-11-12T11:16:24.969+0000] {taskmixin.py:205} WARNING - Dependency <Task(_PythonDecoratedOperator): print_the_context>, log_sql_query already registered for DAG: example_python_operator
[2023-11-12T11:16:24.970+0000] {logging_mixin.py:137} INFO - [2023-11-12T11:16:24.969+0000] {taskmixin.py:205} WARNING - Dependency <Task(_PythonDecoratedOperator): log_sql_query>, print_the_context already registered for DAG: example_python_operator
[2023-11-12T11:16:24.971+0000] {logging_mixin.py:137} INFO - [2023-11-12T11:16:24.970+0000] {taskmixin.py:205} WARNING - Dependency <Task(_PythonDecoratedOperator): print_the_context>, log_sql_query already registered for DAG: example_python_operator
[2023-11-12T11:16:24.971+0000] {logging_mixin.py:137} INFO - [2023-11-12T11:16:24.971+0000] {taskmixin.py:205} WARNING - Dependency <Task(_PythonDecoratedOperator): log_sql_query>, print_the_context already registered for DAG: example_python_operator
[2023-11-12T11:16:24.971+0000] {logging_mixin.py:137} INFO - [2023-11-12T11:16:24.971+0000] {taskmixin.py:205} WARNING - Dependency <Task(_PythonDecoratedOperator): print_the_context>, log_sql_query already registered for DAG: example_python_operator
[2023-11-12T11:16:24.971+0000] {logging_mixin.py:137} INFO - [2023-11-12T11:16:24.971+0000] {taskmixin.py:205} WARNING - Dependency <Task(_PythonDecoratedOperator): log_sql_query>, print_the_context already registered for DAG: example_python_operator
[2023-11-12T11:16:24.972+0000] {logging_mixin.py:137} INFO - [2023-11-12T11:16:24.972+0000] {taskmixin.py:205} WARNING - Dependency <Task(_PythonDecoratedOperator): print_the_context>, log_sql_query already registered for DAG: example_python_operator
[2023-11-12T11:16:24.973+0000] {logging_mixin.py:137} INFO - [2023-11-12T11:16:24.972+0000] {taskmixin.py:205} WARNING - Dependency <Task(_PythonDecoratedOperator): log_sql_query>, print_the_context already registered for DAG: example_python_operator
[2023-11-12T11:16:24.981+0000] {processor.py:753} INFO - DAG(s) dict_keys(['example_python_operator']) retrieved from /usr/local/python/3.10.8/lib/python3.10/site-packages/airflow/example_dags/example_python_operator.py
[2023-11-12T11:16:24.996+0000] {logging_mixin.py:137} INFO - [2023-11-12T11:16:24.996+0000] {dag.py:2690} INFO - Sync 1 DAGs
[2023-11-12T11:16:25.010+0000] {logging_mixin.py:137} INFO - [2023-11-12T11:16:25.010+0000] {dag.py:3437} INFO - Setting next_dagrun for example_python_operator to None, run_after=None
[2023-11-12T11:16:25.058+0000] {processor.py:175} INFO - Processing /usr/local/python/3.10.8/lib/python3.10/site-packages/airflow/example_dags/example_python_operator.py took 0.108 seconds
[2023-11-12T11:17:05.726+0000] {processor.py:153} INFO - Started process (PID=25881) to work on /usr/local/python/3.10.8/lib/python3.10/site-packages/airflow/example_dags/example_python_operator.py
[2023-11-12T11:17:05.727+0000] {processor.py:743} INFO - Processing file /usr/local/python/3.10.8/lib/python3.10/site-packages/airflow/example_dags/example_python_operator.py for tasks to queue
[2023-11-12T11:17:05.727+0000] {logging_mixin.py:137} INFO - [2023-11-12T11:17:05.727+0000] {dagbag.py:538} INFO - Filling up the DagBag from /usr/local/python/3.10.8/lib/python3.10/site-packages/airflow/example_dags/example_python_operator.py
[2023-11-12T11:17:05.744+0000] {logging_mixin.py:137} INFO - [2023-11-12T11:17:05.744+0000] {taskmixin.py:205} WARNING - Dependency <Task(_PythonDecoratedOperator): print_the_context>, log_sql_query already registered for DAG: example_python_operator
[2023-11-12T11:17:05.744+0000] {logging_mixin.py:137} INFO - [2023-11-12T11:17:05.744+0000] {taskmixin.py:205} WARNING - Dependency <Task(_PythonDecoratedOperator): log_sql_query>, print_the_context already registered for DAG: example_python_operator
[2023-11-12T11:17:05.745+0000] {logging_mixin.py:137} INFO - [2023-11-12T11:17:05.745+0000] {taskmixin.py:205} WARNING - Dependency <Task(_PythonDecoratedOperator): print_the_context>, log_sql_query already registered for DAG: example_python_operator
[2023-11-12T11:17:05.745+0000] {logging_mixin.py:137} INFO - [2023-11-12T11:17:05.745+0000] {taskmixin.py:205} WARNING - Dependency <Task(_PythonDecoratedOperator): log_sql_query>, print_the_context already registered for DAG: example_python_operator
[2023-11-12T11:17:05.745+0000] {logging_mixin.py:137} INFO - [2023-11-12T11:17:05.745+0000] {taskmixin.py:205} WARNING - Dependency <Task(_PythonDecoratedOperator): print_the_context>, log_sql_query already registered for DAG: example_python_operator
[2023-11-12T11:17:05.746+0000] {logging_mixin.py:137} INFO - [2023-11-12T11:17:05.746+0000] {taskmixin.py:205} WARNING - Dependency <Task(_PythonDecoratedOperator): log_sql_query>, print_the_context already registered for DAG: example_python_operator
[2023-11-12T11:17:05.746+0000] {logging_mixin.py:137} INFO - [2023-11-12T11:17:05.746+0000] {taskmixin.py:205} WARNING - Dependency <Task(_PythonDecoratedOperator): print_the_context>, log_sql_query already registered for DAG: example_python_operator
[2023-11-12T11:17:05.746+0000] {logging_mixin.py:137} INFO - [2023-11-12T11:17:05.746+0000] {taskmixin.py:205} WARNING - Dependency <Task(_PythonDecoratedOperator): log_sql_query>, print_the_context already registered for DAG: example_python_operator
[2023-11-12T11:17:05.753+0000] {processor.py:753} INFO - DAG(s) dict_keys(['example_python_operator']) retrieved from /usr/local/python/3.10.8/lib/python3.10/site-packages/airflow/example_dags/example_python_operator.py
[2023-11-12T11:17:05.768+0000] {logging_mixin.py:137} INFO - [2023-11-12T11:17:05.768+0000] {dag.py:2690} INFO - Sync 1 DAGs
[2023-11-12T11:17:05.783+0000] {logging_mixin.py:137} INFO - [2023-11-12T11:17:05.783+0000] {dag.py:3437} INFO - Setting next_dagrun for example_python_operator to None, run_after=None
[2023-11-12T11:17:05.834+0000] {processor.py:175} INFO - Processing /usr/local/python/3.10.8/lib/python3.10/site-packages/airflow/example_dags/example_python_operator.py took 0.109 seconds
