[2023-11-12T11:16:01.163+0000] {processor.py:153} INFO - Started process (PID=25239) to work on /usr/local/python/3.10.8/lib/python3.10/site-packages/airflow/example_dags/example_branch_datetime_operator.py
[2023-11-12T11:16:01.164+0000] {processor.py:743} INFO - Processing file /usr/local/python/3.10.8/lib/python3.10/site-packages/airflow/example_dags/example_branch_datetime_operator.py for tasks to queue
[2023-11-12T11:16:01.165+0000] {logging_mixin.py:137} INFO - [2023-11-12T11:16:01.164+0000] {dagbag.py:538} INFO - Filling up the DagBag from /usr/local/python/3.10.8/lib/python3.10/site-packages/airflow/example_dags/example_branch_datetime_operator.py
[2023-11-12T11:16:01.186+0000] {processor.py:753} INFO - DAG(s) dict_keys(['example_branch_datetime_operator', 'example_branch_datetime_operator_2', 'example_branch_datetime_operator_3']) retrieved from /usr/local/python/3.10.8/lib/python3.10/site-packages/airflow/example_dags/example_branch_datetime_operator.py
[2023-11-12T11:16:01.404+0000] {logging_mixin.py:137} INFO - [2023-11-12T11:16:01.404+0000] {manager.py:504} INFO - Created Permission View: can read on DAG:example_branch_datetime_operator
[2023-11-12T11:16:01.448+0000] {logging_mixin.py:137} INFO - [2023-11-12T11:16:01.448+0000] {manager.py:504} INFO - Created Permission View: can delete on DAG:example_branch_datetime_operator
[2023-11-12T11:16:01.496+0000] {logging_mixin.py:137} INFO - [2023-11-12T11:16:01.496+0000] {manager.py:504} INFO - Created Permission View: can edit on DAG:example_branch_datetime_operator
[2023-11-12T11:16:01.605+0000] {logging_mixin.py:137} INFO - [2023-11-12T11:16:01.605+0000] {manager.py:504} INFO - Created Permission View: can read on DAG:example_branch_datetime_operator_2
[2023-11-12T11:16:01.644+0000] {logging_mixin.py:137} INFO - [2023-11-12T11:16:01.644+0000] {manager.py:504} INFO - Created Permission View: can delete on DAG:example_branch_datetime_operator_2
[2023-11-12T11:16:01.684+0000] {logging_mixin.py:137} INFO - [2023-11-12T11:16:01.683+0000] {manager.py:504} INFO - Created Permission View: can edit on DAG:example_branch_datetime_operator_2
[2023-11-12T11:16:01.772+0000] {logging_mixin.py:137} INFO - [2023-11-12T11:16:01.772+0000] {manager.py:504} INFO - Created Permission View: can read on DAG:example_branch_datetime_operator_3
[2023-11-12T11:16:01.813+0000] {logging_mixin.py:137} INFO - [2023-11-12T11:16:01.812+0000] {manager.py:504} INFO - Created Permission View: can delete on DAG:example_branch_datetime_operator_3
[2023-11-12T11:16:01.853+0000] {logging_mixin.py:137} INFO - [2023-11-12T11:16:01.853+0000] {manager.py:504} INFO - Created Permission View: can edit on DAG:example_branch_datetime_operator_3
[2023-11-12T11:16:01.854+0000] {logging_mixin.py:137} INFO - [2023-11-12T11:16:01.854+0000] {dag.py:2690} INFO - Sync 3 DAGs
[2023-11-12T11:16:01.866+0000] {logging_mixin.py:137} INFO - [2023-11-12T11:16:01.866+0000] {dag.py:2711} INFO - Creating ORM DAG for example_branch_datetime_operator_3
[2023-11-12T11:16:01.866+0000] {logging_mixin.py:137} INFO - [2023-11-12T11:16:01.866+0000] {dag.py:2711} INFO - Creating ORM DAG for example_branch_datetime_operator
[2023-11-12T11:16:01.867+0000] {logging_mixin.py:137} INFO - [2023-11-12T11:16:01.867+0000] {dag.py:2711} INFO - Creating ORM DAG for example_branch_datetime_operator_2
[2023-11-12T11:16:01.875+0000] {logging_mixin.py:137} INFO - [2023-11-12T11:16:01.875+0000] {dag.py:3437} INFO - Setting next_dagrun for example_branch_datetime_operator to 2023-11-11T00:00:00+00:00, run_after=2023-11-12T00:00:00+00:00
[2023-11-12T11:16:01.876+0000] {logging_mixin.py:137} INFO - [2023-11-12T11:16:01.876+0000] {dag.py:3437} INFO - Setting next_dagrun for example_branch_datetime_operator_2 to 2023-11-11T00:00:00+00:00, run_after=2023-11-12T00:00:00+00:00
[2023-11-12T11:16:01.878+0000] {logging_mixin.py:137} INFO - [2023-11-12T11:16:01.878+0000] {dag.py:3437} INFO - Setting next_dagrun for example_branch_datetime_operator_3 to 2023-11-11T00:00:00+00:00, run_after=2023-11-12T00:00:00+00:00
[2023-11-12T11:16:01.935+0000] {processor.py:175} INFO - Processing /usr/local/python/3.10.8/lib/python3.10/site-packages/airflow/example_dags/example_branch_datetime_operator.py took 0.775 seconds
[2023-11-12T11:16:44.226+0000] {processor.py:153} INFO - Started process (PID=25675) to work on /usr/local/python/3.10.8/lib/python3.10/site-packages/airflow/example_dags/example_branch_datetime_operator.py
[2023-11-12T11:16:44.227+0000] {processor.py:743} INFO - Processing file /usr/local/python/3.10.8/lib/python3.10/site-packages/airflow/example_dags/example_branch_datetime_operator.py for tasks to queue
[2023-11-12T11:16:44.227+0000] {logging_mixin.py:137} INFO - [2023-11-12T11:16:44.227+0000] {dagbag.py:538} INFO - Filling up the DagBag from /usr/local/python/3.10.8/lib/python3.10/site-packages/airflow/example_dags/example_branch_datetime_operator.py
[2023-11-12T11:16:44.242+0000] {processor.py:753} INFO - DAG(s) dict_keys(['example_branch_datetime_operator', 'example_branch_datetime_operator_2', 'example_branch_datetime_operator_3']) retrieved from /usr/local/python/3.10.8/lib/python3.10/site-packages/airflow/example_dags/example_branch_datetime_operator.py
[2023-11-12T11:16:44.260+0000] {logging_mixin.py:137} INFO - [2023-11-12T11:16:44.260+0000] {dag.py:2690} INFO - Sync 3 DAGs
[2023-11-12T11:16:44.276+0000] {logging_mixin.py:137} INFO - [2023-11-12T11:16:44.276+0000] {dag.py:3437} INFO - Setting next_dagrun for example_branch_datetime_operator to 2023-11-11T00:00:00+00:00, run_after=2023-11-12T00:00:00+00:00
[2023-11-12T11:16:44.279+0000] {logging_mixin.py:137} INFO - [2023-11-12T11:16:44.279+0000] {dag.py:3437} INFO - Setting next_dagrun for example_branch_datetime_operator_2 to 2023-11-11T00:00:00+00:00, run_after=2023-11-12T00:00:00+00:00
[2023-11-12T11:16:44.281+0000] {logging_mixin.py:137} INFO - [2023-11-12T11:16:44.281+0000] {dag.py:3437} INFO - Setting next_dagrun for example_branch_datetime_operator_3 to 2023-11-11T00:00:00+00:00, run_after=2023-11-12T00:00:00+00:00
[2023-11-12T11:16:44.329+0000] {processor.py:175} INFO - Processing /usr/local/python/3.10.8/lib/python3.10/site-packages/airflow/example_dags/example_branch_datetime_operator.py took 0.105 seconds
