[2023-11-12T12:51:04.759+0000] {processor.py:153} INFO - Started process (PID=18497) to work on /usr/local/python/3.10.8/lib/python3.10/site-packages/airflow/example_dags/example_trigger_controller_dag.py
[2023-11-12T12:51:04.760+0000] {processor.py:743} INFO - Processing file /usr/local/python/3.10.8/lib/python3.10/site-packages/airflow/example_dags/example_trigger_controller_dag.py for tasks to queue
[2023-11-12T12:51:04.761+0000] {logging_mixin.py:137} INFO - [2023-11-12T12:51:04.761+0000] {dagbag.py:538} INFO - Filling up the DagBag from /usr/local/python/3.10.8/lib/python3.10/site-packages/airflow/example_dags/example_trigger_controller_dag.py
[2023-11-12T12:51:04.776+0000] {processor.py:753} INFO - DAG(s) dict_keys(['example_trigger_controller_dag']) retrieved from /usr/local/python/3.10.8/lib/python3.10/site-packages/airflow/example_dags/example_trigger_controller_dag.py
[2023-11-12T12:51:04.934+0000] {logging_mixin.py:137} INFO - [2023-11-12T12:51:04.934+0000] {manager.py:504} INFO - Created Permission View: can edit on DAG:example_trigger_controller_dag
[2023-11-12T12:51:04.977+0000] {logging_mixin.py:137} INFO - [2023-11-12T12:51:04.977+0000] {manager.py:504} INFO - Created Permission View: can read on DAG:example_trigger_controller_dag
[2023-11-12T12:51:05.016+0000] {logging_mixin.py:137} INFO - [2023-11-12T12:51:05.016+0000] {manager.py:504} INFO - Created Permission View: can delete on DAG:example_trigger_controller_dag
[2023-11-12T12:51:05.016+0000] {logging_mixin.py:137} INFO - [2023-11-12T12:51:05.016+0000] {dag.py:2690} INFO - Sync 1 DAGs
[2023-11-12T12:51:05.024+0000] {logging_mixin.py:137} INFO - [2023-11-12T12:51:05.024+0000] {dag.py:2711} INFO - Creating ORM DAG for example_trigger_controller_dag
[2023-11-12T12:51:05.031+0000] {logging_mixin.py:137} INFO - [2023-11-12T12:51:05.031+0000] {dag.py:3437} INFO - Setting next_dagrun for example_trigger_controller_dag to 2021-01-01T00:00:00+00:00, run_after=2021-01-01T00:00:00+00:00
[2023-11-12T12:51:05.174+0000] {processor.py:175} INFO - Processing /usr/local/python/3.10.8/lib/python3.10/site-packages/airflow/example_dags/example_trigger_controller_dag.py took 0.418 seconds
[2023-11-12T12:51:53.697+0000] {processor.py:153} INFO - Started process (PID=18866) to work on /usr/local/python/3.10.8/lib/python3.10/site-packages/airflow/example_dags/example_trigger_controller_dag.py
[2023-11-12T12:51:53.698+0000] {processor.py:743} INFO - Processing file /usr/local/python/3.10.8/lib/python3.10/site-packages/airflow/example_dags/example_trigger_controller_dag.py for tasks to queue
[2023-11-12T12:51:53.699+0000] {logging_mixin.py:137} INFO - [2023-11-12T12:51:53.699+0000] {dagbag.py:538} INFO - Filling up the DagBag from /usr/local/python/3.10.8/lib/python3.10/site-packages/airflow/example_dags/example_trigger_controller_dag.py
[2023-11-12T12:51:53.712+0000] {processor.py:753} INFO - DAG(s) dict_keys(['example_trigger_controller_dag']) retrieved from /usr/local/python/3.10.8/lib/python3.10/site-packages/airflow/example_dags/example_trigger_controller_dag.py
[2023-11-12T12:51:53.730+0000] {logging_mixin.py:137} INFO - [2023-11-12T12:51:53.730+0000] {dag.py:2690} INFO - Sync 1 DAGs
[2023-11-12T12:51:53.752+0000] {logging_mixin.py:137} INFO - [2023-11-12T12:51:53.752+0000] {dag.py:3437} INFO - Setting next_dagrun for example_trigger_controller_dag to 2021-01-01T00:00:00+00:00, run_after=2021-01-01T00:00:00+00:00
[2023-11-12T12:51:53.813+0000] {processor.py:175} INFO - Processing /usr/local/python/3.10.8/lib/python3.10/site-packages/airflow/example_dags/example_trigger_controller_dag.py took 0.118 seconds
[2023-11-12T12:52:33.576+0000] {processor.py:153} INFO - Started process (PID=19183) to work on /usr/local/python/3.10.8/lib/python3.10/site-packages/airflow/example_dags/example_trigger_controller_dag.py
[2023-11-12T12:52:33.576+0000] {processor.py:743} INFO - Processing file /usr/local/python/3.10.8/lib/python3.10/site-packages/airflow/example_dags/example_trigger_controller_dag.py for tasks to queue
[2023-11-12T12:52:33.577+0000] {logging_mixin.py:137} INFO - [2023-11-12T12:52:33.577+0000] {dagbag.py:538} INFO - Filling up the DagBag from /usr/local/python/3.10.8/lib/python3.10/site-packages/airflow/example_dags/example_trigger_controller_dag.py
[2023-11-12T12:52:33.587+0000] {processor.py:753} INFO - DAG(s) dict_keys(['example_trigger_controller_dag']) retrieved from /usr/local/python/3.10.8/lib/python3.10/site-packages/airflow/example_dags/example_trigger_controller_dag.py
[2023-11-12T12:52:33.601+0000] {logging_mixin.py:137} INFO - [2023-11-12T12:52:33.600+0000] {dag.py:2690} INFO - Sync 1 DAGs
[2023-11-12T12:52:33.621+0000] {logging_mixin.py:137} INFO - [2023-11-12T12:52:33.621+0000] {dag.py:3437} INFO - Setting next_dagrun for example_trigger_controller_dag to 2021-01-01T00:00:00+00:00, run_after=2021-01-01T00:00:00+00:00
[2023-11-12T12:52:33.677+0000] {processor.py:175} INFO - Processing /usr/local/python/3.10.8/lib/python3.10/site-packages/airflow/example_dags/example_trigger_controller_dag.py took 0.104 seconds
[2023-11-12T12:53:20.401+0000] {processor.py:153} INFO - Started process (PID=19581) to work on /usr/local/python/3.10.8/lib/python3.10/site-packages/airflow/example_dags/example_trigger_controller_dag.py
[2023-11-12T12:53:20.402+0000] {processor.py:743} INFO - Processing file /usr/local/python/3.10.8/lib/python3.10/site-packages/airflow/example_dags/example_trigger_controller_dag.py for tasks to queue
[2023-11-12T12:53:20.403+0000] {logging_mixin.py:137} INFO - [2023-11-12T12:53:20.403+0000] {dagbag.py:538} INFO - Filling up the DagBag from /usr/local/python/3.10.8/lib/python3.10/site-packages/airflow/example_dags/example_trigger_controller_dag.py
[2023-11-12T12:53:20.413+0000] {processor.py:753} INFO - DAG(s) dict_keys(['example_trigger_controller_dag']) retrieved from /usr/local/python/3.10.8/lib/python3.10/site-packages/airflow/example_dags/example_trigger_controller_dag.py
[2023-11-12T12:53:20.427+0000] {logging_mixin.py:137} INFO - [2023-11-12T12:53:20.427+0000] {dag.py:2690} INFO - Sync 1 DAGs
[2023-11-12T12:53:20.444+0000] {logging_mixin.py:137} INFO - [2023-11-12T12:53:20.444+0000] {dag.py:3437} INFO - Setting next_dagrun for example_trigger_controller_dag to 2021-01-01T00:00:00+00:00, run_after=2021-01-01T00:00:00+00:00
[2023-11-12T12:53:20.493+0000] {processor.py:175} INFO - Processing /usr/local/python/3.10.8/lib/python3.10/site-packages/airflow/example_dags/example_trigger_controller_dag.py took 0.094 seconds
