[2023-11-12T11:15:29.682+0000] {processor.py:153} INFO - Started process (PID=24999) to work on /usr/local/python/3.10.8/lib/python3.10/site-packages/airflow/example_dags/tutorial.py
[2023-11-12T11:15:29.682+0000] {processor.py:743} INFO - Processing file /usr/local/python/3.10.8/lib/python3.10/site-packages/airflow/example_dags/tutorial.py for tasks to queue
[2023-11-12T11:15:29.683+0000] {logging_mixin.py:137} INFO - [2023-11-12T11:15:29.683+0000] {dagbag.py:538} INFO - Filling up the DagBag from /usr/local/python/3.10.8/lib/python3.10/site-packages/airflow/example_dags/tutorial.py
[2023-11-12T11:15:29.702+0000] {processor.py:753} INFO - DAG(s) dict_keys(['tutorial']) retrieved from /usr/local/python/3.10.8/lib/python3.10/site-packages/airflow/example_dags/tutorial.py
[2023-11-12T11:15:29.906+0000] {logging_mixin.py:137} INFO - [2023-11-12T11:15:29.906+0000] {manager.py:504} INFO - Created Permission View: can read on DAG:tutorial
[2023-11-12T11:15:29.959+0000] {logging_mixin.py:137} INFO - [2023-11-12T11:15:29.959+0000] {manager.py:504} INFO - Created Permission View: can delete on DAG:tutorial
[2023-11-12T11:15:30.063+0000] {logging_mixin.py:137} INFO - [2023-11-12T11:15:30.063+0000] {manager.py:504} INFO - Created Permission View: can edit on DAG:tutorial
[2023-11-12T11:15:30.064+0000] {logging_mixin.py:137} INFO - [2023-11-12T11:15:30.063+0000] {dag.py:2690} INFO - Sync 1 DAGs
[2023-11-12T11:15:30.153+0000] {logging_mixin.py:137} INFO - [2023-11-12T11:15:30.153+0000] {dag.py:2711} INFO - Creating ORM DAG for tutorial
[2023-11-12T11:15:30.190+0000] {logging_mixin.py:137} INFO - [2023-11-12T11:15:30.190+0000] {dag.py:3437} INFO - Setting next_dagrun for tutorial to 2023-11-11T11:15:30.190158+00:00, run_after=2023-11-12T11:15:30.190158+00:00
[2023-11-12T11:15:30.301+0000] {processor.py:175} INFO - Processing /usr/local/python/3.10.8/lib/python3.10/site-packages/airflow/example_dags/tutorial.py took 0.622 seconds
[2023-11-12T11:16:18.003+0000] {processor.py:153} INFO - Started process (PID=25370) to work on /usr/local/python/3.10.8/lib/python3.10/site-packages/airflow/example_dags/tutorial.py
[2023-11-12T11:16:18.003+0000] {processor.py:743} INFO - Processing file /usr/local/python/3.10.8/lib/python3.10/site-packages/airflow/example_dags/tutorial.py for tasks to queue
[2023-11-12T11:16:18.004+0000] {logging_mixin.py:137} INFO - [2023-11-12T11:16:18.004+0000] {dagbag.py:538} INFO - Filling up the DagBag from /usr/local/python/3.10.8/lib/python3.10/site-packages/airflow/example_dags/tutorial.py
[2023-11-12T11:16:18.017+0000] {processor.py:753} INFO - DAG(s) dict_keys(['tutorial']) retrieved from /usr/local/python/3.10.8/lib/python3.10/site-packages/airflow/example_dags/tutorial.py
[2023-11-12T11:16:18.032+0000] {logging_mixin.py:137} INFO - [2023-11-12T11:16:18.031+0000] {dag.py:2690} INFO - Sync 1 DAGs
[2023-11-12T11:16:18.047+0000] {logging_mixin.py:137} INFO - [2023-11-12T11:16:18.046+0000] {dag.py:3437} INFO - Setting next_dagrun for tutorial to 2023-11-11T11:16:18.046694+00:00, run_after=2023-11-12T11:16:18.046694+00:00
[2023-11-12T11:16:18.105+0000] {processor.py:175} INFO - Processing /usr/local/python/3.10.8/lib/python3.10/site-packages/airflow/example_dags/tutorial.py took 0.104 seconds
[2023-11-12T11:16:59.327+0000] {processor.py:153} INFO - Started process (PID=25825) to work on /usr/local/python/3.10.8/lib/python3.10/site-packages/airflow/example_dags/tutorial.py
[2023-11-12T11:16:59.328+0000] {processor.py:743} INFO - Processing file /usr/local/python/3.10.8/lib/python3.10/site-packages/airflow/example_dags/tutorial.py for tasks to queue
[2023-11-12T11:16:59.328+0000] {logging_mixin.py:137} INFO - [2023-11-12T11:16:59.328+0000] {dagbag.py:538} INFO - Filling up the DagBag from /usr/local/python/3.10.8/lib/python3.10/site-packages/airflow/example_dags/tutorial.py
[2023-11-12T11:16:59.343+0000] {processor.py:753} INFO - DAG(s) dict_keys(['tutorial']) retrieved from /usr/local/python/3.10.8/lib/python3.10/site-packages/airflow/example_dags/tutorial.py
[2023-11-12T11:16:59.361+0000] {logging_mixin.py:137} INFO - [2023-11-12T11:16:59.361+0000] {dag.py:2690} INFO - Sync 1 DAGs
[2023-11-12T11:16:59.382+0000] {logging_mixin.py:137} INFO - [2023-11-12T11:16:59.381+0000] {dag.py:3437} INFO - Setting next_dagrun for tutorial to 2023-11-11T11:16:59.381545+00:00, run_after=2023-11-12T11:16:59.381545+00:00
[2023-11-12T11:16:59.441+0000] {processor.py:175} INFO - Processing /usr/local/python/3.10.8/lib/python3.10/site-packages/airflow/example_dags/tutorial.py took 0.116 seconds
