[2023-11-14T16:36:15.943+0000] {taskinstance.py:1083} INFO - Dependencies all met for <TaskInstance: basic_etl_dag.extract_task manual__2023-11-14T16:36:12.485098+00:00 [queued]>
[2023-11-14T16:36:15.955+0000] {taskinstance.py:1083} INFO - Dependencies all met for <TaskInstance: basic_etl_dag.extract_task manual__2023-11-14T16:36:12.485098+00:00 [queued]>
[2023-11-14T16:36:15.955+0000] {taskinstance.py:1279} INFO - 
--------------------------------------------------------------------------------
[2023-11-14T16:36:15.955+0000] {taskinstance.py:1280} INFO - Starting attempt 1 of 1
[2023-11-14T16:36:15.956+0000] {taskinstance.py:1281} INFO - 
--------------------------------------------------------------------------------
[2023-11-14T16:36:16.025+0000] {taskinstance.py:1300} INFO - Executing <Task(BashOperator): extract_task> on 2023-11-14 16:36:12.485098+00:00
[2023-11-14T16:36:16.030+0000] {standard_task_runner.py:55} INFO - Started process 19247 to run task
[2023-11-14T16:36:16.035+0000] {standard_task_runner.py:82} INFO - Running: ['airflow', 'tasks', 'run', 'basic_etl_dag', 'extract_task', 'manual__2023-11-14T16:36:12.485098+00:00', '--job-id', '4', '--raw', '--subdir', 'DAGS_FOLDER/basic_etl_dag.py', '--cfg-path', '/tmp/tmp7or43geq']
[2023-11-14T16:36:16.037+0000] {standard_task_runner.py:83} INFO - Job 4: Subtask extract_task
[2023-11-14T16:36:16.161+0000] {task_command.py:388} INFO - Running <TaskInstance: basic_etl_dag.extract_task manual__2023-11-14T16:36:12.485098+00:00 [running]> on host codespaces-1a8ad4
[2023-11-14T16:36:16.361+0000] {taskinstance.py:1507} INFO - Exporting the following env vars:
AIRFLOW_CTX_DAG_OWNER=airflow
AIRFLOW_CTX_DAG_ID=basic_etl_dag
AIRFLOW_CTX_TASK_ID=extract_task
AIRFLOW_CTX_EXECUTION_DATE=2023-11-14T16:36:12.485098+00:00
AIRFLOW_CTX_TRY_NUMBER=1
AIRFLOW_CTX_DAG_RUN_ID=manual__2023-11-14T16:36:12.485098+00:00
[2023-11-14T16:36:16.362+0000] {subprocess.py:63} INFO - Tmp dir root location: 
 /tmp
[2023-11-14T16:36:16.362+0000] {subprocess.py:75} INFO - Running command: ['/usr/bin/bash', '-c', 'wget -c https://datahub.io/core/top-level-domain-names/r/top-level-domain-names.csv.csv -O /workspaces/hands-on-introduction-data-engineering-4395021/lab/end-to-end/basic-etl-extract-data.csv']
[2023-11-14T16:36:16.372+0000] {subprocess.py:86} INFO - Output:
[2023-11-14T16:36:16.376+0000] {subprocess.py:93} INFO - --2023-11-14 16:36:16--  https://datahub.io/core/top-level-domain-names/r/top-level-domain-names.csv.csv
[2023-11-14T16:36:16.378+0000] {subprocess.py:93} INFO - Resolving datahub.io (datahub.io)... 188.114.97.0, 188.114.96.0, 2a06:98c1:3121::, ...
[2023-11-14T16:36:16.380+0000] {subprocess.py:93} INFO - Connecting to datahub.io (datahub.io)|188.114.97.0|:443... connected.
[2023-11-14T16:36:17.666+0000] {subprocess.py:93} INFO - HTTP request sent, awaiting response... 302 Found
[2023-11-14T16:36:17.667+0000] {subprocess.py:93} INFO - Location: https://pkgstore.datahub.io/core/top-level-domain-names/top-level-domain-names.csv_csv/data/667f4464088f3ca10522e0e2e39c8ae4/top-level-domain-names.csv_csv.csv [following]
[2023-11-14T16:36:17.667+0000] {subprocess.py:93} INFO - --2023-11-14 16:36:17--  https://pkgstore.datahub.io/core/top-level-domain-names/top-level-domain-names.csv_csv/data/667f4464088f3ca10522e0e2e39c8ae4/top-level-domain-names.csv_csv.csv
[2023-11-14T16:36:17.680+0000] {subprocess.py:93} INFO - Resolving pkgstore.datahub.io (pkgstore.datahub.io)... 188.114.96.0, 188.114.97.0, 2a06:98c1:3120::, ...
[2023-11-14T16:36:17.681+0000] {subprocess.py:93} INFO - Connecting to pkgstore.datahub.io (pkgstore.datahub.io)|188.114.96.0|:443... connected.
[2023-11-14T16:36:17.797+0000] {subprocess.py:93} INFO - HTTP request sent, awaiting response... 200 OK
[2023-11-14T16:36:17.797+0000] {subprocess.py:93} INFO - Length: unspecified [text/plain]
[2023-11-14T16:36:17.798+0000] {subprocess.py:93} INFO - Saving to: ‘/workspaces/hands-on-introduction-data-engineering-4395021/lab/end-to-end/basic-etl-extract-data.csv’
[2023-11-14T16:36:17.799+0000] {subprocess.py:93} INFO - 
[2023-11-14T16:36:17.800+0000] {subprocess.py:93} INFO -      0K .......... .......... .......... .......... ..         21.6M=0.002s
[2023-11-14T16:36:17.800+0000] {subprocess.py:93} INFO - 
[2023-11-14T16:36:17.800+0000] {subprocess.py:93} INFO - 2023-11-14 16:36:17 (21.6 MB/s) - ‘/workspaces/hands-on-introduction-data-engineering-4395021/lab/end-to-end/basic-etl-extract-data.csv’ saved [43709]
[2023-11-14T16:36:17.800+0000] {subprocess.py:93} INFO - 
[2023-11-14T16:36:17.802+0000] {subprocess.py:97} INFO - Command exited with return code 0
[2023-11-14T16:36:17.857+0000] {taskinstance.py:1318} INFO - Marking task as SUCCESS. dag_id=basic_etl_dag, task_id=extract_task, execution_date=20231114T163612, start_date=20231114T163615, end_date=20231114T163617
[2023-11-14T16:36:17.931+0000] {local_task_job.py:208} INFO - Task exited with return code 0
[2023-11-14T16:36:17.947+0000] {taskinstance.py:2578} INFO - 1 downstream tasks scheduled from follow-on schedule check
