[2023-11-14T11:04:59.527+0000] {taskinstance.py:1083} INFO - Dependencies all met for <TaskInstance: extract_dag.extract_task manual__2023-11-14T11:04:55.670508+00:00 [queued]>
[2023-11-14T11:04:59.532+0000] {taskinstance.py:1083} INFO - Dependencies all met for <TaskInstance: extract_dag.extract_task manual__2023-11-14T11:04:55.670508+00:00 [queued]>
[2023-11-14T11:04:59.532+0000] {taskinstance.py:1279} INFO - 
--------------------------------------------------------------------------------
[2023-11-14T11:04:59.532+0000] {taskinstance.py:1280} INFO - Starting attempt 1 of 1
[2023-11-14T11:04:59.532+0000] {taskinstance.py:1281} INFO - 
--------------------------------------------------------------------------------
[2023-11-14T11:04:59.581+0000] {taskinstance.py:1300} INFO - Executing <Task(BashOperator): extract_task> on 2023-11-14 11:04:55.670508+00:00
[2023-11-14T11:04:59.584+0000] {standard_task_runner.py:55} INFO - Started process 16014 to run task
[2023-11-14T11:04:59.586+0000] {standard_task_runner.py:82} INFO - Running: ['airflow', 'tasks', 'run', 'extract_dag', 'extract_task', 'manual__2023-11-14T11:04:55.670508+00:00', '--job-id', '7', '--raw', '--subdir', 'DAGS_FOLDER/extract_dag.py', '--cfg-path', '/tmp/tmpgb3rbhd1']
[2023-11-14T11:04:59.587+0000] {standard_task_runner.py:83} INFO - Job 7: Subtask extract_task
[2023-11-14T11:04:59.688+0000] {task_command.py:388} INFO - Running <TaskInstance: extract_dag.extract_task manual__2023-11-14T11:04:55.670508+00:00 [running]> on host codespaces-1a8ad4
[2023-11-14T11:04:59.805+0000] {taskinstance.py:1507} INFO - Exporting the following env vars:
AIRFLOW_CTX_DAG_OWNER=airflow
AIRFLOW_CTX_DAG_ID=extract_dag
AIRFLOW_CTX_TASK_ID=extract_task
AIRFLOW_CTX_EXECUTION_DATE=2023-11-14T11:04:55.670508+00:00
AIRFLOW_CTX_TRY_NUMBER=1
AIRFLOW_CTX_DAG_RUN_ID=manual__2023-11-14T11:04:55.670508+00:00
[2023-11-14T11:04:59.806+0000] {subprocess.py:63} INFO - Tmp dir root location: 
 /tmp
[2023-11-14T11:04:59.807+0000] {subprocess.py:75} INFO - Running command: ['/usr/bin/bash', '-c', 'wget -c https://datahub.io/core/top-level-domain-names/r/top-level-domain-names.csv.csv -O             /workspaces/hands-on-introduction-data-engineering-4395021/lab/orchestrated/airflow-extract-data.csv']
[2023-11-14T11:04:59.814+0000] {subprocess.py:86} INFO - Output:
[2023-11-14T11:04:59.818+0000] {subprocess.py:93} INFO - --2023-11-14 11:04:59--  https://datahub.io/core/top-level-domain-names/r/top-level-domain-names.csv.csv
[2023-11-14T11:04:59.833+0000] {subprocess.py:93} INFO - Resolving datahub.io (datahub.io)... 188.114.97.0, 188.114.96.0, 2a06:98c1:3120::, ...
[2023-11-14T11:04:59.836+0000] {subprocess.py:93} INFO - Connecting to datahub.io (datahub.io)|188.114.97.0|:443... connected.
[2023-11-14T11:05:01.298+0000] {subprocess.py:93} INFO - HTTP request sent, awaiting response... 302 Found
[2023-11-14T11:05:01.298+0000] {subprocess.py:93} INFO - Location: https://pkgstore.datahub.io/core/top-level-domain-names/top-level-domain-names.csv_csv/data/667f4464088f3ca10522e0e2e39c8ae4/top-level-domain-names.csv_csv.csv [following]
[2023-11-14T11:05:01.298+0000] {subprocess.py:93} INFO - --2023-11-14 11:05:01--  https://pkgstore.datahub.io/core/top-level-domain-names/top-level-domain-names.csv_csv/data/667f4464088f3ca10522e0e2e39c8ae4/top-level-domain-names.csv_csv.csv
[2023-11-14T11:05:01.315+0000] {subprocess.py:93} INFO - Resolving pkgstore.datahub.io (pkgstore.datahub.io)... 188.114.97.0, 188.114.96.0, 2a06:98c1:3121::, ...
[2023-11-14T11:05:01.318+0000] {subprocess.py:93} INFO - Connecting to pkgstore.datahub.io (pkgstore.datahub.io)|188.114.97.0|:443... connected.
[2023-11-14T11:05:01.491+0000] {subprocess.py:93} INFO - HTTP request sent, awaiting response... 200 OK
[2023-11-14T11:05:01.491+0000] {subprocess.py:93} INFO - Length: unspecified [text/plain]
[2023-11-14T11:05:01.491+0000] {subprocess.py:93} INFO - Saving to: ‘/workspaces/hands-on-introduction-data-engineering-4395021/lab/orchestrated/airflow-extract-data.csv’
[2023-11-14T11:05:01.492+0000] {subprocess.py:93} INFO - 
[2023-11-14T11:05:01.493+0000] {subprocess.py:93} INFO -      0K .......... .......... .......... .......... ..         16.6M=0.003s
[2023-11-14T11:05:01.493+0000] {subprocess.py:93} INFO - 
[2023-11-14T11:05:01.494+0000] {subprocess.py:93} INFO - 2023-11-14 11:05:01 (16.6 MB/s) - ‘/workspaces/hands-on-introduction-data-engineering-4395021/lab/orchestrated/airflow-extract-data.csv’ saved [43709]
[2023-11-14T11:05:01.495+0000] {subprocess.py:93} INFO - 
[2023-11-14T11:05:01.495+0000] {subprocess.py:97} INFO - Command exited with return code 0
[2023-11-14T11:05:01.562+0000] {taskinstance.py:1318} INFO - Marking task as SUCCESS. dag_id=extract_dag, task_id=extract_task, execution_date=20231114T110455, start_date=20231114T110459, end_date=20231114T110501
[2023-11-14T11:05:01.641+0000] {local_task_job.py:208} INFO - Task exited with return code 0
[2023-11-14T11:05:01.661+0000] {taskinstance.py:2578} INFO - 0 downstream tasks scheduled from follow-on schedule check
