[2023-11-14T16:27:49.420+0000] {processor.py:153} INFO - Started process (PID=15312) to work on /workspaces/hands-on-introduction-data-engineering-4395021/airflow/dags/basic_etl_dag.py
[2023-11-14T16:27:49.420+0000] {processor.py:743} INFO - Processing file /workspaces/hands-on-introduction-data-engineering-4395021/airflow/dags/basic_etl_dag.py for tasks to queue
[2023-11-14T16:27:49.421+0000] {logging_mixin.py:137} INFO - [2023-11-14T16:27:49.421+0000] {dagbag.py:538} INFO - Filling up the DagBag from /workspaces/hands-on-introduction-data-engineering-4395021/airflow/dags/basic_etl_dag.py
[2023-11-14T16:27:51.289+0000] {processor.py:753} INFO - DAG(s) dict_keys(['baisc_etl_dag']) retrieved from /workspaces/hands-on-introduction-data-engineering-4395021/airflow/dags/basic_etl_dag.py
[2023-11-14T16:27:51.464+0000] {logging_mixin.py:137} INFO - [2023-11-14T16:27:51.463+0000] {manager.py:504} INFO - Created Permission View: can delete on DAG:baisc_etl_dag
[2023-11-14T16:27:51.521+0000] {logging_mixin.py:137} INFO - [2023-11-14T16:27:51.521+0000] {manager.py:504} INFO - Created Permission View: can edit on DAG:baisc_etl_dag
[2023-11-14T16:27:51.573+0000] {logging_mixin.py:137} INFO - [2023-11-14T16:27:51.573+0000] {manager.py:504} INFO - Created Permission View: can read on DAG:baisc_etl_dag
[2023-11-14T16:27:51.573+0000] {logging_mixin.py:137} INFO - [2023-11-14T16:27:51.573+0000] {dag.py:2690} INFO - Sync 1 DAGs
[2023-11-14T16:27:51.584+0000] {logging_mixin.py:137} INFO - [2023-11-14T16:27:51.583+0000] {dag.py:2711} INFO - Creating ORM DAG for baisc_etl_dag
[2023-11-14T16:27:51.594+0000] {logging_mixin.py:137} INFO - [2023-11-14T16:27:51.594+0000] {dag.py:3437} INFO - Setting next_dagrun for baisc_etl_dag to None, run_after=None
[2023-11-14T16:27:51.711+0000] {processor.py:175} INFO - Processing /workspaces/hands-on-introduction-data-engineering-4395021/airflow/dags/basic_etl_dag.py took 2.293 seconds
[2023-11-14T16:28:50.585+0000] {processor.py:153} INFO - Started process (PID=15852) to work on /workspaces/hands-on-introduction-data-engineering-4395021/airflow/dags/basic_etl_dag.py
[2023-11-14T16:28:50.586+0000] {processor.py:743} INFO - Processing file /workspaces/hands-on-introduction-data-engineering-4395021/airflow/dags/basic_etl_dag.py for tasks to queue
[2023-11-14T16:28:50.587+0000] {logging_mixin.py:137} INFO - [2023-11-14T16:28:50.586+0000] {dagbag.py:538} INFO - Filling up the DagBag from /workspaces/hands-on-introduction-data-engineering-4395021/airflow/dags/basic_etl_dag.py
[2023-11-14T16:28:50.854+0000] {processor.py:753} INFO - DAG(s) dict_keys(['baisc_etl_dag']) retrieved from /workspaces/hands-on-introduction-data-engineering-4395021/airflow/dags/basic_etl_dag.py
[2023-11-14T16:28:50.871+0000] {logging_mixin.py:137} INFO - [2023-11-14T16:28:50.871+0000] {dag.py:2690} INFO - Sync 1 DAGs
[2023-11-14T16:28:50.891+0000] {logging_mixin.py:137} INFO - [2023-11-14T16:28:50.891+0000] {dag.py:3437} INFO - Setting next_dagrun for baisc_etl_dag to None, run_after=None
[2023-11-14T16:28:50.992+0000] {processor.py:175} INFO - Processing /workspaces/hands-on-introduction-data-engineering-4395021/airflow/dags/basic_etl_dag.py took 0.408 seconds
[2023-11-14T16:29:30.825+0000] {processor.py:153} INFO - Started process (PID=16160) to work on /workspaces/hands-on-introduction-data-engineering-4395021/airflow/dags/basic_etl_dag.py
[2023-11-14T16:29:30.826+0000] {processor.py:743} INFO - Processing file /workspaces/hands-on-introduction-data-engineering-4395021/airflow/dags/basic_etl_dag.py for tasks to queue
[2023-11-14T16:29:30.827+0000] {logging_mixin.py:137} INFO - [2023-11-14T16:29:30.827+0000] {dagbag.py:538} INFO - Filling up the DagBag from /workspaces/hands-on-introduction-data-engineering-4395021/airflow/dags/basic_etl_dag.py
[2023-11-14T16:29:31.105+0000] {processor.py:753} INFO - DAG(s) dict_keys(['baisc_etl_dag']) retrieved from /workspaces/hands-on-introduction-data-engineering-4395021/airflow/dags/basic_etl_dag.py
[2023-11-14T16:29:31.119+0000] {logging_mixin.py:137} INFO - [2023-11-14T16:29:31.118+0000] {dag.py:2690} INFO - Sync 1 DAGs
[2023-11-14T16:29:31.132+0000] {logging_mixin.py:137} INFO - [2023-11-14T16:29:31.132+0000] {dag.py:3437} INFO - Setting next_dagrun for baisc_etl_dag to None, run_after=None
[2023-11-14T16:29:31.186+0000] {processor.py:175} INFO - Processing /workspaces/hands-on-introduction-data-engineering-4395021/airflow/dags/basic_etl_dag.py took 0.364 seconds
[2023-11-14T16:30:14.131+0000] {processor.py:153} INFO - Started process (PID=16486) to work on /workspaces/hands-on-introduction-data-engineering-4395021/airflow/dags/basic_etl_dag.py
[2023-11-14T16:30:14.132+0000] {processor.py:743} INFO - Processing file /workspaces/hands-on-introduction-data-engineering-4395021/airflow/dags/basic_etl_dag.py for tasks to queue
[2023-11-14T16:30:14.132+0000] {logging_mixin.py:137} INFO - [2023-11-14T16:30:14.132+0000] {dagbag.py:538} INFO - Filling up the DagBag from /workspaces/hands-on-introduction-data-engineering-4395021/airflow/dags/basic_etl_dag.py
[2023-11-14T16:30:14.448+0000] {processor.py:753} INFO - DAG(s) dict_keys(['baisc_etl_dag']) retrieved from /workspaces/hands-on-introduction-data-engineering-4395021/airflow/dags/basic_etl_dag.py
[2023-11-14T16:30:14.460+0000] {logging_mixin.py:137} INFO - [2023-11-14T16:30:14.460+0000] {dag.py:2690} INFO - Sync 1 DAGs
[2023-11-14T16:30:14.474+0000] {logging_mixin.py:137} INFO - [2023-11-14T16:30:14.474+0000] {dag.py:3437} INFO - Setting next_dagrun for baisc_etl_dag to None, run_after=None
[2023-11-14T16:30:14.561+0000] {processor.py:175} INFO - Processing /workspaces/hands-on-introduction-data-engineering-4395021/airflow/dags/basic_etl_dag.py took 0.433 seconds
[2023-11-14T16:30:47.737+0000] {processor.py:153} INFO - Started process (PID=16732) to work on /workspaces/hands-on-introduction-data-engineering-4395021/airflow/dags/basic_etl_dag.py
[2023-11-14T16:30:47.738+0000] {processor.py:743} INFO - Processing file /workspaces/hands-on-introduction-data-engineering-4395021/airflow/dags/basic_etl_dag.py for tasks to queue
[2023-11-14T16:30:47.738+0000] {logging_mixin.py:137} INFO - [2023-11-14T16:30:47.738+0000] {dagbag.py:538} INFO - Filling up the DagBag from /workspaces/hands-on-introduction-data-engineering-4395021/airflow/dags/basic_etl_dag.py
[2023-11-14T16:30:48.060+0000] {processor.py:753} INFO - DAG(s) dict_keys(['baisc_etl_dag']) retrieved from /workspaces/hands-on-introduction-data-engineering-4395021/airflow/dags/basic_etl_dag.py
[2023-11-14T16:30:48.072+0000] {logging_mixin.py:137} INFO - [2023-11-14T16:30:48.072+0000] {dag.py:2690} INFO - Sync 1 DAGs
[2023-11-14T16:30:48.088+0000] {logging_mixin.py:137} INFO - [2023-11-14T16:30:48.088+0000] {dag.py:3437} INFO - Setting next_dagrun for baisc_etl_dag to None, run_after=None
[2023-11-14T16:30:48.144+0000] {processor.py:175} INFO - Processing /workspaces/hands-on-introduction-data-engineering-4395021/airflow/dags/basic_etl_dag.py took 0.409 seconds
[2023-11-14T16:31:19.214+0000] {processor.py:153} INFO - Started process (PID=16964) to work on /workspaces/hands-on-introduction-data-engineering-4395021/airflow/dags/basic_etl_dag.py
[2023-11-14T16:31:19.215+0000] {processor.py:743} INFO - Processing file /workspaces/hands-on-introduction-data-engineering-4395021/airflow/dags/basic_etl_dag.py for tasks to queue
[2023-11-14T16:31:19.215+0000] {logging_mixin.py:137} INFO - [2023-11-14T16:31:19.215+0000] {dagbag.py:538} INFO - Filling up the DagBag from /workspaces/hands-on-introduction-data-engineering-4395021/airflow/dags/basic_etl_dag.py
[2023-11-14T16:31:19.520+0000] {processor.py:753} INFO - DAG(s) dict_keys(['baisc_etl_dag']) retrieved from /workspaces/hands-on-introduction-data-engineering-4395021/airflow/dags/basic_etl_dag.py
[2023-11-14T16:31:19.532+0000] {logging_mixin.py:137} INFO - [2023-11-14T16:31:19.532+0000] {dag.py:2690} INFO - Sync 1 DAGs
[2023-11-14T16:31:19.547+0000] {logging_mixin.py:137} INFO - [2023-11-14T16:31:19.547+0000] {dag.py:3437} INFO - Setting next_dagrun for baisc_etl_dag to None, run_after=None
[2023-11-14T16:31:19.597+0000] {processor.py:175} INFO - Processing /workspaces/hands-on-introduction-data-engineering-4395021/airflow/dags/basic_etl_dag.py took 0.385 seconds
[2023-11-14T16:32:10.982+0000] {processor.py:153} INFO - Started process (PID=17441) to work on /workspaces/hands-on-introduction-data-engineering-4395021/airflow/dags/basic_etl_dag.py
[2023-11-14T16:32:10.983+0000] {processor.py:743} INFO - Processing file /workspaces/hands-on-introduction-data-engineering-4395021/airflow/dags/basic_etl_dag.py for tasks to queue
[2023-11-14T16:32:10.983+0000] {logging_mixin.py:137} INFO - [2023-11-14T16:32:10.983+0000] {dagbag.py:538} INFO - Filling up the DagBag from /workspaces/hands-on-introduction-data-engineering-4395021/airflow/dags/basic_etl_dag.py
[2023-11-14T16:32:11.297+0000] {processor.py:753} INFO - DAG(s) dict_keys(['baisc_etl_dag']) retrieved from /workspaces/hands-on-introduction-data-engineering-4395021/airflow/dags/basic_etl_dag.py
[2023-11-14T16:32:11.310+0000] {logging_mixin.py:137} INFO - [2023-11-14T16:32:11.310+0000] {dag.py:2690} INFO - Sync 1 DAGs
[2023-11-14T16:32:11.325+0000] {logging_mixin.py:137} INFO - [2023-11-14T16:32:11.325+0000] {dag.py:3437} INFO - Setting next_dagrun for baisc_etl_dag to None, run_after=None
[2023-11-14T16:32:11.381+0000] {processor.py:175} INFO - Processing /workspaces/hands-on-introduction-data-engineering-4395021/airflow/dags/basic_etl_dag.py took 0.401 seconds
[2023-11-14T16:33:22.864+0000] {processor.py:153} INFO - Started process (PID=18137) to work on /workspaces/hands-on-introduction-data-engineering-4395021/airflow/dags/basic_etl_dag.py
[2023-11-14T16:33:22.864+0000] {processor.py:743} INFO - Processing file /workspaces/hands-on-introduction-data-engineering-4395021/airflow/dags/basic_etl_dag.py for tasks to queue
[2023-11-14T16:33:22.865+0000] {logging_mixin.py:137} INFO - [2023-11-14T16:33:22.865+0000] {dagbag.py:538} INFO - Filling up the DagBag from /workspaces/hands-on-introduction-data-engineering-4395021/airflow/dags/basic_etl_dag.py
[2023-11-14T16:33:23.159+0000] {processor.py:753} INFO - DAG(s) dict_keys(['baisc_etl_dag']) retrieved from /workspaces/hands-on-introduction-data-engineering-4395021/airflow/dags/basic_etl_dag.py
[2023-11-14T16:33:23.171+0000] {logging_mixin.py:137} INFO - [2023-11-14T16:33:23.171+0000] {dag.py:2690} INFO - Sync 1 DAGs
[2023-11-14T16:33:23.185+0000] {logging_mixin.py:137} INFO - [2023-11-14T16:33:23.185+0000] {dag.py:3437} INFO - Setting next_dagrun for baisc_etl_dag to None, run_after=None
[2023-11-14T16:33:23.236+0000] {processor.py:175} INFO - Processing /workspaces/hands-on-introduction-data-engineering-4395021/airflow/dags/basic_etl_dag.py took 0.374 seconds
[2023-11-14T16:33:47.058+0000] {processor.py:153} INFO - Started process (PID=18309) to work on /workspaces/hands-on-introduction-data-engineering-4395021/airflow/dags/basic_etl_dag.py
[2023-11-14T16:33:47.058+0000] {processor.py:743} INFO - Processing file /workspaces/hands-on-introduction-data-engineering-4395021/airflow/dags/basic_etl_dag.py for tasks to queue
[2023-11-14T16:33:47.059+0000] {logging_mixin.py:137} INFO - [2023-11-14T16:33:47.058+0000] {dagbag.py:538} INFO - Filling up the DagBag from /workspaces/hands-on-introduction-data-engineering-4395021/airflow/dags/basic_etl_dag.py
[2023-11-14T16:33:47.327+0000] {processor.py:753} INFO - DAG(s) dict_keys(['basic_etl_dag']) retrieved from /workspaces/hands-on-introduction-data-engineering-4395021/airflow/dags/basic_etl_dag.py
[2023-11-14T16:33:47.478+0000] {logging_mixin.py:137} INFO - [2023-11-14T16:33:47.478+0000] {manager.py:504} INFO - Created Permission View: can read on DAG:basic_etl_dag
[2023-11-14T16:33:47.523+0000] {logging_mixin.py:137} INFO - [2023-11-14T16:33:47.523+0000] {manager.py:504} INFO - Created Permission View: can edit on DAG:basic_etl_dag
[2023-11-14T16:33:47.564+0000] {logging_mixin.py:137} INFO - [2023-11-14T16:33:47.563+0000] {manager.py:504} INFO - Created Permission View: can delete on DAG:basic_etl_dag
[2023-11-14T16:33:47.564+0000] {logging_mixin.py:137} INFO - [2023-11-14T16:33:47.564+0000] {dag.py:2690} INFO - Sync 1 DAGs
[2023-11-14T16:33:47.571+0000] {logging_mixin.py:137} INFO - [2023-11-14T16:33:47.571+0000] {dag.py:2711} INFO - Creating ORM DAG for basic_etl_dag
[2023-11-14T16:33:47.577+0000] {logging_mixin.py:137} INFO - [2023-11-14T16:33:47.577+0000] {dag.py:3437} INFO - Setting next_dagrun for basic_etl_dag to None, run_after=None
[2023-11-14T16:33:47.634+0000] {processor.py:175} INFO - Processing /workspaces/hands-on-introduction-data-engineering-4395021/airflow/dags/basic_etl_dag.py took 0.578 seconds
[2023-11-14T16:34:18.457+0000] {processor.py:153} INFO - Started process (PID=18495) to work on /workspaces/hands-on-introduction-data-engineering-4395021/airflow/dags/basic_etl_dag.py
[2023-11-14T16:34:18.458+0000] {processor.py:743} INFO - Processing file /workspaces/hands-on-introduction-data-engineering-4395021/airflow/dags/basic_etl_dag.py for tasks to queue
[2023-11-14T16:34:18.459+0000] {logging_mixin.py:137} INFO - [2023-11-14T16:34:18.458+0000] {dagbag.py:538} INFO - Filling up the DagBag from /workspaces/hands-on-introduction-data-engineering-4395021/airflow/dags/basic_etl_dag.py
[2023-11-14T16:34:18.763+0000] {processor.py:753} INFO - DAG(s) dict_keys(['basic_etl_dag']) retrieved from /workspaces/hands-on-introduction-data-engineering-4395021/airflow/dags/basic_etl_dag.py
[2023-11-14T16:34:18.775+0000] {logging_mixin.py:137} INFO - [2023-11-14T16:34:18.775+0000] {dag.py:2690} INFO - Sync 1 DAGs
[2023-11-14T16:34:18.790+0000] {logging_mixin.py:137} INFO - [2023-11-14T16:34:18.790+0000] {dag.py:3437} INFO - Setting next_dagrun for basic_etl_dag to None, run_after=None
[2023-11-14T16:34:18.841+0000] {processor.py:175} INFO - Processing /workspaces/hands-on-introduction-data-engineering-4395021/airflow/dags/basic_etl_dag.py took 0.388 seconds
[2023-11-14T16:34:49.518+0000] {processor.py:153} INFO - Started process (PID=18685) to work on /workspaces/hands-on-introduction-data-engineering-4395021/airflow/dags/basic_etl_dag.py
[2023-11-14T16:34:49.518+0000] {processor.py:743} INFO - Processing file /workspaces/hands-on-introduction-data-engineering-4395021/airflow/dags/basic_etl_dag.py for tasks to queue
[2023-11-14T16:34:49.519+0000] {logging_mixin.py:137} INFO - [2023-11-14T16:34:49.519+0000] {dagbag.py:538} INFO - Filling up the DagBag from /workspaces/hands-on-introduction-data-engineering-4395021/airflow/dags/basic_etl_dag.py
[2023-11-14T16:34:49.782+0000] {processor.py:753} INFO - DAG(s) dict_keys(['basic_etl_dag']) retrieved from /workspaces/hands-on-introduction-data-engineering-4395021/airflow/dags/basic_etl_dag.py
[2023-11-14T16:34:49.794+0000] {logging_mixin.py:137} INFO - [2023-11-14T16:34:49.794+0000] {dag.py:2690} INFO - Sync 1 DAGs
[2023-11-14T16:34:49.807+0000] {logging_mixin.py:137} INFO - [2023-11-14T16:34:49.807+0000] {dag.py:3437} INFO - Setting next_dagrun for basic_etl_dag to None, run_after=None
[2023-11-14T16:34:49.870+0000] {processor.py:175} INFO - Processing /workspaces/hands-on-introduction-data-engineering-4395021/airflow/dags/basic_etl_dag.py took 0.354 seconds
[2023-11-14T16:35:20.600+0000] {processor.py:153} INFO - Started process (PID=18876) to work on /workspaces/hands-on-introduction-data-engineering-4395021/airflow/dags/basic_etl_dag.py
[2023-11-14T16:35:20.601+0000] {processor.py:743} INFO - Processing file /workspaces/hands-on-introduction-data-engineering-4395021/airflow/dags/basic_etl_dag.py for tasks to queue
[2023-11-14T16:35:20.601+0000] {logging_mixin.py:137} INFO - [2023-11-14T16:35:20.601+0000] {dagbag.py:538} INFO - Filling up the DagBag from /workspaces/hands-on-introduction-data-engineering-4395021/airflow/dags/basic_etl_dag.py
[2023-11-14T16:35:20.860+0000] {processor.py:753} INFO - DAG(s) dict_keys(['basic_etl_dag']) retrieved from /workspaces/hands-on-introduction-data-engineering-4395021/airflow/dags/basic_etl_dag.py
[2023-11-14T16:35:20.872+0000] {logging_mixin.py:137} INFO - [2023-11-14T16:35:20.872+0000] {dag.py:2690} INFO - Sync 1 DAGs
[2023-11-14T16:35:20.886+0000] {logging_mixin.py:137} INFO - [2023-11-14T16:35:20.886+0000] {dag.py:3437} INFO - Setting next_dagrun for basic_etl_dag to None, run_after=None
[2023-11-14T16:35:20.954+0000] {processor.py:175} INFO - Processing /workspaces/hands-on-introduction-data-engineering-4395021/airflow/dags/basic_etl_dag.py took 0.356 seconds
[2023-11-14T16:35:51.206+0000] {processor.py:153} INFO - Started process (PID=19084) to work on /workspaces/hands-on-introduction-data-engineering-4395021/airflow/dags/basic_etl_dag.py
[2023-11-14T16:35:51.207+0000] {processor.py:743} INFO - Processing file /workspaces/hands-on-introduction-data-engineering-4395021/airflow/dags/basic_etl_dag.py for tasks to queue
[2023-11-14T16:35:51.207+0000] {logging_mixin.py:137} INFO - [2023-11-14T16:35:51.207+0000] {dagbag.py:538} INFO - Filling up the DagBag from /workspaces/hands-on-introduction-data-engineering-4395021/airflow/dags/basic_etl_dag.py
[2023-11-14T16:35:51.472+0000] {processor.py:753} INFO - DAG(s) dict_keys(['basic_etl_dag']) retrieved from /workspaces/hands-on-introduction-data-engineering-4395021/airflow/dags/basic_etl_dag.py
[2023-11-14T16:35:51.484+0000] {logging_mixin.py:137} INFO - [2023-11-14T16:35:51.484+0000] {dag.py:2690} INFO - Sync 1 DAGs
[2023-11-14T16:35:51.498+0000] {logging_mixin.py:137} INFO - [2023-11-14T16:35:51.497+0000] {dag.py:3437} INFO - Setting next_dagrun for basic_etl_dag to None, run_after=None
[2023-11-14T16:35:51.568+0000] {processor.py:175} INFO - Processing /workspaces/hands-on-introduction-data-engineering-4395021/airflow/dags/basic_etl_dag.py took 0.364 seconds
[2023-11-14T16:36:02.426+0000] {processor.py:153} INFO - Started process (PID=19165) to work on /workspaces/hands-on-introduction-data-engineering-4395021/airflow/dags/basic_etl_dag.py
[2023-11-14T16:36:02.427+0000] {processor.py:743} INFO - Processing file /workspaces/hands-on-introduction-data-engineering-4395021/airflow/dags/basic_etl_dag.py for tasks to queue
[2023-11-14T16:36:02.427+0000] {logging_mixin.py:137} INFO - [2023-11-14T16:36:02.427+0000] {dagbag.py:538} INFO - Filling up the DagBag from /workspaces/hands-on-introduction-data-engineering-4395021/airflow/dags/basic_etl_dag.py
[2023-11-14T16:36:02.708+0000] {processor.py:753} INFO - DAG(s) dict_keys(['basic_etl_dag']) retrieved from /workspaces/hands-on-introduction-data-engineering-4395021/airflow/dags/basic_etl_dag.py
[2023-11-14T16:36:02.741+0000] {logging_mixin.py:137} INFO - [2023-11-14T16:36:02.740+0000] {dag.py:2690} INFO - Sync 1 DAGs
[2023-11-14T16:36:02.753+0000] {logging_mixin.py:137} INFO - [2023-11-14T16:36:02.753+0000] {dag.py:3437} INFO - Setting next_dagrun for basic_etl_dag to None, run_after=None
[2023-11-14T16:36:02.807+0000] {processor.py:175} INFO - Processing /workspaces/hands-on-introduction-data-engineering-4395021/airflow/dags/basic_etl_dag.py took 0.383 seconds
[2023-11-14T16:36:33.391+0000] {processor.py:153} INFO - Started process (PID=19358) to work on /workspaces/hands-on-introduction-data-engineering-4395021/airflow/dags/basic_etl_dag.py
[2023-11-14T16:36:33.391+0000] {processor.py:743} INFO - Processing file /workspaces/hands-on-introduction-data-engineering-4395021/airflow/dags/basic_etl_dag.py for tasks to queue
[2023-11-14T16:36:33.392+0000] {logging_mixin.py:137} INFO - [2023-11-14T16:36:33.392+0000] {dagbag.py:538} INFO - Filling up the DagBag from /workspaces/hands-on-introduction-data-engineering-4395021/airflow/dags/basic_etl_dag.py
[2023-11-14T16:36:33.688+0000] {processor.py:753} INFO - DAG(s) dict_keys(['basic_etl_dag']) retrieved from /workspaces/hands-on-introduction-data-engineering-4395021/airflow/dags/basic_etl_dag.py
[2023-11-14T16:36:33.705+0000] {logging_mixin.py:137} INFO - [2023-11-14T16:36:33.704+0000] {dag.py:2690} INFO - Sync 1 DAGs
[2023-11-14T16:36:33.791+0000] {logging_mixin.py:137} INFO - [2023-11-14T16:36:33.791+0000] {dag.py:3437} INFO - Setting next_dagrun for basic_etl_dag to None, run_after=None
[2023-11-14T16:36:33.884+0000] {processor.py:175} INFO - Processing /workspaces/hands-on-introduction-data-engineering-4395021/airflow/dags/basic_etl_dag.py took 0.495 seconds
[2023-11-14T16:37:04.852+0000] {processor.py:153} INFO - Started process (PID=19558) to work on /workspaces/hands-on-introduction-data-engineering-4395021/airflow/dags/basic_etl_dag.py
[2023-11-14T16:37:04.853+0000] {processor.py:743} INFO - Processing file /workspaces/hands-on-introduction-data-engineering-4395021/airflow/dags/basic_etl_dag.py for tasks to queue
[2023-11-14T16:37:04.853+0000] {logging_mixin.py:137} INFO - [2023-11-14T16:37:04.853+0000] {dagbag.py:538} INFO - Filling up the DagBag from /workspaces/hands-on-introduction-data-engineering-4395021/airflow/dags/basic_etl_dag.py
[2023-11-14T16:37:05.181+0000] {processor.py:753} INFO - DAG(s) dict_keys(['basic_etl_dag']) retrieved from /workspaces/hands-on-introduction-data-engineering-4395021/airflow/dags/basic_etl_dag.py
[2023-11-14T16:37:05.200+0000] {logging_mixin.py:137} INFO - [2023-11-14T16:37:05.200+0000] {dag.py:2690} INFO - Sync 1 DAGs
[2023-11-14T16:37:05.216+0000] {logging_mixin.py:137} INFO - [2023-11-14T16:37:05.216+0000] {dag.py:3437} INFO - Setting next_dagrun for basic_etl_dag to None, run_after=None
[2023-11-14T16:37:05.271+0000] {processor.py:175} INFO - Processing /workspaces/hands-on-introduction-data-engineering-4395021/airflow/dags/basic_etl_dag.py took 0.421 seconds
[2023-11-14T16:37:35.637+0000] {processor.py:153} INFO - Started process (PID=19746) to work on /workspaces/hands-on-introduction-data-engineering-4395021/airflow/dags/basic_etl_dag.py
[2023-11-14T16:37:35.638+0000] {processor.py:743} INFO - Processing file /workspaces/hands-on-introduction-data-engineering-4395021/airflow/dags/basic_etl_dag.py for tasks to queue
[2023-11-14T16:37:35.639+0000] {logging_mixin.py:137} INFO - [2023-11-14T16:37:35.639+0000] {dagbag.py:538} INFO - Filling up the DagBag from /workspaces/hands-on-introduction-data-engineering-4395021/airflow/dags/basic_etl_dag.py
[2023-11-14T16:37:35.925+0000] {processor.py:753} INFO - DAG(s) dict_keys(['basic_etl_dag']) retrieved from /workspaces/hands-on-introduction-data-engineering-4395021/airflow/dags/basic_etl_dag.py
[2023-11-14T16:37:35.938+0000] {logging_mixin.py:137} INFO - [2023-11-14T16:37:35.938+0000] {dag.py:2690} INFO - Sync 1 DAGs
[2023-11-14T16:37:35.953+0000] {logging_mixin.py:137} INFO - [2023-11-14T16:37:35.953+0000] {dag.py:3437} INFO - Setting next_dagrun for basic_etl_dag to None, run_after=None
[2023-11-14T16:37:36.004+0000] {processor.py:175} INFO - Processing /workspaces/hands-on-introduction-data-engineering-4395021/airflow/dags/basic_etl_dag.py took 0.370 seconds
[2023-11-14T16:38:06.529+0000] {processor.py:153} INFO - Started process (PID=19930) to work on /workspaces/hands-on-introduction-data-engineering-4395021/airflow/dags/basic_etl_dag.py
[2023-11-14T16:38:06.530+0000] {processor.py:743} INFO - Processing file /workspaces/hands-on-introduction-data-engineering-4395021/airflow/dags/basic_etl_dag.py for tasks to queue
[2023-11-14T16:38:06.531+0000] {logging_mixin.py:137} INFO - [2023-11-14T16:38:06.531+0000] {dagbag.py:538} INFO - Filling up the DagBag from /workspaces/hands-on-introduction-data-engineering-4395021/airflow/dags/basic_etl_dag.py
[2023-11-14T16:38:06.789+0000] {processor.py:753} INFO - DAG(s) dict_keys(['basic_etl_dag']) retrieved from /workspaces/hands-on-introduction-data-engineering-4395021/airflow/dags/basic_etl_dag.py
[2023-11-14T16:38:06.801+0000] {logging_mixin.py:137} INFO - [2023-11-14T16:38:06.801+0000] {dag.py:2690} INFO - Sync 1 DAGs
[2023-11-14T16:38:06.814+0000] {logging_mixin.py:137} INFO - [2023-11-14T16:38:06.814+0000] {dag.py:3437} INFO - Setting next_dagrun for basic_etl_dag to None, run_after=None
[2023-11-14T16:38:06.863+0000] {processor.py:175} INFO - Processing /workspaces/hands-on-introduction-data-engineering-4395021/airflow/dags/basic_etl_dag.py took 0.336 seconds
[2023-11-14T16:38:37.505+0000] {processor.py:153} INFO - Started process (PID=20116) to work on /workspaces/hands-on-introduction-data-engineering-4395021/airflow/dags/basic_etl_dag.py
[2023-11-14T16:38:37.505+0000] {processor.py:743} INFO - Processing file /workspaces/hands-on-introduction-data-engineering-4395021/airflow/dags/basic_etl_dag.py for tasks to queue
[2023-11-14T16:38:37.506+0000] {logging_mixin.py:137} INFO - [2023-11-14T16:38:37.506+0000] {dagbag.py:538} INFO - Filling up the DagBag from /workspaces/hands-on-introduction-data-engineering-4395021/airflow/dags/basic_etl_dag.py
[2023-11-14T16:38:37.773+0000] {processor.py:753} INFO - DAG(s) dict_keys(['basic_etl_dag']) retrieved from /workspaces/hands-on-introduction-data-engineering-4395021/airflow/dags/basic_etl_dag.py
[2023-11-14T16:38:37.784+0000] {logging_mixin.py:137} INFO - [2023-11-14T16:38:37.784+0000] {dag.py:2690} INFO - Sync 1 DAGs
[2023-11-14T16:38:37.798+0000] {logging_mixin.py:137} INFO - [2023-11-14T16:38:37.797+0000] {dag.py:3437} INFO - Setting next_dagrun for basic_etl_dag to None, run_after=None
[2023-11-14T16:38:37.852+0000] {processor.py:175} INFO - Processing /workspaces/hands-on-introduction-data-engineering-4395021/airflow/dags/basic_etl_dag.py took 0.350 seconds
[2023-11-14T16:39:08.458+0000] {processor.py:153} INFO - Started process (PID=20302) to work on /workspaces/hands-on-introduction-data-engineering-4395021/airflow/dags/basic_etl_dag.py
[2023-11-14T16:39:08.459+0000] {processor.py:743} INFO - Processing file /workspaces/hands-on-introduction-data-engineering-4395021/airflow/dags/basic_etl_dag.py for tasks to queue
[2023-11-14T16:39:08.459+0000] {logging_mixin.py:137} INFO - [2023-11-14T16:39:08.459+0000] {dagbag.py:538} INFO - Filling up the DagBag from /workspaces/hands-on-introduction-data-engineering-4395021/airflow/dags/basic_etl_dag.py
[2023-11-14T16:39:08.718+0000] {processor.py:753} INFO - DAG(s) dict_keys(['basic_etl_dag']) retrieved from /workspaces/hands-on-introduction-data-engineering-4395021/airflow/dags/basic_etl_dag.py
[2023-11-14T16:39:08.730+0000] {logging_mixin.py:137} INFO - [2023-11-14T16:39:08.730+0000] {dag.py:2690} INFO - Sync 1 DAGs
[2023-11-14T16:39:08.743+0000] {logging_mixin.py:137} INFO - [2023-11-14T16:39:08.743+0000] {dag.py:3437} INFO - Setting next_dagrun for basic_etl_dag to None, run_after=None
[2023-11-14T16:39:08.796+0000] {processor.py:175} INFO - Processing /workspaces/hands-on-introduction-data-engineering-4395021/airflow/dags/basic_etl_dag.py took 0.340 seconds
[2023-11-14T16:39:39.452+0000] {processor.py:153} INFO - Started process (PID=20523) to work on /workspaces/hands-on-introduction-data-engineering-4395021/airflow/dags/basic_etl_dag.py
[2023-11-14T16:39:39.453+0000] {processor.py:743} INFO - Processing file /workspaces/hands-on-introduction-data-engineering-4395021/airflow/dags/basic_etl_dag.py for tasks to queue
[2023-11-14T16:39:39.453+0000] {logging_mixin.py:137} INFO - [2023-11-14T16:39:39.453+0000] {dagbag.py:538} INFO - Filling up the DagBag from /workspaces/hands-on-introduction-data-engineering-4395021/airflow/dags/basic_etl_dag.py
[2023-11-14T16:39:39.764+0000] {processor.py:753} INFO - DAG(s) dict_keys(['basic_etl_dag']) retrieved from /workspaces/hands-on-introduction-data-engineering-4395021/airflow/dags/basic_etl_dag.py
[2023-11-14T16:39:39.781+0000] {logging_mixin.py:137} INFO - [2023-11-14T16:39:39.781+0000] {dag.py:2690} INFO - Sync 1 DAGs
[2023-11-14T16:39:39.801+0000] {logging_mixin.py:137} INFO - [2023-11-14T16:39:39.801+0000] {dag.py:3437} INFO - Setting next_dagrun for basic_etl_dag to None, run_after=None
[2023-11-14T16:39:39.885+0000] {processor.py:175} INFO - Processing /workspaces/hands-on-introduction-data-engineering-4395021/airflow/dags/basic_etl_dag.py took 0.435 seconds
[2023-11-14T16:40:10.262+0000] {processor.py:153} INFO - Started process (PID=20731) to work on /workspaces/hands-on-introduction-data-engineering-4395021/airflow/dags/basic_etl_dag.py
[2023-11-14T16:40:10.262+0000] {processor.py:743} INFO - Processing file /workspaces/hands-on-introduction-data-engineering-4395021/airflow/dags/basic_etl_dag.py for tasks to queue
[2023-11-14T16:40:10.263+0000] {logging_mixin.py:137} INFO - [2023-11-14T16:40:10.263+0000] {dagbag.py:538} INFO - Filling up the DagBag from /workspaces/hands-on-introduction-data-engineering-4395021/airflow/dags/basic_etl_dag.py
[2023-11-14T16:40:10.540+0000] {processor.py:753} INFO - DAG(s) dict_keys(['basic_etl_dag']) retrieved from /workspaces/hands-on-introduction-data-engineering-4395021/airflow/dags/basic_etl_dag.py
[2023-11-14T16:40:10.552+0000] {logging_mixin.py:137} INFO - [2023-11-14T16:40:10.552+0000] {dag.py:2690} INFO - Sync 1 DAGs
[2023-11-14T16:40:10.567+0000] {logging_mixin.py:137} INFO - [2023-11-14T16:40:10.566+0000] {dag.py:3437} INFO - Setting next_dagrun for basic_etl_dag to None, run_after=None
[2023-11-14T16:40:10.622+0000] {processor.py:175} INFO - Processing /workspaces/hands-on-introduction-data-engineering-4395021/airflow/dags/basic_etl_dag.py took 0.363 seconds
[2023-11-14T16:40:40.804+0000] {processor.py:153} INFO - Started process (PID=20930) to work on /workspaces/hands-on-introduction-data-engineering-4395021/airflow/dags/basic_etl_dag.py
[2023-11-14T16:40:40.804+0000] {processor.py:743} INFO - Processing file /workspaces/hands-on-introduction-data-engineering-4395021/airflow/dags/basic_etl_dag.py for tasks to queue
[2023-11-14T16:40:40.805+0000] {logging_mixin.py:137} INFO - [2023-11-14T16:40:40.805+0000] {dagbag.py:538} INFO - Filling up the DagBag from /workspaces/hands-on-introduction-data-engineering-4395021/airflow/dags/basic_etl_dag.py
[2023-11-14T16:40:41.069+0000] {processor.py:753} INFO - DAG(s) dict_keys(['basic_etl_dag']) retrieved from /workspaces/hands-on-introduction-data-engineering-4395021/airflow/dags/basic_etl_dag.py
[2023-11-14T16:40:41.080+0000] {logging_mixin.py:137} INFO - [2023-11-14T16:40:41.080+0000] {dag.py:2690} INFO - Sync 1 DAGs
[2023-11-14T16:40:41.094+0000] {logging_mixin.py:137} INFO - [2023-11-14T16:40:41.094+0000] {dag.py:3437} INFO - Setting next_dagrun for basic_etl_dag to None, run_after=None
[2023-11-14T16:40:41.152+0000] {processor.py:175} INFO - Processing /workspaces/hands-on-introduction-data-engineering-4395021/airflow/dags/basic_etl_dag.py took 0.350 seconds
[2023-11-14T16:41:11.298+0000] {processor.py:153} INFO - Started process (PID=21123) to work on /workspaces/hands-on-introduction-data-engineering-4395021/airflow/dags/basic_etl_dag.py
[2023-11-14T16:41:11.298+0000] {processor.py:743} INFO - Processing file /workspaces/hands-on-introduction-data-engineering-4395021/airflow/dags/basic_etl_dag.py for tasks to queue
[2023-11-14T16:41:11.299+0000] {logging_mixin.py:137} INFO - [2023-11-14T16:41:11.299+0000] {dagbag.py:538} INFO - Filling up the DagBag from /workspaces/hands-on-introduction-data-engineering-4395021/airflow/dags/basic_etl_dag.py
[2023-11-14T16:41:11.559+0000] {processor.py:753} INFO - DAG(s) dict_keys(['basic_etl_dag']) retrieved from /workspaces/hands-on-introduction-data-engineering-4395021/airflow/dags/basic_etl_dag.py
[2023-11-14T16:41:11.571+0000] {logging_mixin.py:137} INFO - [2023-11-14T16:41:11.571+0000] {dag.py:2690} INFO - Sync 1 DAGs
[2023-11-14T16:41:11.588+0000] {logging_mixin.py:137} INFO - [2023-11-14T16:41:11.587+0000] {dag.py:3437} INFO - Setting next_dagrun for basic_etl_dag to None, run_after=None
[2023-11-14T16:41:11.640+0000] {processor.py:175} INFO - Processing /workspaces/hands-on-introduction-data-engineering-4395021/airflow/dags/basic_etl_dag.py took 0.344 seconds
[2023-11-14T16:41:41.793+0000] {processor.py:153} INFO - Started process (PID=21305) to work on /workspaces/hands-on-introduction-data-engineering-4395021/airflow/dags/basic_etl_dag.py
[2023-11-14T16:41:41.793+0000] {processor.py:743} INFO - Processing file /workspaces/hands-on-introduction-data-engineering-4395021/airflow/dags/basic_etl_dag.py for tasks to queue
[2023-11-14T16:41:41.794+0000] {logging_mixin.py:137} INFO - [2023-11-14T16:41:41.794+0000] {dagbag.py:538} INFO - Filling up the DagBag from /workspaces/hands-on-introduction-data-engineering-4395021/airflow/dags/basic_etl_dag.py
[2023-11-14T16:41:42.046+0000] {processor.py:753} INFO - DAG(s) dict_keys(['basic_etl_dag']) retrieved from /workspaces/hands-on-introduction-data-engineering-4395021/airflow/dags/basic_etl_dag.py
[2023-11-14T16:41:42.058+0000] {logging_mixin.py:137} INFO - [2023-11-14T16:41:42.058+0000] {dag.py:2690} INFO - Sync 1 DAGs
[2023-11-14T16:41:42.073+0000] {logging_mixin.py:137} INFO - [2023-11-14T16:41:42.073+0000] {dag.py:3437} INFO - Setting next_dagrun for basic_etl_dag to None, run_after=None
[2023-11-14T16:41:42.141+0000] {processor.py:175} INFO - Processing /workspaces/hands-on-introduction-data-engineering-4395021/airflow/dags/basic_etl_dag.py took 0.351 seconds
[2023-11-14T16:42:12.280+0000] {processor.py:153} INFO - Started process (PID=21492) to work on /workspaces/hands-on-introduction-data-engineering-4395021/airflow/dags/basic_etl_dag.py
[2023-11-14T16:42:12.281+0000] {processor.py:743} INFO - Processing file /workspaces/hands-on-introduction-data-engineering-4395021/airflow/dags/basic_etl_dag.py for tasks to queue
[2023-11-14T16:42:12.281+0000] {logging_mixin.py:137} INFO - [2023-11-14T16:42:12.281+0000] {dagbag.py:538} INFO - Filling up the DagBag from /workspaces/hands-on-introduction-data-engineering-4395021/airflow/dags/basic_etl_dag.py
[2023-11-14T16:42:12.625+0000] {processor.py:753} INFO - DAG(s) dict_keys(['basic_etl_dag']) retrieved from /workspaces/hands-on-introduction-data-engineering-4395021/airflow/dags/basic_etl_dag.py
[2023-11-14T16:42:12.636+0000] {logging_mixin.py:137} INFO - [2023-11-14T16:42:12.636+0000] {dag.py:2690} INFO - Sync 1 DAGs
[2023-11-14T16:42:12.649+0000] {logging_mixin.py:137} INFO - [2023-11-14T16:42:12.649+0000] {dag.py:3437} INFO - Setting next_dagrun for basic_etl_dag to None, run_after=None
[2023-11-14T16:42:12.705+0000] {processor.py:175} INFO - Processing /workspaces/hands-on-introduction-data-engineering-4395021/airflow/dags/basic_etl_dag.py took 0.427 seconds
[2023-11-14T16:42:42.874+0000] {processor.py:153} INFO - Started process (PID=21701) to work on /workspaces/hands-on-introduction-data-engineering-4395021/airflow/dags/basic_etl_dag.py
[2023-11-14T16:42:42.875+0000] {processor.py:743} INFO - Processing file /workspaces/hands-on-introduction-data-engineering-4395021/airflow/dags/basic_etl_dag.py for tasks to queue
[2023-11-14T16:42:42.875+0000] {logging_mixin.py:137} INFO - [2023-11-14T16:42:42.875+0000] {dagbag.py:538} INFO - Filling up the DagBag from /workspaces/hands-on-introduction-data-engineering-4395021/airflow/dags/basic_etl_dag.py
[2023-11-14T16:42:43.162+0000] {processor.py:753} INFO - DAG(s) dict_keys(['basic_etl_dag']) retrieved from /workspaces/hands-on-introduction-data-engineering-4395021/airflow/dags/basic_etl_dag.py
[2023-11-14T16:42:43.175+0000] {logging_mixin.py:137} INFO - [2023-11-14T16:42:43.174+0000] {dag.py:2690} INFO - Sync 1 DAGs
[2023-11-14T16:42:43.191+0000] {logging_mixin.py:137} INFO - [2023-11-14T16:42:43.190+0000] {dag.py:3437} INFO - Setting next_dagrun for basic_etl_dag to None, run_after=None
[2023-11-14T16:42:43.247+0000] {processor.py:175} INFO - Processing /workspaces/hands-on-introduction-data-engineering-4395021/airflow/dags/basic_etl_dag.py took 0.375 seconds
[2023-11-14T16:43:13.374+0000] {processor.py:153} INFO - Started process (PID=21920) to work on /workspaces/hands-on-introduction-data-engineering-4395021/airflow/dags/basic_etl_dag.py
[2023-11-14T16:43:13.375+0000] {processor.py:743} INFO - Processing file /workspaces/hands-on-introduction-data-engineering-4395021/airflow/dags/basic_etl_dag.py for tasks to queue
[2023-11-14T16:43:13.376+0000] {logging_mixin.py:137} INFO - [2023-11-14T16:43:13.375+0000] {dagbag.py:538} INFO - Filling up the DagBag from /workspaces/hands-on-introduction-data-engineering-4395021/airflow/dags/basic_etl_dag.py
[2023-11-14T16:43:13.644+0000] {processor.py:753} INFO - DAG(s) dict_keys(['basic_etl_dag']) retrieved from /workspaces/hands-on-introduction-data-engineering-4395021/airflow/dags/basic_etl_dag.py
[2023-11-14T16:43:13.656+0000] {logging_mixin.py:137} INFO - [2023-11-14T16:43:13.655+0000] {dag.py:2690} INFO - Sync 1 DAGs
[2023-11-14T16:43:13.672+0000] {logging_mixin.py:137} INFO - [2023-11-14T16:43:13.672+0000] {dag.py:3437} INFO - Setting next_dagrun for basic_etl_dag to None, run_after=None
[2023-11-14T16:43:13.725+0000] {processor.py:175} INFO - Processing /workspaces/hands-on-introduction-data-engineering-4395021/airflow/dags/basic_etl_dag.py took 0.353 seconds
[2023-11-14T16:43:43.797+0000] {processor.py:153} INFO - Started process (PID=22123) to work on /workspaces/hands-on-introduction-data-engineering-4395021/airflow/dags/basic_etl_dag.py
[2023-11-14T16:43:43.798+0000] {processor.py:743} INFO - Processing file /workspaces/hands-on-introduction-data-engineering-4395021/airflow/dags/basic_etl_dag.py for tasks to queue
[2023-11-14T16:43:43.798+0000] {logging_mixin.py:137} INFO - [2023-11-14T16:43:43.798+0000] {dagbag.py:538} INFO - Filling up the DagBag from /workspaces/hands-on-introduction-data-engineering-4395021/airflow/dags/basic_etl_dag.py
[2023-11-14T16:43:44.001+0000] {processor.py:753} INFO - DAG(s) dict_keys(['basic_etl_dag']) retrieved from /workspaces/hands-on-introduction-data-engineering-4395021/airflow/dags/basic_etl_dag.py
[2023-11-14T16:43:44.017+0000] {logging_mixin.py:137} INFO - [2023-11-14T16:43:44.017+0000] {dag.py:2690} INFO - Sync 1 DAGs
[2023-11-14T16:43:44.032+0000] {logging_mixin.py:137} INFO - [2023-11-14T16:43:44.032+0000] {dag.py:3437} INFO - Setting next_dagrun for basic_etl_dag to None, run_after=None
[2023-11-14T16:43:44.089+0000] {processor.py:175} INFO - Processing /workspaces/hands-on-introduction-data-engineering-4395021/airflow/dags/basic_etl_dag.py took 0.294 seconds
[2023-11-14T16:44:14.205+0000] {processor.py:153} INFO - Started process (PID=22325) to work on /workspaces/hands-on-introduction-data-engineering-4395021/airflow/dags/basic_etl_dag.py
[2023-11-14T16:44:14.206+0000] {processor.py:743} INFO - Processing file /workspaces/hands-on-introduction-data-engineering-4395021/airflow/dags/basic_etl_dag.py for tasks to queue
[2023-11-14T16:44:14.206+0000] {logging_mixin.py:137} INFO - [2023-11-14T16:44:14.206+0000] {dagbag.py:538} INFO - Filling up the DagBag from /workspaces/hands-on-introduction-data-engineering-4395021/airflow/dags/basic_etl_dag.py
[2023-11-14T16:44:14.375+0000] {processor.py:753} INFO - DAG(s) dict_keys(['basic_etl_dag']) retrieved from /workspaces/hands-on-introduction-data-engineering-4395021/airflow/dags/basic_etl_dag.py
[2023-11-14T16:44:14.389+0000] {logging_mixin.py:137} INFO - [2023-11-14T16:44:14.388+0000] {dag.py:2690} INFO - Sync 1 DAGs
[2023-11-14T16:44:14.403+0000] {logging_mixin.py:137} INFO - [2023-11-14T16:44:14.403+0000] {dag.py:3437} INFO - Setting next_dagrun for basic_etl_dag to None, run_after=None
[2023-11-14T16:44:14.486+0000] {processor.py:175} INFO - Processing /workspaces/hands-on-introduction-data-engineering-4395021/airflow/dags/basic_etl_dag.py took 0.283 seconds
[2023-11-14T16:44:44.601+0000] {processor.py:153} INFO - Started process (PID=22528) to work on /workspaces/hands-on-introduction-data-engineering-4395021/airflow/dags/basic_etl_dag.py
[2023-11-14T16:44:44.601+0000] {processor.py:743} INFO - Processing file /workspaces/hands-on-introduction-data-engineering-4395021/airflow/dags/basic_etl_dag.py for tasks to queue
[2023-11-14T16:44:44.602+0000] {logging_mixin.py:137} INFO - [2023-11-14T16:44:44.602+0000] {dagbag.py:538} INFO - Filling up the DagBag from /workspaces/hands-on-introduction-data-engineering-4395021/airflow/dags/basic_etl_dag.py
[2023-11-14T16:44:44.782+0000] {processor.py:753} INFO - DAG(s) dict_keys(['basic_etl_dag']) retrieved from /workspaces/hands-on-introduction-data-engineering-4395021/airflow/dags/basic_etl_dag.py
[2023-11-14T16:44:44.797+0000] {logging_mixin.py:137} INFO - [2023-11-14T16:44:44.797+0000] {dag.py:2690} INFO - Sync 1 DAGs
[2023-11-14T16:44:44.812+0000] {logging_mixin.py:137} INFO - [2023-11-14T16:44:44.812+0000] {dag.py:3437} INFO - Setting next_dagrun for basic_etl_dag to None, run_after=None
[2023-11-14T16:44:44.867+0000] {processor.py:175} INFO - Processing /workspaces/hands-on-introduction-data-engineering-4395021/airflow/dags/basic_etl_dag.py took 0.269 seconds
[2023-11-14T16:44:55.909+0000] {processor.py:153} INFO - Started process (PID=22608) to work on /workspaces/hands-on-introduction-data-engineering-4395021/airflow/dags/basic_etl_dag.py
[2023-11-14T16:44:55.910+0000] {processor.py:743} INFO - Processing file /workspaces/hands-on-introduction-data-engineering-4395021/airflow/dags/basic_etl_dag.py for tasks to queue
[2023-11-14T16:44:55.910+0000] {logging_mixin.py:137} INFO - [2023-11-14T16:44:55.910+0000] {dagbag.py:538} INFO - Filling up the DagBag from /workspaces/hands-on-introduction-data-engineering-4395021/airflow/dags/basic_etl_dag.py
[2023-11-14T16:44:56.094+0000] {processor.py:753} INFO - DAG(s) dict_keys(['basic_etl_dag']) retrieved from /workspaces/hands-on-introduction-data-engineering-4395021/airflow/dags/basic_etl_dag.py
[2023-11-14T16:44:56.110+0000] {logging_mixin.py:137} INFO - [2023-11-14T16:44:56.109+0000] {dag.py:2690} INFO - Sync 1 DAGs
[2023-11-14T16:44:56.125+0000] {logging_mixin.py:137} INFO - [2023-11-14T16:44:56.125+0000] {dag.py:3437} INFO - Setting next_dagrun for basic_etl_dag to None, run_after=None
[2023-11-14T16:44:56.178+0000] {processor.py:175} INFO - Processing /workspaces/hands-on-introduction-data-engineering-4395021/airflow/dags/basic_etl_dag.py took 0.271 seconds
[2023-11-14T16:45:26.802+0000] {processor.py:153} INFO - Started process (PID=22850) to work on /workspaces/hands-on-introduction-data-engineering-4395021/airflow/dags/basic_etl_dag.py
[2023-11-14T16:45:26.802+0000] {processor.py:743} INFO - Processing file /workspaces/hands-on-introduction-data-engineering-4395021/airflow/dags/basic_etl_dag.py for tasks to queue
[2023-11-14T16:45:26.803+0000] {logging_mixin.py:137} INFO - [2023-11-14T16:45:26.803+0000] {dagbag.py:538} INFO - Filling up the DagBag from /workspaces/hands-on-introduction-data-engineering-4395021/airflow/dags/basic_etl_dag.py
[2023-11-14T16:45:26.978+0000] {processor.py:753} INFO - DAG(s) dict_keys(['basic_etl_dag']) retrieved from /workspaces/hands-on-introduction-data-engineering-4395021/airflow/dags/basic_etl_dag.py
[2023-11-14T16:45:26.991+0000] {logging_mixin.py:137} INFO - [2023-11-14T16:45:26.991+0000] {dag.py:2690} INFO - Sync 1 DAGs
[2023-11-14T16:45:27.006+0000] {logging_mixin.py:137} INFO - [2023-11-14T16:45:27.005+0000] {dag.py:3437} INFO - Setting next_dagrun for basic_etl_dag to None, run_after=None
[2023-11-14T16:45:27.064+0000] {processor.py:175} INFO - Processing /workspaces/hands-on-introduction-data-engineering-4395021/airflow/dags/basic_etl_dag.py took 0.264 seconds
[2023-11-14T16:45:57.152+0000] {processor.py:153} INFO - Started process (PID=23116) to work on /workspaces/hands-on-introduction-data-engineering-4395021/airflow/dags/basic_etl_dag.py
[2023-11-14T16:45:57.153+0000] {processor.py:743} INFO - Processing file /workspaces/hands-on-introduction-data-engineering-4395021/airflow/dags/basic_etl_dag.py for tasks to queue
[2023-11-14T16:45:57.153+0000] {logging_mixin.py:137} INFO - [2023-11-14T16:45:57.153+0000] {dagbag.py:538} INFO - Filling up the DagBag from /workspaces/hands-on-introduction-data-engineering-4395021/airflow/dags/basic_etl_dag.py
[2023-11-14T16:45:57.336+0000] {processor.py:753} INFO - DAG(s) dict_keys(['basic_etl_dag']) retrieved from /workspaces/hands-on-introduction-data-engineering-4395021/airflow/dags/basic_etl_dag.py
[2023-11-14T16:45:57.353+0000] {logging_mixin.py:137} INFO - [2023-11-14T16:45:57.353+0000] {dag.py:2690} INFO - Sync 1 DAGs
[2023-11-14T16:45:57.373+0000] {logging_mixin.py:137} INFO - [2023-11-14T16:45:57.373+0000] {dag.py:3437} INFO - Setting next_dagrun for basic_etl_dag to None, run_after=None
[2023-11-14T16:45:57.441+0000] {processor.py:175} INFO - Processing /workspaces/hands-on-introduction-data-engineering-4395021/airflow/dags/basic_etl_dag.py took 0.292 seconds
[2023-11-14T16:46:28.257+0000] {processor.py:153} INFO - Started process (PID=23424) to work on /workspaces/hands-on-introduction-data-engineering-4395021/airflow/dags/basic_etl_dag.py
[2023-11-14T16:46:28.258+0000] {processor.py:743} INFO - Processing file /workspaces/hands-on-introduction-data-engineering-4395021/airflow/dags/basic_etl_dag.py for tasks to queue
[2023-11-14T16:46:28.259+0000] {logging_mixin.py:137} INFO - [2023-11-14T16:46:28.259+0000] {dagbag.py:538} INFO - Filling up the DagBag from /workspaces/hands-on-introduction-data-engineering-4395021/airflow/dags/basic_etl_dag.py
[2023-11-14T16:46:28.430+0000] {processor.py:753} INFO - DAG(s) dict_keys(['basic_etl_dag']) retrieved from /workspaces/hands-on-introduction-data-engineering-4395021/airflow/dags/basic_etl_dag.py
[2023-11-14T16:46:28.443+0000] {logging_mixin.py:137} INFO - [2023-11-14T16:46:28.443+0000] {dag.py:2690} INFO - Sync 1 DAGs
[2023-11-14T16:46:28.458+0000] {logging_mixin.py:137} INFO - [2023-11-14T16:46:28.458+0000] {dag.py:3437} INFO - Setting next_dagrun for basic_etl_dag to None, run_after=None
[2023-11-14T16:46:28.524+0000] {processor.py:175} INFO - Processing /workspaces/hands-on-introduction-data-engineering-4395021/airflow/dags/basic_etl_dag.py took 0.269 seconds
[2023-11-14T16:46:59.103+0000] {processor.py:153} INFO - Started process (PID=23704) to work on /workspaces/hands-on-introduction-data-engineering-4395021/airflow/dags/basic_etl_dag.py
[2023-11-14T16:46:59.103+0000] {processor.py:743} INFO - Processing file /workspaces/hands-on-introduction-data-engineering-4395021/airflow/dags/basic_etl_dag.py for tasks to queue
[2023-11-14T16:46:59.104+0000] {logging_mixin.py:137} INFO - [2023-11-14T16:46:59.104+0000] {dagbag.py:538} INFO - Filling up the DagBag from /workspaces/hands-on-introduction-data-engineering-4395021/airflow/dags/basic_etl_dag.py
[2023-11-14T16:46:59.273+0000] {processor.py:753} INFO - DAG(s) dict_keys(['basic_etl_dag']) retrieved from /workspaces/hands-on-introduction-data-engineering-4395021/airflow/dags/basic_etl_dag.py
[2023-11-14T16:46:59.286+0000] {logging_mixin.py:137} INFO - [2023-11-14T16:46:59.286+0000] {dag.py:2690} INFO - Sync 1 DAGs
[2023-11-14T16:46:59.302+0000] {logging_mixin.py:137} INFO - [2023-11-14T16:46:59.302+0000] {dag.py:3437} INFO - Setting next_dagrun for basic_etl_dag to None, run_after=None
[2023-11-14T16:46:59.354+0000] {processor.py:175} INFO - Processing /workspaces/hands-on-introduction-data-engineering-4395021/airflow/dags/basic_etl_dag.py took 0.254 seconds
[2023-11-14T16:47:29.457+0000] {processor.py:153} INFO - Started process (PID=23995) to work on /workspaces/hands-on-introduction-data-engineering-4395021/airflow/dags/basic_etl_dag.py
[2023-11-14T16:47:29.457+0000] {processor.py:743} INFO - Processing file /workspaces/hands-on-introduction-data-engineering-4395021/airflow/dags/basic_etl_dag.py for tasks to queue
[2023-11-14T16:47:29.458+0000] {logging_mixin.py:137} INFO - [2023-11-14T16:47:29.458+0000] {dagbag.py:538} INFO - Filling up the DagBag from /workspaces/hands-on-introduction-data-engineering-4395021/airflow/dags/basic_etl_dag.py
[2023-11-14T16:47:29.656+0000] {processor.py:753} INFO - DAG(s) dict_keys(['basic_etl_dag']) retrieved from /workspaces/hands-on-introduction-data-engineering-4395021/airflow/dags/basic_etl_dag.py
[2023-11-14T16:47:29.670+0000] {logging_mixin.py:137} INFO - [2023-11-14T16:47:29.670+0000] {dag.py:2690} INFO - Sync 1 DAGs
[2023-11-14T16:47:29.685+0000] {logging_mixin.py:137} INFO - [2023-11-14T16:47:29.685+0000] {dag.py:3437} INFO - Setting next_dagrun for basic_etl_dag to None, run_after=None
[2023-11-14T16:47:29.750+0000] {processor.py:175} INFO - Processing /workspaces/hands-on-introduction-data-engineering-4395021/airflow/dags/basic_etl_dag.py took 0.296 seconds
