[2023-11-14T16:08:16.141+0000] {taskinstance.py:1083} INFO - Dependencies all met for <TaskInstance: load_dag.load_task manual__2023-11-14T16:08:13.556209+00:00 [queued]>
[2023-11-14T16:08:16.147+0000] {taskinstance.py:1083} INFO - Dependencies all met for <TaskInstance: load_dag.load_task manual__2023-11-14T16:08:13.556209+00:00 [queued]>
[2023-11-14T16:08:16.147+0000] {taskinstance.py:1279} INFO - 
--------------------------------------------------------------------------------
[2023-11-14T16:08:16.147+0000] {taskinstance.py:1280} INFO - Starting attempt 1 of 1
[2023-11-14T16:08:16.147+0000] {taskinstance.py:1281} INFO - 
--------------------------------------------------------------------------------
[2023-11-14T16:08:16.195+0000] {taskinstance.py:1300} INFO - Executing <Task(BashOperator): load_task> on 2023-11-14 16:08:13.556209+00:00
[2023-11-14T16:08:16.198+0000] {standard_task_runner.py:55} INFO - Started process 7096 to run task
[2023-11-14T16:08:16.201+0000] {standard_task_runner.py:82} INFO - Running: ['airflow', 'tasks', 'run', 'load_dag', 'load_task', 'manual__2023-11-14T16:08:13.556209+00:00', '--job-id', '3', '--raw', '--subdir', 'DAGS_FOLDER/load_dag.py', '--cfg-path', '/tmp/tmpyxruiafg']
[2023-11-14T16:08:16.202+0000] {standard_task_runner.py:83} INFO - Job 3: Subtask load_task
[2023-11-14T16:08:16.273+0000] {task_command.py:388} INFO - Running <TaskInstance: load_dag.load_task manual__2023-11-14T16:08:13.556209+00:00 [running]> on host codespaces-1a8ad4
[2023-11-14T16:08:16.413+0000] {taskinstance.py:1507} INFO - Exporting the following env vars:
AIRFLOW_CTX_DAG_OWNER=airflow
AIRFLOW_CTX_DAG_ID=load_dag
AIRFLOW_CTX_TASK_ID=load_task
AIRFLOW_CTX_EXECUTION_DATE=2023-11-14T16:08:13.556209+00:00
AIRFLOW_CTX_TRY_NUMBER=1
AIRFLOW_CTX_DAG_RUN_ID=manual__2023-11-14T16:08:13.556209+00:00
[2023-11-14T16:08:16.414+0000] {subprocess.py:63} INFO - Tmp dir root location: 
 /tmp
[2023-11-14T16:08:16.415+0000] {subprocess.py:75} INFO - Running command: ['/usr/bin/bash', '-c', 'echo -e ".separator ","\n.import --skip 1 /workspaces/hands-on-introduction-data-engineering-4395021/lab/orchestrated/airflow-transform-data.csv top_level_domains" | sqlite3 /workspaces/hands-on-introduction-data-engineering-4395021/lab/orchestrated/airflow-load-db.db']
[2023-11-14T16:08:16.425+0000] {subprocess.py:86} INFO - Output:
[2023-11-14T16:08:16.505+0000] {subprocess.py:97} INFO - Command exited with return code 0
[2023-11-14T16:08:16.560+0000] {taskinstance.py:1318} INFO - Marking task as SUCCESS. dag_id=load_dag, task_id=load_task, execution_date=20231114T160813, start_date=20231114T160816, end_date=20231114T160816
[2023-11-14T16:08:16.623+0000] {local_task_job.py:208} INFO - Task exited with return code 0
[2023-11-14T16:08:16.700+0000] {taskinstance.py:2578} INFO - 0 downstream tasks scheduled from follow-on schedule check
