[2023-11-14T16:27:58.587+0000] {processor.py:153} INFO - Started process (PID=15383) to work on /usr/local/python/3.10.8/lib/python3.10/site-packages/airflow/example_dags/subdags/subdag.py
[2023-11-14T16:27:58.588+0000] {processor.py:743} INFO - Processing file /usr/local/python/3.10.8/lib/python3.10/site-packages/airflow/example_dags/subdags/subdag.py for tasks to queue
[2023-11-14T16:27:58.588+0000] {logging_mixin.py:137} INFO - [2023-11-14T16:27:58.588+0000] {dagbag.py:538} INFO - Filling up the DagBag from /usr/local/python/3.10.8/lib/python3.10/site-packages/airflow/example_dags/subdags/subdag.py
[2023-11-14T16:27:58.591+0000] {processor.py:755} WARNING - No viable dags retrieved from /usr/local/python/3.10.8/lib/python3.10/site-packages/airflow/example_dags/subdags/subdag.py
[2023-11-14T16:27:58.596+0000] {processor.py:175} INFO - Processing /usr/local/python/3.10.8/lib/python3.10/site-packages/airflow/example_dags/subdags/subdag.py took 0.011 seconds
[2023-11-14T16:28:56.220+0000] {processor.py:153} INFO - Started process (PID=15895) to work on /usr/local/python/3.10.8/lib/python3.10/site-packages/airflow/example_dags/subdags/subdag.py
[2023-11-14T16:28:56.221+0000] {processor.py:743} INFO - Processing file /usr/local/python/3.10.8/lib/python3.10/site-packages/airflow/example_dags/subdags/subdag.py for tasks to queue
[2023-11-14T16:28:56.221+0000] {logging_mixin.py:137} INFO - [2023-11-14T16:28:56.221+0000] {dagbag.py:538} INFO - Filling up the DagBag from /usr/local/python/3.10.8/lib/python3.10/site-packages/airflow/example_dags/subdags/subdag.py
[2023-11-14T16:28:56.224+0000] {processor.py:755} WARNING - No viable dags retrieved from /usr/local/python/3.10.8/lib/python3.10/site-packages/airflow/example_dags/subdags/subdag.py
[2023-11-14T16:28:56.230+0000] {processor.py:175} INFO - Processing /usr/local/python/3.10.8/lib/python3.10/site-packages/airflow/example_dags/subdags/subdag.py took 0.012 seconds
[2023-11-14T16:29:36.642+0000] {processor.py:153} INFO - Started process (PID=16211) to work on /usr/local/python/3.10.8/lib/python3.10/site-packages/airflow/example_dags/subdags/subdag.py
[2023-11-14T16:29:36.642+0000] {processor.py:743} INFO - Processing file /usr/local/python/3.10.8/lib/python3.10/site-packages/airflow/example_dags/subdags/subdag.py for tasks to queue
[2023-11-14T16:29:36.643+0000] {logging_mixin.py:137} INFO - [2023-11-14T16:29:36.643+0000] {dagbag.py:538} INFO - Filling up the DagBag from /usr/local/python/3.10.8/lib/python3.10/site-packages/airflow/example_dags/subdags/subdag.py
[2023-11-14T16:29:36.646+0000] {processor.py:755} WARNING - No viable dags retrieved from /usr/local/python/3.10.8/lib/python3.10/site-packages/airflow/example_dags/subdags/subdag.py
[2023-11-14T16:29:36.652+0000] {processor.py:175} INFO - Processing /usr/local/python/3.10.8/lib/python3.10/site-packages/airflow/example_dags/subdags/subdag.py took 0.012 seconds
[2023-11-14T16:30:20.563+0000] {processor.py:153} INFO - Started process (PID=16542) to work on /usr/local/python/3.10.8/lib/python3.10/site-packages/airflow/example_dags/subdags/subdag.py
[2023-11-14T16:30:20.563+0000] {processor.py:743} INFO - Processing file /usr/local/python/3.10.8/lib/python3.10/site-packages/airflow/example_dags/subdags/subdag.py for tasks to queue
[2023-11-14T16:30:20.564+0000] {logging_mixin.py:137} INFO - [2023-11-14T16:30:20.564+0000] {dagbag.py:538} INFO - Filling up the DagBag from /usr/local/python/3.10.8/lib/python3.10/site-packages/airflow/example_dags/subdags/subdag.py
[2023-11-14T16:30:20.568+0000] {processor.py:755} WARNING - No viable dags retrieved from /usr/local/python/3.10.8/lib/python3.10/site-packages/airflow/example_dags/subdags/subdag.py
[2023-11-14T16:30:20.574+0000] {processor.py:175} INFO - Processing /usr/local/python/3.10.8/lib/python3.10/site-packages/airflow/example_dags/subdags/subdag.py took 0.013 seconds
[2023-11-14T16:31:06.447+0000] {processor.py:153} INFO - Started process (PID=16845) to work on /usr/local/python/3.10.8/lib/python3.10/site-packages/airflow/example_dags/subdags/subdag.py
[2023-11-14T16:31:06.447+0000] {processor.py:743} INFO - Processing file /usr/local/python/3.10.8/lib/python3.10/site-packages/airflow/example_dags/subdags/subdag.py for tasks to queue
[2023-11-14T16:31:06.448+0000] {logging_mixin.py:137} INFO - [2023-11-14T16:31:06.448+0000] {dagbag.py:538} INFO - Filling up the DagBag from /usr/local/python/3.10.8/lib/python3.10/site-packages/airflow/example_dags/subdags/subdag.py
[2023-11-14T16:31:06.450+0000] {processor.py:755} WARNING - No viable dags retrieved from /usr/local/python/3.10.8/lib/python3.10/site-packages/airflow/example_dags/subdags/subdag.py
[2023-11-14T16:31:06.456+0000] {processor.py:175} INFO - Processing /usr/local/python/3.10.8/lib/python3.10/site-packages/airflow/example_dags/subdags/subdag.py took 0.011 seconds
[2023-11-14T16:31:48.803+0000] {processor.py:153} INFO - Started process (PID=17190) to work on /usr/local/python/3.10.8/lib/python3.10/site-packages/airflow/example_dags/subdags/subdag.py
[2023-11-14T16:31:48.804+0000] {processor.py:743} INFO - Processing file /usr/local/python/3.10.8/lib/python3.10/site-packages/airflow/example_dags/subdags/subdag.py for tasks to queue
[2023-11-14T16:31:48.804+0000] {logging_mixin.py:137} INFO - [2023-11-14T16:31:48.804+0000] {dagbag.py:538} INFO - Filling up the DagBag from /usr/local/python/3.10.8/lib/python3.10/site-packages/airflow/example_dags/subdags/subdag.py
[2023-11-14T16:31:48.808+0000] {processor.py:755} WARNING - No viable dags retrieved from /usr/local/python/3.10.8/lib/python3.10/site-packages/airflow/example_dags/subdags/subdag.py
[2023-11-14T16:31:48.814+0000] {processor.py:175} INFO - Processing /usr/local/python/3.10.8/lib/python3.10/site-packages/airflow/example_dags/subdags/subdag.py took 0.013 seconds
