[[34m2023-11-14 16:07:45,423[0m] {[34mscheduler_job.py:[0m714} INFO[0m - Starting the scheduler[0m
[[34m2023-11-14 16:07:45,426[0m] {[34mscheduler_job.py:[0m719} INFO[0m - Processing each file at most -1 times[0m
[[34m2023-11-14 16:07:45,428[0m] {[34mexecutor_loader.py:[0m107} INFO[0m - Loaded executor: SequentialExecutor[0m
[[34m2023-11-14 16:07:45,433[0m] {[34mmanager.py:[0m163} INFO[0m - Launched DagFileProcessorManager with pid: 6881[0m
[[34m2023-11-14 16:07:45,434[0m] {[34mscheduler_job.py:[0m1408} INFO[0m - Resetting orphaned tasks for active dag runs[0m
[[34m2023-11-14 16:07:45,438[0m] {[34msettings.py:[0m58} INFO[0m - Configured default timezone Timezone('UTC')[0m
[2023-11-14T16:07:45.450+0000] {manager.py:409} WARNING - Because we cannot use more than 1 thread (parsing_processes = 2) when using sqlite. So we set parallelism to 1.
[[34m2023-11-14 16:07:45,463[0m] {[34mscheduler_job.py:[0m1431} INFO[0m - Marked 1 SchedulerJob instances as failed[0m
[[34m2023-11-14 16:08:14,117[0m] {[34mscheduler_job.py:[0m360} INFO[0m - 1 tasks up for execution:
	<TaskInstance: load_dag.load_task manual__2023-11-14T16:08:13.556209+00:00 [scheduled]>[0m
[[34m2023-11-14 16:08:14,118[0m] {[34mscheduler_job.py:[0m425} INFO[0m - DAG load_dag has 0/16 running and queued tasks[0m
[[34m2023-11-14 16:08:14,118[0m] {[34mscheduler_job.py:[0m511} INFO[0m - Setting the following tasks to queued state:
	<TaskInstance: load_dag.load_task manual__2023-11-14T16:08:13.556209+00:00 [scheduled]>[0m
[[34m2023-11-14 16:08:14,120[0m] {[34mscheduler_job.py:[0m550} INFO[0m - Sending TaskInstanceKey(dag_id='load_dag', task_id='load_task', run_id='manual__2023-11-14T16:08:13.556209+00:00', try_number=1, map_index=-1) to executor with priority 1 and queue default[0m
[[34m2023-11-14 16:08:14,120[0m] {[34mbase_executor.py:[0m93} INFO[0m - Adding to queue: ['airflow', 'tasks', 'run', 'load_dag', 'load_task', 'manual__2023-11-14T16:08:13.556209+00:00', '--local', '--subdir', 'DAGS_FOLDER/load_dag.py'][0m
[[34m2023-11-14 16:08:14,165[0m] {[34msequential_executor.py:[0m61} INFO[0m - Executing command: ['airflow', 'tasks', 'run', 'load_dag', 'load_task', 'manual__2023-11-14T16:08:13.556209+00:00', '--local', '--subdir', 'DAGS_FOLDER/load_dag.py'][0m
[[34m2023-11-14 16:08:15,251[0m] {[34mdagbag.py:[0m538} INFO[0m - Filling up the DagBag from /workspaces/hands-on-introduction-data-engineering-4395021/airflow/dags/load_dag.py[0m
[[34m2023-11-14 16:08:16,073[0m] {[34mtask_command.py:[0m388} INFO[0m - Running <TaskInstance: load_dag.load_task manual__2023-11-14T16:08:13.556209+00:00 [queued]> on host codespaces-1a8ad4[0m
[[34m2023-11-14 16:08:17,024[0m] {[34mscheduler_job.py:[0m602} INFO[0m - Executor reports execution of load_dag.load_task run_id=manual__2023-11-14T16:08:13.556209+00:00 exited with status success for try_number 1[0m
[[34m2023-11-14 16:08:17,030[0m] {[34mscheduler_job.py:[0m645} INFO[0m - TaskInstance Finished: dag_id=load_dag, task_id=load_task, run_id=manual__2023-11-14T16:08:13.556209+00:00, map_index=-1, run_start_date=2023-11-14 16:08:16.142065+00:00, run_end_date=2023-11-14 16:08:16.560441+00:00, run_duration=0.418376, state=success, executor_state=success, try_number=1, max_tries=0, job_id=3, pool=default_pool, queue=default, priority_weight=1, operator=BashOperator, queued_dttm=2023-11-14 16:08:14.118651+00:00, queued_by_job_id=2, pid=7096[0m
[[34m2023-11-14 16:08:17,316[0m] {[34mdagrun.py:[0m607} INFO[0m - Marking run <DagRun load_dag @ 2023-11-14 16:08:13.556209+00:00: manual__2023-11-14T16:08:13.556209+00:00, state:running, queued_at: 2023-11-14 16:08:13.611231+00:00. externally triggered: True> successful[0m
[[34m2023-11-14 16:08:17,317[0m] {[34mdagrun.py:[0m658} INFO[0m - DagRun Finished: dag_id=load_dag, execution_date=2023-11-14 16:08:13.556209+00:00, run_id=manual__2023-11-14T16:08:13.556209+00:00, run_start_date=2023-11-14 16:08:14.012566+00:00, run_end_date=2023-11-14 16:08:17.317331+00:00, run_duration=3.304765, state=success, external_trigger=True, run_type=manual, data_interval_start=2023-11-14 16:08:13.556209+00:00, data_interval_end=2023-11-14 16:08:13.556209+00:00, dag_hash=f472c8e8b5ba3947afdbd1cdcc18c97d[0m
[[34m2023-11-14 16:08:17,319[0m] {[34mdag.py:[0m3437} INFO[0m - Setting next_dagrun for load_dag to None, run_after=None[0m
[[34m2023-11-14 16:12:45,572[0m] {[34mscheduler_job.py:[0m1408} INFO[0m - Resetting orphaned tasks for active dag runs[0m
[[34m2023-11-14 16:15:17,527[0m] {[34mscheduler_job.py:[0m179} INFO[0m - Exiting gracefully upon receiving signal 15[0m
[[34m2023-11-14 16:15:18,530[0m] {[34mprocess_utils.py:[0m129} INFO[0m - Sending Signals.SIGTERM to group 6881. PIDs of all processes in the group: [6881][0m
[[34m2023-11-14 16:15:18,531[0m] {[34mprocess_utils.py:[0m84} INFO[0m - Sending the signal Signals.SIGTERM to group 6881[0m
[[34m2023-11-14 16:15:18,794[0m] {[34mprocess_utils.py:[0m79} INFO[0m - Process psutil.Process(pid=6881, status='terminated', exitcode=0, started='16:07:45') (6881) terminated with exit code 0[0m
[[34m2023-11-14 16:15:18,796[0m] {[34mprocess_utils.py:[0m129} INFO[0m - Sending Signals.SIGTERM to group 6881. PIDs of all processes in the group: [][0m
[[34m2023-11-14 16:15:18,796[0m] {[34mprocess_utils.py:[0m84} INFO[0m - Sending the signal Signals.SIGTERM to group 6881[0m
[[34m2023-11-14 16:15:18,797[0m] {[34mprocess_utils.py:[0m98} INFO[0m - Sending the signal Signals.SIGTERM to process 6881 as process group is missing.[0m
[[34m2023-11-14 16:15:18,797[0m] {[34mscheduler_job.py:[0m788} INFO[0m - Exited execute loop[0m
